<?xml version="1.0" encoding="UTF-8" ?>
<testsuite tests="6" failures="3" name="com.myproject.shoppingcart.CategoryDAOTestCase" time="0.072" errors="1" skipped="0">
  <properties>
    <property name="java.runtime.name" value="Java(TM) SE Runtime Environment"/>
    <property name="sun.boot.library.path" value="C:\Program Files\Java\jdk1.8.0_45\jre\bin"/>
    <property name="java.vm.version" value="25.45-b02"/>
    <property name="java.vm.vendor" value="Oracle Corporation"/>
    <property name="maven.multiModuleProjectDirectory" value="D:\aks\ShoppingCartBackend"/>
    <property name="java.vendor.url" value="http://java.oracle.com/"/>
    <property name="path.separator" value=";"/>
    <property name="guice.disable.misplaced.annotation.check" value="true"/>
    <property name="java.vm.name" value="Java HotSpot(TM) 64-Bit Server VM"/>
    <property name="file.encoding.pkg" value="sun.io"/>
    <property name="user.script" value=""/>
    <property name="user.country" value="US"/>
    <property name="sun.java.launcher" value="SUN_STANDARD"/>
    <property name="sun.os.patch.level" value=""/>
    <property name="java.vm.specification.name" value="Java Virtual Machine Specification"/>
    <property name="user.dir" value="D:\aks\ShoppingCartBackend"/>
    <property name="java.runtime.version" value="1.8.0_45-b15"/>
    <property name="java.awt.graphicsenv" value="sun.awt.Win32GraphicsEnvironment"/>
    <property name="java.endorsed.dirs" value="C:\Program Files\Java\jdk1.8.0_45\jre\lib\endorsed"/>
    <property name="os.arch" value="amd64"/>
    <property name="java.io.tmpdir" value="C:\Users\MRuser\AppData\Local\Temp\"/>
    <property name="line.separator" value="
"/>
    <property name="java.vm.specification.vendor" value="Oracle Corporation"/>
    <property name="user.variant" value=""/>
    <property name="os.name" value="Windows 8.1"/>
    <property name="classworlds.conf" value="D:\aks\.metadata\.plugins\org.eclipse.m2e.launching\launches\m2conf5898645672329958638.tmp"/>
    <property name="sun.jnu.encoding" value="Cp1252"/>
    <property name="java.library.path" value="C:\Program Files\Java\jdk1.8.0_45\bin;C:\Windows\Sun\Java\bin;C:\Windows\system32;C:\Windows;C:/Program Files/Java/jre1.8.0_45/bin/server;C:/Program Files/Java/jre1.8.0_45/bin;C:/Program Files/Java/jre1.8.0_45/lib/amd64;C:\oraclexe\app\oracle\product\11.2.0\server\bin;C:\ProgramData\Oracle\Java\javapath;C:\Windows\system32;C:\Windows;C:\Windows\System32\Wbem;C:\Windows\System32\WindowsPowerShell\v1.0\;C:\Program Files (x86)\jZip;C:\Program Files (x86)\Microsoft SQL Server\90\Tools\binn\;C:\Program Files (x86)\Microsoft ASP.NET\ASP.NET Web Pages\v1.0\;C:\Program Files\Microsoft SQL Server\110\Tools\Binn\;C:\Program Files (x86)\Windows Kits\8.1\Windows Performance Toolkit\;C:\Program Files (x86)\Microsoft SDKs\TypeScript\1.0\;C:\Program Files\Microsoft SQL Server\120\Tools\Binn\;C:\Program Files (x86)\Microsoft SQL Server\100\Tools\Binn\VSShell\Common7\IDE\;C:\Program Files (x86)\Microsoft SQL Server\100\Tools\Binn\;C:\Program Files\Microsoft SQL Server\100\Tools\Binn\;C:\Program Files (x86)\Microsoft SQL Server\100\DTS\Binn\;C:\Program Files\Java\jdk1.8.0_45\bin;C:\Program Files\Microsoft\Web Platform Installer\;C:\apache-maven-3.3.9 bin\apache-maven-3.3.9\bin;C:\Users\MRuser\Downloads;C:\Program Files\Git\cmd;C:\Users\MRuser\AppData\Local\Microsoft\WindowsApps;;C:\Program Files\eclipse;;."/>
    <property name="java.specification.name" value="Java Platform API Specification"/>
    <property name="java.class.version" value="52.0"/>
    <property name="sun.management.compiler" value="HotSpot 64-Bit Tiered Compilers"/>
    <property name="os.version" value="6.3"/>
    <property name="user.home" value="C:\Users\MRuser"/>
    <property name="user.timezone" value="Asia/Calcutta"/>
    <property name="java.awt.printerjob" value="sun.awt.windows.WPrinterJob"/>
    <property name="java.specification.version" value="1.8"/>
    <property name="file.encoding" value="Cp1252"/>
    <property name="user.name" value="MRuser"/>
    <property name="java.class.path" value="/C:/Program Files/eclipse/plugins/org.eclipse.m2e.maven.runtime_1.6.2.20150902-0001/jars/plexus-classworlds-2.5.2.jar"/>
    <property name="java.vm.specification.version" value="1.8"/>
    <property name="sun.arch.data.model" value="64"/>
    <property name="java.home" value="C:\Program Files\Java\jdk1.8.0_45\jre"/>
    <property name="sun.java.command" value="org.codehaus.plexus.classworlds.launcher.Launcher -B install"/>
    <property name="java.specification.vendor" value="Oracle Corporation"/>
    <property name="user.language" value="en"/>
    <property name="awt.toolkit" value="sun.awt.windows.WToolkit"/>
    <property name="java.vm.info" value="mixed mode"/>
    <property name="java.version" value="1.8.0_45"/>
    <property name="java.ext.dirs" value="C:\Program Files\Java\jdk1.8.0_45\jre\lib\ext;C:\Windows\Sun\Java\lib\ext"/>
    <property name="sun.boot.class.path" value="C:\Program Files\Java\jdk1.8.0_45\jre\lib\resources.jar;C:\Program Files\Java\jdk1.8.0_45\jre\lib\rt.jar;C:\Program Files\Java\jdk1.8.0_45\jre\lib\sunrsasign.jar;C:\Program Files\Java\jdk1.8.0_45\jre\lib\jsse.jar;C:\Program Files\Java\jdk1.8.0_45\jre\lib\jce.jar;C:\Program Files\Java\jdk1.8.0_45\jre\lib\charsets.jar;C:\Program Files\Java\jdk1.8.0_45\jre\lib\jfr.jar;C:\Program Files\Java\jdk1.8.0_45\jre\classes"/>
    <property name="java.vendor" value="Oracle Corporation"/>
    <property name="maven.home" value="D:\aks\ShoppingCartBackend\EMBEDDED"/>
    <property name="file.separator" value="\"/>
    <property name="java.vendor.url.bug" value="http://bugreport.sun.com/bugreport/"/>
    <property name="sun.cpu.endian" value="little"/>
    <property name="sun.io.unicode.encoding" value="UnicodeLittle"/>
    <property name="sun.desktop" value="windows"/>
    <property name="sun.cpu.isalist" value="amd64"/>
  </properties>
  <testcase classname="com.myproject.shoppingcart.CategoryDAOTestCase" name="getAllCategoryTestCase" time="0.024">
    <failure message="get all categories expected:&lt;3&gt; but was:&lt;0&gt;" type="java.lang.AssertionError">java.lang.AssertionError: get all categories expected:&lt;3&gt; but was:&lt;0&gt;
	at org.junit.Assert.fail(Assert.java:88)
	at org.junit.Assert.failNotEquals(Assert.java:834)
	at org.junit.Assert.assertEquals(Assert.java:645)
	at com.myproject.shoppingcart.CategoryDAOTestCase.getAllCategoryTestCase(CategoryDAOTestCase.java:86)
	at sun.reflect.NativeMethodAccessorImpl.invoke0(Native Method)
	at sun.reflect.NativeMethodAccessorImpl.invoke(NativeMethodAccessorImpl.java:62)
	at sun.reflect.DelegatingMethodAccessorImpl.invoke(DelegatingMethodAccessorImpl.java:43)
	at java.lang.reflect.Method.invoke(Method.java:497)
	at org.junit.runners.model.FrameworkMethod$1.runReflectiveCall(FrameworkMethod.java:50)
	at org.junit.internal.runners.model.ReflectiveCallable.run(ReflectiveCallable.java:12)
	at org.junit.runners.model.FrameworkMethod.invokeExplosively(FrameworkMethod.java:47)
	at org.junit.internal.runners.statements.InvokeMethod.evaluate(InvokeMethod.java:17)
	at org.junit.runners.ParentRunner.runLeaf(ParentRunner.java:325)
	at org.junit.runners.BlockJUnit4ClassRunner.runChild(BlockJUnit4ClassRunner.java:78)
	at org.junit.runners.BlockJUnit4ClassRunner.runChild(BlockJUnit4ClassRunner.java:57)
	at org.junit.runners.ParentRunner$3.run(ParentRunner.java:290)
	at org.junit.runners.ParentRunner$1.schedule(ParentRunner.java:71)
	at org.junit.runners.ParentRunner.runChildren(ParentRunner.java:288)
	at org.junit.runners.ParentRunner.access$000(ParentRunner.java:58)
	at org.junit.runners.ParentRunner$2.evaluate(ParentRunner.java:268)
	at org.junit.internal.runners.statements.RunBefores.evaluate(RunBefores.java:26)
	at org.junit.runners.ParentRunner.run(ParentRunner.java:363)
	at org.apache.maven.surefire.junit4.JUnit4Provider.execute(JUnit4Provider.java:252)
	at org.apache.maven.surefire.junit4.JUnit4Provider.executeTestSet(JUnit4Provider.java:141)
	at org.apache.maven.surefire.junit4.JUnit4Provider.invoke(JUnit4Provider.java:112)
	at sun.reflect.NativeMethodAccessorImpl.invoke0(Native Method)
	at sun.reflect.NativeMethodAccessorImpl.invoke(NativeMethodAccessorImpl.java:62)
	at sun.reflect.DelegatingMethodAccessorImpl.invoke(DelegatingMethodAccessorImpl.java:43)
	at java.lang.reflect.Method.invoke(Method.java:497)
	at org.apache.maven.surefire.util.ReflectionUtils.invokeMethodWithArray(ReflectionUtils.java:189)
	at org.apache.maven.surefire.booter.ProviderFactory$ProviderProxy.invoke(ProviderFactory.java:165)
	at org.apache.maven.surefire.booter.ProviderFactory.invokeProvider(ProviderFactory.java:85)
	at org.apache.maven.surefire.booter.ForkedBooter.runSuitesInProcess(ForkedBooter.java:115)
	at org.apache.maven.surefire.booter.ForkedBooter.main(ForkedBooter.java:75)
</failure>
    <system-out>17:26:52.625 [main] DEBUG org.springframework.core.env.StandardEnvironment - Adding PropertySource &apos;systemProperties&apos; with lowest search precedence
17:26:52.626 [main] DEBUG org.springframework.core.env.StandardEnvironment - Adding PropertySource &apos;systemEnvironment&apos; with lowest search precedence
17:26:52.626 [main] DEBUG org.springframework.core.env.StandardEnvironment - Initialized StandardEnvironment with PropertySources [MapPropertySource@1781459498 {name=&apos;systemProperties&apos;, properties={java.runtime.name=Java(TM) SE Runtime Environment, sun.boot.library.path=C:\Program Files\Java\jdk1.8.0_45\jre\bin, java.vm.version=25.45-b02, java.vm.vendor=Oracle Corporation, java.vendor.url=http://java.oracle.com/, path.separator=;, java.vm.name=Java HotSpot(TM) 64-Bit Server VM, file.encoding.pkg=sun.io, user.country=US, user.script=, sun.java.launcher=SUN_STANDARD, sun.os.patch.level=, java.vm.specification.name=Java Virtual Machine Specification, user.dir=D:\aks\ShoppingCartBackend, java.runtime.version=1.8.0_45-b15, basedir=D:\aks\ShoppingCartBackend, java.awt.graphicsenv=sun.awt.Win32GraphicsEnvironment, java.endorsed.dirs=C:\Program Files\Java\jdk1.8.0_45\jre\lib\endorsed, os.arch=amd64, surefire.real.class.path=D:\aks\ShoppingCartBackend\target\surefire\surefirebooter868808322960609374.jar, java.io.tmpdir=C:\Users\MRuser\AppData\Local\Temp\, line.separator=
, java.vm.specification.vendor=Oracle Corporation, user.variant=, os.name=Windows 8.1, sun.jnu.encoding=Cp1252, java.library.path=C:\Program Files\Java\jdk1.8.0_45\jre\bin;C:\Windows\Sun\Java\bin;C:\Windows\system32;C:\Windows;C:/Program Files/Java/jre1.8.0_45/bin/server;C:/Program Files/Java/jre1.8.0_45/bin;C:/Program Files/Java/jre1.8.0_45/lib/amd64;C:\oraclexe\app\oracle\product\11.2.0\server\bin;C:\ProgramData\Oracle\Java\javapath;C:\Windows\system32;C:\Windows;C:\Windows\System32\Wbem;C:\Windows\System32\WindowsPowerShell\v1.0\;C:\Program Files (x86)\jZip;C:\Program Files (x86)\Microsoft SQL Server\90\Tools\binn\;C:\Program Files (x86)\Microsoft ASP.NET\ASP.NET Web Pages\v1.0\;C:\Program Files\Microsoft SQL Server\110\Tools\Binn\;C:\Program Files (x86)\Windows Kits\8.1\Windows Performance Toolkit\;C:\Program Files (x86)\Microsoft SDKs\TypeScript\1.0\;C:\Program Files\Microsoft SQL Server\120\Tools\Binn\;C:\Program Files (x86)\Microsoft SQL Server\100\Tools\Binn\VSShell\Common7\IDE\;C:\Program Files (x86)\Microsoft SQL Server\100\Tools\Binn\;C:\Program Files\Microsoft SQL Server\100\Tools\Binn\;C:\Program Files (x86)\Microsoft SQL Server\100\DTS\Binn\;C:\Program Files\Java\jdk1.8.0_45\bin;C:\Program Files\Microsoft\Web Platform Installer\;C:\apache-maven-3.3.9 bin\apache-maven-3.3.9\bin;C:\Users\MRuser\Downloads;C:\Program Files\Git\cmd;C:\Users\MRuser\AppData\Local\Microsoft\WindowsApps;;C:\Program Files\eclipse;;., surefire.test.class.path=D:\aks\ShoppingCartBackend\target\test-classes;D:\aks\ShoppingCartBackend\target\classes;C:\Users\MRuser\.m2\repository\junit\junit\4.12\junit-4.12.jar;C:\Users\MRuser\.m2\repository\org\hamcrest\hamcrest-core\1.3\hamcrest-core-1.3.jar;C:\Users\MRuser\.m2\repository\org\hibernate\hibernate-core\5.2.13.Final\hibernate-core-5.2.13.Final.jar;C:\Users\MRuser\.m2\repository\org\jboss\logging\jboss-logging\3.3.1.Final\jboss-logging-3.3.1.Final.jar;C:\Users\MRuser\.m2\repository\org\hibernate\javax\persistence\hibernate-jpa-2.1-api\1.0.0.Final\hibernate-jpa-2.1-api-1.0.0.Final.jar;C:\Users\MRuser\.m2\repository\org\javassist\javassist\3.22.0-GA\javassist-3.22.0-GA.jar;C:\Users\MRuser\.m2\repository\antlr\antlr\2.7.7\antlr-2.7.7.jar;C:\Users\MRuser\.m2\repository\org\jboss\spec\javax\transaction\jboss-transaction-api_1.2_spec\1.0.1.Final\jboss-transaction-api_1.2_spec-1.0.1.Final.jar;C:\Users\MRuser\.m2\repository\org\jboss\jandex\2.0.3.Final\jandex-2.0.3.Final.jar;C:\Users\MRuser\.m2\repository\com\fasterxml\classmate\1.3.0\classmate-1.3.0.jar;C:\Users\MRuser\.m2\repository\dom4j\dom4j\1.6.1\dom4j-1.6.1.jar;C:\Users\MRuser\.m2\repository\org\hibernate\common\hibernate-commons-annotations\5.0.1.Final\hibernate-commons-annotations-5.0.1.Final.jar;C:\Users\MRuser\.m2\repository\org\springframework\spring-orm\5.0.4.RELEASE\spring-orm-5.0.4.RELEASE.jar;C:\Users\MRuser\.m2\repository\org\springframework\spring-beans\5.0.4.RELEASE\spring-beans-5.0.4.RELEASE.jar;C:\Users\MRuser\.m2\repository\org\springframework\spring-jdbc\5.0.4.RELEASE\spring-jdbc-5.0.4.RELEASE.jar;C:\Users\MRuser\.m2\repository\org\springframework\spring-tx\5.0.4.RELEASE\spring-tx-5.0.4.RELEASE.jar;C:\Users\MRuser\.m2\repository\com\h2database\h2\1.4.196\h2-1.4.196.jar;C:\Users\MRuser\.m2\repository\org\springframework\spring-context\5.0.4.RELEASE\spring-context-5.0.4.RELEASE.jar;C:\Users\MRuser\.m2\repository\org\springframework\spring-aop\5.0.4.RELEASE\spring-aop-5.0.4.RELEASE.jar;C:\Users\MRuser\.m2\repository\org\springframework\spring-expression\5.0.4.RELEASE\spring-expression-5.0.4.RELEASE.jar;C:\Users\MRuser\.m2\repository\org\springframework\spring-core\5.0.4.RELEASE\spring-core-5.0.4.RELEASE.jar;C:\Users\MRuser\.m2\repository\org\springframework\spring-jcl\5.0.4.RELEASE\spring-jcl-5.0.4.RELEASE.jar;C:\Users\MRuser\.m2\repository\org\slf4j\slf4j-api\1.7.25\slf4j-api-1.7.25.jar;C:\Users\MRuser\.m2\repository\ch\qos\logback\logback-classic\1.2.3\logback-classic-1.2.3.jar;C:\Users\MRuser\.m2\repository\ch\qos\logback\logback-core\1.2.3\logback-core-1.2.3.jar;, java.specification.name=Java Platform API Specification, java.class.version=52.0, sun.management.compiler=HotSpot 64-Bit Tiered Compilers, os.version=6.3, user.home=C:\Users\MRuser, user.timezone=Asia/Calcutta, java.awt.printerjob=sun.awt.windows.WPrinterJob, file.encoding=Cp1252, java.specification.version=1.8, java.class.path=D:\aks\ShoppingCartBackend\target\test-classes;D:\aks\ShoppingCartBackend\target\classes;C:\Users\MRuser\.m2\repository\junit\junit\4.12\junit-4.12.jar;C:\Users\MRuser\.m2\repository\org\hamcrest\hamcrest-core\1.3\hamcrest-core-1.3.jar;C:\Users\MRuser\.m2\repository\org\hibernate\hibernate-core\5.2.13.Final\hibernate-core-5.2.13.Final.jar;C:\Users\MRuser\.m2\repository\org\jboss\logging\jboss-logging\3.3.1.Final\jboss-logging-3.3.1.Final.jar;C:\Users\MRuser\.m2\repository\org\hibernate\javax\persistence\hibernate-jpa-2.1-api\1.0.0.Final\hibernate-jpa-2.1-api-1.0.0.Final.jar;C:\Users\MRuser\.m2\repository\org\javassist\javassist\3.22.0-GA\javassist-3.22.0-GA.jar;C:\Users\MRuser\.m2\repository\antlr\antlr\2.7.7\antlr-2.7.7.jar;C:\Users\MRuser\.m2\repository\org\jboss\spec\javax\transaction\jboss-transaction-api_1.2_spec\1.0.1.Final\jboss-transaction-api_1.2_spec-1.0.1.Final.jar;C:\Users\MRuser\.m2\repository\org\jboss\jandex\2.0.3.Final\jandex-2.0.3.Final.jar;C:\Users\MRuser\.m2\repository\com\fasterxml\classmate\1.3.0\classmate-1.3.0.jar;C:\Users\MRuser\.m2\repository\dom4j\dom4j\1.6.1\dom4j-1.6.1.jar;C:\Users\MRuser\.m2\repository\org\hibernate\common\hibernate-commons-annotations\5.0.1.Final\hibernate-commons-annotations-5.0.1.Final.jar;C:\Users\MRuser\.m2\repository\org\springframework\spring-orm\5.0.4.RELEASE\spring-orm-5.0.4.RELEASE.jar;C:\Users\MRuser\.m2\repository\org\springframework\spring-beans\5.0.4.RELEASE\spring-beans-5.0.4.RELEASE.jar;C:\Users\MRuser\.m2\repository\org\springframework\spring-jdbc\5.0.4.RELEASE\spring-jdbc-5.0.4.RELEASE.jar;C:\Users\MRuser\.m2\repository\org\springframework\spring-tx\5.0.4.RELEASE\spring-tx-5.0.4.RELEASE.jar;C:\Users\MRuser\.m2\repository\com\h2database\h2\1.4.196\h2-1.4.196.jar;C:\Users\MRuser\.m2\repository\org\springframework\spring-context\5.0.4.RELEASE\spring-context-5.0.4.RELEASE.jar;C:\Users\MRuser\.m2\repository\org\springframework\spring-aop\5.0.4.RELEASE\spring-aop-5.0.4.RELEASE.jar;C:\Users\MRuser\.m2\repository\org\springframework\spring-expression\5.0.4.RELEASE\spring-expression-5.0.4.RELEASE.jar;C:\Users\MRuser\.m2\repository\org\springframework\spring-core\5.0.4.RELEASE\spring-core-5.0.4.RELEASE.jar;C:\Users\MRuser\.m2\repository\org\springframework\spring-jcl\5.0.4.RELEASE\spring-jcl-5.0.4.RELEASE.jar;C:\Users\MRuser\.m2\repository\org\slf4j\slf4j-api\1.7.25\slf4j-api-1.7.25.jar;C:\Users\MRuser\.m2\repository\ch\qos\logback\logback-classic\1.2.3\logback-classic-1.2.3.jar;C:\Users\MRuser\.m2\repository\ch\qos\logback\logback-core\1.2.3\logback-core-1.2.3.jar;, user.name=MRuser, java.vm.specification.version=1.8, sun.java.command=D:\aks\ShoppingCartBackend\target\surefire\surefirebooter868808322960609374.jar D:\aks\ShoppingCartBackend\target\surefire\surefire273072321806277059tmp D:\aks\ShoppingCartBackend\target\surefire\surefire_04776775326667794460tmp, java.home=C:\Program Files\Java\jdk1.8.0_45\jre, sun.arch.data.model=64, user.language=en, java.specification.vendor=Oracle Corporation, awt.toolkit=sun.awt.windows.WToolkit, java.vm.info=mixed mode, java.version=1.8.0_45, java.ext.dirs=C:\Program Files\Java\jdk1.8.0_45\jre\lib\ext;C:\Windows\Sun\Java\lib\ext, sun.boot.class.path=C:\Program Files\Java\jdk1.8.0_45\jre\lib\resources.jar;C:\Program Files\Java\jdk1.8.0_45\jre\lib\rt.jar;C:\Program Files\Java\jdk1.8.0_45\jre\lib\sunrsasign.jar;C:\Program Files\Java\jdk1.8.0_45\jre\lib\jsse.jar;C:\Program Files\Java\jdk1.8.0_45\jre\lib\jce.jar;C:\Program Files\Java\jdk1.8.0_45\jre\lib\charsets.jar;C:\Program Files\Java\jdk1.8.0_45\jre\lib\jfr.jar;C:\Program Files\Java\jdk1.8.0_45\jre\classes, java.vendor=Oracle Corporation, localRepository=C:\Users\MRuser\.m2\repository, file.separator=\, java.vendor.url.bug=http://bugreport.sun.com/bugreport/, sun.io.unicode.encoding=UnicodeLittle, sun.cpu.endian=little, sun.desktop=windows, sun.cpu.isalist=amd64}}, SystemEnvironmentPropertySource@194408994 {name=&apos;systemEnvironment&apos;, properties={PATH=C:/Program Files/Java/jre1.8.0_45/bin/server;C:/Program Files/Java/jre1.8.0_45/bin;C:/Program Files/Java/jre1.8.0_45/lib/amd64;C:\oraclexe\app\oracle\product\11.2.0\server\bin;C:\ProgramData\Oracle\Java\javapath;C:\Windows\system32;C:\Windows;C:\Windows\System32\Wbem;C:\Windows\System32\WindowsPowerShell\v1.0\;C:\Program Files (x86)\jZip;C:\Program Files (x86)\Microsoft SQL Server\90\Tools\binn\;C:\Program Files (x86)\Microsoft ASP.NET\ASP.NET Web Pages\v1.0\;C:\Program Files\Microsoft SQL Server\110\Tools\Binn\;C:\Program Files (x86)\Windows Kits\8.1\Windows Performance Toolkit\;C:\Program Files (x86)\Microsoft SDKs\TypeScript\1.0\;C:\Program Files\Microsoft SQL Server\120\Tools\Binn\;C:\Program Files (x86)\Microsoft SQL Server\100\Tools\Binn\VSShell\Common7\IDE\;C:\Program Files (x86)\Microsoft SQL Server\100\Tools\Binn\;C:\Program Files\Microsoft SQL Server\100\Tools\Binn\;C:\Program Files (x86)\Microsoft SQL Server\100\DTS\Binn\;C:\Program Files\Java\jdk1.8.0_45\bin;C:\Program Files\Microsoft\Web Platform Installer\;C:\apache-maven-3.3.9 bin\apache-maven-3.3.9\bin;C:\Users\MRuser\Downloads;C:\Program Files\Git\cmd;C:\Users\MRuser\AppData\Local\Microsoft\WindowsApps;;C:\Program Files\eclipse;, USERDOMAIN_ROAMINGPROFILE=BLR-MSM-MR63-10, LOCALAPPDATA=C:\Users\MRuser\AppData\Local, PROCESSOR_LEVEL=6, SYSTEMDRIVE=C:, COMMONPROGRAMFILES(X86)=C:\Program Files (x86)\Common Files, USERDOMAIN=BLR-MSM-MR63-10, FPS_BROWSER_APP_PROFILE_STRING=Internet Explorer, LOGONSERVER=\\BLR-MSM-MR63-10, JAVA_HOME=C:\Program Files\Java\jdk1.8.0_45, PROMPT=$P$G, SESSIONNAME=Console, ALLUSERSPROFILE=C:\ProgramData, PROGRAMFILES(X86)=C:\Program Files (x86), PROCESSOR_ARCHITECTURE=AMD64, VS120COMNTOOLS=C:\Program Files (x86)\Microsoft Visual Studio 12.0\Common7\Tools\, VS100COMNTOOLS=C:\Program Files (x86)\Microsoft Visual Studio 10.0\Common7\Tools\, DEFLOGDIR=C:\ProgramData\McAfee\Endpoint Security\Logs, PROGRAMFILES=C:\Program Files, APPDATA=C:\Users\MRuser\AppData\Roaming, PSMODULEPATH=C:\Windows\system32\WindowsPowerShell\v1.0\Modules\;C:\Program Files (x86)\Microsoft SDKs\Azure\PowerShell\ServiceManagement, PROGRAMW6432=C:\Program Files, PROGRAMDATA=C:\ProgramData, SYSTEMROOT=C:\Windows, USERNAME=MRuser, FPS_BROWSER_USER_PROFILE_STRING=Default, ONEDRIVE=C:\Users\MRuser\OneDrive, PATHEXT=.COM;.EXE;.BAT;.CMD;.VBS;.VBE;.JS;.JSE;.WSF;.WSH;.MSC, OS=Windows_NT, COMMONPROGRAMW6432=C:\Program Files\Common Files, COMPUTERNAME=BLR-MSM-MR63-10, COMMONPROGRAMFILES=C:\Program Files\Common Files, COMSPEC=C:\Windows\system32\cmd.exe, VS90COMNTOOLS=C:\Program Files (x86)\Microsoft Visual Studio 9.0\Common7\Tools\, PROCESSOR_REVISION=3c03, WINDIR=C:\Windows, =D:=D:\aks\ShoppingCartBackend, HOMEPATH=\Users\MRuser, TEMP=C:\Users\MRuser\AppData\Local\Temp, HOMEDRIVE=C:, PROCESSOR_IDENTIFIER=Intel64 Family 6 Model 60 Stepping 3, GenuineIntel, USERPROFILE=C:\Users\MRuser, TMP=C:\Users\MRuser\AppData\Local\Temp, VS110COMNTOOLS=C:\Program Files (x86)\Microsoft Visual Studio 11.0\Common7\Tools\, M2_HOME=C:\apache-maven-3.3.9 bin\apache-maven-3.3.9, PUBLIC=C:\Users\Public, NUMBER_OF_PROCESSORS=4, =::=::\}}]
17:26:52.646 [main] DEBUG org.springframework.core.io.support.PathMatchingResourcePatternResolver - Resolved classpath location [com/myproject/] to resources [URL [file:/D:/aks/ShoppingCartBackend/target/test-classes/com/myproject/], URL [file:/D:/aks/ShoppingCartBackend/target/classes/com/myproject/]]
17:26:52.646 [main] DEBUG org.springframework.core.io.support.PathMatchingResourcePatternResolver - Looking for matching resources in directory tree [D:\aks\ShoppingCartBackend\target\test-classes\com\myproject]
17:26:52.646 [main] DEBUG org.springframework.core.io.support.PathMatchingResourcePatternResolver - Searching directory [D:\aks\ShoppingCartBackend\target\test-classes\com\myproject] for files matching pattern [D:/aks/ShoppingCartBackend/target/test-classes/com/myproject/**/*.class]
17:26:52.647 [main] DEBUG org.springframework.core.io.support.PathMatchingResourcePatternResolver - Searching directory [D:\aks\ShoppingCartBackend\target\test-classes\com\myproject\shoppingcart] for files matching pattern [D:/aks/ShoppingCartBackend/target/test-classes/com/myproject/**/*.class]
17:26:52.649 [main] DEBUG org.springframework.core.io.support.PathMatchingResourcePatternResolver - Looking for matching resources in directory tree [D:\aks\ShoppingCartBackend\target\classes\com\myproject]
17:26:52.649 [main] DEBUG org.springframework.core.io.support.PathMatchingResourcePatternResolver - Searching directory [D:\aks\ShoppingCartBackend\target\classes\com\myproject] for files matching pattern [D:/aks/ShoppingCartBackend/target/classes/com/myproject/**/*.class]
17:26:52.649 [main] DEBUG org.springframework.core.io.support.PathMatchingResourcePatternResolver - Searching directory [D:\aks\ShoppingCartBackend\target\classes\com\myproject\shoppingcart] for files matching pattern [D:/aks/ShoppingCartBackend/target/classes/com/myproject/**/*.class]
17:26:52.649 [main] DEBUG org.springframework.core.io.support.PathMatchingResourcePatternResolver - Searching directory [D:\aks\ShoppingCartBackend\target\classes\com\myproject\shoppingcart\config] for files matching pattern [D:/aks/ShoppingCartBackend/target/classes/com/myproject/**/*.class]
17:26:52.650 [main] DEBUG org.springframework.core.io.support.PathMatchingResourcePatternResolver - Searching directory [D:\aks\ShoppingCartBackend\target\classes\com\myproject\shoppingcart\dao] for files matching pattern [D:/aks/ShoppingCartBackend/target/classes/com/myproject/**/*.class]
17:26:52.650 [main] DEBUG org.springframework.core.io.support.PathMatchingResourcePatternResolver - Searching directory [D:\aks\ShoppingCartBackend\target\classes\com\myproject\shoppingcart\daoimpl] for files matching pattern [D:/aks/ShoppingCartBackend/target/classes/com/myproject/**/*.class]
17:26:52.651 [main] DEBUG org.springframework.core.io.support.PathMatchingResourcePatternResolver - Searching directory [D:\aks\ShoppingCartBackend\target\classes\com\myproject\shoppingcart\domain] for files matching pattern [D:/aks/ShoppingCartBackend/target/classes/com/myproject/**/*.class]
17:26:52.652 [main] DEBUG org.springframework.core.io.support.PathMatchingResourcePatternResolver - Resolved location pattern [classpath*:com/myproject/**/*.class] to resources [file [D:\aks\ShoppingCartBackend\target\test-classes\com\myproject\shoppingcart\CartDAOTestCase.class], file [D:\aks\ShoppingCartBackend\target\test-classes\com\myproject\shoppingcart\CategoryDAOTestCase.class], file [D:\aks\ShoppingCartBackend\target\test-classes\com\myproject\shoppingcart\ProductDAOTestCase.class], file [D:\aks\ShoppingCartBackend\target\test-classes\com\myproject\shoppingcart\SupplierDAOTestCase.class], file [D:\aks\ShoppingCartBackend\target\test-classes\com\myproject\shoppingcart\UserDAOTestCase.class], file [D:\aks\ShoppingCartBackend\target\classes\com\myproject\shoppingcart\config\ApplicationContextConfig.class], file [D:\aks\ShoppingCartBackend\target\classes\com\myproject\shoppingcart\dao\CartDAO.class], file [D:\aks\ShoppingCartBackend\target\classes\com\myproject\shoppingcart\dao\CategoryDAO.class], file [D:\aks\ShoppingCartBackend\target\classes\com\myproject\shoppingcart\dao\PaymentDAO.class], file [D:\aks\ShoppingCartBackend\target\classes\com\myproject\shoppingcart\dao\ProductDAO.class], file [D:\aks\ShoppingCartBackend\target\classes\com\myproject\shoppingcart\dao\SupplierDAO.class], file [D:\aks\ShoppingCartBackend\target\classes\com\myproject\shoppingcart\dao\UserDAO.class], file [D:\aks\ShoppingCartBackend\target\classes\com\myproject\shoppingcart\daoimpl\CartDAOImpl.class], file [D:\aks\ShoppingCartBackend\target\classes\com\myproject\shoppingcart\daoimpl\CategoryDAOImpl.class], file [D:\aks\ShoppingCartBackend\target\classes\com\myproject\shoppingcart\daoimpl\PaymentDAOImpl.class], file [D:\aks\ShoppingCartBackend\target\classes\com\myproject\shoppingcart\daoimpl\ProductDAOImpl.class], file [D:\aks\ShoppingCartBackend\target\classes\com\myproject\shoppingcart\daoimpl\SupplierDAOImpl.class], file [D:\aks\ShoppingCartBackend\target\classes\com\myproject\shoppingcart\daoimpl\UserDAOImpl.class], file [D:\aks\ShoppingCartBackend\target\classes\com\myproject\shoppingcart\domain\Cart.class], file [D:\aks\ShoppingCartBackend\target\classes\com\myproject\shoppingcart\domain\Category.class], file [D:\aks\ShoppingCartBackend\target\classes\com\myproject\shoppingcart\domain\Payment.class], file [D:\aks\ShoppingCartBackend\target\classes\com\myproject\shoppingcart\domain\Product.class], file [D:\aks\ShoppingCartBackend\target\classes\com\myproject\shoppingcart\domain\Shipping.class], file [D:\aks\ShoppingCartBackend\target\classes\com\myproject\shoppingcart\domain\Supplier.class], file [D:\aks\ShoppingCartBackend\target\classes\com\myproject\shoppingcart\domain\User.class]]
17:26:52.658 [main] DEBUG org.springframework.context.annotation.ClassPathBeanDefinitionScanner - Identified candidate component class: file [D:\aks\ShoppingCartBackend\target\classes\com\myproject\shoppingcart\config\ApplicationContextConfig.class]
17:26:52.660 [main] DEBUG org.springframework.context.annotation.ClassPathBeanDefinitionScanner - Ignored because not a concrete top-level class: file [D:\aks\ShoppingCartBackend\target\classes\com\myproject\shoppingcart\dao\CartDAO.class]
17:26:52.660 [main] DEBUG org.springframework.context.annotation.ClassPathBeanDefinitionScanner - Ignored because not a concrete top-level class: file [D:\aks\ShoppingCartBackend\target\classes\com\myproject\shoppingcart\dao\CategoryDAO.class]
17:26:52.661 [main] DEBUG org.springframework.context.annotation.ClassPathBeanDefinitionScanner - Ignored because not a concrete top-level class: file [D:\aks\ShoppingCartBackend\target\classes\com\myproject\shoppingcart\dao\PaymentDAO.class]
17:26:52.662 [main] DEBUG org.springframework.context.annotation.ClassPathBeanDefinitionScanner - Ignored because not a concrete top-level class: file [D:\aks\ShoppingCartBackend\target\classes\com\myproject\shoppingcart\dao\ProductDAO.class]
17:26:52.663 [main] DEBUG org.springframework.context.annotation.ClassPathBeanDefinitionScanner - Ignored because not a concrete top-level class: file [D:\aks\ShoppingCartBackend\target\classes\com\myproject\shoppingcart\dao\SupplierDAO.class]
17:26:52.664 [main] DEBUG org.springframework.context.annotation.ClassPathBeanDefinitionScanner - Ignored because not a concrete top-level class: file [D:\aks\ShoppingCartBackend\target\classes\com\myproject\shoppingcart\dao\UserDAO.class]
17:26:52.665 [main] DEBUG org.springframework.context.annotation.ClassPathBeanDefinitionScanner - Identified candidate component class: file [D:\aks\ShoppingCartBackend\target\classes\com\myproject\shoppingcart\daoimpl\CartDAOImpl.class]
17:26:52.666 [main] DEBUG org.springframework.context.annotation.ClassPathBeanDefinitionScanner - Identified candidate component class: file [D:\aks\ShoppingCartBackend\target\classes\com\myproject\shoppingcart\daoimpl\CategoryDAOImpl.class]
17:26:52.667 [main] DEBUG org.springframework.context.annotation.ClassPathBeanDefinitionScanner - Identified candidate component class: file [D:\aks\ShoppingCartBackend\target\classes\com\myproject\shoppingcart\daoimpl\PaymentDAOImpl.class]
17:26:52.670 [main] DEBUG org.springframework.context.annotation.ClassPathBeanDefinitionScanner - Identified candidate component class: file [D:\aks\ShoppingCartBackend\target\classes\com\myproject\shoppingcart\daoimpl\ProductDAOImpl.class]
17:26:52.671 [main] DEBUG org.springframework.context.annotation.ClassPathBeanDefinitionScanner - Identified candidate component class: file [D:\aks\ShoppingCartBackend\target\classes\com\myproject\shoppingcart\daoimpl\SupplierDAOImpl.class]
17:26:52.673 [main] DEBUG org.springframework.context.annotation.ClassPathBeanDefinitionScanner - Identified candidate component class: file [D:\aks\ShoppingCartBackend\target\classes\com\myproject\shoppingcart\daoimpl\UserDAOImpl.class]
17:26:52.674 [main] DEBUG org.springframework.context.annotation.ClassPathBeanDefinitionScanner - Identified candidate component class: file [D:\aks\ShoppingCartBackend\target\classes\com\myproject\shoppingcart\domain\Cart.class]
17:26:52.675 [main] DEBUG org.springframework.context.annotation.ClassPathBeanDefinitionScanner - Identified candidate component class: file [D:\aks\ShoppingCartBackend\target\classes\com\myproject\shoppingcart\domain\Category.class]
17:26:52.676 [main] DEBUG org.springframework.context.annotation.ClassPathBeanDefinitionScanner - Identified candidate component class: file [D:\aks\ShoppingCartBackend\target\classes\com\myproject\shoppingcart\domain\Payment.class]
17:26:52.677 [main] DEBUG org.springframework.context.annotation.ClassPathBeanDefinitionScanner - Identified candidate component class: file [D:\aks\ShoppingCartBackend\target\classes\com\myproject\shoppingcart\domain\Product.class]
17:26:52.678 [main] DEBUG org.springframework.context.annotation.ClassPathBeanDefinitionScanner - Identified candidate component class: file [D:\aks\ShoppingCartBackend\target\classes\com\myproject\shoppingcart\domain\Shipping.class]
17:26:52.679 [main] DEBUG org.springframework.context.annotation.ClassPathBeanDefinitionScanner - Identified candidate component class: file [D:\aks\ShoppingCartBackend\target\classes\com\myproject\shoppingcart\domain\Supplier.class]
17:26:52.682 [main] DEBUG org.springframework.context.annotation.ClassPathBeanDefinitionScanner - Identified candidate component class: file [D:\aks\ShoppingCartBackend\target\classes\com\myproject\shoppingcart\domain\User.class]
17:26:52.688 [main] INFO org.springframework.context.annotation.AnnotationConfigApplicationContext - Refreshing org.springframework.context.annotation.AnnotationConfigApplicationContext@4349754: startup date [Tue May 01 17:26:52 IST 2018]; root of context hierarchy
17:26:52.688 [main] DEBUG org.springframework.context.annotation.AnnotationConfigApplicationContext - Bean factory for org.springframework.context.annotation.AnnotationConfigApplicationContext@4349754: org.springframework.beans.factory.support.DefaultListableBeanFactory@2f7dcef2: defining beans [org.springframework.context.annotation.internalConfigurationAnnotationProcessor,org.springframework.context.annotation.internalAutowiredAnnotationProcessor,org.springframework.context.annotation.internalRequiredAnnotationProcessor,org.springframework.context.annotation.internalCommonAnnotationProcessor,org.springframework.context.annotation.internalPersistenceAnnotationProcessor,org.springframework.context.event.internalEventListenerProcessor,org.springframework.context.event.internalEventListenerFactory,applicationContextConfig,cartDAO,categoryDAO,paymentDAO,productDAO,supplierDAO,userDAO,cart,category,payment,product,shipping,supplier,user]; root of factory hierarchy
17:26:52.691 [main] DEBUG org.springframework.beans.factory.support.DefaultListableBeanFactory - Creating shared instance of singleton bean &apos;org.springframework.context.annotation.internalConfigurationAnnotationProcessor&apos;
17:26:52.691 [main] DEBUG org.springframework.beans.factory.support.DefaultListableBeanFactory - Creating instance of bean &apos;org.springframework.context.annotation.internalConfigurationAnnotationProcessor&apos;
17:26:52.691 [main] DEBUG org.springframework.beans.factory.support.DefaultListableBeanFactory - Eagerly caching bean &apos;org.springframework.context.annotation.internalConfigurationAnnotationProcessor&apos; to allow for resolving potential circular references
17:26:52.692 [main] DEBUG org.springframework.beans.factory.support.DefaultListableBeanFactory - Finished creating instance of bean &apos;org.springframework.context.annotation.internalConfigurationAnnotationProcessor&apos;
17:26:52.700 [main] DEBUG org.springframework.core.io.support.PathMatchingResourcePatternResolver - Resolved classpath location [com/myproject/shoppingcart/] to resources [URL [file:/D:/aks/ShoppingCartBackend/target/test-classes/com/myproject/shoppingcart/], URL [file:/D:/aks/ShoppingCartBackend/target/classes/com/myproject/shoppingcart/]]
17:26:52.700 [main] DEBUG org.springframework.core.io.support.PathMatchingResourcePatternResolver - Looking for matching resources in directory tree [D:\aks\ShoppingCartBackend\target\test-classes\com\myproject\shoppingcart]
17:26:52.700 [main] DEBUG org.springframework.core.io.support.PathMatchingResourcePatternResolver - Searching directory [D:\aks\ShoppingCartBackend\target\test-classes\com\myproject\shoppingcart] for files matching pattern [D:/aks/ShoppingCartBackend/target/test-classes/com/myproject/shoppingcart/**/*.class]
17:26:52.702 [main] DEBUG org.springframework.core.io.support.PathMatchingResourcePatternResolver - Looking for matching resources in directory tree [D:\aks\ShoppingCartBackend\target\classes\com\myproject\shoppingcart]
17:26:52.707 [main] DEBUG org.springframework.core.io.support.PathMatchingResourcePatternResolver - Searching directory [D:\aks\ShoppingCartBackend\target\classes\com\myproject\shoppingcart] for files matching pattern [D:/aks/ShoppingCartBackend/target/classes/com/myproject/shoppingcart/**/*.class]
17:26:52.707 [main] DEBUG org.springframework.core.io.support.PathMatchingResourcePatternResolver - Searching directory [D:\aks\ShoppingCartBackend\target\classes\com\myproject\shoppingcart\config] for files matching pattern [D:/aks/ShoppingCartBackend/target/classes/com/myproject/shoppingcart/**/*.class]
17:26:52.708 [main] DEBUG org.springframework.core.io.support.PathMatchingResourcePatternResolver - Searching directory [D:\aks\ShoppingCartBackend\target\classes\com\myproject\shoppingcart\dao] for files matching pattern [D:/aks/ShoppingCartBackend/target/classes/com/myproject/shoppingcart/**/*.class]
17:26:52.708 [main] DEBUG org.springframework.core.io.support.PathMatchingResourcePatternResolver - Searching directory [D:\aks\ShoppingCartBackend\target\classes\com\myproject\shoppingcart\daoimpl] for files matching pattern [D:/aks/ShoppingCartBackend/target/classes/com/myproject/shoppingcart/**/*.class]
17:26:52.709 [main] DEBUG org.springframework.core.io.support.PathMatchingResourcePatternResolver - Searching directory [D:\aks\ShoppingCartBackend\target\classes\com\myproject\shoppingcart\domain] for files matching pattern [D:/aks/ShoppingCartBackend/target/classes/com/myproject/shoppingcart/**/*.class]
17:26:52.710 [main] DEBUG org.springframework.core.io.support.PathMatchingResourcePatternResolver - Resolved location pattern [classpath*:com/myproject/shoppingcart/**/*.class] to resources [file [D:\aks\ShoppingCartBackend\target\test-classes\com\myproject\shoppingcart\CartDAOTestCase.class], file [D:\aks\ShoppingCartBackend\target\test-classes\com\myproject\shoppingcart\CategoryDAOTestCase.class], file [D:\aks\ShoppingCartBackend\target\test-classes\com\myproject\shoppingcart\ProductDAOTestCase.class], file [D:\aks\ShoppingCartBackend\target\test-classes\com\myproject\shoppingcart\SupplierDAOTestCase.class], file [D:\aks\ShoppingCartBackend\target\test-classes\com\myproject\shoppingcart\UserDAOTestCase.class], file [D:\aks\ShoppingCartBackend\target\classes\com\myproject\shoppingcart\config\ApplicationContextConfig.class], file [D:\aks\ShoppingCartBackend\target\classes\com\myproject\shoppingcart\dao\CartDAO.class], file [D:\aks\ShoppingCartBackend\target\classes\com\myproject\shoppingcart\dao\CategoryDAO.class], file [D:\aks\ShoppingCartBackend\target\classes\com\myproject\shoppingcart\dao\PaymentDAO.class], file [D:\aks\ShoppingCartBackend\target\classes\com\myproject\shoppingcart\dao\ProductDAO.class], file [D:\aks\ShoppingCartBackend\target\classes\com\myproject\shoppingcart\dao\SupplierDAO.class], file [D:\aks\ShoppingCartBackend\target\classes\com\myproject\shoppingcart\dao\UserDAO.class], file [D:\aks\ShoppingCartBackend\target\classes\com\myproject\shoppingcart\daoimpl\CartDAOImpl.class], file [D:\aks\ShoppingCartBackend\target\classes\com\myproject\shoppingcart\daoimpl\CategoryDAOImpl.class], file [D:\aks\ShoppingCartBackend\target\classes\com\myproject\shoppingcart\daoimpl\PaymentDAOImpl.class], file [D:\aks\ShoppingCartBackend\target\classes\com\myproject\shoppingcart\daoimpl\ProductDAOImpl.class], file [D:\aks\ShoppingCartBackend\target\classes\com\myproject\shoppingcart\daoimpl\SupplierDAOImpl.class], file [D:\aks\ShoppingCartBackend\target\classes\com\myproject\shoppingcart\daoimpl\UserDAOImpl.class], file [D:\aks\ShoppingCartBackend\target\classes\com\myproject\shoppingcart\domain\Cart.class], file [D:\aks\ShoppingCartBackend\target\classes\com\myproject\shoppingcart\domain\Category.class], file [D:\aks\ShoppingCartBackend\target\classes\com\myproject\shoppingcart\domain\Payment.class], file [D:\aks\ShoppingCartBackend\target\classes\com\myproject\shoppingcart\domain\Product.class], file [D:\aks\ShoppingCartBackend\target\classes\com\myproject\shoppingcart\domain\Shipping.class], file [D:\aks\ShoppingCartBackend\target\classes\com\myproject\shoppingcart\domain\Supplier.class], file [D:\aks\ShoppingCartBackend\target\classes\com\myproject\shoppingcart\domain\User.class]]
17:26:52.710 [main] DEBUG org.springframework.context.annotation.ClassPathBeanDefinitionScanner - Ignored because not a concrete top-level class: file [D:\aks\ShoppingCartBackend\target\classes\com\myproject\shoppingcart\dao\CartDAO.class]
17:26:52.711 [main] DEBUG org.springframework.context.annotation.ClassPathBeanDefinitionScanner - Ignored because not a concrete top-level class: file [D:\aks\ShoppingCartBackend\target\classes\com\myproject\shoppingcart\dao\CategoryDAO.class]
17:26:52.711 [main] DEBUG org.springframework.context.annotation.ClassPathBeanDefinitionScanner - Ignored because not a concrete top-level class: file [D:\aks\ShoppingCartBackend\target\classes\com\myproject\shoppingcart\dao\PaymentDAO.class]
17:26:52.711 [main] DEBUG org.springframework.context.annotation.ClassPathBeanDefinitionScanner - Ignored because not a concrete top-level class: file [D:\aks\ShoppingCartBackend\target\classes\com\myproject\shoppingcart\dao\ProductDAO.class]
17:26:52.711 [main] DEBUG org.springframework.context.annotation.ClassPathBeanDefinitionScanner - Ignored because not a concrete top-level class: file [D:\aks\ShoppingCartBackend\target\classes\com\myproject\shoppingcart\dao\SupplierDAO.class]
17:26:52.711 [main] DEBUG org.springframework.context.annotation.ClassPathBeanDefinitionScanner - Ignored because not a concrete top-level class: file [D:\aks\ShoppingCartBackend\target\classes\com\myproject\shoppingcart\dao\UserDAO.class]
17:26:52.711 [main] DEBUG org.springframework.context.annotation.ClassPathBeanDefinitionScanner - Identified candidate component class: file [D:\aks\ShoppingCartBackend\target\classes\com\myproject\shoppingcart\daoimpl\CartDAOImpl.class]
17:26:52.711 [main] DEBUG org.springframework.context.annotation.ClassPathBeanDefinitionScanner - Identified candidate component class: file [D:\aks\ShoppingCartBackend\target\classes\com\myproject\shoppingcart\daoimpl\CategoryDAOImpl.class]
17:26:52.711 [main] DEBUG org.springframework.context.annotation.ClassPathBeanDefinitionScanner - Identified candidate component class: file [D:\aks\ShoppingCartBackend\target\classes\com\myproject\shoppingcart\daoimpl\PaymentDAOImpl.class]
17:26:52.711 [main] DEBUG org.springframework.context.annotation.ClassPathBeanDefinitionScanner - Identified candidate component class: file [D:\aks\ShoppingCartBackend\target\classes\com\myproject\shoppingcart\daoimpl\ProductDAOImpl.class]
17:26:52.712 [main] DEBUG org.springframework.context.annotation.ClassPathBeanDefinitionScanner - Identified candidate component class: file [D:\aks\ShoppingCartBackend\target\classes\com\myproject\shoppingcart\daoimpl\SupplierDAOImpl.class]
17:26:52.712 [main] DEBUG org.springframework.context.annotation.ClassPathBeanDefinitionScanner - Identified candidate component class: file [D:\aks\ShoppingCartBackend\target\classes\com\myproject\shoppingcart\daoimpl\UserDAOImpl.class]
17:26:52.712 [main] DEBUG org.springframework.context.annotation.ClassPathBeanDefinitionScanner - Identified candidate component class: file [D:\aks\ShoppingCartBackend\target\classes\com\myproject\shoppingcart\domain\Cart.class]
17:26:52.712 [main] DEBUG org.springframework.context.annotation.ClassPathBeanDefinitionScanner - Identified candidate component class: file [D:\aks\ShoppingCartBackend\target\classes\com\myproject\shoppingcart\domain\Category.class]
17:26:52.712 [main] DEBUG org.springframework.context.annotation.ClassPathBeanDefinitionScanner - Identified candidate component class: file [D:\aks\ShoppingCartBackend\target\classes\com\myproject\shoppingcart\domain\Payment.class]
17:26:52.712 [main] DEBUG org.springframework.context.annotation.ClassPathBeanDefinitionScanner - Identified candidate component class: file [D:\aks\ShoppingCartBackend\target\classes\com\myproject\shoppingcart\domain\Product.class]
17:26:52.712 [main] DEBUG org.springframework.context.annotation.ClassPathBeanDefinitionScanner - Identified candidate component class: file [D:\aks\ShoppingCartBackend\target\classes\com\myproject\shoppingcart\domain\Shipping.class]
17:26:52.712 [main] DEBUG org.springframework.context.annotation.ClassPathBeanDefinitionScanner - Identified candidate component class: file [D:\aks\ShoppingCartBackend\target\classes\com\myproject\shoppingcart\domain\Supplier.class]
17:26:52.713 [main] DEBUG org.springframework.context.annotation.ClassPathBeanDefinitionScanner - Identified candidate component class: file [D:\aks\ShoppingCartBackend\target\classes\com\myproject\shoppingcart\domain\User.class]
17:26:52.776 [main] DEBUG org.springframework.context.annotation.ConfigurationClassBeanDefinitionReader - Registered bean definition for imported class &apos;org.springframework.transaction.annotation.ProxyTransactionManagementConfiguration&apos;
17:26:52.776 [main] DEBUG org.springframework.context.annotation.ConfigurationClassBeanDefinitionReader - Registering bean definition for @Bean method org.springframework.transaction.annotation.ProxyTransactionManagementConfiguration.org.springframework.transaction.config.internalTransactionAdvisor()
17:26:52.777 [main] DEBUG org.springframework.context.annotation.ConfigurationClassBeanDefinitionReader - Registering bean definition for @Bean method org.springframework.transaction.annotation.ProxyTransactionManagementConfiguration.transactionAttributeSource()
17:26:52.777 [main] DEBUG org.springframework.context.annotation.ConfigurationClassBeanDefinitionReader - Registering bean definition for @Bean method org.springframework.transaction.annotation.ProxyTransactionManagementConfiguration.transactionInterceptor()
17:26:52.777 [main] DEBUG org.springframework.context.annotation.ConfigurationClassBeanDefinitionReader - Registering bean definition for @Bean method org.springframework.transaction.annotation.ProxyTransactionManagementConfiguration.org.springframework.transaction.config.internalTransactionalEventListenerFactory()
17:26:52.777 [main] DEBUG org.springframework.context.annotation.ConfigurationClassBeanDefinitionReader - Registering bean definition for @Bean method com.myproject.shoppingcart.config.ApplicationContextConfig.dataSource()
17:26:52.777 [main] DEBUG org.springframework.context.annotation.ConfigurationClassBeanDefinitionReader - Registering bean definition for @Bean method com.myproject.shoppingcart.config.ApplicationContextConfig.sessionFactory()
17:26:52.777 [main] DEBUG org.springframework.context.annotation.ConfigurationClassBeanDefinitionReader - Registering bean definition for @Bean method com.myproject.shoppingcart.config.ApplicationContextConfig.transactionManager()
17:26:52.778 [main] DEBUG org.springframework.context.annotation.ConfigurationClassEnhancer - Successfully enhanced com.myproject.shoppingcart.config.ApplicationContextConfig; enhanced class name is: com.myproject.shoppingcart.config.ApplicationContextConfig$$EnhancerBySpringCGLIB$$571f1bc0
17:26:52.779 [main] DEBUG org.springframework.context.annotation.ConfigurationClassPostProcessor - Replacing bean definition &apos;applicationContextConfig&apos; existing class &apos;com.myproject.shoppingcart.config.ApplicationContextConfig&apos; with enhanced class &apos;com.myproject.shoppingcart.config.ApplicationContextConfig$$EnhancerBySpringCGLIB$$571f1bc0&apos;
17:26:52.779 [main] DEBUG org.springframework.context.annotation.ConfigurationClassEnhancer - Successfully enhanced org.springframework.transaction.annotation.ProxyTransactionManagementConfiguration; enhanced class name is: org.springframework.transaction.annotation.ProxyTransactionManagementConfiguration$$EnhancerBySpringCGLIB$$2a2a2d06
17:26:52.779 [main] DEBUG org.springframework.context.annotation.ConfigurationClassPostProcessor - Replacing bean definition &apos;org.springframework.transaction.annotation.ProxyTransactionManagementConfiguration&apos; existing class &apos;org.springframework.transaction.annotation.ProxyTransactionManagementConfiguration&apos; with enhanced class &apos;org.springframework.transaction.annotation.ProxyTransactionManagementConfiguration$$EnhancerBySpringCGLIB$$2a2a2d06&apos;
17:26:52.780 [main] DEBUG org.springframework.beans.factory.support.DefaultListableBeanFactory - Creating shared instance of singleton bean &apos;org.springframework.context.annotation.internalAutowiredAnnotationProcessor&apos;
17:26:52.780 [main] DEBUG org.springframework.beans.factory.support.DefaultListableBeanFactory - Creating instance of bean &apos;org.springframework.context.annotation.internalAutowiredAnnotationProcessor&apos;
17:26:52.782 [main] DEBUG org.springframework.beans.factory.support.DefaultListableBeanFactory - Eagerly caching bean &apos;org.springframework.context.annotation.internalAutowiredAnnotationProcessor&apos; to allow for resolving potential circular references
17:26:52.784 [main] DEBUG org.springframework.beans.factory.support.DefaultListableBeanFactory - Finished creating instance of bean &apos;org.springframework.context.annotation.internalAutowiredAnnotationProcessor&apos;
17:26:52.784 [main] DEBUG org.springframework.beans.factory.support.DefaultListableBeanFactory - Creating shared instance of singleton bean &apos;org.springframework.context.annotation.internalRequiredAnnotationProcessor&apos;
17:26:52.784 [main] DEBUG org.springframework.beans.factory.support.DefaultListableBeanFactory - Creating instance of bean &apos;org.springframework.context.annotation.internalRequiredAnnotationProcessor&apos;
17:26:52.784 [main] DEBUG org.springframework.beans.factory.support.DefaultListableBeanFactory - Eagerly caching bean &apos;org.springframework.context.annotation.internalRequiredAnnotationProcessor&apos; to allow for resolving potential circular references
17:26:52.786 [main] DEBUG org.springframework.beans.factory.support.DefaultListableBeanFactory - Finished creating instance of bean &apos;org.springframework.context.annotation.internalRequiredAnnotationProcessor&apos;
17:26:52.786 [main] DEBUG org.springframework.beans.factory.support.DefaultListableBeanFactory - Creating shared instance of singleton bean &apos;org.springframework.context.annotation.internalCommonAnnotationProcessor&apos;
17:26:52.786 [main] DEBUG org.springframework.beans.factory.support.DefaultListableBeanFactory - Creating instance of bean &apos;org.springframework.context.annotation.internalCommonAnnotationProcessor&apos;
17:26:52.786 [main] DEBUG org.springframework.beans.factory.support.DefaultListableBeanFactory - Eagerly caching bean &apos;org.springframework.context.annotation.internalCommonAnnotationProcessor&apos; to allow for resolving potential circular references
17:26:52.789 [main] DEBUG org.springframework.beans.factory.support.DefaultListableBeanFactory - Finished creating instance of bean &apos;org.springframework.context.annotation.internalCommonAnnotationProcessor&apos;
17:26:52.789 [main] DEBUG org.springframework.beans.factory.support.DefaultListableBeanFactory - Creating shared instance of singleton bean &apos;org.springframework.context.annotation.internalPersistenceAnnotationProcessor&apos;
17:26:52.789 [main] DEBUG org.springframework.beans.factory.support.DefaultListableBeanFactory - Creating instance of bean &apos;org.springframework.context.annotation.internalPersistenceAnnotationProcessor&apos;
17:26:52.789 [main] DEBUG org.springframework.beans.factory.support.DefaultListableBeanFactory - Eagerly caching bean &apos;org.springframework.context.annotation.internalPersistenceAnnotationProcessor&apos; to allow for resolving potential circular references
17:26:52.791 [main] DEBUG org.springframework.beans.factory.support.DefaultListableBeanFactory - Finished creating instance of bean &apos;org.springframework.context.annotation.internalPersistenceAnnotationProcessor&apos;
17:26:52.792 [main] DEBUG org.springframework.beans.factory.support.DefaultListableBeanFactory - Creating shared instance of singleton bean &apos;org.springframework.aop.config.internalAutoProxyCreator&apos;
17:26:52.792 [main] DEBUG org.springframework.beans.factory.support.DefaultListableBeanFactory - Creating instance of bean &apos;org.springframework.aop.config.internalAutoProxyCreator&apos;
17:26:52.793 [main] DEBUG org.springframework.beans.factory.support.DefaultListableBeanFactory - Eagerly caching bean &apos;org.springframework.aop.config.internalAutoProxyCreator&apos; to allow for resolving potential circular references
17:26:52.796 [main] DEBUG org.springframework.beans.factory.support.DefaultListableBeanFactory - Finished creating instance of bean &apos;org.springframework.aop.config.internalAutoProxyCreator&apos;
17:26:52.796 [main] DEBUG org.springframework.context.annotation.AnnotationConfigApplicationContext - Unable to locate MessageSource with name &apos;messageSource&apos;: using default [org.springframework.context.support.DelegatingMessageSource@258ee7de]
17:26:52.796 [main] DEBUG org.springframework.context.annotation.AnnotationConfigApplicationContext - Unable to locate ApplicationEventMulticaster with name &apos;applicationEventMulticaster&apos;: using default [org.springframework.context.event.SimpleApplicationEventMulticaster@4930539b]
17:26:52.797 [main] DEBUG org.springframework.beans.factory.support.DefaultListableBeanFactory - Pre-instantiating singletons in org.springframework.beans.factory.support.DefaultListableBeanFactory@2f7dcef2: defining beans [org.springframework.context.annotation.internalConfigurationAnnotationProcessor,org.springframework.context.annotation.internalAutowiredAnnotationProcessor,org.springframework.context.annotation.internalRequiredAnnotationProcessor,org.springframework.context.annotation.internalCommonAnnotationProcessor,org.springframework.context.annotation.internalPersistenceAnnotationProcessor,org.springframework.context.event.internalEventListenerProcessor,org.springframework.context.event.internalEventListenerFactory,applicationContextConfig,cartDAO,categoryDAO,paymentDAO,productDAO,supplierDAO,userDAO,cart,category,payment,product,shipping,supplier,user,org.springframework.transaction.annotation.ProxyTransactionManagementConfiguration,org.springframework.transaction.config.internalTransactionAdvisor,transactionAttributeSource,transactionInterceptor,org.springframework.transaction.config.internalTransactionalEventListenerFactory,dataSource,sessionFactory,transactionManager,org.springframework.aop.config.internalAutoProxyCreator]; root of factory hierarchy
17:26:52.797 [main] DEBUG org.springframework.beans.factory.support.DefaultListableBeanFactory - Returning cached instance of singleton bean &apos;org.springframework.context.annotation.internalConfigurationAnnotationProcessor&apos;
17:26:52.797 [main] DEBUG org.springframework.beans.factory.support.DefaultListableBeanFactory - Returning cached instance of singleton bean &apos;org.springframework.context.annotation.internalAutowiredAnnotationProcessor&apos;
17:26:52.797 [main] DEBUG org.springframework.beans.factory.support.DefaultListableBeanFactory - Returning cached instance of singleton bean &apos;org.springframework.context.annotation.internalRequiredAnnotationProcessor&apos;
17:26:52.797 [main] DEBUG org.springframework.beans.factory.support.DefaultListableBeanFactory - Returning cached instance of singleton bean &apos;org.springframework.context.annotation.internalCommonAnnotationProcessor&apos;
17:26:52.797 [main] DEBUG org.springframework.beans.factory.support.DefaultListableBeanFactory - Returning cached instance of singleton bean &apos;org.springframework.context.annotation.internalPersistenceAnnotationProcessor&apos;
17:26:52.797 [main] DEBUG org.springframework.beans.factory.support.DefaultListableBeanFactory - Creating shared instance of singleton bean &apos;org.springframework.context.event.internalEventListenerProcessor&apos;
17:26:52.797 [main] DEBUG org.springframework.beans.factory.support.DefaultListableBeanFactory - Creating instance of bean &apos;org.springframework.context.event.internalEventListenerProcessor&apos;
17:26:52.798 [main] DEBUG org.springframework.beans.factory.support.DefaultListableBeanFactory - Eagerly caching bean &apos;org.springframework.context.event.internalEventListenerProcessor&apos; to allow for resolving potential circular references
17:26:52.799 [main] DEBUG org.springframework.beans.factory.support.DefaultListableBeanFactory - Creating shared instance of singleton bean &apos;org.springframework.transaction.config.internalTransactionAdvisor&apos;
17:26:52.799 [main] DEBUG org.springframework.beans.factory.support.DefaultListableBeanFactory - Creating instance of bean &apos;org.springframework.transaction.config.internalTransactionAdvisor&apos;
17:26:52.800 [main] DEBUG org.springframework.beans.factory.support.DefaultListableBeanFactory - Creating shared instance of singleton bean &apos;org.springframework.transaction.annotation.ProxyTransactionManagementConfiguration&apos;
17:26:52.800 [main] DEBUG org.springframework.beans.factory.support.DefaultListableBeanFactory - Creating instance of bean &apos;org.springframework.transaction.annotation.ProxyTransactionManagementConfiguration&apos;
17:26:52.803 [main] DEBUG org.springframework.beans.factory.annotation.InjectionMetadata - Registered injected element on class [org.springframework.transaction.annotation.ProxyTransactionManagementConfiguration$$EnhancerBySpringCGLIB$$2a2a2d06]: AutowiredMethodElement for void org.springframework.transaction.annotation.AbstractTransactionManagementConfiguration.setConfigurers(java.util.Collection)
17:26:52.803 [main] DEBUG org.springframework.beans.factory.support.DefaultListableBeanFactory - Eagerly caching bean &apos;org.springframework.transaction.annotation.ProxyTransactionManagementConfiguration&apos; to allow for resolving potential circular references
17:26:52.803 [main] DEBUG org.springframework.beans.factory.annotation.InjectionMetadata - Processing injected element of bean &apos;org.springframework.transaction.annotation.ProxyTransactionManagementConfiguration&apos;: AutowiredMethodElement for void org.springframework.transaction.annotation.AbstractTransactionManagementConfiguration.setConfigurers(java.util.Collection)
17:26:52.804 [main] DEBUG org.springframework.beans.factory.support.DefaultListableBeanFactory - Returning cached instance of singleton bean &apos;org.springframework.context.annotation.ConfigurationClassPostProcessor.importRegistry&apos;
17:26:52.804 [main] DEBUG org.springframework.aop.framework.autoproxy.BeanFactoryAdvisorRetrievalHelper - Skipping currently created advisor &apos;org.springframework.transaction.config.internalTransactionAdvisor&apos;
17:26:52.804 [main] DEBUG org.springframework.beans.factory.support.DefaultListableBeanFactory - Finished creating instance of bean &apos;org.springframework.transaction.annotation.ProxyTransactionManagementConfiguration&apos;
17:26:52.805 [main] DEBUG org.springframework.beans.factory.support.DefaultListableBeanFactory - Creating shared instance of singleton bean &apos;transactionAttributeSource&apos;
17:26:52.805 [main] DEBUG org.springframework.beans.factory.support.DefaultListableBeanFactory - Creating instance of bean &apos;transactionAttributeSource&apos;
17:26:52.805 [main] DEBUG org.springframework.beans.factory.support.DefaultListableBeanFactory - Returning cached instance of singleton bean &apos;org.springframework.transaction.annotation.ProxyTransactionManagementConfiguration&apos;
17:26:52.807 [main] DEBUG org.springframework.beans.factory.support.DefaultListableBeanFactory - Eagerly caching bean &apos;transactionAttributeSource&apos; to allow for resolving potential circular references
17:26:52.809 [main] DEBUG org.springframework.aop.framework.autoproxy.BeanFactoryAdvisorRetrievalHelper - Skipping currently created advisor &apos;org.springframework.transaction.config.internalTransactionAdvisor&apos;
17:26:52.809 [main] DEBUG org.springframework.beans.factory.support.DefaultListableBeanFactory - Finished creating instance of bean &apos;transactionAttributeSource&apos;
17:26:52.810 [main] DEBUG org.springframework.beans.factory.support.DefaultListableBeanFactory - Creating shared instance of singleton bean &apos;transactionInterceptor&apos;
17:26:52.810 [main] DEBUG org.springframework.beans.factory.support.DefaultListableBeanFactory - Creating instance of bean &apos;transactionInterceptor&apos;
17:26:52.810 [main] DEBUG org.springframework.beans.factory.support.DefaultListableBeanFactory - Returning cached instance of singleton bean &apos;org.springframework.transaction.annotation.ProxyTransactionManagementConfiguration&apos;
17:26:52.810 [main] DEBUG org.springframework.beans.factory.support.DefaultListableBeanFactory - Returning cached instance of singleton bean &apos;transactionAttributeSource&apos;
17:26:52.811 [main] DEBUG org.springframework.beans.factory.support.DefaultListableBeanFactory - Eagerly caching bean &apos;transactionInterceptor&apos; to allow for resolving potential circular references
17:26:52.814 [main] DEBUG org.springframework.beans.factory.support.DefaultListableBeanFactory - Invoking afterPropertiesSet() on bean with name &apos;transactionInterceptor&apos;
17:26:52.814 [main] DEBUG org.springframework.beans.factory.support.DefaultListableBeanFactory - Finished creating instance of bean &apos;transactionInterceptor&apos;
17:26:52.815 [main] DEBUG org.springframework.beans.factory.support.DefaultListableBeanFactory - Eagerly caching bean &apos;org.springframework.transaction.config.internalTransactionAdvisor&apos; to allow for resolving potential circular references
17:26:52.817 [main] DEBUG org.springframework.beans.factory.support.DefaultListableBeanFactory - Finished creating instance of bean &apos;org.springframework.transaction.config.internalTransactionAdvisor&apos;
17:26:52.817 [main] DEBUG org.springframework.beans.factory.support.DefaultListableBeanFactory - Finished creating instance of bean &apos;org.springframework.context.event.internalEventListenerProcessor&apos;
17:26:52.817 [main] DEBUG org.springframework.beans.factory.support.DefaultListableBeanFactory - Creating shared instance of singleton bean &apos;org.springframework.context.event.internalEventListenerFactory&apos;
17:26:52.817 [main] DEBUG org.springframework.beans.factory.support.DefaultListableBeanFactory - Creating instance of bean &apos;org.springframework.context.event.internalEventListenerFactory&apos;
17:26:52.817 [main] DEBUG org.springframework.beans.factory.support.DefaultListableBeanFactory - Eagerly caching bean &apos;org.springframework.context.event.internalEventListenerFactory&apos; to allow for resolving potential circular references
17:26:52.819 [main] DEBUG org.springframework.beans.factory.support.DefaultListableBeanFactory - Returning cached instance of singleton bean &apos;org.springframework.transaction.config.internalTransactionAdvisor&apos;
17:26:52.819 [main] DEBUG org.springframework.beans.factory.support.DefaultListableBeanFactory - Finished creating instance of bean &apos;org.springframework.context.event.internalEventListenerFactory&apos;
17:26:52.819 [main] DEBUG org.springframework.beans.factory.support.DefaultListableBeanFactory - Creating shared instance of singleton bean &apos;applicationContextConfig&apos;
17:26:52.819 [main] DEBUG org.springframework.beans.factory.support.DefaultListableBeanFactory - Creating instance of bean &apos;applicationContextConfig&apos;
17:26:52.820 [main] DEBUG org.springframework.beans.factory.support.DefaultListableBeanFactory - Eagerly caching bean &apos;applicationContextConfig&apos; to allow for resolving potential circular references
17:26:52.821 [main] DEBUG org.springframework.beans.factory.support.DefaultListableBeanFactory - Returning cached instance of singleton bean &apos;org.springframework.transaction.config.internalTransactionAdvisor&apos;
17:26:52.822 [main] DEBUG org.springframework.beans.factory.support.DefaultListableBeanFactory - Finished creating instance of bean &apos;applicationContextConfig&apos;
17:26:52.822 [main] DEBUG org.springframework.beans.factory.support.DefaultListableBeanFactory - Creating shared instance of singleton bean &apos;cartDAO&apos;
17:26:52.822 [main] DEBUG org.springframework.beans.factory.support.DefaultListableBeanFactory - Creating instance of bean &apos;cartDAO&apos;
17:26:52.823 [main] DEBUG org.springframework.beans.factory.annotation.InjectionMetadata - Registered injected element on class [com.myproject.shoppingcart.daoimpl.CartDAOImpl]: AutowiredFieldElement for private com.myproject.shoppingcart.domain.Cart com.myproject.shoppingcart.daoimpl.CartDAOImpl.cart
17:26:52.823 [main] DEBUG org.springframework.beans.factory.annotation.InjectionMetadata - Registered injected element on class [com.myproject.shoppingcart.daoimpl.CartDAOImpl]: AutowiredFieldElement for private com.myproject.shoppingcart.dao.CartDAO com.myproject.shoppingcart.daoimpl.CartDAOImpl.cartDAO
17:26:52.823 [main] DEBUG org.springframework.beans.factory.annotation.InjectionMetadata - Registered injected element on class [com.myproject.shoppingcart.daoimpl.CartDAOImpl]: AutowiredFieldElement for private org.hibernate.SessionFactory com.myproject.shoppingcart.daoimpl.CartDAOImpl.sessionFactory
17:26:52.823 [main] DEBUG org.springframework.beans.factory.support.DefaultListableBeanFactory - Eagerly caching bean &apos;cartDAO&apos; to allow for resolving potential circular references
17:26:52.824 [main] DEBUG org.springframework.beans.factory.annotation.InjectionMetadata - Processing injected element of bean &apos;cartDAO&apos;: AutowiredFieldElement for private com.myproject.shoppingcart.domain.Cart com.myproject.shoppingcart.daoimpl.CartDAOImpl.cart
17:26:52.825 [main] DEBUG org.springframework.core.annotation.AnnotationUtils - Failed to meta-introspect annotation [interface org.springframework.beans.factory.annotation.Autowired]: java.lang.NullPointerException
17:26:52.825 [main] DEBUG org.springframework.beans.factory.support.DefaultListableBeanFactory - Creating shared instance of singleton bean &apos;cart&apos;
17:26:52.825 [main] DEBUG org.springframework.beans.factory.support.DefaultListableBeanFactory - Creating instance of bean &apos;cart&apos;
17:26:52.826 [main] DEBUG org.springframework.beans.factory.support.DefaultListableBeanFactory - Eagerly caching bean &apos;cart&apos; to allow for resolving potential circular references
17:26:52.826 [main] DEBUG org.springframework.beans.factory.support.DefaultListableBeanFactory - Returning cached instance of singleton bean &apos;org.springframework.transaction.config.internalTransactionAdvisor&apos;
17:26:52.827 [main] DEBUG org.springframework.beans.factory.support.DefaultListableBeanFactory - Finished creating instance of bean &apos;cart&apos;
17:26:52.827 [main] DEBUG org.springframework.beans.factory.annotation.AutowiredAnnotationBeanPostProcessor - Autowiring by type from bean name &apos;cartDAO&apos; to bean named &apos;cart&apos;
17:26:52.827 [main] DEBUG org.springframework.beans.factory.annotation.InjectionMetadata - Processing injected element of bean &apos;cartDAO&apos;: AutowiredFieldElement for private com.myproject.shoppingcart.dao.CartDAO com.myproject.shoppingcart.daoimpl.CartDAOImpl.cartDAO
17:26:52.827 [main] DEBUG org.springframework.core.annotation.AnnotationUtils - Failed to meta-introspect annotation [interface org.springframework.beans.factory.annotation.Autowired]: java.lang.NullPointerException
17:26:52.828 [main] DEBUG org.springframework.beans.factory.support.DefaultListableBeanFactory - Returning cached instance of singleton bean &apos;org.springframework.transaction.config.internalTransactionAdvisor&apos;
17:26:52.828 [main] DEBUG org.springframework.transaction.annotation.AnnotationTransactionAttributeSource - Adding transactional method &apos;com.myproject.shoppingcart.daoimpl.CartDAOImpl.get&apos; with attribute: PROPAGATION_REQUIRED,ISOLATION_DEFAULT; &apos;&apos;
17:26:52.828 [main] DEBUG org.springframework.aop.framework.autoproxy.InfrastructureAdvisorAutoProxyCreator - Creating implicit proxy for bean &apos;cartDAO&apos; with 0 common interceptors and 1 specific interceptors
17:26:52.828 [main] DEBUG org.springframework.aop.framework.JdkDynamicAopProxy - Creating JDK dynamic proxy: target source is SingletonTargetSource for target object [com.myproject.shoppingcart.daoimpl.CartDAOImpl@17271176]
17:26:52.829 [main] DEBUG org.springframework.beans.factory.support.DefaultListableBeanFactory - Returning eagerly cached instance of singleton bean &apos;cartDAO&apos; that is not fully initialized yet - a consequence of a circular reference
17:26:52.829 [main] DEBUG org.springframework.beans.factory.annotation.AutowiredAnnotationBeanPostProcessor - Autowiring by type from bean name &apos;cartDAO&apos; to bean named &apos;cartDAO&apos;
17:26:52.829 [main] DEBUG org.springframework.beans.factory.annotation.InjectionMetadata - Processing injected element of bean &apos;cartDAO&apos;: AutowiredFieldElement for private org.hibernate.SessionFactory com.myproject.shoppingcart.daoimpl.CartDAOImpl.sessionFactory
17:26:52.829 [main] DEBUG org.springframework.core.annotation.AnnotationUtils - Failed to meta-introspect annotation [interface org.springframework.beans.factory.annotation.Autowired]: java.lang.NullPointerException
17:26:52.830 [main] DEBUG org.springframework.beans.factory.support.DefaultListableBeanFactory - Creating shared instance of singleton bean &apos;sessionFactory&apos;
17:26:52.830 [main] DEBUG org.springframework.beans.factory.support.DefaultListableBeanFactory - Creating instance of bean &apos;sessionFactory&apos;
17:26:52.830 [main] DEBUG org.springframework.beans.factory.support.DefaultListableBeanFactory - Returning cached instance of singleton bean &apos;applicationContextConfig&apos;
17:26:52.831 [main] DEBUG org.springframework.beans.factory.support.DefaultListableBeanFactory - Creating shared instance of singleton bean &apos;dataSource&apos;
17:26:52.831 [main] DEBUG org.springframework.beans.factory.support.DefaultListableBeanFactory - Creating instance of bean &apos;dataSource&apos;
17:26:52.832 [main] DEBUG org.springframework.beans.factory.support.DefaultListableBeanFactory - Returning cached instance of singleton bean &apos;applicationContextConfig&apos;
17:26:52.832 [main] INFO org.springframework.jdbc.datasource.DriverManagerDataSource - Loaded JDBC driver: org.h2.Driver
17:26:52.832 [main] DEBUG org.springframework.beans.factory.support.DefaultListableBeanFactory - Eagerly caching bean &apos;dataSource&apos; to allow for resolving potential circular references
17:26:52.833 [main] DEBUG org.springframework.beans.factory.support.DefaultListableBeanFactory - Returning cached instance of singleton bean &apos;org.springframework.transaction.config.internalTransactionAdvisor&apos;
17:26:52.835 [main] DEBUG org.springframework.beans.factory.support.DefaultListableBeanFactory - Finished creating instance of bean &apos;dataSource&apos;
17:26:52.836 [main] DEBUG org.springframework.beans.factory.support.DefaultListableBeanFactory - Autowiring by type from bean name &apos;sessionFactory&apos; via factory method to bean named &apos;dataSource&apos;
17:26:52.836 [main] DEBUG org.hibernate.integrator.internal.IntegratorServiceImpl - Adding Integrator [org.hibernate.cfg.beanvalidation.BeanValidationIntegrator].
17:26:52.836 [main] DEBUG org.hibernate.integrator.internal.IntegratorServiceImpl - Adding Integrator [org.hibernate.secure.spi.JaccIntegrator].
17:26:52.836 [main] DEBUG org.hibernate.integrator.internal.IntegratorServiceImpl - Adding Integrator [org.hibernate.cache.internal.CollectionCacheInvalidator].
17:26:52.839 [main] DEBUG org.hibernate.cfg.Configuration - Building session factory using internal StandardServiceRegistryBuilder
17:26:52.840 [main] DEBUG org.hibernate.service.spi.ServiceBinding - Overriding existing service binding [org.hibernate.secure.spi.JaccService]
17:26:52.840 [main] DEBUG org.hibernate.cfg.Configuration - Building session factory using provided StandardServiceRegistry
17:26:52.841 [main] DEBUG org.hibernate.cache.internal.RegionFactoryInitiator - Cache region factory : org.hibernate.cache.internal.NoCachingRegionFactory
17:26:52.842 [main] DEBUG org.hibernate.type.BasicTypeRegistry - Adding type registration boolean -&gt; org.hibernate.type.BooleanType@e25951c
17:26:52.842 [main] DEBUG org.hibernate.type.BasicTypeRegistry - Adding type registration boolean -&gt; org.hibernate.type.BooleanType@e25951c
17:26:52.842 [main] DEBUG org.hibernate.type.BasicTypeRegistry - Adding type registration java.lang.Boolean -&gt; org.hibernate.type.BooleanType@e25951c
17:26:52.842 [main] DEBUG org.hibernate.type.BasicTypeRegistry - Adding type registration numeric_boolean -&gt; org.hibernate.type.NumericBooleanType@19976a65
17:26:52.842 [main] DEBUG org.hibernate.type.BasicTypeRegistry - Adding type registration true_false -&gt; org.hibernate.type.TrueFalseType@6531a794
17:26:52.842 [main] DEBUG org.hibernate.type.BasicTypeRegistry - Adding type registration yes_no -&gt; org.hibernate.type.YesNoType@56dc1551
17:26:52.842 [main] DEBUG org.hibernate.type.BasicTypeRegistry - Adding type registration byte -&gt; org.hibernate.type.ByteType@4bbf6d0e
17:26:52.842 [main] DEBUG org.hibernate.type.BasicTypeRegistry - Adding type registration byte -&gt; org.hibernate.type.ByteType@4bbf6d0e
17:26:52.843 [main] DEBUG org.hibernate.type.BasicTypeRegistry - Adding type registration java.lang.Byte -&gt; org.hibernate.type.ByteType@4bbf6d0e
17:26:52.843 [main] DEBUG org.hibernate.type.BasicTypeRegistry - Adding type registration character -&gt; org.hibernate.type.CharacterType@13bc8645
17:26:52.843 [main] DEBUG org.hibernate.type.BasicTypeRegistry - Adding type registration char -&gt; org.hibernate.type.CharacterType@13bc8645
17:26:52.843 [main] DEBUG org.hibernate.type.BasicTypeRegistry - Adding type registration java.lang.Character -&gt; org.hibernate.type.CharacterType@13bc8645
17:26:52.843 [main] DEBUG org.hibernate.type.BasicTypeRegistry - Adding type registration short -&gt; org.hibernate.type.ShortType@16c069df
17:26:52.843 [main] DEBUG org.hibernate.type.BasicTypeRegistry - Adding type registration short -&gt; org.hibernate.type.ShortType@16c069df
17:26:52.843 [main] DEBUG org.hibernate.type.BasicTypeRegistry - Adding type registration java.lang.Short -&gt; org.hibernate.type.ShortType@16c069df
17:26:52.843 [main] DEBUG org.hibernate.type.BasicTypeRegistry - Adding type registration integer -&gt; org.hibernate.type.IntegerType@7c3fdb62
17:26:52.843 [main] DEBUG org.hibernate.type.BasicTypeRegistry - Adding type registration int -&gt; org.hibernate.type.IntegerType@7c3fdb62
17:26:52.843 [main] DEBUG org.hibernate.type.BasicTypeRegistry - Adding type registration java.lang.Integer -&gt; org.hibernate.type.IntegerType@7c3fdb62
17:26:52.843 [main] DEBUG org.hibernate.type.BasicTypeRegistry - Adding type registration long -&gt; org.hibernate.type.LongType@189cbd7c
17:26:52.843 [main] DEBUG org.hibernate.type.BasicTypeRegistry - Adding type registration long -&gt; org.hibernate.type.LongType@189cbd7c
17:26:52.843 [main] DEBUG org.hibernate.type.BasicTypeRegistry - Adding type registration java.lang.Long -&gt; org.hibernate.type.LongType@189cbd7c
17:26:52.843 [main] DEBUG org.hibernate.type.BasicTypeRegistry - Adding type registration float -&gt; org.hibernate.type.FloatType@51a9ad5e
17:26:52.843 [main] DEBUG org.hibernate.type.BasicTypeRegistry - Adding type registration float -&gt; org.hibernate.type.FloatType@51a9ad5e
17:26:52.843 [main] DEBUG org.hibernate.type.BasicTypeRegistry - Adding type registration java.lang.Float -&gt; org.hibernate.type.FloatType@51a9ad5e
17:26:52.843 [main] DEBUG org.hibernate.type.BasicTypeRegistry - Adding type registration double -&gt; org.hibernate.type.DoubleType@560348e6
17:26:52.844 [main] DEBUG org.hibernate.type.BasicTypeRegistry - Adding type registration double -&gt; org.hibernate.type.DoubleType@560348e6
17:26:52.844 [main] DEBUG org.hibernate.type.BasicTypeRegistry - Adding type registration java.lang.Double -&gt; org.hibernate.type.DoubleType@560348e6
17:26:52.844 [main] DEBUG org.hibernate.type.BasicTypeRegistry - Adding type registration big_decimal -&gt; org.hibernate.type.BigDecimalType@4ea5b703
17:26:52.844 [main] DEBUG org.hibernate.type.BasicTypeRegistry - Adding type registration java.math.BigDecimal -&gt; org.hibernate.type.BigDecimalType@4ea5b703
17:26:52.844 [main] DEBUG org.hibernate.type.BasicTypeRegistry - Adding type registration big_integer -&gt; org.hibernate.type.BigIntegerType@723e88f9
17:26:52.844 [main] DEBUG org.hibernate.type.BasicTypeRegistry - Adding type registration java.math.BigInteger -&gt; org.hibernate.type.BigIntegerType@723e88f9
17:26:52.844 [main] DEBUG org.hibernate.type.BasicTypeRegistry - Adding type registration string -&gt; org.hibernate.type.StringType@6ea2bc93
17:26:52.844 [main] DEBUG org.hibernate.type.BasicTypeRegistry - Adding type registration java.lang.String -&gt; org.hibernate.type.StringType@6ea2bc93
17:26:52.844 [main] DEBUG org.hibernate.type.BasicTypeRegistry - Adding type registration nstring -&gt; org.hibernate.type.StringNVarcharType@3224a577
17:26:52.844 [main] DEBUG org.hibernate.type.BasicTypeRegistry - Adding type registration ncharacter -&gt; org.hibernate.type.CharacterNCharType@1130520d
17:26:52.844 [main] DEBUG org.hibernate.type.BasicTypeRegistry - Adding type registration url -&gt; org.hibernate.type.UrlType@7a3793c7
17:26:52.844 [main] DEBUG org.hibernate.type.BasicTypeRegistry - Adding type registration java.net.URL -&gt; org.hibernate.type.UrlType@7a3793c7
17:26:52.844 [main] DEBUG org.hibernate.type.BasicTypeRegistry - Adding type registration Duration -&gt; org.hibernate.type.DurationType@5456afaa
17:26:52.844 [main] DEBUG org.hibernate.type.BasicTypeRegistry - Adding type registration java.time.Duration -&gt; org.hibernate.type.DurationType@5456afaa
17:26:52.844 [main] DEBUG org.hibernate.type.BasicTypeRegistry - Adding type registration Instant -&gt; org.hibernate.type.InstantType@5d43661b
17:26:52.844 [main] DEBUG org.hibernate.type.BasicTypeRegistry - Adding type registration java.time.Instant -&gt; org.hibernate.type.InstantType@5d43661b
17:26:52.844 [main] DEBUG org.hibernate.type.BasicTypeRegistry - Adding type registration LocalDateTime -&gt; org.hibernate.type.LocalDateTimeType@1c39680d
17:26:52.844 [main] DEBUG org.hibernate.type.BasicTypeRegistry - Adding type registration java.time.LocalDateTime -&gt; org.hibernate.type.LocalDateTimeType@1c39680d
17:26:52.845 [main] DEBUG org.hibernate.type.BasicTypeRegistry - Adding type registration LocalDate -&gt; org.hibernate.type.LocalDateType@24c4ddae
17:26:52.845 [main] DEBUG org.hibernate.type.BasicTypeRegistry - Adding type registration java.time.LocalDate -&gt; org.hibernate.type.LocalDateType@24c4ddae
17:26:52.845 [main] DEBUG org.hibernate.type.BasicTypeRegistry - Adding type registration LocalTime -&gt; org.hibernate.type.LocalTimeType@4e07b95f
17:26:52.845 [main] DEBUG org.hibernate.type.BasicTypeRegistry - Adding type registration java.time.LocalTime -&gt; org.hibernate.type.LocalTimeType@4e07b95f
17:26:52.845 [main] DEBUG org.hibernate.type.BasicTypeRegistry - Adding type registration OffsetDateTime -&gt; org.hibernate.type.OffsetDateTimeType@43599640
17:26:52.845 [main] DEBUG org.hibernate.type.BasicTypeRegistry - Adding type registration java.time.OffsetDateTime -&gt; org.hibernate.type.OffsetDateTimeType@43599640
17:26:52.845 [main] DEBUG org.hibernate.type.BasicTypeRegistry - Adding type registration OffsetTime -&gt; org.hibernate.type.OffsetTimeType@544d57e
17:26:52.845 [main] DEBUG org.hibernate.type.BasicTypeRegistry - Adding type registration java.time.OffsetTime -&gt; org.hibernate.type.OffsetTimeType@544d57e
17:26:52.845 [main] DEBUG org.hibernate.type.BasicTypeRegistry - Adding type registration ZonedDateTime -&gt; org.hibernate.type.ZonedDateTimeType@4f704591
17:26:52.845 [main] DEBUG org.hibernate.type.BasicTypeRegistry - Adding type registration java.time.ZonedDateTime -&gt; org.hibernate.type.ZonedDateTimeType@4f704591
17:26:52.845 [main] DEBUG org.hibernate.type.BasicTypeRegistry - Adding type registration date -&gt; org.hibernate.type.DateType@1e81f160
17:26:52.845 [main] DEBUG org.hibernate.type.BasicTypeRegistry - Adding type registration java.sql.Date -&gt; org.hibernate.type.DateType@1e81f160
17:26:52.845 [main] DEBUG org.hibernate.type.BasicTypeRegistry - Adding type registration time -&gt; org.hibernate.type.TimeType@6e01f9b0
17:26:52.845 [main] DEBUG org.hibernate.type.BasicTypeRegistry - Adding type registration java.sql.Time -&gt; org.hibernate.type.TimeType@6e01f9b0
17:26:52.845 [main] DEBUG org.hibernate.type.BasicTypeRegistry - Adding type registration timestamp -&gt; org.hibernate.type.TimestampType@59d4cd39
17:26:52.845 [main] DEBUG org.hibernate.type.BasicTypeRegistry - Adding type registration java.sql.Timestamp -&gt; org.hibernate.type.TimestampType@59d4cd39
17:26:52.845 [main] DEBUG org.hibernate.type.BasicTypeRegistry - Adding type registration java.util.Date -&gt; org.hibernate.type.TimestampType@59d4cd39
17:26:52.846 [main] DEBUG org.hibernate.type.BasicTypeRegistry - Adding type registration dbtimestamp -&gt; org.hibernate.type.DbTimestampType@34f6515b
17:26:52.846 [main] DEBUG org.hibernate.type.BasicTypeRegistry - Adding type registration calendar -&gt; org.hibernate.type.CalendarType@78a773fd
17:26:52.846 [main] DEBUG org.hibernate.type.BasicTypeRegistry - Adding type registration java.util.Calendar -&gt; org.hibernate.type.CalendarType@78a773fd
17:26:52.846 [main] DEBUG org.hibernate.type.BasicTypeRegistry - Adding type registration java.util.GregorianCalendar -&gt; org.hibernate.type.CalendarType@78a773fd
17:26:52.846 [main] DEBUG org.hibernate.type.BasicTypeRegistry - Adding type registration calendar_date -&gt; org.hibernate.type.CalendarDateType@6d7fc27
17:26:52.846 [main] DEBUG org.hibernate.type.BasicTypeRegistry - Adding type registration locale -&gt; org.hibernate.type.LocaleType@4f74980d
17:26:52.846 [main] DEBUG org.hibernate.type.BasicTypeRegistry - Adding type registration java.util.Locale -&gt; org.hibernate.type.LocaleType@4f74980d
17:26:52.846 [main] DEBUG org.hibernate.type.BasicTypeRegistry - Adding type registration currency -&gt; org.hibernate.type.CurrencyType@14fa86ae
17:26:52.846 [main] DEBUG org.hibernate.type.BasicTypeRegistry - Adding type registration java.util.Currency -&gt; org.hibernate.type.CurrencyType@14fa86ae
17:26:52.846 [main] DEBUG org.hibernate.type.BasicTypeRegistry - Adding type registration timezone -&gt; org.hibernate.type.TimeZoneType@5b3f61ff
17:26:52.846 [main] DEBUG org.hibernate.type.BasicTypeRegistry - Adding type registration java.util.TimeZone -&gt; org.hibernate.type.TimeZoneType@5b3f61ff
17:26:52.846 [main] DEBUG org.hibernate.type.BasicTypeRegistry - Adding type registration class -&gt; org.hibernate.type.ClassType@1b8a29df
17:26:52.846 [main] DEBUG org.hibernate.type.BasicTypeRegistry - Adding type registration java.lang.Class -&gt; org.hibernate.type.ClassType@1b8a29df
17:26:52.847 [main] DEBUG org.hibernate.type.BasicTypeRegistry - Adding type registration uuid-binary -&gt; org.hibernate.type.UUIDBinaryType@5495333e
17:26:52.847 [main] DEBUG org.hibernate.type.BasicTypeRegistry - Adding type registration java.util.UUID -&gt; org.hibernate.type.UUIDBinaryType@5495333e
17:26:52.847 [main] DEBUG org.hibernate.type.BasicTypeRegistry - Adding type registration uuid-char -&gt; org.hibernate.type.UUIDCharType@125290e5
17:26:52.847 [main] DEBUG org.hibernate.type.BasicTypeRegistry - Adding type registration binary -&gt; org.hibernate.type.BinaryType@1205bd62
17:26:52.847 [main] DEBUG org.hibernate.type.BasicTypeRegistry - Adding type registration byte[] -&gt; org.hibernate.type.BinaryType@1205bd62
17:26:52.847 [main] DEBUG org.hibernate.type.BasicTypeRegistry - Adding type registration [B -&gt; org.hibernate.type.BinaryType@1205bd62
17:26:52.847 [main] DEBUG org.hibernate.type.BasicTypeRegistry - Adding type registration wrapper-binary -&gt; org.hibernate.type.WrapperBinaryType@31920ade
17:26:52.847 [main] DEBUG org.hibernate.type.BasicTypeRegistry - Adding type registration Byte[] -&gt; org.hibernate.type.WrapperBinaryType@31920ade
17:26:52.847 [main] DEBUG org.hibernate.type.BasicTypeRegistry - Adding type registration [Ljava.lang.Byte; -&gt; org.hibernate.type.WrapperBinaryType@31920ade
17:26:52.847 [main] DEBUG org.hibernate.type.BasicTypeRegistry - Adding type registration row_version -&gt; org.hibernate.type.RowVersionType@55cf0d14
17:26:52.847 [main] DEBUG org.hibernate.type.BasicTypeRegistry - Adding type registration image -&gt; org.hibernate.type.ImageType@1fd14d74
17:26:52.847 [main] DEBUG org.hibernate.type.BasicTypeRegistry - Adding type registration characters -&gt; org.hibernate.type.CharArrayType@1ae8bcbc
17:26:52.847 [main] DEBUG org.hibernate.type.BasicTypeRegistry - Adding type registration char[] -&gt; org.hibernate.type.CharArrayType@1ae8bcbc
17:26:52.848 [main] DEBUG org.hibernate.type.BasicTypeRegistry - Adding type registration [C -&gt; org.hibernate.type.CharArrayType@1ae8bcbc
17:26:52.848 [main] DEBUG org.hibernate.type.BasicTypeRegistry - Adding type registration wrapper-characters -&gt; org.hibernate.type.CharacterArrayType@6d026701
17:26:52.848 [main] DEBUG org.hibernate.type.BasicTypeRegistry - Adding type registration [Ljava.lang.Character; -&gt; org.hibernate.type.CharacterArrayType@6d026701
17:26:52.848 [main] DEBUG org.hibernate.type.BasicTypeRegistry - Adding type registration Character[] -&gt; org.hibernate.type.CharacterArrayType@6d026701
17:26:52.848 [main] DEBUG org.hibernate.type.BasicTypeRegistry - Adding type registration text -&gt; org.hibernate.type.TextType@6304101a
17:26:52.848 [main] DEBUG org.hibernate.type.BasicTypeRegistry - Adding type registration ntext -&gt; org.hibernate.type.NTextType@1a72a540
17:26:52.848 [main] DEBUG org.hibernate.type.BasicTypeRegistry - Adding type registration blob -&gt; org.hibernate.type.BlobType@40317ba2
17:26:52.848 [main] DEBUG org.hibernate.type.BasicTypeRegistry - Adding type registration java.sql.Blob -&gt; org.hibernate.type.BlobType@40317ba2
17:26:52.848 [main] DEBUG org.hibernate.type.BasicTypeRegistry - Adding type registration materialized_blob -&gt; org.hibernate.type.MaterializedBlobType@727eb8cb
17:26:52.848 [main] DEBUG org.hibernate.type.BasicTypeRegistry - Adding type registration clob -&gt; org.hibernate.type.ClobType@18e36d14
17:26:52.848 [main] DEBUG org.hibernate.type.BasicTypeRegistry - Adding type registration java.sql.Clob -&gt; org.hibernate.type.ClobType@18e36d14
17:26:52.849 [main] DEBUG org.hibernate.type.BasicTypeRegistry - Adding type registration nclob -&gt; org.hibernate.type.NClobType@14f9390f
17:26:52.849 [main] DEBUG org.hibernate.type.BasicTypeRegistry - Adding type registration java.sql.NClob -&gt; org.hibernate.type.NClobType@14f9390f
17:26:52.849 [main] DEBUG org.hibernate.type.BasicTypeRegistry - Adding type registration materialized_clob -&gt; org.hibernate.type.MaterializedClobType@5965be2d
17:26:52.849 [main] DEBUG org.hibernate.type.BasicTypeRegistry - Adding type registration materialized_nclob -&gt; org.hibernate.type.MaterializedNClobType@4f6f416f
17:26:52.849 [main] DEBUG org.hibernate.type.BasicTypeRegistry - Adding type registration serializable -&gt; org.hibernate.type.SerializableType@7aaca91a
17:26:52.849 [main] DEBUG org.hibernate.type.BasicTypeRegistry - Adding type registration object -&gt; org.hibernate.type.ObjectType@68dc098b
17:26:52.849 [main] DEBUG org.hibernate.type.BasicTypeRegistry - Adding type registration java.lang.Object -&gt; org.hibernate.type.ObjectType@68dc098b
17:26:52.849 [main] DEBUG org.hibernate.type.BasicTypeRegistry - Adding type registration imm_date -&gt; org.hibernate.type.AdaptedImmutableType@2d5f7182
17:26:52.849 [main] DEBUG org.hibernate.type.BasicTypeRegistry - Adding type registration imm_time -&gt; org.hibernate.type.AdaptedImmutableType@59546cfe
17:26:52.850 [main] DEBUG org.hibernate.type.BasicTypeRegistry - Adding type registration imm_timestamp -&gt; org.hibernate.type.AdaptedImmutableType@29ea78b1
17:26:52.850 [main] DEBUG org.hibernate.type.BasicTypeRegistry - Adding type registration imm_dbtimestamp -&gt; org.hibernate.type.AdaptedImmutableType@2d2acd89
17:26:52.850 [main] DEBUG org.hibernate.type.BasicTypeRegistry - Adding type registration imm_calendar -&gt; org.hibernate.type.AdaptedImmutableType@7baf6acf
17:26:52.850 [main] DEBUG org.hibernate.type.BasicTypeRegistry - Adding type registration imm_calendar_date -&gt; org.hibernate.type.AdaptedImmutableType@1e6dad8
17:26:52.850 [main] DEBUG org.hibernate.type.BasicTypeRegistry - Adding type registration imm_binary -&gt; org.hibernate.type.AdaptedImmutableType@7b3315a5
17:26:52.850 [main] DEBUG org.hibernate.type.BasicTypeRegistry - Adding type registration imm_serializable -&gt; org.hibernate.type.AdaptedImmutableType@8ed9cf
17:26:52.850 [main] DEBUG org.springframework.jdbc.datasource.DriverManagerDataSource - Creating new JDBC DriverManager Connection to [jdbc:h2:tcp://localhost/~/mycarts]
17:26:52.867 [main] DEBUG org.hibernate.engine.jdbc.env.internal.JdbcEnvironmentInitiator - Database -&gt;
       name : H2
    version : 1.4.196 (2017-06-10)
      major : 1
      minor : 4
17:26:52.867 [main] DEBUG org.hibernate.engine.jdbc.env.internal.JdbcEnvironmentInitiator - Driver -&gt;
       name : H2 JDBC Driver
    version : 1.4.196 (2017-06-10)
      major : 1
      minor : 4
17:26:52.867 [main] DEBUG org.hibernate.engine.jdbc.env.internal.JdbcEnvironmentInitiator - JDBC version : 4.0
17:26:52.867 [main] INFO org.hibernate.dialect.Dialect - HHH000400: Using dialect: org.hibernate.dialect.H2Dialect
17:26:52.887 [main] DEBUG org.hibernate.id.factory.internal.DefaultIdentifierGeneratorFactory - Registering IdentifierGenerator strategy [uuid2] -&gt; [org.hibernate.id.UUIDGenerator]
17:26:52.887 [main] DEBUG org.hibernate.id.factory.internal.DefaultIdentifierGeneratorFactory - Registering IdentifierGenerator strategy [guid] -&gt; [org.hibernate.id.GUIDGenerator]
17:26:52.887 [main] DEBUG org.hibernate.id.factory.internal.DefaultIdentifierGeneratorFactory - Registering IdentifierGenerator strategy [uuid] -&gt; [org.hibernate.id.UUIDHexGenerator]
17:26:52.887 [main] DEBUG org.hibernate.id.factory.internal.DefaultIdentifierGeneratorFactory - Registering IdentifierGenerator strategy [uuid.hex] -&gt; [org.hibernate.id.UUIDHexGenerator]
17:26:52.887 [main] DEBUG org.hibernate.id.factory.internal.DefaultIdentifierGeneratorFactory - Registering IdentifierGenerator strategy [assigned] -&gt; [org.hibernate.id.Assigned]
17:26:52.887 [main] DEBUG org.hibernate.id.factory.internal.DefaultIdentifierGeneratorFactory - Registering IdentifierGenerator strategy [identity] -&gt; [org.hibernate.id.IdentityGenerator]
17:26:52.887 [main] DEBUG org.hibernate.id.factory.internal.DefaultIdentifierGeneratorFactory - Registering IdentifierGenerator strategy [select] -&gt; [org.hibernate.id.SelectGenerator]
17:26:52.888 [main] DEBUG org.hibernate.id.factory.internal.DefaultIdentifierGeneratorFactory - Registering IdentifierGenerator strategy [sequence] -&gt; [org.hibernate.id.enhanced.SequenceStyleGenerator]
17:26:52.888 [main] DEBUG org.hibernate.id.factory.internal.DefaultIdentifierGeneratorFactory - Registering IdentifierGenerator strategy [seqhilo] -&gt; [org.hibernate.id.SequenceHiLoGenerator]
17:26:52.888 [main] DEBUG org.hibernate.id.factory.internal.DefaultIdentifierGeneratorFactory - Registering IdentifierGenerator strategy [increment] -&gt; [org.hibernate.id.IncrementGenerator]
17:26:52.888 [main] DEBUG org.hibernate.id.factory.internal.DefaultIdentifierGeneratorFactory - Registering IdentifierGenerator strategy [foreign] -&gt; [org.hibernate.id.ForeignGenerator]
17:26:52.888 [main] DEBUG org.hibernate.id.factory.internal.DefaultIdentifierGeneratorFactory - Registering IdentifierGenerator strategy [sequence-identity] -&gt; [org.hibernate.id.SequenceIdentityGenerator]
17:26:52.888 [main] DEBUG org.hibernate.id.factory.internal.DefaultIdentifierGeneratorFactory - Registering IdentifierGenerator strategy [enhanced-sequence] -&gt; [org.hibernate.id.enhanced.SequenceStyleGenerator]
17:26:52.888 [main] DEBUG org.hibernate.id.factory.internal.DefaultIdentifierGeneratorFactory - Registering IdentifierGenerator strategy [enhanced-table] -&gt; [org.hibernate.id.enhanced.TableGenerator]
17:26:52.888 [main] DEBUG org.hibernate.boot.model.relational.Namespace - Created database namespace [logicalName=Name{catalog=null, schema=null}, physicalName=Name{catalog=null, schema=null}]
17:26:52.888 [main] DEBUG org.hibernate.cfg.AnnotationBinder - Binding entity from annotated class: com.myproject.shoppingcart.domain.User
17:26:52.888 [main] DEBUG org.hibernate.cfg.Ejb3Column - Binding column: Ejb3DiscriminatorColumn{logicalColumnName&apos;DTYPE&apos;, discriminatorTypeName=&apos;string&apos;}
17:26:52.888 [main] DEBUG org.hibernate.cfg.annotations.EntityBinder - Import with entity name User
17:26:52.889 [main] DEBUG org.hibernate.cfg.annotations.EntityBinder - Bind entity com.myproject.shoppingcart.domain.User on table user
17:26:52.889 [main] DEBUG org.hibernate.cfg.Ejb3Column - Binding column: Ejb3Column{table=org.hibernate.mapping.Table(user), mappingColumn=emailID, insertable=true, updatable=true, unique=false}
17:26:52.889 [main] DEBUG org.hibernate.cfg.annotations.PropertyBinder - MetadataSourceProcessor property emailID with lazy=false
17:26:52.890 [main] DEBUG org.hibernate.cfg.AbstractPropertyHolder - Attempting to locate auto-apply AttributeConverter for property [com.myproject.shoppingcart.domain.User:emailID]
17:26:52.890 [main] DEBUG org.hibernate.cfg.annotations.SimpleValueBinder - building SimpleValue for emailID
17:26:52.890 [main] DEBUG org.hibernate.cfg.annotations.PropertyBinder - Building property emailID
17:26:52.890 [main] DEBUG org.hibernate.cfg.Ejb3Column - Binding column: Ejb3Column{table=org.hibernate.mapping.Table(user), mappingColumn=address, insertable=true, updatable=true, unique=false}
17:26:52.890 [main] DEBUG org.hibernate.cfg.annotations.PropertyBinder - MetadataSourceProcessor property address with lazy=false
17:26:52.890 [main] DEBUG org.hibernate.cfg.AbstractPropertyHolder - Attempting to locate auto-apply AttributeConverter for property [com.myproject.shoppingcart.domain.User:address]
17:26:52.890 [main] DEBUG org.hibernate.cfg.annotations.SimpleValueBinder - building SimpleValue for address
17:26:52.890 [main] DEBUG org.hibernate.cfg.annotations.PropertyBinder - Building property address
17:26:52.890 [main] DEBUG org.hibernate.cfg.Ejb3Column - Binding column: Ejb3Column{table=org.hibernate.mapping.Table(user), mappingColumn=enabled, insertable=true, updatable=true, unique=false}
17:26:52.890 [main] DEBUG org.hibernate.cfg.annotations.PropertyBinder - MetadataSourceProcessor property enabled with lazy=false
17:26:52.890 [main] DEBUG org.hibernate.cfg.AbstractPropertyHolder - Attempting to locate auto-apply AttributeConverter for property [com.myproject.shoppingcart.domain.User:enabled]
17:26:52.890 [main] DEBUG org.hibernate.cfg.annotations.SimpleValueBinder - building SimpleValue for enabled
17:26:52.891 [main] DEBUG org.hibernate.cfg.annotations.PropertyBinder - Building property enabled
17:26:52.891 [main] DEBUG org.hibernate.cfg.Ejb3Column - Binding column: Ejb3Column{table=org.hibernate.mapping.Table(user), mappingColumn=fullname, insertable=true, updatable=true, unique=false}
17:26:52.891 [main] DEBUG org.hibernate.cfg.annotations.PropertyBinder - MetadataSourceProcessor property fullname with lazy=false
17:26:52.891 [main] DEBUG org.hibernate.cfg.AbstractPropertyHolder - Attempting to locate auto-apply AttributeConverter for property [com.myproject.shoppingcart.domain.User:fullname]
17:26:52.891 [main] DEBUG org.hibernate.cfg.annotations.SimpleValueBinder - building SimpleValue for fullname
17:26:52.891 [main] DEBUG org.hibernate.cfg.annotations.PropertyBinder - Building property fullname
17:26:52.891 [main] DEBUG org.hibernate.cfg.Ejb3Column - Binding column: Ejb3Column{table=org.hibernate.mapping.Table(user), mappingColumn=mobile, insertable=true, updatable=true, unique=false}
17:26:52.891 [main] DEBUG org.hibernate.cfg.annotations.PropertyBinder - MetadataSourceProcessor property mobile with lazy=false
17:26:52.891 [main] DEBUG org.hibernate.cfg.AbstractPropertyHolder - Attempting to locate auto-apply AttributeConverter for property [com.myproject.shoppingcart.domain.User:mobile]
17:26:52.891 [main] DEBUG org.hibernate.cfg.annotations.SimpleValueBinder - building SimpleValue for mobile
17:26:52.891 [main] DEBUG org.hibernate.cfg.annotations.PropertyBinder - Building property mobile
17:26:52.891 [main] DEBUG org.hibernate.cfg.Ejb3Column - Binding column: Ejb3Column{table=org.hibernate.mapping.Table(user), mappingColumn=pincode, insertable=true, updatable=true, unique=false}
17:26:52.891 [main] DEBUG org.hibernate.cfg.annotations.PropertyBinder - MetadataSourceProcessor property pincode with lazy=false
17:26:52.891 [main] DEBUG org.hibernate.cfg.AbstractPropertyHolder - Attempting to locate auto-apply AttributeConverter for property [com.myproject.shoppingcart.domain.User:pincode]
17:26:52.891 [main] DEBUG org.hibernate.cfg.annotations.SimpleValueBinder - building SimpleValue for pincode
17:26:52.892 [main] DEBUG org.hibernate.cfg.annotations.PropertyBinder - Building property pincode
17:26:52.892 [main] DEBUG org.hibernate.cfg.Ejb3Column - Binding column: Ejb3Column{table=org.hibernate.mapping.Table(user), mappingColumn=password, insertable=true, updatable=true, unique=false}
17:26:52.892 [main] DEBUG org.hibernate.cfg.annotations.PropertyBinder - MetadataSourceProcessor property pwd with lazy=false
17:26:52.892 [main] DEBUG org.hibernate.cfg.AbstractPropertyHolder - Attempting to locate auto-apply AttributeConverter for property [com.myproject.shoppingcart.domain.User:pwd]
17:26:52.892 [main] DEBUG org.hibernate.cfg.annotations.SimpleValueBinder - building SimpleValue for pwd
17:26:52.892 [main] DEBUG org.hibernate.cfg.annotations.PropertyBinder - Building property pwd
17:26:52.892 [main] DEBUG org.hibernate.cfg.Ejb3Column - Binding column: Ejb3Column{table=org.hibernate.mapping.Table(user), mappingColumn=registeredDate, insertable=true, updatable=true, unique=false}
17:26:52.892 [main] DEBUG org.hibernate.cfg.annotations.PropertyBinder - MetadataSourceProcessor property registeredDate with lazy=false
17:26:52.892 [main] DEBUG org.hibernate.cfg.AbstractPropertyHolder - Attempting to locate auto-apply AttributeConverter for property [com.myproject.shoppingcart.domain.User:registeredDate]
17:26:52.892 [main] DEBUG org.hibernate.cfg.annotations.SimpleValueBinder - building SimpleValue for registeredDate
17:26:52.892 [main] DEBUG org.hibernate.cfg.annotations.PropertyBinder - Building property registeredDate
17:26:52.892 [main] DEBUG org.hibernate.cfg.Ejb3Column - Binding column: Ejb3Column{table=org.hibernate.mapping.Table(user), mappingColumn=role, insertable=true, updatable=true, unique=false}
17:26:52.892 [main] DEBUG org.hibernate.cfg.annotations.PropertyBinder - MetadataSourceProcessor property role with lazy=false
17:26:52.892 [main] DEBUG org.hibernate.cfg.AbstractPropertyHolder - Attempting to locate auto-apply AttributeConverter for property [com.myproject.shoppingcart.domain.User:role]
17:26:52.892 [main] DEBUG org.hibernate.cfg.annotations.SimpleValueBinder - building SimpleValue for role
17:26:52.892 [main] DEBUG org.hibernate.cfg.annotations.PropertyBinder - Building property role
17:26:52.892 [main] DEBUG org.hibernate.cfg.Ejb3Column - Binding column: Ejb3Column{table=org.hibernate.mapping.Table(user), mappingColumn=state, insertable=true, updatable=true, unique=false}
17:26:52.893 [main] DEBUG org.hibernate.cfg.annotations.PropertyBinder - MetadataSourceProcessor property state with lazy=false
17:26:52.893 [main] DEBUG org.hibernate.cfg.AbstractPropertyHolder - Attempting to locate auto-apply AttributeConverter for property [com.myproject.shoppingcart.domain.User:state]
17:26:52.893 [main] DEBUG org.hibernate.cfg.annotations.SimpleValueBinder - building SimpleValue for state
17:26:52.893 [main] DEBUG org.hibernate.cfg.annotations.PropertyBinder - Building property state
17:26:52.893 [main] DEBUG org.hibernate.cfg.AnnotationBinder - Binding entity from annotated class: com.myproject.shoppingcart.domain.Product
17:26:52.893 [main] DEBUG org.hibernate.cfg.Ejb3Column - Binding column: Ejb3DiscriminatorColumn{logicalColumnName&apos;DTYPE&apos;, discriminatorTypeName=&apos;string&apos;}
17:26:52.893 [main] DEBUG org.hibernate.cfg.annotations.EntityBinder - Import with entity name Product
17:26:52.893 [main] DEBUG org.hibernate.cfg.annotations.EntityBinder - Bind entity com.myproject.shoppingcart.domain.Product on table Product
17:26:52.894 [main] DEBUG org.hibernate.cfg.Ejb3Column - Binding column: Ejb3Column{table=org.hibernate.mapping.Table(Product), mappingColumn=product_id, insertable=true, updatable=true, unique=false}
17:26:52.894 [main] DEBUG org.hibernate.cfg.annotations.PropertyBinder - MetadataSourceProcessor property product_id with lazy=false
17:26:52.894 [main] DEBUG org.hibernate.cfg.AbstractPropertyHolder - Attempting to locate auto-apply AttributeConverter for property [com.myproject.shoppingcart.domain.Product:product_id]
17:26:52.894 [main] DEBUG org.hibernate.cfg.annotations.SimpleValueBinder - building SimpleValue for product_id
17:26:52.894 [main] DEBUG org.hibernate.cfg.annotations.PropertyBinder - Building property product_id
17:26:52.894 [main] DEBUG org.hibernate.cfg.Ejb3Column - Binding column: Ejb3Column{table=org.hibernate.mapping.Table(Product), mappingColumn=cat_id, insertable=true, updatable=true, unique=false}
17:26:52.894 [main] DEBUG org.hibernate.cfg.annotations.PropertyBinder - MetadataSourceProcessor property cat_id with lazy=false
17:26:52.894 [main] DEBUG org.hibernate.cfg.AbstractPropertyHolder - Attempting to locate auto-apply AttributeConverter for property [com.myproject.shoppingcart.domain.Product:cat_id]
17:26:52.894 [main] DEBUG org.hibernate.cfg.annotations.SimpleValueBinder - building SimpleValue for cat_id
17:26:52.895 [main] DEBUG org.hibernate.cfg.annotations.PropertyBinder - Building property cat_id
17:26:52.895 [main] DEBUG org.hibernate.cfg.Ejb3Column - Binding column: Ejb3JoinColumn{logicalColumnName=&apos;cat_id&apos;, referencedColumn=&apos;&apos;, mappedBy=&apos;&apos;}
17:26:52.895 [main] DEBUG org.hibernate.cfg.Ejb3Column - Binding column: Ejb3Column{table=org.hibernate.mapping.Table(Product), mappingColumn=category, insertable=true, updatable=true, unique=false}
17:26:52.895 [main] DEBUG org.hibernate.cfg.annotations.PropertyBinder - Building property category
17:26:52.895 [main] DEBUG org.hibernate.cfg.Ejb3Column - Binding column: Ejb3Column{table=org.hibernate.mapping.Table(Product), mappingColumn=date_created, insertable=true, updatable=true, unique=false}
17:26:52.895 [main] DEBUG org.hibernate.cfg.annotations.PropertyBinder - MetadataSourceProcessor property date_created with lazy=false
17:26:52.895 [main] DEBUG org.hibernate.cfg.AbstractPropertyHolder - Attempting to locate auto-apply AttributeConverter for property [com.myproject.shoppingcart.domain.Product:date_created]
17:26:52.895 [main] DEBUG org.hibernate.cfg.annotations.SimpleValueBinder - building SimpleValue for date_created
17:26:52.895 [main] DEBUG org.hibernate.cfg.annotations.PropertyBinder - Building property date_created
17:26:52.895 [main] DEBUG org.hibernate.cfg.Ejb3Column - Binding column: Ejb3Column{table=org.hibernate.mapping.Table(Product), mappingColumn=description, insertable=true, updatable=true, unique=false}
17:26:52.895 [main] DEBUG org.hibernate.cfg.annotations.PropertyBinder - MetadataSourceProcessor property description with lazy=false
17:26:52.895 [main] DEBUG org.hibernate.cfg.AbstractPropertyHolder - Attempting to locate auto-apply AttributeConverter for property [com.myproject.shoppingcart.domain.Product:description]
17:26:52.895 [main] DEBUG org.hibernate.cfg.annotations.SimpleValueBinder - building SimpleValue for description
17:26:52.895 [main] DEBUG org.hibernate.cfg.annotations.PropertyBinder - Building property description
17:26:52.895 [main] DEBUG org.hibernate.cfg.Ejb3Column - Binding column: Ejb3Column{table=org.hibernate.mapping.Table(Product), mappingColumn=name, insertable=true, updatable=true, unique=false}
17:26:52.896 [main] DEBUG org.hibernate.cfg.annotations.PropertyBinder - MetadataSourceProcessor property name with lazy=false
17:26:52.896 [main] DEBUG org.hibernate.cfg.AbstractPropertyHolder - Attempting to locate auto-apply AttributeConverter for property [com.myproject.shoppingcart.domain.Product:name]
17:26:52.896 [main] DEBUG org.hibernate.cfg.annotations.SimpleValueBinder - building SimpleValue for name
17:26:52.896 [main] DEBUG org.hibernate.cfg.annotations.PropertyBinder - Building property name
17:26:52.896 [main] DEBUG org.hibernate.cfg.Ejb3Column - Binding column: Ejb3Column{table=org.hibernate.mapping.Table(Product), mappingColumn=price, insertable=true, updatable=true, unique=false}
17:26:52.896 [main] DEBUG org.hibernate.cfg.annotations.PropertyBinder - MetadataSourceProcessor property price with lazy=false
17:26:52.896 [main] DEBUG org.hibernate.cfg.AbstractPropertyHolder - Attempting to locate auto-apply AttributeConverter for property [com.myproject.shoppingcart.domain.Product:price]
17:26:52.896 [main] DEBUG org.hibernate.cfg.annotations.SimpleValueBinder - building SimpleValue for price
17:26:52.896 [main] DEBUG org.hibernate.cfg.annotations.PropertyBinder - Building property price
17:26:52.896 [main] DEBUG org.hibernate.cfg.Ejb3Column - Binding column: Ejb3Column{table=org.hibernate.mapping.Table(Product), mappingColumn=stock, insertable=true, updatable=true, unique=false}
17:26:52.896 [main] DEBUG org.hibernate.cfg.annotations.PropertyBinder - MetadataSourceProcessor property stock with lazy=false
17:26:52.896 [main] DEBUG org.hibernate.cfg.AbstractPropertyHolder - Attempting to locate auto-apply AttributeConverter for property [com.myproject.shoppingcart.domain.Product:stock]
17:26:52.896 [main] DEBUG org.hibernate.cfg.annotations.SimpleValueBinder - building SimpleValue for stock
17:26:52.896 [main] DEBUG org.hibernate.cfg.annotations.PropertyBinder - Building property stock
17:26:52.896 [main] DEBUG org.hibernate.cfg.Ejb3Column - Binding column: Ejb3Column{table=org.hibernate.mapping.Table(Product), mappingColumn=sup_id, insertable=true, updatable=true, unique=false}
17:26:52.896 [main] DEBUG org.hibernate.cfg.annotations.PropertyBinder - MetadataSourceProcessor property sup_id with lazy=false
17:26:52.896 [main] DEBUG org.hibernate.cfg.AbstractPropertyHolder - Attempting to locate auto-apply AttributeConverter for property [com.myproject.shoppingcart.domain.Product:sup_id]
17:26:52.896 [main] DEBUG org.hibernate.cfg.annotations.SimpleValueBinder - building SimpleValue for sup_id
17:26:52.896 [main] DEBUG org.hibernate.cfg.annotations.PropertyBinder - Building property sup_id
17:26:52.896 [main] DEBUG org.hibernate.cfg.Ejb3Column - Binding column: Ejb3JoinColumn{logicalColumnName=&apos;sup_id&apos;, referencedColumn=&apos;&apos;, mappedBy=&apos;&apos;}
17:26:52.897 [main] DEBUG org.hibernate.cfg.Ejb3Column - Binding column: Ejb3Column{table=org.hibernate.mapping.Table(Product), mappingColumn=supplier, insertable=true, updatable=true, unique=false}
17:26:52.897 [main] DEBUG org.hibernate.cfg.annotations.PropertyBinder - Building property supplier
17:26:52.897 [main] DEBUG org.hibernate.cfg.AnnotationBinder - Binding entity from annotated class: com.myproject.shoppingcart.domain.Category
17:26:52.897 [main] DEBUG org.hibernate.cfg.Ejb3Column - Binding column: Ejb3DiscriminatorColumn{logicalColumnName&apos;DTYPE&apos;, discriminatorTypeName=&apos;string&apos;}
17:26:52.897 [main] DEBUG org.hibernate.cfg.annotations.EntityBinder - Import with entity name Category
17:26:52.897 [main] DEBUG org.hibernate.cfg.annotations.EntityBinder - Bind entity com.myproject.shoppingcart.domain.Category on table Category
17:26:52.898 [main] DEBUG org.hibernate.cfg.Ejb3Column - Binding column: Ejb3Column{table=org.hibernate.mapping.Table(Category), mappingColumn=category_id, insertable=true, updatable=true, unique=false}
17:26:52.898 [main] DEBUG org.hibernate.cfg.annotations.PropertyBinder - MetadataSourceProcessor property category_id with lazy=false
17:26:52.898 [main] DEBUG org.hibernate.cfg.AbstractPropertyHolder - Attempting to locate auto-apply AttributeConverter for property [com.myproject.shoppingcart.domain.Category:category_id]
17:26:52.898 [main] DEBUG org.hibernate.cfg.annotations.SimpleValueBinder - building SimpleValue for category_id
17:26:52.898 [main] DEBUG org.hibernate.cfg.annotations.PropertyBinder - Building property category_id
17:26:52.898 [main] DEBUG org.hibernate.cfg.Ejb3Column - Binding column: Ejb3Column{table=org.hibernate.mapping.Table(Category), mappingColumn=description, insertable=true, updatable=true, unique=false}
17:26:52.898 [main] DEBUG org.hibernate.cfg.annotations.PropertyBinder - MetadataSourceProcessor property description with lazy=false
17:26:52.898 [main] DEBUG org.hibernate.cfg.AbstractPropertyHolder - Attempting to locate auto-apply AttributeConverter for property [com.myproject.shoppingcart.domain.Category:description]
17:26:52.898 [main] DEBUG org.hibernate.cfg.annotations.SimpleValueBinder - building SimpleValue for description
17:26:52.899 [main] DEBUG org.hibernate.cfg.annotations.PropertyBinder - Building property description
17:26:52.899 [main] DEBUG org.hibernate.cfg.Ejb3Column - Binding column: Ejb3Column{table=org.hibernate.mapping.Table(Category), mappingColumn=name, insertable=true, updatable=true, unique=false}
17:26:52.899 [main] DEBUG org.hibernate.cfg.annotations.PropertyBinder - MetadataSourceProcessor property name with lazy=false
17:26:52.899 [main] DEBUG org.hibernate.cfg.AbstractPropertyHolder - Attempting to locate auto-apply AttributeConverter for property [com.myproject.shoppingcart.domain.Category:name]
17:26:52.899 [main] DEBUG org.hibernate.cfg.annotations.SimpleValueBinder - building SimpleValue for name
17:26:52.899 [main] DEBUG org.hibernate.cfg.annotations.PropertyBinder - Building property name
17:26:52.899 [main] DEBUG org.hibernate.cfg.Ejb3Column - Binding column: Ejb3JoinColumn{logicalColumnName=&apos;null&apos;, referencedColumn=&apos;null&apos;, mappedBy=&apos;category&apos;}
17:26:52.899 [main] DEBUG org.hibernate.cfg.Ejb3Column - Binding column: Ejb3Column{table=org.hibernate.mapping.Table(Category), mappingColumn=products, insertable=true, updatable=true, unique=false}
17:26:52.899 [main] DEBUG org.hibernate.cfg.Ejb3Column - Binding column: Ejb3Column{table=org.hibernate.mapping.Table(Category), mappingColumn=null, insertable=true, updatable=true, unique=false}
17:26:52.899 [main] DEBUG org.hibernate.cfg.Ejb3Column - Binding column: Ejb3Column{table=org.hibernate.mapping.Table(Category), mappingColumn=element, insertable=true, updatable=true, unique=false}
17:26:52.900 [main] DEBUG org.hibernate.cfg.Ejb3Column - Binding column: Ejb3Column{table=org.hibernate.mapping.Table(Category), mappingColumn=products_KEY, insertable=true, updatable=true, unique=false}
17:26:52.900 [main] DEBUG org.hibernate.cfg.Ejb3Column - Binding column: Ejb3JoinColumn{logicalColumnName=&apos;products_KEY&apos;, referencedColumn=&apos;null&apos;, mappedBy=&apos;null&apos;}
17:26:52.900 [main] DEBUG org.hibernate.cfg.Ejb3Column - Binding column: Ejb3JoinColumn{logicalColumnName=&apos;null&apos;, referencedColumn=&apos;null&apos;, mappedBy=&apos;category&apos;}
17:26:52.900 [main] DEBUG org.hibernate.cfg.Ejb3Column - Binding column: Ejb3JoinColumn{logicalColumnName=&apos;null&apos;, referencedColumn=&apos;null&apos;, mappedBy=&apos;category&apos;}
17:26:52.900 [main] DEBUG org.hibernate.cfg.annotations.CollectionBinder - Collection role: com.myproject.shoppingcart.domain.Category.products
17:26:52.900 [main] DEBUG org.hibernate.cfg.annotations.PropertyBinder - Building property products
17:26:52.900 [main] DEBUG org.hibernate.cfg.AnnotationBinder - Binding entity from annotated class: com.myproject.shoppingcart.domain.Supplier
17:26:52.900 [main] DEBUG org.hibernate.cfg.Ejb3Column - Binding column: Ejb3DiscriminatorColumn{logicalColumnName&apos;DTYPE&apos;, discriminatorTypeName=&apos;string&apos;}
17:26:52.900 [main] DEBUG org.hibernate.cfg.annotations.EntityBinder - Import with entity name Supplier
17:26:52.900 [main] DEBUG org.hibernate.cfg.annotations.EntityBinder - Bind entity com.myproject.shoppingcart.domain.Supplier on table Supplier
17:26:52.901 [main] DEBUG org.hibernate.cfg.Ejb3Column - Binding column: Ejb3Column{table=org.hibernate.mapping.Table(Supplier), mappingColumn=supplier_id, insertable=true, updatable=true, unique=false}
17:26:52.901 [main] DEBUG org.hibernate.cfg.annotations.PropertyBinder - MetadataSourceProcessor property supplier_id with lazy=false
17:26:52.901 [main] DEBUG org.hibernate.cfg.AbstractPropertyHolder - Attempting to locate auto-apply AttributeConverter for property [com.myproject.shoppingcart.domain.Supplier:supplier_id]
17:26:52.901 [main] DEBUG org.hibernate.cfg.annotations.SimpleValueBinder - building SimpleValue for supplier_id
17:26:52.901 [main] DEBUG org.hibernate.cfg.annotations.PropertyBinder - Building property supplier_id
17:26:52.901 [main] DEBUG org.hibernate.cfg.Ejb3Column - Binding column: Ejb3Column{table=org.hibernate.mapping.Table(Supplier), mappingColumn=address, insertable=true, updatable=true, unique=false}
17:26:52.901 [main] DEBUG org.hibernate.cfg.annotations.PropertyBinder - MetadataSourceProcessor property address with lazy=false
17:26:52.901 [main] DEBUG org.hibernate.cfg.AbstractPropertyHolder - Attempting to locate auto-apply AttributeConverter for property [com.myproject.shoppingcart.domain.Supplier:address]
17:26:52.902 [main] DEBUG org.hibernate.cfg.annotations.SimpleValueBinder - building SimpleValue for address
17:26:52.902 [main] DEBUG org.hibernate.cfg.annotations.PropertyBinder - Building property address
17:26:52.902 [main] DEBUG org.hibernate.cfg.Ejb3Column - Binding column: Ejb3Column{table=org.hibernate.mapping.Table(Supplier), mappingColumn=name, insertable=true, updatable=true, unique=false}
17:26:52.902 [main] DEBUG org.hibernate.cfg.annotations.PropertyBinder - MetadataSourceProcessor property name with lazy=false
17:26:52.902 [main] DEBUG org.hibernate.cfg.AbstractPropertyHolder - Attempting to locate auto-apply AttributeConverter for property [com.myproject.shoppingcart.domain.Supplier:name]
17:26:52.902 [main] DEBUG org.hibernate.cfg.annotations.SimpleValueBinder - building SimpleValue for name
17:26:52.902 [main] DEBUG org.hibernate.cfg.annotations.PropertyBinder - Building property name
17:26:52.902 [main] DEBUG org.hibernate.cfg.Ejb3Column - Binding column: Ejb3JoinColumn{logicalColumnName=&apos;null&apos;, referencedColumn=&apos;null&apos;, mappedBy=&apos;supplier&apos;}
17:26:52.902 [main] DEBUG org.hibernate.cfg.Ejb3Column - Binding column: Ejb3Column{table=org.hibernate.mapping.Table(Supplier), mappingColumn=products, insertable=true, updatable=true, unique=false}
17:26:52.902 [main] DEBUG org.hibernate.cfg.Ejb3Column - Binding column: Ejb3Column{table=org.hibernate.mapping.Table(Supplier), mappingColumn=null, insertable=true, updatable=true, unique=false}
17:26:52.902 [main] DEBUG org.hibernate.cfg.Ejb3Column - Binding column: Ejb3Column{table=org.hibernate.mapping.Table(Supplier), mappingColumn=element, insertable=true, updatable=true, unique=false}
17:26:52.902 [main] DEBUG org.hibernate.cfg.Ejb3Column - Binding column: Ejb3Column{table=org.hibernate.mapping.Table(Supplier), mappingColumn=products_KEY, insertable=true, updatable=true, unique=false}
17:26:52.903 [main] DEBUG org.hibernate.cfg.Ejb3Column - Binding column: Ejb3JoinColumn{logicalColumnName=&apos;products_KEY&apos;, referencedColumn=&apos;null&apos;, mappedBy=&apos;null&apos;}
17:26:52.903 [main] DEBUG org.hibernate.cfg.Ejb3Column - Binding column: Ejb3JoinColumn{logicalColumnName=&apos;null&apos;, referencedColumn=&apos;null&apos;, mappedBy=&apos;supplier&apos;}
17:26:52.903 [main] DEBUG org.hibernate.cfg.Ejb3Column - Binding column: Ejb3JoinColumn{logicalColumnName=&apos;null&apos;, referencedColumn=&apos;null&apos;, mappedBy=&apos;supplier&apos;}
17:26:52.903 [main] DEBUG org.hibernate.cfg.annotations.CollectionBinder - Collection role: com.myproject.shoppingcart.domain.Supplier.products
17:26:52.903 [main] DEBUG org.hibernate.cfg.annotations.PropertyBinder - Building property products
17:26:52.903 [main] DEBUG org.hibernate.cfg.AnnotationBinder - Binding entity from annotated class: com.myproject.shoppingcart.domain.Cart
17:26:52.903 [main] DEBUG org.hibernate.cfg.Ejb3Column - Binding column: Ejb3DiscriminatorColumn{logicalColumnName&apos;DTYPE&apos;, discriminatorTypeName=&apos;string&apos;}
17:26:52.903 [main] DEBUG org.hibernate.cfg.annotations.EntityBinder - Import with entity name Cart
17:26:52.903 [main] DEBUG org.hibernate.cfg.annotations.EntityBinder - Bind entity com.myproject.shoppingcart.domain.Cart on table Cart
17:26:52.904 [main] DEBUG org.hibernate.cfg.Ejb3Column - Binding column: Ejb3Column{table=org.hibernate.mapping.Table(Cart), mappingColumn=id, insertable=true, updatable=true, unique=false}
17:26:52.904 [main] DEBUG org.hibernate.cfg.annotations.PropertyBinder - MetadataSourceProcessor property id with lazy=false
17:26:52.904 [main] DEBUG org.hibernate.cfg.AbstractPropertyHolder - Attempting to locate auto-apply AttributeConverter for property [com.myproject.shoppingcart.domain.Cart:id]
17:26:52.904 [main] DEBUG org.hibernate.cfg.annotations.SimpleValueBinder - building SimpleValue for id
17:26:52.904 [main] DEBUG org.hibernate.cfg.annotations.PropertyBinder - Building property id
17:26:52.904 [main] DEBUG org.hibernate.cfg.Ejb3Column - Binding column: Ejb3Column{table=org.hibernate.mapping.Table(Cart), mappingColumn=emailID, insertable=true, updatable=true, unique=false}
17:26:52.904 [main] DEBUG org.hibernate.cfg.annotations.PropertyBinder - MetadataSourceProcessor property emailID with lazy=false
17:26:52.904 [main] DEBUG org.hibernate.cfg.AbstractPropertyHolder - Attempting to locate auto-apply AttributeConverter for property [com.myproject.shoppingcart.domain.Cart:emailID]
17:26:52.904 [main] DEBUG org.hibernate.cfg.annotations.SimpleValueBinder - building SimpleValue for emailID
17:26:52.904 [main] DEBUG org.hibernate.cfg.annotations.PropertyBinder - Building property emailID
17:26:52.904 [main] DEBUG org.hibernate.cfg.Ejb3Column - Binding column: Ejb3Column{table=org.hibernate.mapping.Table(Cart), mappingColumn=price, insertable=true, updatable=true, unique=false}
17:26:52.904 [main] DEBUG org.hibernate.cfg.annotations.PropertyBinder - MetadataSourceProcessor property price with lazy=false
17:26:52.904 [main] DEBUG org.hibernate.cfg.AbstractPropertyHolder - Attempting to locate auto-apply AttributeConverter for property [com.myproject.shoppingcart.domain.Cart:price]
17:26:52.904 [main] DEBUG org.hibernate.cfg.annotations.SimpleValueBinder - building SimpleValue for price
17:26:52.904 [main] DEBUG org.hibernate.cfg.annotations.PropertyBinder - Building property price
17:26:52.905 [main] DEBUG org.hibernate.cfg.Ejb3Column - Binding column: Ejb3Column{table=org.hibernate.mapping.Table(Cart), mappingColumn=productID, insertable=true, updatable=true, unique=false}
17:26:52.905 [main] DEBUG org.hibernate.cfg.annotations.PropertyBinder - MetadataSourceProcessor property productID with lazy=false
17:26:52.905 [main] DEBUG org.hibernate.cfg.AbstractPropertyHolder - Attempting to locate auto-apply AttributeConverter for property [com.myproject.shoppingcart.domain.Cart:productID]
17:26:52.905 [main] DEBUG org.hibernate.cfg.annotations.SimpleValueBinder - building SimpleValue for productID
17:26:52.905 [main] DEBUG org.hibernate.cfg.annotations.PropertyBinder - Building property productID
17:26:52.905 [main] DEBUG org.hibernate.cfg.Ejb3Column - Binding column: Ejb3Column{table=org.hibernate.mapping.Table(Cart), mappingColumn=productName, insertable=true, updatable=true, unique=false}
17:26:52.905 [main] DEBUG org.hibernate.cfg.annotations.PropertyBinder - MetadataSourceProcessor property productName with lazy=false
17:26:52.905 [main] DEBUG org.hibernate.cfg.AbstractPropertyHolder - Attempting to locate auto-apply AttributeConverter for property [com.myproject.shoppingcart.domain.Cart:productName]
17:26:52.905 [main] DEBUG org.hibernate.cfg.annotations.SimpleValueBinder - building SimpleValue for productName
17:26:52.905 [main] DEBUG org.hibernate.cfg.annotations.PropertyBinder - Building property productName
17:26:52.905 [main] DEBUG org.hibernate.cfg.Ejb3Column - Binding column: Ejb3Column{table=org.hibernate.mapping.Table(Cart), mappingColumn=quantity, insertable=true, updatable=true, unique=false}
17:26:52.905 [main] DEBUG org.hibernate.cfg.annotations.PropertyBinder - MetadataSourceProcessor property quantity with lazy=false
17:26:52.905 [main] DEBUG org.hibernate.cfg.AbstractPropertyHolder - Attempting to locate auto-apply AttributeConverter for property [com.myproject.shoppingcart.domain.Cart:quantity]
17:26:52.905 [main] DEBUG org.hibernate.cfg.annotations.SimpleValueBinder - building SimpleValue for quantity
17:26:52.905 [main] DEBUG org.hibernate.cfg.annotations.PropertyBinder - Building property quantity
17:26:52.905 [main] DEBUG org.hibernate.cfg.AnnotationBinder - Binding entity from annotated class: com.myproject.shoppingcart.domain.Payment
17:26:52.905 [main] DEBUG org.hibernate.cfg.Ejb3Column - Binding column: Ejb3DiscriminatorColumn{logicalColumnName&apos;DTYPE&apos;, discriminatorTypeName=&apos;string&apos;}
17:26:52.906 [main] DEBUG org.hibernate.cfg.annotations.EntityBinder - Import with entity name Payment
17:26:52.906 [main] DEBUG org.hibernate.cfg.annotations.EntityBinder - Bind entity com.myproject.shoppingcart.domain.Payment on table Payment
17:26:52.906 [main] DEBUG org.hibernate.cfg.Ejb3Column - Binding column: Ejb3Column{table=org.hibernate.mapping.Table(Payment), mappingColumn=id, insertable=true, updatable=true, unique=false}
17:26:52.906 [main] DEBUG org.hibernate.cfg.annotations.PropertyBinder - MetadataSourceProcessor property id with lazy=false
17:26:52.906 [main] DEBUG org.hibernate.cfg.AbstractPropertyHolder - Attempting to locate auto-apply AttributeConverter for property [com.myproject.shoppingcart.domain.Payment:id]
17:26:52.907 [main] DEBUG org.hibernate.cfg.annotations.SimpleValueBinder - building SimpleValue for id
17:26:52.907 [main] DEBUG org.hibernate.cfg.annotations.PropertyBinder - Building property id
17:26:52.907 [main] DEBUG org.hibernate.cfg.Ejb3Column - Binding column: Ejb3Column{table=org.hibernate.mapping.Table(Payment), mappingColumn=grandTotal, insertable=true, updatable=true, unique=false}
17:26:52.907 [main] DEBUG org.hibernate.cfg.annotations.PropertyBinder - MetadataSourceProcessor property grandTotal with lazy=false
17:26:52.907 [main] DEBUG org.hibernate.cfg.AbstractPropertyHolder - Attempting to locate auto-apply AttributeConverter for property [com.myproject.shoppingcart.domain.Payment:grandTotal]
17:26:52.907 [main] DEBUG org.hibernate.cfg.annotations.SimpleValueBinder - building SimpleValue for grandTotal
17:26:52.907 [main] DEBUG org.hibernate.cfg.annotations.PropertyBinder - Building property grandTotal
17:26:52.907 [main] DEBUG org.hibernate.cfg.Ejb3Column - Binding column: Ejb3Column{table=org.hibernate.mapping.Table(Payment), mappingColumn=mobile, insertable=true, updatable=true, unique=false}
17:26:52.907 [main] DEBUG org.hibernate.cfg.annotations.PropertyBinder - MetadataSourceProcessor property mobile with lazy=false
17:26:52.907 [main] DEBUG org.hibernate.cfg.AbstractPropertyHolder - Attempting to locate auto-apply AttributeConverter for property [com.myproject.shoppingcart.domain.Payment:mobile]
17:26:52.907 [main] DEBUG org.hibernate.cfg.annotations.SimpleValueBinder - building SimpleValue for mobile
17:26:52.907 [main] DEBUG org.hibernate.cfg.annotations.PropertyBinder - Building property mobile
17:26:52.907 [main] DEBUG org.hibernate.cfg.Ejb3Column - Binding column: Ejb3Column{table=org.hibernate.mapping.Table(Payment), mappingColumn=name, insertable=true, updatable=true, unique=false}
17:26:52.907 [main] DEBUG org.hibernate.cfg.annotations.PropertyBinder - MetadataSourceProcessor property name with lazy=false
17:26:52.908 [main] DEBUG org.hibernate.cfg.AbstractPropertyHolder - Attempting to locate auto-apply AttributeConverter for property [com.myproject.shoppingcart.domain.Payment:name]
17:26:52.908 [main] DEBUG org.hibernate.cfg.annotations.SimpleValueBinder - building SimpleValue for name
17:26:52.908 [main] DEBUG org.hibernate.cfg.annotations.PropertyBinder - Building property name
17:26:52.908 [main] DEBUG org.hibernate.cfg.Ejb3Column - Binding column: Ejb3Column{table=org.hibernate.mapping.Table(Payment), mappingColumn=pincode, insertable=true, updatable=true, unique=false}
17:26:52.908 [main] DEBUG org.hibernate.cfg.annotations.PropertyBinder - MetadataSourceProcessor property pincode with lazy=false
17:26:52.908 [main] DEBUG org.hibernate.cfg.AbstractPropertyHolder - Attempting to locate auto-apply AttributeConverter for property [com.myproject.shoppingcart.domain.Payment:pincode]
17:26:52.908 [main] DEBUG org.hibernate.cfg.annotations.SimpleValueBinder - building SimpleValue for pincode
17:26:52.908 [main] DEBUG org.hibernate.cfg.annotations.PropertyBinder - Building property pincode
17:26:52.908 [main] DEBUG org.hibernate.cfg.Ejb3Column - Binding column: Ejb3Column{table=org.hibernate.mapping.Table(Payment), mappingColumn=productName, insertable=true, updatable=true, unique=false}
17:26:52.908 [main] DEBUG org.hibernate.cfg.annotations.PropertyBinder - MetadataSourceProcessor property productName with lazy=false
17:26:52.908 [main] DEBUG org.hibernate.cfg.AbstractPropertyHolder - Attempting to locate auto-apply AttributeConverter for property [com.myproject.shoppingcart.domain.Payment:productName]
17:26:52.908 [main] DEBUG org.hibernate.cfg.annotations.SimpleValueBinder - building SimpleValue for productName
17:26:52.908 [main] DEBUG org.hibernate.cfg.annotations.PropertyBinder - Building property productName
17:26:52.908 [main] DEBUG org.hibernate.cfg.Ejb3Column - Binding column: Ejb3Column{table=org.hibernate.mapping.Table(Payment), mappingColumn=quantity, insertable=true, updatable=true, unique=false}
17:26:52.908 [main] DEBUG org.hibernate.cfg.annotations.PropertyBinder - MetadataSourceProcessor property quantity with lazy=false
17:26:52.908 [main] DEBUG org.hibernate.cfg.AbstractPropertyHolder - Attempting to locate auto-apply AttributeConverter for property [com.myproject.shoppingcart.domain.Payment:quantity]
17:26:52.909 [main] DEBUG org.hibernate.cfg.annotations.SimpleValueBinder - building SimpleValue for quantity
17:26:52.909 [main] DEBUG org.hibernate.cfg.annotations.PropertyBinder - Building property quantity
17:26:52.909 [main] DEBUG org.hibernate.cfg.Ejb3Column - Binding column: Ejb3Column{table=org.hibernate.mapping.Table(Payment), mappingColumn=shippingAddress, insertable=true, updatable=true, unique=false}
17:26:52.909 [main] DEBUG org.hibernate.cfg.annotations.PropertyBinder - MetadataSourceProcessor property shippingAddress with lazy=false
17:26:52.909 [main] DEBUG org.hibernate.cfg.AbstractPropertyHolder - Attempting to locate auto-apply AttributeConverter for property [com.myproject.shoppingcart.domain.Payment:shippingAddress]
17:26:52.909 [main] DEBUG org.hibernate.cfg.annotations.SimpleValueBinder - building SimpleValue for shippingAddress
17:26:52.909 [main] DEBUG org.hibernate.cfg.annotations.PropertyBinder - Building property shippingAddress
17:26:52.909 [main] DEBUG org.hibernate.cfg.Ejb3Column - Binding column: Ejb3Column{table=org.hibernate.mapping.Table(Payment), mappingColumn=subTotal, insertable=true, updatable=true, unique=false}
17:26:52.909 [main] DEBUG org.hibernate.cfg.annotations.PropertyBinder - MetadataSourceProcessor property subTotal with lazy=false
17:26:52.909 [main] DEBUG org.hibernate.cfg.AbstractPropertyHolder - Attempting to locate auto-apply AttributeConverter for property [com.myproject.shoppingcart.domain.Payment:subTotal]
17:26:52.909 [main] DEBUG org.hibernate.cfg.annotations.SimpleValueBinder - building SimpleValue for subTotal
17:26:52.909 [main] DEBUG org.hibernate.cfg.annotations.PropertyBinder - Building property subTotal
17:26:52.910 [main] DEBUG org.hibernate.cfg.annotations.SimpleValueBinder - Starting fillSimpleValue for emailID
17:26:52.910 [main] DEBUG org.hibernate.cfg.annotations.SimpleValueBinder - Starting fillSimpleValue for address
17:26:52.910 [main] DEBUG org.hibernate.cfg.annotations.SimpleValueBinder - Starting fillSimpleValue for enabled
17:26:52.910 [main] DEBUG org.hibernate.cfg.annotations.SimpleValueBinder - Starting fillSimpleValue for fullname
17:26:52.910 [main] DEBUG org.hibernate.cfg.annotations.SimpleValueBinder - Starting fillSimpleValue for mobile
17:26:52.910 [main] DEBUG org.hibernate.cfg.annotations.SimpleValueBinder - Starting fillSimpleValue for pincode
17:26:52.910 [main] DEBUG org.hibernate.cfg.annotations.SimpleValueBinder - Starting fillSimpleValue for pwd
17:26:52.910 [main] DEBUG org.hibernate.cfg.annotations.SimpleValueBinder - Starting fillSimpleValue for registeredDate
17:26:52.910 [main] DEBUG org.hibernate.cfg.annotations.SimpleValueBinder - Starting fillSimpleValue for role
17:26:52.910 [main] DEBUG org.hibernate.cfg.annotations.SimpleValueBinder - Starting fillSimpleValue for state
17:26:52.910 [main] DEBUG org.hibernate.cfg.annotations.SimpleValueBinder - Starting fillSimpleValue for product_id
17:26:52.910 [main] DEBUG org.hibernate.cfg.annotations.SimpleValueBinder - Starting fillSimpleValue for cat_id
17:26:52.910 [main] DEBUG org.hibernate.cfg.annotations.SimpleValueBinder - Starting fillSimpleValue for date_created
17:26:52.910 [main] DEBUG org.hibernate.cfg.annotations.SimpleValueBinder - Starting fillSimpleValue for description
17:26:52.910 [main] DEBUG org.hibernate.cfg.annotations.SimpleValueBinder - Starting fillSimpleValue for name
17:26:52.910 [main] DEBUG org.hibernate.cfg.annotations.SimpleValueBinder - Starting fillSimpleValue for price
17:26:52.910 [main] DEBUG org.hibernate.cfg.annotations.SimpleValueBinder - Starting fillSimpleValue for stock
17:26:52.910 [main] DEBUG org.hibernate.cfg.annotations.SimpleValueBinder - Starting fillSimpleValue for sup_id
17:26:52.910 [main] DEBUG org.hibernate.cfg.annotations.SimpleValueBinder - Starting fillSimpleValue for category_id
17:26:52.910 [main] DEBUG org.hibernate.cfg.annotations.SimpleValueBinder - Starting fillSimpleValue for description
17:26:52.910 [main] DEBUG org.hibernate.cfg.annotations.SimpleValueBinder - Starting fillSimpleValue for name
17:26:52.910 [main] DEBUG org.hibernate.cfg.annotations.SimpleValueBinder - Starting fillSimpleValue for supplier_id
17:26:52.911 [main] DEBUG org.hibernate.cfg.annotations.SimpleValueBinder - Starting fillSimpleValue for address
17:26:52.911 [main] DEBUG org.hibernate.cfg.annotations.SimpleValueBinder - Starting fillSimpleValue for name
17:26:52.911 [main] DEBUG org.hibernate.cfg.annotations.SimpleValueBinder - Starting fillSimpleValue for id
17:26:52.911 [main] DEBUG org.hibernate.cfg.annotations.SimpleValueBinder - Starting fillSimpleValue for emailID
17:26:52.911 [main] DEBUG org.hibernate.cfg.annotations.SimpleValueBinder - Starting fillSimpleValue for price
17:26:52.911 [main] DEBUG org.hibernate.cfg.annotations.SimpleValueBinder - Starting fillSimpleValue for productID
17:26:52.911 [main] DEBUG org.hibernate.cfg.annotations.SimpleValueBinder - Starting fillSimpleValue for productName
17:26:52.911 [main] DEBUG org.hibernate.cfg.annotations.SimpleValueBinder - Starting fillSimpleValue for quantity
17:26:52.911 [main] DEBUG org.hibernate.cfg.annotations.SimpleValueBinder - Starting fillSimpleValue for id
17:26:52.911 [main] DEBUG org.hibernate.cfg.annotations.SimpleValueBinder - Starting fillSimpleValue for grandTotal
17:26:52.911 [main] DEBUG org.hibernate.cfg.annotations.SimpleValueBinder - Starting fillSimpleValue for mobile
17:26:52.911 [main] DEBUG org.hibernate.cfg.annotations.SimpleValueBinder - Starting fillSimpleValue for name
17:26:52.911 [main] DEBUG org.hibernate.cfg.annotations.SimpleValueBinder - Starting fillSimpleValue for pincode
17:26:52.911 [main] DEBUG org.hibernate.cfg.annotations.SimpleValueBinder - Starting fillSimpleValue for productName
17:26:52.911 [main] DEBUG org.hibernate.cfg.annotations.SimpleValueBinder - Starting fillSimpleValue for quantity
17:26:52.911 [main] DEBUG org.hibernate.cfg.annotations.SimpleValueBinder - Starting fillSimpleValue for shippingAddress
17:26:52.911 [main] DEBUG org.hibernate.cfg.annotations.SimpleValueBinder - Starting fillSimpleValue for subTotal
17:26:52.911 [main] DEBUG org.hibernate.mapping.PrimaryKey - Forcing column [emailid] to be non-null as it is part of the primary key for table [user]
17:26:52.911 [main] DEBUG org.hibernate.mapping.PrimaryKey - Forcing column [product_id] to be non-null as it is part of the primary key for table [product]
17:26:52.911 [main] DEBUG org.hibernate.mapping.PrimaryKey - Forcing column [category_id] to be non-null as it is part of the primary key for table [category]
17:26:52.911 [main] DEBUG org.hibernate.mapping.PrimaryKey - Forcing column [supplier_id] to be non-null as it is part of the primary key for table [supplier]
17:26:52.911 [main] DEBUG org.hibernate.mapping.PrimaryKey - Forcing column [id] to be non-null as it is part of the primary key for table [cart]
17:26:52.911 [main] DEBUG org.hibernate.mapping.PrimaryKey - Forcing column [id] to be non-null as it is part of the primary key for table [payment]
17:26:52.912 [main] DEBUG org.hibernate.cfg.CollectionSecondPass - Second pass for collection: com.myproject.shoppingcart.domain.Category.products
17:26:52.912 [main] DEBUG org.hibernate.cfg.annotations.CollectionBinder - Binding a OneToMany: com.myproject.shoppingcart.domain.Category.products through a foreign key
17:26:52.912 [main] DEBUG org.hibernate.cfg.annotations.CollectionBinder - Mapping collection: com.myproject.shoppingcart.domain.Category.products -&gt; Product
17:26:52.912 [main] DEBUG org.hibernate.cfg.annotations.TableBinder - Retrieving property com.myproject.shoppingcart.domain.Product.category
17:26:52.912 [main] DEBUG org.hibernate.cfg.CollectionSecondPass - Mapped collection key: cat_id, one-to-many: com.myproject.shoppingcart.domain.Product
17:26:52.912 [main] DEBUG org.hibernate.cfg.CollectionSecondPass - Second pass for collection: com.myproject.shoppingcart.domain.Supplier.products
17:26:52.912 [main] DEBUG org.hibernate.cfg.annotations.CollectionBinder - Binding a OneToMany: com.myproject.shoppingcart.domain.Supplier.products through a foreign key
17:26:52.912 [main] DEBUG org.hibernate.cfg.annotations.CollectionBinder - Mapping collection: com.myproject.shoppingcart.domain.Supplier.products -&gt; Product
17:26:52.912 [main] DEBUG org.hibernate.cfg.annotations.TableBinder - Retrieving property com.myproject.shoppingcart.domain.Product.supplier
17:26:52.912 [main] DEBUG org.hibernate.cfg.CollectionSecondPass - Mapped collection key: sup_id, one-to-many: com.myproject.shoppingcart.domain.Product
17:26:52.912 [main] DEBUG org.hibernate.boot.internal.InFlightMetadataCollectorImpl - Resolving reference to class: com.myproject.shoppingcart.domain.Category
17:26:52.912 [main] DEBUG org.hibernate.boot.internal.InFlightMetadataCollectorImpl - Resolving reference to class: com.myproject.shoppingcart.domain.Supplier
17:26:52.913 [main] DEBUG org.hibernate.boot.internal.InFlightMetadataCollectorImpl - Resolving reference to class: com.myproject.shoppingcart.domain.Category
17:26:52.913 [main] DEBUG org.hibernate.boot.internal.InFlightMetadataCollectorImpl - Resolving reference to class: com.myproject.shoppingcart.domain.Supplier
17:26:52.915 [main] DEBUG org.hibernate.internal.SessionFactoryImpl - Building session factory
17:26:52.915 [main] DEBUG org.hibernate.cfg.Settings - SessionFactory name : null
17:26:52.915 [main] DEBUG org.hibernate.cfg.Settings - Automatic flush during beforeCompletion(): enabled
17:26:52.915 [main] DEBUG org.hibernate.cfg.Settings - Automatic session close at end of transaction: disabled
17:26:52.915 [main] DEBUG org.hibernate.cfg.Settings - Statistics: disabled
17:26:52.915 [main] DEBUG org.hibernate.cfg.Settings - Deleted entity synthetic identifier rollback: disabled
17:26:52.915 [main] DEBUG org.hibernate.cfg.Settings - Default entity-mode: pojo
17:26:52.915 [main] DEBUG org.hibernate.cfg.Settings - Check Nullability in Core (should be disabled when Bean Validation is on): enabled
17:26:52.915 [main] DEBUG org.hibernate.cfg.Settings - Allow initialization of lazy state outside session : disabled
17:26:52.915 [main] DEBUG org.hibernate.cfg.Settings - Using BatchFetchStyle : LEGACY
17:26:52.915 [main] DEBUG org.hibernate.cfg.Settings - Default batch fetch size: -1
17:26:52.915 [main] DEBUG org.hibernate.cfg.Settings - Maximum outer join fetch depth: null
17:26:52.915 [main] DEBUG org.hibernate.cfg.Settings - Default null ordering: NONE
17:26:52.915 [main] DEBUG org.hibernate.cfg.Settings - Order SQL updates by primary key: disabled
17:26:52.915 [main] DEBUG org.hibernate.cfg.Settings - Order SQL inserts for batching: disabled
17:26:52.915 [main] DEBUG org.hibernate.cfg.Settings - multi-tenancy strategy : NONE
17:26:52.915 [main] DEBUG org.hibernate.cfg.Settings - JTA Track by Thread: enabled
17:26:52.915 [main] DEBUG org.hibernate.cfg.Settings - Query language substitutions: {}
17:26:52.915 [main] DEBUG org.hibernate.cfg.Settings - JPA query language strict compliance: disabled
17:26:52.915 [main] DEBUG org.hibernate.cfg.Settings - Named query checking : enabled
17:26:52.915 [main] DEBUG org.hibernate.cfg.Settings - Second-level cache: enabled
17:26:52.915 [main] DEBUG org.hibernate.cfg.Settings - Second-level query cache: disabled
17:26:52.915 [main] DEBUG org.hibernate.cfg.Settings - Second-level query cache factory: org.hibernate.cache.internal.StandardQueryCacheFactory@1536602f
17:26:52.915 [main] DEBUG org.hibernate.cfg.Settings - Second-level cache region prefix: null
17:26:52.915 [main] DEBUG org.hibernate.cfg.Settings - Optimize second-level cache for minimal puts: disabled
17:26:52.915 [main] DEBUG org.hibernate.cfg.Settings - Structured second-level cache entries: disabled
17:26:52.915 [main] DEBUG org.hibernate.cfg.Settings - Second-level cache direct-reference entries: disabled
17:26:52.915 [main] DEBUG org.hibernate.cfg.Settings - Automatic eviction of collection cache: disabled
17:26:52.915 [main] DEBUG org.hibernate.cfg.Settings - JDBC batch size: 15
17:26:52.915 [main] DEBUG org.hibernate.cfg.Settings - JDBC batch updates for versioned data: enabled
17:26:52.915 [main] DEBUG org.hibernate.cfg.Settings - Scrollable result sets: enabled
17:26:52.916 [main] DEBUG org.hibernate.cfg.Settings - Wrap result sets: disabled
17:26:52.916 [main] DEBUG org.hibernate.cfg.Settings - JDBC3 getGeneratedKeys(): enabled
17:26:52.916 [main] DEBUG org.hibernate.cfg.Settings - JDBC result set fetch size: null
17:26:52.916 [main] DEBUG org.hibernate.cfg.Settings - Connection release mode: ON_CLOSE
17:26:52.916 [main] DEBUG org.hibernate.cfg.Settings - Generate SQL with comments: disabled
17:26:52.917 [main] DEBUG org.hibernate.internal.SessionFactoryImpl - Session factory constructed with filter configurations : {}
17:26:52.917 [main] DEBUG org.hibernate.internal.SessionFactoryImpl - Instantiating session factory with properties: {sun.desktop=windows, awt.toolkit=sun.awt.windows.WToolkit, file.encoding.pkg=sun.io, java.specification.version=1.8, hibernate.connection.handling_mode=DELAYED_ACQUISITION_AND_HOLD, sun.cpu.isalist=amd64, sun.jnu.encoding=Cp1252, hibernate.dialect=org.hibernate.dialect.H2Dialect, java.class.path=D:\aks\ShoppingCartBackend\target\test-classes;D:\aks\ShoppingCartBackend\target\classes;C:\Users\MRuser\.m2\repository\junit\junit\4.12\junit-4.12.jar;C:\Users\MRuser\.m2\repository\org\hamcrest\hamcrest-core\1.3\hamcrest-core-1.3.jar;C:\Users\MRuser\.m2\repository\org\hibernate\hibernate-core\5.2.13.Final\hibernate-core-5.2.13.Final.jar;C:\Users\MRuser\.m2\repository\org\jboss\logging\jboss-logging\3.3.1.Final\jboss-logging-3.3.1.Final.jar;C:\Users\MRuser\.m2\repository\org\hibernate\javax\persistence\hibernate-jpa-2.1-api\1.0.0.Final\hibernate-jpa-2.1-api-1.0.0.Final.jar;C:\Users\MRuser\.m2\repository\org\javassist\javassist\3.22.0-GA\javassist-3.22.0-GA.jar;C:\Users\MRuser\.m2\repository\antlr\antlr\2.7.7\antlr-2.7.7.jar;C:\Users\MRuser\.m2\repository\org\jboss\spec\javax\transaction\jboss-transaction-api_1.2_spec\1.0.1.Final\jboss-transaction-api_1.2_spec-1.0.1.Final.jar;C:\Users\MRuser\.m2\repository\org\jboss\jandex\2.0.3.Final\jandex-2.0.3.Final.jar;C:\Users\MRuser\.m2\repository\com\fasterxml\classmate\1.3.0\classmate-1.3.0.jar;C:\Users\MRuser\.m2\repository\dom4j\dom4j\1.6.1\dom4j-1.6.1.jar;C:\Users\MRuser\.m2\repository\org\hibernate\common\hibernate-commons-annotations\5.0.1.Final\hibernate-commons-annotations-5.0.1.Final.jar;C:\Users\MRuser\.m2\repository\org\springframework\spring-orm\5.0.4.RELEASE\spring-orm-5.0.4.RELEASE.jar;C:\Users\MRuser\.m2\repository\org\springframework\spring-beans\5.0.4.RELEASE\spring-beans-5.0.4.RELEASE.jar;C:\Users\MRuser\.m2\repository\org\springframework\spring-jdbc\5.0.4.RELEASE\spring-jdbc-5.0.4.RELEASE.jar;C:\Users\MRuser\.m2\repository\org\springframework\spring-tx\5.0.4.RELEASE\spring-tx-5.0.4.RELEASE.jar;C:\Users\MRuser\.m2\repository\com\h2database\h2\1.4.196\h2-1.4.196.jar;C:\Users\MRuser\.m2\repository\org\springframework\spring-context\5.0.4.RELEASE\spring-context-5.0.4.RELEASE.jar;C:\Users\MRuser\.m2\repository\org\springframework\spring-aop\5.0.4.RELEASE\spring-aop-5.0.4.RELEASE.jar;C:\Users\MRuser\.m2\repository\org\springframework\spring-expression\5.0.4.RELEASE\spring-expression-5.0.4.RELEASE.jar;C:\Users\MRuser\.m2\repository\org\springframework\spring-core\5.0.4.RELEASE\spring-core-5.0.4.RELEASE.jar;C:\Users\MRuser\.m2\repository\org\springframework\spring-jcl\5.0.4.RELEASE\spring-jcl-5.0.4.RELEASE.jar;C:\Users\MRuser\.m2\repository\org\slf4j\slf4j-api\1.7.25\slf4j-api-1.7.25.jar;C:\Users\MRuser\.m2\repository\ch\qos\logback\logback-classic\1.2.3\logback-classic-1.2.3.jar;C:\Users\MRuser\.m2\repository\ch\qos\logback\logback-core\1.2.3\logback-core-1.2.3.jar;, java.vm.vendor=Oracle Corporation, sun.arch.data.model=64, user.variant=, java.vendor.url=http://java.oracle.com/, user.timezone=Asia/Calcutta, os.name=Windows 8.1, java.vm.specification.version=1.8, user.country=US, sun.java.launcher=SUN_STANDARD, sun.boot.library.path=C:\Program Files\Java\jdk1.8.0_45\jre\bin, sun.java.command=D:\aks\ShoppingCartBackend\target\surefire\surefirebooter868808322960609374.jar D:\aks\ShoppingCartBackend\target\surefire\surefire273072321806277059tmp D:\aks\ShoppingCartBackend\target\surefire\surefire_04776775326667794460tmp, surefire.test.class.path=D:\aks\ShoppingCartBackend\target\test-classes;D:\aks\ShoppingCartBackend\target\classes;C:\Users\MRuser\.m2\repository\junit\junit\4.12\junit-4.12.jar;C:\Users\MRuser\.m2\repository\org\hamcrest\hamcrest-core\1.3\hamcrest-core-1.3.jar;C:\Users\MRuser\.m2\repository\org\hibernate\hibernate-core\5.2.13.Final\hibernate-core-5.2.13.Final.jar;C:\Users\MRuser\.m2\repository\org\jboss\logging\jboss-logging\3.3.1.Final\jboss-logging-3.3.1.Final.jar;C:\Users\MRuser\.m2\repository\org\hibernate\javax\persistence\hibernate-jpa-2.1-api\1.0.0.Final\hibernate-jpa-2.1-api-1.0.0.Final.jar;C:\Users\MRuser\.m2\repository\org\javassist\javassist\3.22.0-GA\javassist-3.22.0-GA.jar;C:\Users\MRuser\.m2\repository\antlr\antlr\2.7.7\antlr-2.7.7.jar;C:\Users\MRuser\.m2\repository\org\jboss\spec\javax\transaction\jboss-transaction-api_1.2_spec\1.0.1.Final\jboss-transaction-api_1.2_spec-1.0.1.Final.jar;C:\Users\MRuser\.m2\repository\org\jboss\jandex\2.0.3.Final\jandex-2.0.3.Final.jar;C:\Users\MRuser\.m2\repository\com\fasterxml\classmate\1.3.0\classmate-1.3.0.jar;C:\Users\MRuser\.m2\repository\dom4j\dom4j\1.6.1\dom4j-1.6.1.jar;C:\Users\MRuser\.m2\repository\org\hibernate\common\hibernate-commons-annotations\5.0.1.Final\hibernate-commons-annotations-5.0.1.Final.jar;C:\Users\MRuser\.m2\repository\org\springframework\spring-orm\5.0.4.RELEASE\spring-orm-5.0.4.RELEASE.jar;C:\Users\MRuser\.m2\repository\org\springframework\spring-beans\5.0.4.RELEASE\spring-beans-5.0.4.RELEASE.jar;C:\Users\MRuser\.m2\repository\org\springframework\spring-jdbc\5.0.4.RELEASE\spring-jdbc-5.0.4.RELEASE.jar;C:\Users\MRuser\.m2\repository\org\springframework\spring-tx\5.0.4.RELEASE\spring-tx-5.0.4.RELEASE.jar;C:\Users\MRuser\.m2\repository\com\h2database\h2\1.4.196\h2-1.4.196.jar;C:\Users\MRuser\.m2\repository\org\springframework\spring-context\5.0.4.RELEASE\spring-context-5.0.4.RELEASE.jar;C:\Users\MRuser\.m2\repository\org\springframework\spring-aop\5.0.4.RELEASE\spring-aop-5.0.4.RELEASE.jar;C:\Users\MRuser\.m2\repository\org\springframework\spring-expression\5.0.4.RELEASE\spring-expression-5.0.4.RELEASE.jar;C:\Users\MRuser\.m2\repository\org\springframework\spring-core\5.0.4.RELEASE\spring-core-5.0.4.RELEASE.jar;C:\Users\MRuser\.m2\repository\org\springframework\spring-jcl\5.0.4.RELEASE\spring-jcl-5.0.4.RELEASE.jar;C:\Users\MRuser\.m2\repository\org\slf4j\slf4j-api\1.7.25\slf4j-api-1.7.25.jar;C:\Users\MRuser\.m2\repository\ch\qos\logback\logback-classic\1.2.3\logback-classic-1.2.3.jar;C:\Users\MRuser\.m2\repository\ch\qos\logback\logback-core\1.2.3\logback-core-1.2.3.jar;, sun.cpu.endian=little, user.home=C:\Users\MRuser, user.language=en, java.specification.vendor=Oracle Corporation, java.home=C:\Program Files\Java\jdk1.8.0_45\jre, basedir=D:\aks\ShoppingCartBackend, file.separator=\, line.separator=
, java.vm.specification.vendor=Oracle Corporation, java.specification.name=Java Platform API Specification, java.awt.graphicsenv=sun.awt.Win32GraphicsEnvironment, surefire.real.class.path=D:\aks\ShoppingCartBackend\target\surefire\surefirebooter868808322960609374.jar, sun.boot.class.path=C:\Program Files\Java\jdk1.8.0_45\jre\lib\resources.jar;C:\Program Files\Java\jdk1.8.0_45\jre\lib\rt.jar;C:\Program Files\Java\jdk1.8.0_45\jre\lib\sunrsasign.jar;C:\Program Files\Java\jdk1.8.0_45\jre\lib\jsse.jar;C:\Program Files\Java\jdk1.8.0_45\jre\lib\jce.jar;C:\Program Files\Java\jdk1.8.0_45\jre\lib\charsets.jar;C:\Program Files\Java\jdk1.8.0_45\jre\lib\jfr.jar;C:\Program Files\Java\jdk1.8.0_45\jre\classes, hibernate.hbm2ddl.auto=update, user.script=, sun.management.compiler=HotSpot 64-Bit Tiered Compilers, java.runtime.version=1.8.0_45-b15, user.name=MRuser, path.separator=;, os.version=6.3, java.endorsed.dirs=C:\Program Files\Java\jdk1.8.0_45\jre\lib\endorsed, java.runtime.name=Java(TM) SE Runtime Environment, file.encoding=Cp1252, java.vm.name=Java HotSpot(TM) 64-Bit Server VM, hibernate.show_sql=true, hibernate.classLoaders=[sun.misc.Launcher$AppClassLoader@42a57993], hibernate.current_session_context_class=org.springframework.orm.hibernate5.SpringSessionContext, localRepository=C:\Users\MRuser\.m2\repository, java.vendor.url.bug=http://bugreport.sun.com/bugreport/, java.io.tmpdir=C:\Users\MRuser\AppData\Local\Temp\, java.version=1.8.0_45, user.dir=D:\aks\ShoppingCartBackend, os.arch=amd64, java.vm.specification.name=Java Virtual Machine Specification, java.awt.printerjob=sun.awt.windows.WPrinterJob, sun.os.patch.level=, hibernate.boot.CfgXmlAccessService.key=org.hibernate.boot.cfgxml.spi.LoadedConfig@7772054c, java.library.path=C:\Program Files\Java\jdk1.8.0_45\jre\bin;C:\Windows\Sun\Java\bin;C:\Windows\system32;C:\Windows;C:/Program Files/Java/jre1.8.0_45/bin/server;C:/Program Files/Java/jre1.8.0_45/bin;C:/Program Files/Java/jre1.8.0_45/lib/amd64;C:\oraclexe\app\oracle\product\11.2.0\server\bin;C:\ProgramData\Oracle\Java\javapath;C:\Windows\system32;C:\Windows;C:\Windows\System32\Wbem;C:\Windows\System32\WindowsPowerShell\v1.0\;C:\Program Files (x86)\jZip;C:\Program Files (x86)\Microsoft SQL Server\90\Tools\binn\;C:\Program Files (x86)\Microsoft ASP.NET\ASP.NET Web Pages\v1.0\;C:\Program Files\Microsoft SQL Server\110\Tools\Binn\;C:\Program Files (x86)\Windows Kits\8.1\Windows Performance Toolkit\;C:\Program Files (x86)\Microsoft SDKs\TypeScript\1.0\;C:\Program Files\Microsoft SQL Server\120\Tools\Binn\;C:\Program Files (x86)\Microsoft SQL Server\100\Tools\Binn\VSShell\Common7\IDE\;C:\Program Files (x86)\Microsoft SQL Server\100\Tools\Binn\;C:\Program Files\Microsoft SQL Server\100\Tools\Binn\;C:\Program Files (x86)\Microsoft SQL Server\100\DTS\Binn\;C:\Program Files\Java\jdk1.8.0_45\bin;C:\Program Files\Microsoft\Web Platform Installer\;C:\apache-maven-3.3.9 bin\apache-maven-3.3.9\bin;C:\Users\MRuser\Downloads;C:\Program Files\Git\cmd;C:\Users\MRuser\AppData\Local\Microsoft\WindowsApps;;C:\Program Files\eclipse;;., java.vm.info=mixed mode, java.vendor=Oracle Corporation, java.vm.version=25.45-b02, hibernate.bytecode.use_reflection_optimizer=false, hibernate.connection.datasource=org.springframework.jdbc.datasource.DriverManagerDataSource@57d0fc89, java.ext.dirs=C:\Program Files\Java\jdk1.8.0_45\jre\lib\ext;C:\Windows\Sun\Java\lib\ext, sun.io.unicode.encoding=UnicodeLittle, java.class.version=52.0}
17:26:52.918 [main] DEBUG org.hibernate.secure.spi.JaccIntegrator - Skipping JACC integration as it was not enabled
17:26:52.918 [main] DEBUG org.hibernate.internal.SessionFactoryImpl - Instantiated session factory
17:26:52.919 [main] DEBUG org.hibernate.boot.internal.ClassLoaderAccessImpl - Not known whether passed class name [com.myproject.shoppingcart.domain.User] is safe
17:26:52.919 [main] DEBUG org.hibernate.boot.internal.ClassLoaderAccessImpl - No temp ClassLoader provided; using live ClassLoader for loading potentially unsafe class : com.myproject.shoppingcart.domain.User
17:26:52.919 [main] DEBUG org.hibernate.boot.internal.ClassLoaderAccessImpl - Not known whether passed class name [com.myproject.shoppingcart.domain.User] is safe
17:26:52.919 [main] DEBUG org.hibernate.boot.internal.ClassLoaderAccessImpl - No temp ClassLoader provided; using live ClassLoader for loading potentially unsafe class : com.myproject.shoppingcart.domain.User
17:26:52.921 [main] DEBUG org.hibernate.boot.internal.ClassLoaderAccessImpl - Not known whether passed class name [com.myproject.shoppingcart.domain.Category] is safe
17:26:52.921 [main] DEBUG org.hibernate.boot.internal.ClassLoaderAccessImpl - No temp ClassLoader provided; using live ClassLoader for loading potentially unsafe class : com.myproject.shoppingcart.domain.Category
17:26:52.921 [main] DEBUG org.hibernate.boot.internal.ClassLoaderAccessImpl - Not known whether passed class name [com.myproject.shoppingcart.domain.Category] is safe
17:26:52.921 [main] DEBUG org.hibernate.boot.internal.ClassLoaderAccessImpl - No temp ClassLoader provided; using live ClassLoader for loading potentially unsafe class : com.myproject.shoppingcart.domain.Category
17:26:52.922 [main] DEBUG org.hibernate.boot.internal.ClassLoaderAccessImpl - Not known whether passed class name [com.myproject.shoppingcart.domain.Supplier] is safe
17:26:52.922 [main] DEBUG org.hibernate.boot.internal.ClassLoaderAccessImpl - No temp ClassLoader provided; using live ClassLoader for loading potentially unsafe class : com.myproject.shoppingcart.domain.Supplier
17:26:52.922 [main] DEBUG org.hibernate.boot.internal.ClassLoaderAccessImpl - Not known whether passed class name [com.myproject.shoppingcart.domain.Supplier] is safe
17:26:52.922 [main] DEBUG org.hibernate.boot.internal.ClassLoaderAccessImpl - No temp ClassLoader provided; using live ClassLoader for loading potentially unsafe class : com.myproject.shoppingcart.domain.Supplier
17:26:52.923 [main] DEBUG org.hibernate.boot.internal.ClassLoaderAccessImpl - Not known whether passed class name [com.myproject.shoppingcart.domain.Cart] is safe
17:26:52.923 [main] DEBUG org.hibernate.boot.internal.ClassLoaderAccessImpl - No temp ClassLoader provided; using live ClassLoader for loading potentially unsafe class : com.myproject.shoppingcart.domain.Cart
17:26:52.923 [main] DEBUG org.hibernate.boot.internal.ClassLoaderAccessImpl - Not known whether passed class name [com.myproject.shoppingcart.domain.Cart] is safe
17:26:52.924 [main] DEBUG org.hibernate.boot.internal.ClassLoaderAccessImpl - No temp ClassLoader provided; using live ClassLoader for loading potentially unsafe class : com.myproject.shoppingcart.domain.Cart
17:26:52.925 [main] DEBUG org.hibernate.boot.internal.ClassLoaderAccessImpl - Not known whether passed class name [com.myproject.shoppingcart.domain.Payment] is safe
17:26:52.925 [main] DEBUG org.hibernate.boot.internal.ClassLoaderAccessImpl - No temp ClassLoader provided; using live ClassLoader for loading potentially unsafe class : com.myproject.shoppingcart.domain.Payment
17:26:52.925 [main] DEBUG org.hibernate.boot.internal.ClassLoaderAccessImpl - Not known whether passed class name [com.myproject.shoppingcart.domain.Payment] is safe
17:26:52.925 [main] DEBUG org.hibernate.boot.internal.ClassLoaderAccessImpl - No temp ClassLoader provided; using live ClassLoader for loading potentially unsafe class : com.myproject.shoppingcart.domain.Payment
17:26:52.926 [main] DEBUG org.hibernate.boot.internal.ClassLoaderAccessImpl - Not known whether passed class name [com.myproject.shoppingcart.domain.Product] is safe
17:26:52.926 [main] DEBUG org.hibernate.boot.internal.ClassLoaderAccessImpl - No temp ClassLoader provided; using live ClassLoader for loading potentially unsafe class : com.myproject.shoppingcart.domain.Product
17:26:52.927 [main] DEBUG org.hibernate.boot.internal.ClassLoaderAccessImpl - Not known whether passed class name [com.myproject.shoppingcart.domain.Product] is safe
17:26:52.927 [main] DEBUG org.hibernate.boot.internal.ClassLoaderAccessImpl - No temp ClassLoader provided; using live ClassLoader for loading potentially unsafe class : com.myproject.shoppingcart.domain.Product
17:26:52.929 [main] DEBUG org.hibernate.persister.collection.AbstractCollectionPersister - Static SQL for collection: com.myproject.shoppingcart.domain.Supplier.products
17:26:52.929 [main] DEBUG org.hibernate.persister.collection.AbstractCollectionPersister -  Row insert: update Product set sup_id=? where product_id=?
17:26:52.929 [main] DEBUG org.hibernate.persister.collection.AbstractCollectionPersister -  Row update: update Product set  where product_id=?
17:26:52.929 [main] DEBUG org.hibernate.persister.collection.AbstractCollectionPersister -  Row delete: update Product set sup_id=null where sup_id=? and product_id=?
17:26:52.929 [main] DEBUG org.hibernate.persister.collection.AbstractCollectionPersister -  One-shot delete: update Product set sup_id=null where sup_id=?
17:26:52.929 [main] DEBUG org.hibernate.persister.collection.AbstractCollectionPersister - Static SQL for collection: com.myproject.shoppingcart.domain.Category.products
17:26:52.929 [main] DEBUG org.hibernate.persister.collection.AbstractCollectionPersister -  Row insert: update Product set cat_id=? where product_id=?
17:26:52.929 [main] DEBUG org.hibernate.persister.collection.AbstractCollectionPersister -  Row update: update Product set  where product_id=?
17:26:52.930 [main] DEBUG org.hibernate.persister.collection.AbstractCollectionPersister -  Row delete: update Product set cat_id=null where cat_id=? and product_id=?
17:26:52.930 [main] DEBUG org.hibernate.persister.collection.AbstractCollectionPersister -  One-shot delete: update Product set cat_id=null where cat_id=?
17:26:52.930 [main] DEBUG org.hibernate.persister.entity.AbstractEntityPersister - Static SQL for entity: com.myproject.shoppingcart.domain.User
17:26:52.930 [main] DEBUG org.hibernate.persister.entity.AbstractEntityPersister -  Version select: select emailID from user where emailID =?
17:26:52.930 [main] DEBUG org.hibernate.persister.entity.AbstractEntityPersister -  Snapshot select: select user_.emailID, user_.address as address2_5_, user_.enabled as enabled3_5_, user_.fullname as fullname4_5_, user_.mobile as mobile5_5_, user_.pincode as pincode6_5_, user_.password as password7_5_, user_.registeredDate as register8_5_, user_.role as role9_5_, user_.state as state10_5_ from user user_ where user_.emailID=?
17:26:52.930 [main] DEBUG org.hibernate.persister.entity.AbstractEntityPersister -  Insert 0: insert into user (address, enabled, fullname, mobile, pincode, password, registeredDate, role, state, emailID) values (?, ?, ?, ?, ?, ?, ?, ?, ?, ?)
17:26:52.930 [main] DEBUG org.hibernate.persister.entity.AbstractEntityPersister -  Update 0: update user set address=?, enabled=?, fullname=?, mobile=?, pincode=?, password=?, registeredDate=?, role=?, state=? where emailID=?
17:26:52.930 [main] DEBUG org.hibernate.persister.entity.AbstractEntityPersister -  Delete 0: delete from user where emailID=?
17:26:52.930 [main] DEBUG org.hibernate.loader.plan.build.internal.spaces.QuerySpacesImpl - Adding QuerySpace : uid = &lt;gen:0&gt; -&gt; org.hibernate.loader.plan.build.internal.spaces.EntityQuerySpaceImpl@748e9b20]
17:26:52.930 [main] DEBUG org.hibernate.persister.walking.spi.MetamodelGraphWalker - Visiting attribute path : address
17:26:52.930 [main] DEBUG org.hibernate.persister.walking.spi.MetamodelGraphWalker - Visiting attribute path : enabled
17:26:52.930 [main] DEBUG org.hibernate.persister.walking.spi.MetamodelGraphWalker - Visiting attribute path : fullname
17:26:52.930 [main] DEBUG org.hibernate.persister.walking.spi.MetamodelGraphWalker - Visiting attribute path : mobile
17:26:52.930 [main] DEBUG org.hibernate.persister.walking.spi.MetamodelGraphWalker - Visiting attribute path : pincode
17:26:52.930 [main] DEBUG org.hibernate.persister.walking.spi.MetamodelGraphWalker - Visiting attribute path : pwd
17:26:52.930 [main] DEBUG org.hibernate.persister.walking.spi.MetamodelGraphWalker - Visiting attribute path : registeredDate
17:26:52.930 [main] DEBUG org.hibernate.persister.walking.spi.MetamodelGraphWalker - Visiting attribute path : role
17:26:52.930 [main] DEBUG org.hibernate.persister.walking.spi.MetamodelGraphWalker - Visiting attribute path : state
17:26:52.930 [main] DEBUG org.hibernate.loader.plan.build.internal.FetchStyleLoadPlanBuildingAssociationVisitationStrategy - Building LoadPlan...
17:26:52.931 [main] DEBUG org.hibernate.loader.plan.exec.internal.LoadQueryJoinAndFetchProcessor - processing queryspace &lt;gen:0&gt;
17:26:52.931 [main] DEBUG org.hibernate.loader.plan.build.spi.LoadPlanTreePrinter - LoadPlan(entity=com.myproject.shoppingcart.domain.User)
    - Returns
       - EntityReturnImpl(entity=com.myproject.shoppingcart.domain.User, querySpaceUid=&lt;gen:0&gt;, path=com.myproject.shoppingcart.domain.User)
    - QuerySpaces
       - EntityQuerySpaceImpl(uid=&lt;gen:0&gt;, entity=com.myproject.shoppingcart.domain.User)
          - SQL table alias mapping - user0_
          - alias suffix - 0_
          - suffixed key columns - {emailID1_5_0_}

17:26:52.931 [main] DEBUG org.hibernate.loader.entity.plan.EntityLoader - Static select for entity com.myproject.shoppingcart.domain.User [NONE]: select user0_.emailID as emailID1_5_0_, user0_.address as address2_5_0_, user0_.enabled as enabled3_5_0_, user0_.fullname as fullname4_5_0_, user0_.mobile as mobile5_5_0_, user0_.pincode as pincode6_5_0_, user0_.password as password7_5_0_, user0_.registeredDate as register8_5_0_, user0_.role as role9_5_0_, user0_.state as state10_5_0_ from user user0_ where user0_.emailID=?
17:26:52.931 [main] DEBUG org.hibernate.loader.plan.build.internal.spaces.QuerySpacesImpl - Adding QuerySpace : uid = &lt;gen:0&gt; -&gt; org.hibernate.loader.plan.build.internal.spaces.EntityQuerySpaceImpl@2a9bc08f]
17:26:52.931 [main] DEBUG org.hibernate.persister.walking.spi.MetamodelGraphWalker - Visiting attribute path : address
17:26:52.931 [main] DEBUG org.hibernate.persister.walking.spi.MetamodelGraphWalker - Visiting attribute path : enabled
17:26:52.931 [main] DEBUG org.hibernate.persister.walking.spi.MetamodelGraphWalker - Visiting attribute path : fullname
17:26:52.931 [main] DEBUG org.hibernate.persister.walking.spi.MetamodelGraphWalker - Visiting attribute path : mobile
17:26:52.931 [main] DEBUG org.hibernate.persister.walking.spi.MetamodelGraphWalker - Visiting attribute path : pincode
17:26:52.931 [main] DEBUG org.hibernate.persister.walking.spi.MetamodelGraphWalker - Visiting attribute path : pwd
17:26:52.931 [main] DEBUG org.hibernate.persister.walking.spi.MetamodelGraphWalker - Visiting attribute path : registeredDate
17:26:52.931 [main] DEBUG org.hibernate.persister.walking.spi.MetamodelGraphWalker - Visiting attribute path : role
17:26:52.931 [main] DEBUG org.hibernate.persister.walking.spi.MetamodelGraphWalker - Visiting attribute path : state
17:26:52.931 [main] DEBUG org.hibernate.loader.plan.build.internal.FetchStyleLoadPlanBuildingAssociationVisitationStrategy - Building LoadPlan...
17:26:52.932 [main] DEBUG org.hibernate.loader.plan.exec.internal.LoadQueryJoinAndFetchProcessor - processing queryspace &lt;gen:0&gt;
17:26:52.932 [main] DEBUG org.hibernate.loader.plan.build.spi.LoadPlanTreePrinter - LoadPlan(entity=com.myproject.shoppingcart.domain.User)
    - Returns
       - EntityReturnImpl(entity=com.myproject.shoppingcart.domain.User, querySpaceUid=&lt;gen:0&gt;, path=com.myproject.shoppingcart.domain.User)
    - QuerySpaces
       - EntityQuerySpaceImpl(uid=&lt;gen:0&gt;, entity=com.myproject.shoppingcart.domain.User)
          - SQL table alias mapping - user0_
          - alias suffix - 0_
          - suffixed key columns - {emailID1_5_0_}

17:26:52.932 [main] DEBUG org.hibernate.loader.entity.plan.EntityLoader - Static select for entity com.myproject.shoppingcart.domain.User [READ]: select user0_.emailID as emailID1_5_0_, user0_.address as address2_5_0_, user0_.enabled as enabled3_5_0_, user0_.fullname as fullname4_5_0_, user0_.mobile as mobile5_5_0_, user0_.pincode as pincode6_5_0_, user0_.password as password7_5_0_, user0_.registeredDate as register8_5_0_, user0_.role as role9_5_0_, user0_.state as state10_5_0_ from user user0_ where user0_.emailID=?
17:26:52.932 [main] DEBUG org.hibernate.loader.plan.build.internal.spaces.QuerySpacesImpl - Adding QuerySpace : uid = &lt;gen:0&gt; -&gt; org.hibernate.loader.plan.build.internal.spaces.EntityQuerySpaceImpl@50a3d0f6]
17:26:52.932 [main] DEBUG org.hibernate.persister.walking.spi.MetamodelGraphWalker - Visiting attribute path : address
17:26:52.932 [main] DEBUG org.hibernate.persister.walking.spi.MetamodelGraphWalker - Visiting attribute path : enabled
17:26:52.932 [main] DEBUG org.hibernate.persister.walking.spi.MetamodelGraphWalker - Visiting attribute path : fullname
17:26:52.932 [main] DEBUG org.hibernate.persister.walking.spi.MetamodelGraphWalker - Visiting attribute path : mobile
17:26:52.932 [main] DEBUG org.hibernate.persister.walking.spi.MetamodelGraphWalker - Visiting attribute path : pincode
17:26:52.932 [main] DEBUG org.hibernate.persister.walking.spi.MetamodelGraphWalker - Visiting attribute path : pwd
17:26:52.932 [main] DEBUG org.hibernate.persister.walking.spi.MetamodelGraphWalker - Visiting attribute path : registeredDate
17:26:52.932 [main] DEBUG org.hibernate.persister.walking.spi.MetamodelGraphWalker - Visiting attribute path : role
17:26:52.932 [main] DEBUG org.hibernate.persister.walking.spi.MetamodelGraphWalker - Visiting attribute path : state
17:26:52.932 [main] DEBUG org.hibernate.loader.plan.build.internal.FetchStyleLoadPlanBuildingAssociationVisitationStrategy - Building LoadPlan...
17:26:52.932 [main] DEBUG org.hibernate.loader.plan.exec.internal.LoadQueryJoinAndFetchProcessor - processing queryspace &lt;gen:0&gt;
17:26:52.933 [main] DEBUG org.hibernate.loader.plan.build.spi.LoadPlanTreePrinter - LoadPlan(entity=com.myproject.shoppingcart.domain.User)
    - Returns
       - EntityReturnImpl(entity=com.myproject.shoppingcart.domain.User, querySpaceUid=&lt;gen:0&gt;, path=com.myproject.shoppingcart.domain.User)
    - QuerySpaces
       - EntityQuerySpaceImpl(uid=&lt;gen:0&gt;, entity=com.myproject.shoppingcart.domain.User)
          - SQL table alias mapping - user0_
          - alias suffix - 0_
          - suffixed key columns - {emailID1_5_0_}

17:26:52.933 [main] DEBUG org.hibernate.loader.entity.plan.EntityLoader - Static select for entity com.myproject.shoppingcart.domain.User [UPGRADE]: select user0_.emailID as emailID1_5_0_, user0_.address as address2_5_0_, user0_.enabled as enabled3_5_0_, user0_.fullname as fullname4_5_0_, user0_.mobile as mobile5_5_0_, user0_.pincode as pincode6_5_0_, user0_.password as password7_5_0_, user0_.registeredDate as register8_5_0_, user0_.role as role9_5_0_, user0_.state as state10_5_0_ from user user0_ where user0_.emailID=? for update
17:26:52.933 [main] DEBUG org.hibernate.loader.plan.build.internal.spaces.QuerySpacesImpl - Adding QuerySpace : uid = &lt;gen:0&gt; -&gt; org.hibernate.loader.plan.build.internal.spaces.EntityQuerySpaceImpl@1abc9f14]
17:26:52.933 [main] DEBUG org.hibernate.persister.walking.spi.MetamodelGraphWalker - Visiting attribute path : address
17:26:52.933 [main] DEBUG org.hibernate.persister.walking.spi.MetamodelGraphWalker - Visiting attribute path : enabled
17:26:52.933 [main] DEBUG org.hibernate.persister.walking.spi.MetamodelGraphWalker - Visiting attribute path : fullname
17:26:52.933 [main] DEBUG org.hibernate.persister.walking.spi.MetamodelGraphWalker - Visiting attribute path : mobile
17:26:52.933 [main] DEBUG org.hibernate.persister.walking.spi.MetamodelGraphWalker - Visiting attribute path : pincode
17:26:52.933 [main] DEBUG org.hibernate.persister.walking.spi.MetamodelGraphWalker - Visiting attribute path : pwd
17:26:52.933 [main] DEBUG org.hibernate.persister.walking.spi.MetamodelGraphWalker - Visiting attribute path : registeredDate
17:26:52.933 [main] DEBUG org.hibernate.persister.walking.spi.MetamodelGraphWalker - Visiting attribute path : role
17:26:52.933 [main] DEBUG org.hibernate.persister.walking.spi.MetamodelGraphWalker - Visiting attribute path : state
17:26:52.933 [main] DEBUG org.hibernate.loader.plan.build.internal.FetchStyleLoadPlanBuildingAssociationVisitationStrategy - Building LoadPlan...
17:26:52.933 [main] DEBUG org.hibernate.loader.plan.exec.internal.LoadQueryJoinAndFetchProcessor - processing queryspace &lt;gen:0&gt;
17:26:52.934 [main] DEBUG org.hibernate.loader.plan.build.spi.LoadPlanTreePrinter - LoadPlan(entity=com.myproject.shoppingcart.domain.User)
    - Returns
       - EntityReturnImpl(entity=com.myproject.shoppingcart.domain.User, querySpaceUid=&lt;gen:0&gt;, path=com.myproject.shoppingcart.domain.User)
    - QuerySpaces
       - EntityQuerySpaceImpl(uid=&lt;gen:0&gt;, entity=com.myproject.shoppingcart.domain.User)
          - SQL table alias mapping - user0_
          - alias suffix - 0_
          - suffixed key columns - {emailID1_5_0_}

17:26:52.934 [main] DEBUG org.hibernate.loader.entity.plan.EntityLoader - Static select for entity com.myproject.shoppingcart.domain.User [UPGRADE_NOWAIT]: select user0_.emailID as emailID1_5_0_, user0_.address as address2_5_0_, user0_.enabled as enabled3_5_0_, user0_.fullname as fullname4_5_0_, user0_.mobile as mobile5_5_0_, user0_.pincode as pincode6_5_0_, user0_.password as password7_5_0_, user0_.registeredDate as register8_5_0_, user0_.role as role9_5_0_, user0_.state as state10_5_0_ from user user0_ where user0_.emailID=? for update
17:26:52.934 [main] DEBUG org.hibernate.loader.plan.build.internal.spaces.QuerySpacesImpl - Adding QuerySpace : uid = &lt;gen:0&gt; -&gt; org.hibernate.loader.plan.build.internal.spaces.EntityQuerySpaceImpl@24e08d59]
17:26:52.934 [main] DEBUG org.hibernate.persister.walking.spi.MetamodelGraphWalker - Visiting attribute path : address
17:26:52.934 [main] DEBUG org.hibernate.persister.walking.spi.MetamodelGraphWalker - Visiting attribute path : enabled
17:26:52.934 [main] DEBUG org.hibernate.persister.walking.spi.MetamodelGraphWalker - Visiting attribute path : fullname
17:26:52.934 [main] DEBUG org.hibernate.persister.walking.spi.MetamodelGraphWalker - Visiting attribute path : mobile
17:26:52.934 [main] DEBUG org.hibernate.persister.walking.spi.MetamodelGraphWalker - Visiting attribute path : pincode
17:26:52.934 [main] DEBUG org.hibernate.persister.walking.spi.MetamodelGraphWalker - Visiting attribute path : pwd
17:26:52.934 [main] DEBUG org.hibernate.persister.walking.spi.MetamodelGraphWalker - Visiting attribute path : registeredDate
17:26:52.934 [main] DEBUG org.hibernate.persister.walking.spi.MetamodelGraphWalker - Visiting attribute path : role
17:26:52.934 [main] DEBUG org.hibernate.persister.walking.spi.MetamodelGraphWalker - Visiting attribute path : state
17:26:52.934 [main] DEBUG org.hibernate.loader.plan.build.internal.FetchStyleLoadPlanBuildingAssociationVisitationStrategy - Building LoadPlan...
17:26:52.934 [main] DEBUG org.hibernate.loader.plan.exec.internal.LoadQueryJoinAndFetchProcessor - processing queryspace &lt;gen:0&gt;
17:26:52.934 [main] DEBUG org.hibernate.loader.plan.build.spi.LoadPlanTreePrinter - LoadPlan(entity=com.myproject.shoppingcart.domain.User)
    - Returns
       - EntityReturnImpl(entity=com.myproject.shoppingcart.domain.User, querySpaceUid=&lt;gen:0&gt;, path=com.myproject.shoppingcart.domain.User)
    - QuerySpaces
       - EntityQuerySpaceImpl(uid=&lt;gen:0&gt;, entity=com.myproject.shoppingcart.domain.User)
          - SQL table alias mapping - user0_
          - alias suffix - 0_
          - suffixed key columns - {emailID1_5_0_}

17:26:52.934 [main] DEBUG org.hibernate.loader.entity.plan.EntityLoader - Static select for entity com.myproject.shoppingcart.domain.User [UPGRADE_SKIPLOCKED]: select user0_.emailID as emailID1_5_0_, user0_.address as address2_5_0_, user0_.enabled as enabled3_5_0_, user0_.fullname as fullname4_5_0_, user0_.mobile as mobile5_5_0_, user0_.pincode as pincode6_5_0_, user0_.password as password7_5_0_, user0_.registeredDate as register8_5_0_, user0_.role as role9_5_0_, user0_.state as state10_5_0_ from user user0_ where user0_.emailID=? for update
17:26:52.935 [main] DEBUG org.hibernate.loader.plan.build.internal.spaces.QuerySpacesImpl - Adding QuerySpace : uid = &lt;gen:0&gt; -&gt; org.hibernate.loader.plan.build.internal.spaces.EntityQuerySpaceImpl@971e903]
17:26:52.935 [main] DEBUG org.hibernate.persister.walking.spi.MetamodelGraphWalker - Visiting attribute path : address
17:26:52.935 [main] DEBUG org.hibernate.persister.walking.spi.MetamodelGraphWalker - Visiting attribute path : enabled
17:26:52.935 [main] DEBUG org.hibernate.persister.walking.spi.MetamodelGraphWalker - Visiting attribute path : fullname
17:26:52.935 [main] DEBUG org.hibernate.persister.walking.spi.MetamodelGraphWalker - Visiting attribute path : mobile
17:26:52.935 [main] DEBUG org.hibernate.persister.walking.spi.MetamodelGraphWalker - Visiting attribute path : pincode
17:26:52.935 [main] DEBUG org.hibernate.persister.walking.spi.MetamodelGraphWalker - Visiting attribute path : pwd
17:26:52.935 [main] DEBUG org.hibernate.persister.walking.spi.MetamodelGraphWalker - Visiting attribute path : registeredDate
17:26:52.935 [main] DEBUG org.hibernate.persister.walking.spi.MetamodelGraphWalker - Visiting attribute path : role
17:26:52.935 [main] DEBUG org.hibernate.persister.walking.spi.MetamodelGraphWalker - Visiting attribute path : state
17:26:52.935 [main] DEBUG org.hibernate.loader.plan.build.internal.FetchStyleLoadPlanBuildingAssociationVisitationStrategy - Building LoadPlan...
17:26:52.935 [main] DEBUG org.hibernate.loader.plan.exec.internal.LoadQueryJoinAndFetchProcessor - processing queryspace &lt;gen:0&gt;
17:26:52.935 [main] DEBUG org.hibernate.loader.plan.build.spi.LoadPlanTreePrinter - LoadPlan(entity=com.myproject.shoppingcart.domain.User)
    - Returns
       - EntityReturnImpl(entity=com.myproject.shoppingcart.domain.User, querySpaceUid=&lt;gen:0&gt;, path=com.myproject.shoppingcart.domain.User)
    - QuerySpaces
       - EntityQuerySpaceImpl(uid=&lt;gen:0&gt;, entity=com.myproject.shoppingcart.domain.User)
          - SQL table alias mapping - user0_
          - alias suffix - 0_
          - suffixed key columns - {emailID1_5_0_}

17:26:52.935 [main] DEBUG org.hibernate.loader.entity.plan.EntityLoader - Static select for entity com.myproject.shoppingcart.domain.User [FORCE]: select user0_.emailID as emailID1_5_0_, user0_.address as address2_5_0_, user0_.enabled as enabled3_5_0_, user0_.fullname as fullname4_5_0_, user0_.mobile as mobile5_5_0_, user0_.pincode as pincode6_5_0_, user0_.password as password7_5_0_, user0_.registeredDate as register8_5_0_, user0_.role as role9_5_0_, user0_.state as state10_5_0_ from user user0_ where user0_.emailID=? for update
17:26:52.935 [main] DEBUG org.hibernate.loader.plan.build.internal.spaces.QuerySpacesImpl - Adding QuerySpace : uid = &lt;gen:0&gt; -&gt; org.hibernate.loader.plan.build.internal.spaces.EntityQuerySpaceImpl@1549bba7]
17:26:52.935 [main] DEBUG org.hibernate.persister.walking.spi.MetamodelGraphWalker - Visiting attribute path : address
17:26:52.935 [main] DEBUG org.hibernate.persister.walking.spi.MetamodelGraphWalker - Visiting attribute path : enabled
17:26:52.935 [main] DEBUG org.hibernate.persister.walking.spi.MetamodelGraphWalker - Visiting attribute path : fullname
17:26:52.935 [main] DEBUG org.hibernate.persister.walking.spi.MetamodelGraphWalker - Visiting attribute path : mobile
17:26:52.935 [main] DEBUG org.hibernate.persister.walking.spi.MetamodelGraphWalker - Visiting attribute path : pincode
17:26:52.935 [main] DEBUG org.hibernate.persister.walking.spi.MetamodelGraphWalker - Visiting attribute path : pwd
17:26:52.935 [main] DEBUG org.hibernate.persister.walking.spi.MetamodelGraphWalker - Visiting attribute path : registeredDate
17:26:52.935 [main] DEBUG org.hibernate.persister.walking.spi.MetamodelGraphWalker - Visiting attribute path : role
17:26:52.935 [main] DEBUG org.hibernate.persister.walking.spi.MetamodelGraphWalker - Visiting attribute path : state
17:26:52.935 [main] DEBUG org.hibernate.loader.plan.build.internal.FetchStyleLoadPlanBuildingAssociationVisitationStrategy - Building LoadPlan...
17:26:52.936 [main] DEBUG org.hibernate.loader.plan.exec.internal.LoadQueryJoinAndFetchProcessor - processing queryspace &lt;gen:0&gt;
17:26:52.936 [main] DEBUG org.hibernate.loader.plan.build.spi.LoadPlanTreePrinter - LoadPlan(entity=com.myproject.shoppingcart.domain.User)
    - Returns
       - EntityReturnImpl(entity=com.myproject.shoppingcart.domain.User, querySpaceUid=&lt;gen:0&gt;, path=com.myproject.shoppingcart.domain.User)
    - QuerySpaces
       - EntityQuerySpaceImpl(uid=&lt;gen:0&gt;, entity=com.myproject.shoppingcart.domain.User)
          - SQL table alias mapping - user0_
          - alias suffix - 0_
          - suffixed key columns - {emailID1_5_0_}

17:26:52.936 [main] DEBUG org.hibernate.loader.entity.plan.EntityLoader - Static select for entity com.myproject.shoppingcart.domain.User [PESSIMISTIC_READ]: select user0_.emailID as emailID1_5_0_, user0_.address as address2_5_0_, user0_.enabled as enabled3_5_0_, user0_.fullname as fullname4_5_0_, user0_.mobile as mobile5_5_0_, user0_.pincode as pincode6_5_0_, user0_.password as password7_5_0_, user0_.registeredDate as register8_5_0_, user0_.role as role9_5_0_, user0_.state as state10_5_0_ from user user0_ where user0_.emailID=? for update
17:26:52.936 [main] DEBUG org.hibernate.loader.plan.build.internal.spaces.QuerySpacesImpl - Adding QuerySpace : uid = &lt;gen:0&gt; -&gt; org.hibernate.loader.plan.build.internal.spaces.EntityQuerySpaceImpl@38704ff0]
17:26:52.936 [main] DEBUG org.hibernate.persister.walking.spi.MetamodelGraphWalker - Visiting attribute path : address
17:26:52.936 [main] DEBUG org.hibernate.persister.walking.spi.MetamodelGraphWalker - Visiting attribute path : enabled
17:26:52.936 [main] DEBUG org.hibernate.persister.walking.spi.MetamodelGraphWalker - Visiting attribute path : fullname
17:26:52.936 [main] DEBUG org.hibernate.persister.walking.spi.MetamodelGraphWalker - Visiting attribute path : mobile
17:26:52.936 [main] DEBUG org.hibernate.persister.walking.spi.MetamodelGraphWalker - Visiting attribute path : pincode
17:26:52.936 [main] DEBUG org.hibernate.persister.walking.spi.MetamodelGraphWalker - Visiting attribute path : pwd
17:26:52.936 [main] DEBUG org.hibernate.persister.walking.spi.MetamodelGraphWalker - Visiting attribute path : registeredDate
17:26:52.936 [main] DEBUG org.hibernate.persister.walking.spi.MetamodelGraphWalker - Visiting attribute path : role
17:26:52.936 [main] DEBUG org.hibernate.persister.walking.spi.MetamodelGraphWalker - Visiting attribute path : state
17:26:52.936 [main] DEBUG org.hibernate.loader.plan.build.internal.FetchStyleLoadPlanBuildingAssociationVisitationStrategy - Building LoadPlan...
17:26:52.936 [main] DEBUG org.hibernate.loader.plan.exec.internal.LoadQueryJoinAndFetchProcessor - processing queryspace &lt;gen:0&gt;
17:26:52.936 [main] DEBUG org.hibernate.loader.plan.build.spi.LoadPlanTreePrinter - LoadPlan(entity=com.myproject.shoppingcart.domain.User)
    - Returns
       - EntityReturnImpl(entity=com.myproject.shoppingcart.domain.User, querySpaceUid=&lt;gen:0&gt;, path=com.myproject.shoppingcart.domain.User)
    - QuerySpaces
       - EntityQuerySpaceImpl(uid=&lt;gen:0&gt;, entity=com.myproject.shoppingcart.domain.User)
          - SQL table alias mapping - user0_
          - alias suffix - 0_
          - suffixed key columns - {emailID1_5_0_}

17:26:52.937 [main] DEBUG org.hibernate.loader.entity.plan.EntityLoader - Static select for entity com.myproject.shoppingcart.domain.User [PESSIMISTIC_WRITE]: select user0_.emailID as emailID1_5_0_, user0_.address as address2_5_0_, user0_.enabled as enabled3_5_0_, user0_.fullname as fullname4_5_0_, user0_.mobile as mobile5_5_0_, user0_.pincode as pincode6_5_0_, user0_.password as password7_5_0_, user0_.registeredDate as register8_5_0_, user0_.role as role9_5_0_, user0_.state as state10_5_0_ from user user0_ where user0_.emailID=? for update
17:26:52.937 [main] DEBUG org.hibernate.loader.plan.build.internal.spaces.QuerySpacesImpl - Adding QuerySpace : uid = &lt;gen:0&gt; -&gt; org.hibernate.loader.plan.build.internal.spaces.EntityQuerySpaceImpl@4e61e4c2]
17:26:52.937 [main] DEBUG org.hibernate.persister.walking.spi.MetamodelGraphWalker - Visiting attribute path : address
17:26:52.937 [main] DEBUG org.hibernate.persister.walking.spi.MetamodelGraphWalker - Visiting attribute path : enabled
17:26:52.937 [main] DEBUG org.hibernate.persister.walking.spi.MetamodelGraphWalker - Visiting attribute path : fullname
17:26:52.937 [main] DEBUG org.hibernate.persister.walking.spi.MetamodelGraphWalker - Visiting attribute path : mobile
17:26:52.937 [main] DEBUG org.hibernate.persister.walking.spi.MetamodelGraphWalker - Visiting attribute path : pincode
17:26:52.937 [main] DEBUG org.hibernate.persister.walking.spi.MetamodelGraphWalker - Visiting attribute path : pwd
17:26:52.937 [main] DEBUG org.hibernate.persister.walking.spi.MetamodelGraphWalker - Visiting attribute path : registeredDate
17:26:52.937 [main] DEBUG org.hibernate.persister.walking.spi.MetamodelGraphWalker - Visiting attribute path : role
17:26:52.937 [main] DEBUG org.hibernate.persister.walking.spi.MetamodelGraphWalker - Visiting attribute path : state
17:26:52.937 [main] DEBUG org.hibernate.loader.plan.build.internal.FetchStyleLoadPlanBuildingAssociationVisitationStrategy - Building LoadPlan...
17:26:52.937 [main] DEBUG org.hibernate.loader.plan.exec.internal.LoadQueryJoinAndFetchProcessor - processing queryspace &lt;gen:0&gt;
17:26:52.937 [main] DEBUG org.hibernate.loader.plan.build.spi.LoadPlanTreePrinter - LoadPlan(entity=com.myproject.shoppingcart.domain.User)
    - Returns
       - EntityReturnImpl(entity=com.myproject.shoppingcart.domain.User, querySpaceUid=&lt;gen:0&gt;, path=com.myproject.shoppingcart.domain.User)
    - QuerySpaces
       - EntityQuerySpaceImpl(uid=&lt;gen:0&gt;, entity=com.myproject.shoppingcart.domain.User)
          - SQL table alias mapping - user0_
          - alias suffix - 0_
          - suffixed key columns - {emailID1_5_0_}

17:26:52.937 [main] DEBUG org.hibernate.loader.entity.plan.EntityLoader - Static select for entity com.myproject.shoppingcart.domain.User [PESSIMISTIC_FORCE_INCREMENT]: select user0_.emailID as emailID1_5_0_, user0_.address as address2_5_0_, user0_.enabled as enabled3_5_0_, user0_.fullname as fullname4_5_0_, user0_.mobile as mobile5_5_0_, user0_.pincode as pincode6_5_0_, user0_.password as password7_5_0_, user0_.registeredDate as register8_5_0_, user0_.role as role9_5_0_, user0_.state as state10_5_0_ from user user0_ where user0_.emailID=? for update
17:26:52.937 [main] DEBUG org.hibernate.loader.plan.build.internal.spaces.QuerySpacesImpl - Adding QuerySpace : uid = &lt;gen:0&gt; -&gt; org.hibernate.loader.plan.build.internal.spaces.EntityQuerySpaceImpl@36dfbdaf]
17:26:52.937 [main] DEBUG org.hibernate.persister.walking.spi.MetamodelGraphWalker - Visiting attribute path : address
17:26:52.937 [main] DEBUG org.hibernate.persister.walking.spi.MetamodelGraphWalker - Visiting attribute path : enabled
17:26:52.937 [main] DEBUG org.hibernate.persister.walking.spi.MetamodelGraphWalker - Visiting attribute path : fullname
17:26:52.937 [main] DEBUG org.hibernate.persister.walking.spi.MetamodelGraphWalker - Visiting attribute path : mobile
17:26:52.937 [main] DEBUG org.hibernate.persister.walking.spi.MetamodelGraphWalker - Visiting attribute path : pincode
17:26:52.937 [main] DEBUG org.hibernate.persister.walking.spi.MetamodelGraphWalker - Visiting attribute path : pwd
17:26:52.937 [main] DEBUG org.hibernate.persister.walking.spi.MetamodelGraphWalker - Visiting attribute path : registeredDate
17:26:52.937 [main] DEBUG org.hibernate.persister.walking.spi.MetamodelGraphWalker - Visiting attribute path : role
17:26:52.937 [main] DEBUG org.hibernate.persister.walking.spi.MetamodelGraphWalker - Visiting attribute path : state
17:26:52.938 [main] DEBUG org.hibernate.loader.plan.build.internal.FetchStyleLoadPlanBuildingAssociationVisitationStrategy - Building LoadPlan...
17:26:52.938 [main] DEBUG org.hibernate.loader.plan.exec.internal.LoadQueryJoinAndFetchProcessor - processing queryspace &lt;gen:0&gt;
17:26:52.938 [main] DEBUG org.hibernate.loader.plan.build.spi.LoadPlanTreePrinter - LoadPlan(entity=com.myproject.shoppingcart.domain.User)
    - Returns
       - EntityReturnImpl(entity=com.myproject.shoppingcart.domain.User, querySpaceUid=&lt;gen:0&gt;, path=com.myproject.shoppingcart.domain.User)
    - QuerySpaces
       - EntityQuerySpaceImpl(uid=&lt;gen:0&gt;, entity=com.myproject.shoppingcart.domain.User)
          - SQL table alias mapping - user0_
          - alias suffix - 0_
          - suffixed key columns - {emailID1_5_0_}

17:26:52.938 [main] DEBUG org.hibernate.loader.entity.plan.EntityLoader - Static select for entity com.myproject.shoppingcart.domain.User [OPTIMISTIC]: select user0_.emailID as emailID1_5_0_, user0_.address as address2_5_0_, user0_.enabled as enabled3_5_0_, user0_.fullname as fullname4_5_0_, user0_.mobile as mobile5_5_0_, user0_.pincode as pincode6_5_0_, user0_.password as password7_5_0_, user0_.registeredDate as register8_5_0_, user0_.role as role9_5_0_, user0_.state as state10_5_0_ from user user0_ where user0_.emailID=?
17:26:52.938 [main] DEBUG org.hibernate.loader.plan.build.internal.spaces.QuerySpacesImpl - Adding QuerySpace : uid = &lt;gen:0&gt; -&gt; org.hibernate.loader.plan.build.internal.spaces.EntityQuerySpaceImpl@e04ccf8]
17:26:52.938 [main] DEBUG org.hibernate.persister.walking.spi.MetamodelGraphWalker - Visiting attribute path : address
17:26:52.938 [main] DEBUG org.hibernate.persister.walking.spi.MetamodelGraphWalker - Visiting attribute path : enabled
17:26:52.938 [main] DEBUG org.hibernate.persister.walking.spi.MetamodelGraphWalker - Visiting attribute path : fullname
17:26:52.938 [main] DEBUG org.hibernate.persister.walking.spi.MetamodelGraphWalker - Visiting attribute path : mobile
17:26:52.938 [main] DEBUG org.hibernate.persister.walking.spi.MetamodelGraphWalker - Visiting attribute path : pincode
17:26:52.938 [main] DEBUG org.hibernate.persister.walking.spi.MetamodelGraphWalker - Visiting attribute path : pwd
17:26:52.938 [main] DEBUG org.hibernate.persister.walking.spi.MetamodelGraphWalker - Visiting attribute path : registeredDate
17:26:52.938 [main] DEBUG org.hibernate.persister.walking.spi.MetamodelGraphWalker - Visiting attribute path : role
17:26:52.938 [main] DEBUG org.hibernate.persister.walking.spi.MetamodelGraphWalker - Visiting attribute path : state
17:26:52.938 [main] DEBUG org.hibernate.loader.plan.build.internal.FetchStyleLoadPlanBuildingAssociationVisitationStrategy - Building LoadPlan...
17:26:52.939 [main] DEBUG org.hibernate.loader.plan.exec.internal.LoadQueryJoinAndFetchProcessor - processing queryspace &lt;gen:0&gt;
17:26:52.939 [main] DEBUG org.hibernate.loader.plan.build.spi.LoadPlanTreePrinter - LoadPlan(entity=com.myproject.shoppingcart.domain.User)
    - Returns
       - EntityReturnImpl(entity=com.myproject.shoppingcart.domain.User, querySpaceUid=&lt;gen:0&gt;, path=com.myproject.shoppingcart.domain.User)
    - QuerySpaces
       - EntityQuerySpaceImpl(uid=&lt;gen:0&gt;, entity=com.myproject.shoppingcart.domain.User)
          - SQL table alias mapping - user0_
          - alias suffix - 0_
          - suffixed key columns - {emailID1_5_0_}

17:26:52.939 [main] DEBUG org.hibernate.loader.entity.plan.EntityLoader - Static select for entity com.myproject.shoppingcart.domain.User [OPTIMISTIC_FORCE_INCREMENT]: select user0_.emailID as emailID1_5_0_, user0_.address as address2_5_0_, user0_.enabled as enabled3_5_0_, user0_.fullname as fullname4_5_0_, user0_.mobile as mobile5_5_0_, user0_.pincode as pincode6_5_0_, user0_.password as password7_5_0_, user0_.registeredDate as register8_5_0_, user0_.role as role9_5_0_, user0_.state as state10_5_0_ from user user0_ where user0_.emailID=?
17:26:52.939 [main] DEBUG org.hibernate.loader.Loader - Static select for action ACTION_MERGE on entity com.myproject.shoppingcart.domain.User: select user0_.emailID as emailID1_5_0_, user0_.address as address2_5_0_, user0_.enabled as enabled3_5_0_, user0_.fullname as fullname4_5_0_, user0_.mobile as mobile5_5_0_, user0_.pincode as pincode6_5_0_, user0_.password as password7_5_0_, user0_.registeredDate as register8_5_0_, user0_.role as role9_5_0_, user0_.state as state10_5_0_ from user user0_ where user0_.emailID=?
17:26:52.939 [main] DEBUG org.hibernate.loader.Loader - Static select for action ACTION_REFRESH on entity com.myproject.shoppingcart.domain.User: select user0_.emailID as emailID1_5_0_, user0_.address as address2_5_0_, user0_.enabled as enabled3_5_0_, user0_.fullname as fullname4_5_0_, user0_.mobile as mobile5_5_0_, user0_.pincode as pincode6_5_0_, user0_.password as password7_5_0_, user0_.registeredDate as register8_5_0_, user0_.role as role9_5_0_, user0_.state as state10_5_0_ from user user0_ where user0_.emailID=?
17:26:52.940 [main] DEBUG org.hibernate.persister.entity.AbstractEntityPersister - Static SQL for entity: com.myproject.shoppingcart.domain.Category
17:26:52.940 [main] DEBUG org.hibernate.persister.entity.AbstractEntityPersister -  Version select: select category_id from Category where category_id =?
17:26:52.940 [main] DEBUG org.hibernate.persister.entity.AbstractEntityPersister -  Snapshot select: select category_.category_id, category_.description as descript2_1_, category_.name as name3_1_ from Category category_ where category_.category_id=?
17:26:52.940 [main] DEBUG org.hibernate.persister.entity.AbstractEntityPersister -  Insert 0: insert into Category (description, name, category_id) values (?, ?, ?)
17:26:52.940 [main] DEBUG org.hibernate.persister.entity.AbstractEntityPersister -  Update 0: update Category set description=?, name=? where category_id=?
17:26:52.940 [main] DEBUG org.hibernate.persister.entity.AbstractEntityPersister -  Delete 0: delete from Category where category_id=?
17:26:52.940 [main] DEBUG org.hibernate.loader.plan.build.internal.spaces.QuerySpacesImpl - Adding QuerySpace : uid = &lt;gen:0&gt; -&gt; org.hibernate.loader.plan.build.internal.spaces.EntityQuerySpaceImpl@1a28aef1]
17:26:52.940 [main] DEBUG org.hibernate.persister.walking.spi.MetamodelGraphWalker - Visiting attribute path : description
17:26:52.940 [main] DEBUG org.hibernate.persister.walking.spi.MetamodelGraphWalker - Visiting attribute path : name
17:26:52.940 [main] DEBUG org.hibernate.persister.walking.spi.MetamodelGraphWalker - Visiting attribute path : products
17:26:52.940 [main] DEBUG org.hibernate.loader.plan.build.internal.spaces.QuerySpacesImpl - Adding QuerySpace : uid = &lt;gen:1&gt; -&gt; org.hibernate.loader.plan.build.internal.spaces.CollectionQuerySpaceImpl@6e0cff20]
17:26:52.940 [main] DEBUG org.hibernate.loader.plan.build.internal.spaces.QuerySpacesImpl - Adding QuerySpace : uid = &lt;gen:2&gt; -&gt; org.hibernate.loader.plan.build.internal.spaces.EntityQuerySpaceImpl@359b650b]
17:26:52.940 [main] DEBUG org.hibernate.persister.walking.spi.MetamodelGraphWalker - Visiting attribute path : products.cat_id
17:26:52.940 [main] DEBUG org.hibernate.persister.walking.spi.MetamodelGraphWalker - Visiting attribute path : products.category
17:26:52.940 [main] DEBUG org.hibernate.persister.walking.spi.MetamodelGraphWalker - Property path deemed to be circular : products.category
17:26:52.940 [main] DEBUG org.hibernate.persister.walking.spi.MetamodelGraphWalker - Visiting attribute path : products.date_created
17:26:52.940 [main] DEBUG org.hibernate.persister.walking.spi.MetamodelGraphWalker - Visiting attribute path : products.description
17:26:52.940 [main] DEBUG org.hibernate.persister.walking.spi.MetamodelGraphWalker - Visiting attribute path : products.name
17:26:52.940 [main] DEBUG org.hibernate.persister.walking.spi.MetamodelGraphWalker - Visiting attribute path : products.price
17:26:52.940 [main] DEBUG org.hibernate.persister.walking.spi.MetamodelGraphWalker - Visiting attribute path : products.stock
17:26:52.940 [main] DEBUG org.hibernate.persister.walking.spi.MetamodelGraphWalker - Visiting attribute path : products.sup_id
17:26:52.940 [main] DEBUG org.hibernate.persister.walking.spi.MetamodelGraphWalker - Visiting attribute path : products.supplier
17:26:52.940 [main] DEBUG org.hibernate.loader.plan.build.internal.spaces.QuerySpacesImpl - Adding QuerySpace : uid = &lt;gen:3&gt; -&gt; org.hibernate.loader.plan.build.internal.spaces.EntityQuerySpaceImpl@191a709b]
17:26:52.940 [main] DEBUG org.hibernate.persister.walking.spi.MetamodelGraphWalker - Visiting attribute path : products.supplier.address
17:26:52.941 [main] DEBUG org.hibernate.persister.walking.spi.MetamodelGraphWalker - Visiting attribute path : products.supplier.name
17:26:52.941 [main] DEBUG org.hibernate.persister.walking.spi.MetamodelGraphWalker - Visiting attribute path : products.supplier.products
17:26:52.941 [main] DEBUG org.hibernate.persister.walking.spi.MetamodelGraphWalker - Property path deemed to be circular : products.supplier.products
17:26:52.941 [main] DEBUG org.hibernate.loader.plan.build.internal.FetchStyleLoadPlanBuildingAssociationVisitationStrategy - Building LoadPlan...
17:26:52.941 [main] DEBUG org.hibernate.loader.plan.exec.internal.LoadQueryJoinAndFetchProcessor - processing queryspace &lt;gen:0&gt;
17:26:52.942 [main] DEBUG org.hibernate.loader.plan.build.spi.LoadPlanTreePrinter - LoadPlan(entity=com.myproject.shoppingcart.domain.Category)
    - Returns
       - EntityReturnImpl(entity=com.myproject.shoppingcart.domain.Category, querySpaceUid=&lt;gen:0&gt;, path=com.myproject.shoppingcart.domain.Category)
          - CollectionAttributeFetchImpl(collection=com.myproject.shoppingcart.domain.Category.products, querySpaceUid=&lt;gen:1&gt;, path=com.myproject.shoppingcart.domain.Category.products)
             - (collection element) CollectionFetchableElementEntityGraph(entity=com.myproject.shoppingcart.domain.Product, querySpaceUid=&lt;gen:2&gt;, path=com.myproject.shoppingcart.domain.Category.products.&lt;elements&gt;)
                - EntityAttributeFetchImpl(entity=com.myproject.shoppingcart.domain.Supplier, querySpaceUid=&lt;gen:3&gt;, path=com.myproject.shoppingcart.domain.Category.products.&lt;elements&gt;.supplier)
    - QuerySpaces
       - EntityQuerySpaceImpl(uid=&lt;gen:0&gt;, entity=com.myproject.shoppingcart.domain.Category)
          - SQL table alias mapping - category0_
          - alias suffix - 0_
          - suffixed key columns - {category1_1_0_}
          - JOIN (JoinDefinedByMetadata(products)) : &lt;gen:0&gt; -&gt; &lt;gen:1&gt;
             - CollectionQuerySpaceImpl(uid=&lt;gen:1&gt;, collection=com.myproject.shoppingcart.domain.Category.products)
                - SQL table alias mapping - products1_
                - alias suffix - 1_
                - suffixed key columns - {cat_id2_3_1_}
                - entity-element alias suffix - 2_
                - 2_entity-element suffixed key columns - product_1_3_2_
                - JOIN (JoinDefinedByMetadata(elements)) : &lt;gen:1&gt; -&gt; &lt;gen:2&gt;
                   - EntityQuerySpaceImpl(uid=&lt;gen:2&gt;, entity=com.myproject.shoppingcart.domain.Product)
                      - SQL table alias mapping - products1_
                      - alias suffix - 2_
                      - suffixed key columns - {product_1_3_2_}
                      - JOIN (JoinDefinedByMetadata(supplier)) : &lt;gen:2&gt; -&gt; &lt;gen:3&gt;
                         - EntityQuerySpaceImpl(uid=&lt;gen:3&gt;, entity=com.myproject.shoppingcart.domain.Supplier)
                            - SQL table alias mapping - supplier2_
                            - alias suffix - 3_
                            - suffixed key columns - {supplier1_4_3_}

17:26:52.942 [main] DEBUG org.hibernate.loader.entity.plan.EntityLoader - Static select for entity com.myproject.shoppingcart.domain.Category [NONE]: select category0_.category_id as category1_1_0_, category0_.description as descript2_1_0_, category0_.name as name3_1_0_, products1_.cat_id as cat_id2_3_1_, products1_.product_id as product_1_3_1_, products1_.product_id as product_1_3_2_, products1_.cat_id as cat_id2_3_2_, products1_.date_created as date_cre3_3_2_, products1_.description as descript4_3_2_, products1_.name as name5_3_2_, products1_.price as price6_3_2_, products1_.stock as stock7_3_2_, products1_.sup_id as sup_id8_3_2_, supplier2_.supplier_id as supplier1_4_3_, supplier2_.address as address2_4_3_, supplier2_.name as name3_4_3_ from Category category0_ left outer join Product products1_ on category0_.category_id=products1_.cat_id left outer join Supplier supplier2_ on products1_.sup_id=supplier2_.supplier_id where category0_.category_id=?
17:26:52.942 [main] DEBUG org.hibernate.loader.plan.build.internal.spaces.QuerySpacesImpl - Adding QuerySpace : uid = &lt;gen:0&gt; -&gt; org.hibernate.loader.plan.build.internal.spaces.EntityQuerySpaceImpl@453d496b]
17:26:52.942 [main] DEBUG org.hibernate.persister.walking.spi.MetamodelGraphWalker - Visiting attribute path : description
17:26:52.942 [main] DEBUG org.hibernate.persister.walking.spi.MetamodelGraphWalker - Visiting attribute path : name
17:26:52.942 [main] DEBUG org.hibernate.persister.walking.spi.MetamodelGraphWalker - Visiting attribute path : products
17:26:52.942 [main] DEBUG org.hibernate.loader.plan.build.internal.spaces.QuerySpacesImpl - Adding QuerySpace : uid = &lt;gen:1&gt; -&gt; org.hibernate.loader.plan.build.internal.spaces.CollectionQuerySpaceImpl@2c6ee758]
17:26:52.942 [main] DEBUG org.hibernate.loader.plan.build.internal.spaces.QuerySpacesImpl - Adding QuerySpace : uid = &lt;gen:2&gt; -&gt; org.hibernate.loader.plan.build.internal.spaces.EntityQuerySpaceImpl@640dc4c6]
17:26:52.942 [main] DEBUG org.hibernate.persister.walking.spi.MetamodelGraphWalker - Visiting attribute path : products.cat_id
17:26:52.942 [main] DEBUG org.hibernate.persister.walking.spi.MetamodelGraphWalker - Visiting attribute path : products.category
17:26:52.942 [main] DEBUG org.hibernate.persister.walking.spi.MetamodelGraphWalker - Property path deemed to be circular : products.category
17:26:52.942 [main] DEBUG org.hibernate.persister.walking.spi.MetamodelGraphWalker - Visiting attribute path : products.date_created
17:26:52.942 [main] DEBUG org.hibernate.persister.walking.spi.MetamodelGraphWalker - Visiting attribute path : products.description
17:26:52.942 [main] DEBUG org.hibernate.persister.walking.spi.MetamodelGraphWalker - Visiting attribute path : products.name
17:26:52.942 [main] DEBUG org.hibernate.persister.walking.spi.MetamodelGraphWalker - Visiting attribute path : products.price
17:26:52.942 [main] DEBUG org.hibernate.persister.walking.spi.MetamodelGraphWalker - Visiting attribute path : products.stock
17:26:52.942 [main] DEBUG org.hibernate.persister.walking.spi.MetamodelGraphWalker - Visiting attribute path : products.sup_id
17:26:52.942 [main] DEBUG org.hibernate.persister.walking.spi.MetamodelGraphWalker - Visiting attribute path : products.supplier
17:26:52.943 [main] DEBUG org.hibernate.loader.plan.build.internal.spaces.QuerySpacesImpl - Adding QuerySpace : uid = &lt;gen:3&gt; -&gt; org.hibernate.loader.plan.build.internal.spaces.EntityQuerySpaceImpl@203c20cf]
17:26:52.943 [main] DEBUG org.hibernate.persister.walking.spi.MetamodelGraphWalker - Visiting attribute path : products.supplier.address
17:26:52.943 [main] DEBUG org.hibernate.persister.walking.spi.MetamodelGraphWalker - Visiting attribute path : products.supplier.name
17:26:52.943 [main] DEBUG org.hibernate.persister.walking.spi.MetamodelGraphWalker - Visiting attribute path : products.supplier.products
17:26:52.943 [main] DEBUG org.hibernate.persister.walking.spi.MetamodelGraphWalker - Property path deemed to be circular : products.supplier.products
17:26:52.943 [main] DEBUG org.hibernate.loader.plan.build.internal.FetchStyleLoadPlanBuildingAssociationVisitationStrategy - Building LoadPlan...
17:26:52.943 [main] DEBUG org.hibernate.loader.plan.exec.internal.LoadQueryJoinAndFetchProcessor - processing queryspace &lt;gen:0&gt;
17:26:52.944 [main] DEBUG org.hibernate.loader.plan.build.spi.LoadPlanTreePrinter - LoadPlan(entity=com.myproject.shoppingcart.domain.Category)
    - Returns
       - EntityReturnImpl(entity=com.myproject.shoppingcart.domain.Category, querySpaceUid=&lt;gen:0&gt;, path=com.myproject.shoppingcart.domain.Category)
          - CollectionAttributeFetchImpl(collection=com.myproject.shoppingcart.domain.Category.products, querySpaceUid=&lt;gen:1&gt;, path=com.myproject.shoppingcart.domain.Category.products)
             - (collection element) CollectionFetchableElementEntityGraph(entity=com.myproject.shoppingcart.domain.Product, querySpaceUid=&lt;gen:2&gt;, path=com.myproject.shoppingcart.domain.Category.products.&lt;elements&gt;)
                - EntityAttributeFetchImpl(entity=com.myproject.shoppingcart.domain.Supplier, querySpaceUid=&lt;gen:3&gt;, path=com.myproject.shoppingcart.domain.Category.products.&lt;elements&gt;.supplier)
    - QuerySpaces
       - EntityQuerySpaceImpl(uid=&lt;gen:0&gt;, entity=com.myproject.shoppingcart.domain.Category)
          - SQL table alias mapping - category0_
          - alias suffix - 0_
          - suffixed key columns - {category1_1_0_}
          - JOIN (JoinDefinedByMetadata(products)) : &lt;gen:0&gt; -&gt; &lt;gen:1&gt;
             - CollectionQuerySpaceImpl(uid=&lt;gen:1&gt;, collection=com.myproject.shoppingcart.domain.Category.products)
                - SQL table alias mapping - products1_
                - alias suffix - 1_
                - suffixed key columns - {cat_id2_3_1_}
                - entity-element alias suffix - 2_
                - 2_entity-element suffixed key columns - product_1_3_2_
                - JOIN (JoinDefinedByMetadata(elements)) : &lt;gen:1&gt; -&gt; &lt;gen:2&gt;
                   - EntityQuerySpaceImpl(uid=&lt;gen:2&gt;, entity=com.myproject.shoppingcart.domain.Product)
                      - SQL table alias mapping - products1_
                      - alias suffix - 2_
                      - suffixed key columns - {product_1_3_2_}
                      - JOIN (JoinDefinedByMetadata(supplier)) : &lt;gen:2&gt; -&gt; &lt;gen:3&gt;
                         - EntityQuerySpaceImpl(uid=&lt;gen:3&gt;, entity=com.myproject.shoppingcart.domain.Supplier)
                            - SQL table alias mapping - supplier2_
                            - alias suffix - 3_
                            - suffixed key columns - {supplier1_4_3_}

17:26:52.944 [main] DEBUG org.hibernate.loader.entity.plan.EntityLoader - Static select for entity com.myproject.shoppingcart.domain.Category [READ]: select category0_.category_id as category1_1_0_, category0_.description as descript2_1_0_, category0_.name as name3_1_0_, products1_.cat_id as cat_id2_3_1_, products1_.product_id as product_1_3_1_, products1_.product_id as product_1_3_2_, products1_.cat_id as cat_id2_3_2_, products1_.date_created as date_cre3_3_2_, products1_.description as descript4_3_2_, products1_.name as name5_3_2_, products1_.price as price6_3_2_, products1_.stock as stock7_3_2_, products1_.sup_id as sup_id8_3_2_, supplier2_.supplier_id as supplier1_4_3_, supplier2_.address as address2_4_3_, supplier2_.name as name3_4_3_ from Category category0_ left outer join Product products1_ on category0_.category_id=products1_.cat_id left outer join Supplier supplier2_ on products1_.sup_id=supplier2_.supplier_id where category0_.category_id=?
17:26:52.944 [main] DEBUG org.hibernate.loader.plan.build.internal.spaces.QuerySpacesImpl - Adding QuerySpace : uid = &lt;gen:0&gt; -&gt; org.hibernate.loader.plan.build.internal.spaces.EntityQuerySpaceImpl@44de94c3]
17:26:52.944 [main] DEBUG org.hibernate.persister.walking.spi.MetamodelGraphWalker - Visiting attribute path : description
17:26:52.944 [main] DEBUG org.hibernate.persister.walking.spi.MetamodelGraphWalker - Visiting attribute path : name
17:26:52.944 [main] DEBUG org.hibernate.persister.walking.spi.MetamodelGraphWalker - Visiting attribute path : products
17:26:52.944 [main] DEBUG org.hibernate.loader.plan.build.internal.spaces.QuerySpacesImpl - Adding QuerySpace : uid = &lt;gen:1&gt; -&gt; org.hibernate.loader.plan.build.internal.spaces.CollectionQuerySpaceImpl@6411d3c8]
17:26:52.944 [main] DEBUG org.hibernate.loader.plan.build.internal.spaces.QuerySpacesImpl - Adding QuerySpace : uid = &lt;gen:2&gt; -&gt; org.hibernate.loader.plan.build.internal.spaces.EntityQuerySpaceImpl@2116b68b]
17:26:52.944 [main] DEBUG org.hibernate.loader.plan.build.internal.FetchStyleLoadPlanBuildingAssociationVisitationStrategy - Building LoadPlan...
17:26:52.945 [main] DEBUG org.hibernate.loader.plan.exec.internal.LoadQueryJoinAndFetchProcessor - processing queryspace &lt;gen:0&gt;
17:26:52.945 [main] DEBUG org.hibernate.loader.plan.build.spi.LoadPlanTreePrinter - LoadPlan(entity=com.myproject.shoppingcart.domain.Category)
    - Returns
       - EntityReturnImpl(entity=com.myproject.shoppingcart.domain.Category, querySpaceUid=&lt;gen:0&gt;, path=com.myproject.shoppingcart.domain.Category)
          - CollectionAttributeFetchImpl(collection=com.myproject.shoppingcart.domain.Category.products, querySpaceUid=&lt;gen:1&gt;, path=com.myproject.shoppingcart.domain.Category.products)
             - (collection element) CollectionFetchableElementEntityGraph(entity=com.myproject.shoppingcart.domain.Product, querySpaceUid=&lt;gen:2&gt;, path=com.myproject.shoppingcart.domain.Category.products.&lt;elements&gt;)
    - QuerySpaces
       - EntityQuerySpaceImpl(uid=&lt;gen:0&gt;, entity=com.myproject.shoppingcart.domain.Category)
          - SQL table alias mapping - category0_
          - alias suffix - 0_
          - suffixed key columns - {category1_1_0_}

17:26:52.945 [main] DEBUG org.hibernate.loader.entity.plan.EntityLoader - Static select for entity com.myproject.shoppingcart.domain.Category [UPGRADE]: select category0_.category_id as category1_1_0_, category0_.description as descript2_1_0_, category0_.name as name3_1_0_ from Category category0_ where category0_.category_id=? for update
17:26:52.945 [main] DEBUG org.hibernate.loader.plan.build.internal.spaces.QuerySpacesImpl - Adding QuerySpace : uid = &lt;gen:0&gt; -&gt; org.hibernate.loader.plan.build.internal.spaces.EntityQuerySpaceImpl@11de56e6]
17:26:52.945 [main] DEBUG org.hibernate.persister.walking.spi.MetamodelGraphWalker - Visiting attribute path : description
17:26:52.945 [main] DEBUG org.hibernate.persister.walking.spi.MetamodelGraphWalker - Visiting attribute path : name
17:26:52.945 [main] DEBUG org.hibernate.persister.walking.spi.MetamodelGraphWalker - Visiting attribute path : products
17:26:52.945 [main] DEBUG org.hibernate.loader.plan.build.internal.spaces.QuerySpacesImpl - Adding QuerySpace : uid = &lt;gen:1&gt; -&gt; org.hibernate.loader.plan.build.internal.spaces.CollectionQuerySpaceImpl@b8e246c]
17:26:52.945 [main] DEBUG org.hibernate.loader.plan.build.internal.spaces.QuerySpacesImpl - Adding QuerySpace : uid = &lt;gen:2&gt; -&gt; org.hibernate.loader.plan.build.internal.spaces.EntityQuerySpaceImpl@1f387978]
17:26:52.945 [main] DEBUG org.hibernate.loader.plan.build.internal.FetchStyleLoadPlanBuildingAssociationVisitationStrategy - Building LoadPlan...
17:26:52.945 [main] DEBUG org.hibernate.loader.plan.exec.internal.LoadQueryJoinAndFetchProcessor - processing queryspace &lt;gen:0&gt;
17:26:52.946 [main] DEBUG org.hibernate.loader.plan.build.spi.LoadPlanTreePrinter - LoadPlan(entity=com.myproject.shoppingcart.domain.Category)
    - Returns
       - EntityReturnImpl(entity=com.myproject.shoppingcart.domain.Category, querySpaceUid=&lt;gen:0&gt;, path=com.myproject.shoppingcart.domain.Category)
          - CollectionAttributeFetchImpl(collection=com.myproject.shoppingcart.domain.Category.products, querySpaceUid=&lt;gen:1&gt;, path=com.myproject.shoppingcart.domain.Category.products)
             - (collection element) CollectionFetchableElementEntityGraph(entity=com.myproject.shoppingcart.domain.Product, querySpaceUid=&lt;gen:2&gt;, path=com.myproject.shoppingcart.domain.Category.products.&lt;elements&gt;)
    - QuerySpaces
       - EntityQuerySpaceImpl(uid=&lt;gen:0&gt;, entity=com.myproject.shoppingcart.domain.Category)
          - SQL table alias mapping - category0_
          - alias suffix - 0_
          - suffixed key columns - {category1_1_0_}

17:26:52.946 [main] DEBUG org.hibernate.loader.entity.plan.EntityLoader - Static select for entity com.myproject.shoppingcart.domain.Category [UPGRADE_NOWAIT]: select category0_.category_id as category1_1_0_, category0_.description as descript2_1_0_, category0_.name as name3_1_0_ from Category category0_ where category0_.category_id=? for update
17:26:52.946 [main] DEBUG org.hibernate.loader.plan.build.internal.spaces.QuerySpacesImpl - Adding QuerySpace : uid = &lt;gen:0&gt; -&gt; org.hibernate.loader.plan.build.internal.spaces.EntityQuerySpaceImpl@7cb2651f]
17:26:52.946 [main] DEBUG org.hibernate.persister.walking.spi.MetamodelGraphWalker - Visiting attribute path : description
17:26:52.946 [main] DEBUG org.hibernate.persister.walking.spi.MetamodelGraphWalker - Visiting attribute path : name
17:26:52.946 [main] DEBUG org.hibernate.persister.walking.spi.MetamodelGraphWalker - Visiting attribute path : products
17:26:52.946 [main] DEBUG org.hibernate.loader.plan.build.internal.spaces.QuerySpacesImpl - Adding QuerySpace : uid = &lt;gen:1&gt; -&gt; org.hibernate.loader.plan.build.internal.spaces.CollectionQuerySpaceImpl@3e1624c7]
17:26:52.946 [main] DEBUG org.hibernate.loader.plan.build.internal.spaces.QuerySpacesImpl - Adding QuerySpace : uid = &lt;gen:2&gt; -&gt; org.hibernate.loader.plan.build.internal.spaces.EntityQuerySpaceImpl@62b969c4]
17:26:52.946 [main] DEBUG org.hibernate.loader.plan.build.internal.FetchStyleLoadPlanBuildingAssociationVisitationStrategy - Building LoadPlan...
17:26:52.946 [main] DEBUG org.hibernate.loader.plan.exec.internal.LoadQueryJoinAndFetchProcessor - processing queryspace &lt;gen:0&gt;
17:26:52.947 [main] DEBUG org.hibernate.loader.plan.build.spi.LoadPlanTreePrinter - LoadPlan(entity=com.myproject.shoppingcart.domain.Category)
    - Returns
       - EntityReturnImpl(entity=com.myproject.shoppingcart.domain.Category, querySpaceUid=&lt;gen:0&gt;, path=com.myproject.shoppingcart.domain.Category)
          - CollectionAttributeFetchImpl(collection=com.myproject.shoppingcart.domain.Category.products, querySpaceUid=&lt;gen:1&gt;, path=com.myproject.shoppingcart.domain.Category.products)
             - (collection element) CollectionFetchableElementEntityGraph(entity=com.myproject.shoppingcart.domain.Product, querySpaceUid=&lt;gen:2&gt;, path=com.myproject.shoppingcart.domain.Category.products.&lt;elements&gt;)
    - QuerySpaces
       - EntityQuerySpaceImpl(uid=&lt;gen:0&gt;, entity=com.myproject.shoppingcart.domain.Category)
          - SQL table alias mapping - category0_
          - alias suffix - 0_
          - suffixed key columns - {category1_1_0_}

17:26:52.947 [main] DEBUG org.hibernate.loader.entity.plan.EntityLoader - Static select for entity com.myproject.shoppingcart.domain.Category [UPGRADE_SKIPLOCKED]: select category0_.category_id as category1_1_0_, category0_.description as descript2_1_0_, category0_.name as name3_1_0_ from Category category0_ where category0_.category_id=? for update
17:26:52.947 [main] DEBUG org.hibernate.loader.plan.build.internal.spaces.QuerySpacesImpl - Adding QuerySpace : uid = &lt;gen:0&gt; -&gt; org.hibernate.loader.plan.build.internal.spaces.EntityQuerySpaceImpl@dcc6211]
17:26:52.947 [main] DEBUG org.hibernate.persister.walking.spi.MetamodelGraphWalker - Visiting attribute path : description
17:26:52.947 [main] DEBUG org.hibernate.persister.walking.spi.MetamodelGraphWalker - Visiting attribute path : name
17:26:52.947 [main] DEBUG org.hibernate.persister.walking.spi.MetamodelGraphWalker - Visiting attribute path : products
17:26:52.947 [main] DEBUG org.hibernate.loader.plan.build.internal.spaces.QuerySpacesImpl - Adding QuerySpace : uid = &lt;gen:1&gt; -&gt; org.hibernate.loader.plan.build.internal.spaces.CollectionQuerySpaceImpl@48535004]
17:26:52.947 [main] DEBUG org.hibernate.loader.plan.build.internal.spaces.QuerySpacesImpl - Adding QuerySpace : uid = &lt;gen:2&gt; -&gt; org.hibernate.loader.plan.build.internal.spaces.EntityQuerySpaceImpl@610df783]
17:26:52.947 [main] DEBUG org.hibernate.loader.plan.build.internal.FetchStyleLoadPlanBuildingAssociationVisitationStrategy - Building LoadPlan...
17:26:52.947 [main] DEBUG org.hibernate.loader.plan.exec.internal.LoadQueryJoinAndFetchProcessor - processing queryspace &lt;gen:0&gt;
17:26:52.948 [main] DEBUG org.hibernate.loader.plan.build.spi.LoadPlanTreePrinter - LoadPlan(entity=com.myproject.shoppingcart.domain.Category)
    - Returns
       - EntityReturnImpl(entity=com.myproject.shoppingcart.domain.Category, querySpaceUid=&lt;gen:0&gt;, path=com.myproject.shoppingcart.domain.Category)
          - CollectionAttributeFetchImpl(collection=com.myproject.shoppingcart.domain.Category.products, querySpaceUid=&lt;gen:1&gt;, path=com.myproject.shoppingcart.domain.Category.products)
             - (collection element) CollectionFetchableElementEntityGraph(entity=com.myproject.shoppingcart.domain.Product, querySpaceUid=&lt;gen:2&gt;, path=com.myproject.shoppingcart.domain.Category.products.&lt;elements&gt;)
    - QuerySpaces
       - EntityQuerySpaceImpl(uid=&lt;gen:0&gt;, entity=com.myproject.shoppingcart.domain.Category)
          - SQL table alias mapping - category0_
          - alias suffix - 0_
          - suffixed key columns - {category1_1_0_}

17:26:52.948 [main] DEBUG org.hibernate.loader.entity.plan.EntityLoader - Static select for entity com.myproject.shoppingcart.domain.Category [FORCE]: select category0_.category_id as category1_1_0_, category0_.description as descript2_1_0_, category0_.name as name3_1_0_ from Category category0_ where category0_.category_id=? for update
17:26:52.948 [main] DEBUG org.hibernate.loader.plan.build.internal.spaces.QuerySpacesImpl - Adding QuerySpace : uid = &lt;gen:0&gt; -&gt; org.hibernate.loader.plan.build.internal.spaces.EntityQuerySpaceImpl@f3fcd59]
17:26:52.948 [main] DEBUG org.hibernate.persister.walking.spi.MetamodelGraphWalker - Visiting attribute path : description
17:26:52.948 [main] DEBUG org.hibernate.persister.walking.spi.MetamodelGraphWalker - Visiting attribute path : name
17:26:52.948 [main] DEBUG org.hibernate.persister.walking.spi.MetamodelGraphWalker - Visiting attribute path : products
17:26:52.948 [main] DEBUG org.hibernate.loader.plan.build.internal.spaces.QuerySpacesImpl - Adding QuerySpace : uid = &lt;gen:1&gt; -&gt; org.hibernate.loader.plan.build.internal.spaces.CollectionQuerySpaceImpl@79d743e6]
17:26:52.948 [main] DEBUG org.hibernate.loader.plan.build.internal.spaces.QuerySpacesImpl - Adding QuerySpace : uid = &lt;gen:2&gt; -&gt; org.hibernate.loader.plan.build.internal.spaces.EntityQuerySpaceImpl@776802b0]
17:26:52.948 [main] DEBUG org.hibernate.loader.plan.build.internal.FetchStyleLoadPlanBuildingAssociationVisitationStrategy - Building LoadPlan...
17:26:52.948 [main] DEBUG org.hibernate.loader.plan.exec.internal.LoadQueryJoinAndFetchProcessor - processing queryspace &lt;gen:0&gt;
17:26:52.949 [main] DEBUG org.hibernate.loader.plan.build.spi.LoadPlanTreePrinter - LoadPlan(entity=com.myproject.shoppingcart.domain.Category)
    - Returns
       - EntityReturnImpl(entity=com.myproject.shoppingcart.domain.Category, querySpaceUid=&lt;gen:0&gt;, path=com.myproject.shoppingcart.domain.Category)
          - CollectionAttributeFetchImpl(collection=com.myproject.shoppingcart.domain.Category.products, querySpaceUid=&lt;gen:1&gt;, path=com.myproject.shoppingcart.domain.Category.products)
             - (collection element) CollectionFetchableElementEntityGraph(entity=com.myproject.shoppingcart.domain.Product, querySpaceUid=&lt;gen:2&gt;, path=com.myproject.shoppingcart.domain.Category.products.&lt;elements&gt;)
    - QuerySpaces
       - EntityQuerySpaceImpl(uid=&lt;gen:0&gt;, entity=com.myproject.shoppingcart.domain.Category)
          - SQL table alias mapping - category0_
          - alias suffix - 0_
          - suffixed key columns - {category1_1_0_}

17:26:52.949 [main] DEBUG org.hibernate.loader.entity.plan.EntityLoader - Static select for entity com.myproject.shoppingcart.domain.Category [PESSIMISTIC_READ]: select category0_.category_id as category1_1_0_, category0_.description as descript2_1_0_, category0_.name as name3_1_0_ from Category category0_ where category0_.category_id=? for update
17:26:52.949 [main] DEBUG org.hibernate.loader.plan.build.internal.spaces.QuerySpacesImpl - Adding QuerySpace : uid = &lt;gen:0&gt; -&gt; org.hibernate.loader.plan.build.internal.spaces.EntityQuerySpaceImpl@64c4c01]
17:26:52.949 [main] DEBUG org.hibernate.persister.walking.spi.MetamodelGraphWalker - Visiting attribute path : description
17:26:52.949 [main] DEBUG org.hibernate.persister.walking.spi.MetamodelGraphWalker - Visiting attribute path : name
17:26:52.949 [main] DEBUG org.hibernate.persister.walking.spi.MetamodelGraphWalker - Visiting attribute path : products
17:26:52.949 [main] DEBUG org.hibernate.loader.plan.build.internal.spaces.QuerySpacesImpl - Adding QuerySpace : uid = &lt;gen:1&gt; -&gt; org.hibernate.loader.plan.build.internal.spaces.CollectionQuerySpaceImpl@592238c5]
17:26:52.949 [main] DEBUG org.hibernate.loader.plan.build.internal.spaces.QuerySpacesImpl - Adding QuerySpace : uid = &lt;gen:2&gt; -&gt; org.hibernate.loader.plan.build.internal.spaces.EntityQuerySpaceImpl@6ee8dcd3]
17:26:52.949 [main] DEBUG org.hibernate.loader.plan.build.internal.FetchStyleLoadPlanBuildingAssociationVisitationStrategy - Building LoadPlan...
17:26:52.950 [main] DEBUG org.hibernate.loader.plan.exec.internal.LoadQueryJoinAndFetchProcessor - processing queryspace &lt;gen:0&gt;
17:26:52.950 [main] DEBUG org.hibernate.loader.plan.build.spi.LoadPlanTreePrinter - LoadPlan(entity=com.myproject.shoppingcart.domain.Category)
    - Returns
       - EntityReturnImpl(entity=com.myproject.shoppingcart.domain.Category, querySpaceUid=&lt;gen:0&gt;, path=com.myproject.shoppingcart.domain.Category)
          - CollectionAttributeFetchImpl(collection=com.myproject.shoppingcart.domain.Category.products, querySpaceUid=&lt;gen:1&gt;, path=com.myproject.shoppingcart.domain.Category.products)
             - (collection element) CollectionFetchableElementEntityGraph(entity=com.myproject.shoppingcart.domain.Product, querySpaceUid=&lt;gen:2&gt;, path=com.myproject.shoppingcart.domain.Category.products.&lt;elements&gt;)
    - QuerySpaces
       - EntityQuerySpaceImpl(uid=&lt;gen:0&gt;, entity=com.myproject.shoppingcart.domain.Category)
          - SQL table alias mapping - category0_
          - alias suffix - 0_
          - suffixed key columns - {category1_1_0_}

17:26:52.950 [main] DEBUG org.hibernate.loader.entity.plan.EntityLoader - Static select for entity com.myproject.shoppingcart.domain.Category [PESSIMISTIC_WRITE]: select category0_.category_id as category1_1_0_, category0_.description as descript2_1_0_, category0_.name as name3_1_0_ from Category category0_ where category0_.category_id=? for update
17:26:52.950 [main] DEBUG org.hibernate.loader.plan.build.internal.spaces.QuerySpacesImpl - Adding QuerySpace : uid = &lt;gen:0&gt; -&gt; org.hibernate.loader.plan.build.internal.spaces.EntityQuerySpaceImpl@a20b94b]
17:26:52.951 [main] DEBUG org.hibernate.persister.walking.spi.MetamodelGraphWalker - Visiting attribute path : description
17:26:52.951 [main] DEBUG org.hibernate.persister.walking.spi.MetamodelGraphWalker - Visiting attribute path : name
17:26:52.951 [main] DEBUG org.hibernate.persister.walking.spi.MetamodelGraphWalker - Visiting attribute path : products
17:26:52.951 [main] DEBUG org.hibernate.loader.plan.build.internal.spaces.QuerySpacesImpl - Adding QuerySpace : uid = &lt;gen:1&gt; -&gt; org.hibernate.loader.plan.build.internal.spaces.CollectionQuerySpaceImpl@14f3c6fc]
17:26:52.951 [main] DEBUG org.hibernate.loader.plan.build.internal.spaces.QuerySpacesImpl - Adding QuerySpace : uid = &lt;gen:2&gt; -&gt; org.hibernate.loader.plan.build.internal.spaces.EntityQuerySpaceImpl@3cd59ef5]
17:26:52.951 [main] DEBUG org.hibernate.loader.plan.build.internal.FetchStyleLoadPlanBuildingAssociationVisitationStrategy - Building LoadPlan...
17:26:52.952 [main] DEBUG org.hibernate.loader.plan.exec.internal.LoadQueryJoinAndFetchProcessor - processing queryspace &lt;gen:0&gt;
17:26:52.952 [main] DEBUG org.hibernate.loader.plan.build.spi.LoadPlanTreePrinter - LoadPlan(entity=com.myproject.shoppingcart.domain.Category)
    - Returns
       - EntityReturnImpl(entity=com.myproject.shoppingcart.domain.Category, querySpaceUid=&lt;gen:0&gt;, path=com.myproject.shoppingcart.domain.Category)
          - CollectionAttributeFetchImpl(collection=com.myproject.shoppingcart.domain.Category.products, querySpaceUid=&lt;gen:1&gt;, path=com.myproject.shoppingcart.domain.Category.products)
             - (collection element) CollectionFetchableElementEntityGraph(entity=com.myproject.shoppingcart.domain.Product, querySpaceUid=&lt;gen:2&gt;, path=com.myproject.shoppingcart.domain.Category.products.&lt;elements&gt;)
    - QuerySpaces
       - EntityQuerySpaceImpl(uid=&lt;gen:0&gt;, entity=com.myproject.shoppingcart.domain.Category)
          - SQL table alias mapping - category0_
          - alias suffix - 0_
          - suffixed key columns - {category1_1_0_}

17:26:52.952 [main] DEBUG org.hibernate.loader.entity.plan.EntityLoader - Static select for entity com.myproject.shoppingcart.domain.Category [PESSIMISTIC_FORCE_INCREMENT]: select category0_.category_id as category1_1_0_, category0_.description as descript2_1_0_, category0_.name as name3_1_0_ from Category category0_ where category0_.category_id=? for update
17:26:52.952 [main] DEBUG org.hibernate.loader.plan.build.internal.spaces.QuerySpacesImpl - Adding QuerySpace : uid = &lt;gen:0&gt; -&gt; org.hibernate.loader.plan.build.internal.spaces.EntityQuerySpaceImpl@33b082c5]
17:26:52.952 [main] DEBUG org.hibernate.persister.walking.spi.MetamodelGraphWalker - Visiting attribute path : description
17:26:52.952 [main] DEBUG org.hibernate.persister.walking.spi.MetamodelGraphWalker - Visiting attribute path : name
17:26:52.952 [main] DEBUG org.hibernate.persister.walking.spi.MetamodelGraphWalker - Visiting attribute path : products
17:26:52.952 [main] DEBUG org.hibernate.loader.plan.build.internal.spaces.QuerySpacesImpl - Adding QuerySpace : uid = &lt;gen:1&gt; -&gt; org.hibernate.loader.plan.build.internal.spaces.CollectionQuerySpaceImpl@1cc9cfb2]
17:26:52.952 [main] DEBUG org.hibernate.loader.plan.build.internal.spaces.QuerySpacesImpl - Adding QuerySpace : uid = &lt;gen:2&gt; -&gt; org.hibernate.loader.plan.build.internal.spaces.EntityQuerySpaceImpl@cfbc8e8]
17:26:52.953 [main] DEBUG org.hibernate.loader.plan.build.internal.FetchStyleLoadPlanBuildingAssociationVisitationStrategy - Building LoadPlan...
17:26:52.953 [main] DEBUG org.hibernate.loader.plan.exec.internal.LoadQueryJoinAndFetchProcessor - processing queryspace &lt;gen:0&gt;
17:26:52.953 [main] DEBUG org.hibernate.loader.plan.build.spi.LoadPlanTreePrinter - LoadPlan(entity=com.myproject.shoppingcart.domain.Category)
    - Returns
       - EntityReturnImpl(entity=com.myproject.shoppingcart.domain.Category, querySpaceUid=&lt;gen:0&gt;, path=com.myproject.shoppingcart.domain.Category)
          - CollectionAttributeFetchImpl(collection=com.myproject.shoppingcart.domain.Category.products, querySpaceUid=&lt;gen:1&gt;, path=com.myproject.shoppingcart.domain.Category.products)
             - (collection element) CollectionFetchableElementEntityGraph(entity=com.myproject.shoppingcart.domain.Product, querySpaceUid=&lt;gen:2&gt;, path=com.myproject.shoppingcart.domain.Category.products.&lt;elements&gt;)
    - QuerySpaces
       - EntityQuerySpaceImpl(uid=&lt;gen:0&gt;, entity=com.myproject.shoppingcart.domain.Category)
          - SQL table alias mapping - category0_
          - alias suffix - 0_
          - suffixed key columns - {category1_1_0_}

17:26:52.953 [main] DEBUG org.hibernate.loader.entity.plan.EntityLoader - Static select for entity com.myproject.shoppingcart.domain.Category [OPTIMISTIC]: select category0_.category_id as category1_1_0_, category0_.description as descript2_1_0_, category0_.name as name3_1_0_ from Category category0_ where category0_.category_id=?
17:26:52.953 [main] DEBUG org.hibernate.loader.plan.build.internal.spaces.QuerySpacesImpl - Adding QuerySpace : uid = &lt;gen:0&gt; -&gt; org.hibernate.loader.plan.build.internal.spaces.EntityQuerySpaceImpl@3bead518]
17:26:52.953 [main] DEBUG org.hibernate.persister.walking.spi.MetamodelGraphWalker - Visiting attribute path : description
17:26:52.953 [main] DEBUG org.hibernate.persister.walking.spi.MetamodelGraphWalker - Visiting attribute path : name
17:26:52.953 [main] DEBUG org.hibernate.persister.walking.spi.MetamodelGraphWalker - Visiting attribute path : products
17:26:52.954 [main] DEBUG org.hibernate.loader.plan.build.internal.spaces.QuerySpacesImpl - Adding QuerySpace : uid = &lt;gen:1&gt; -&gt; org.hibernate.loader.plan.build.internal.spaces.CollectionQuerySpaceImpl@46d9aec8]
17:26:52.954 [main] DEBUG org.hibernate.loader.plan.build.internal.spaces.QuerySpacesImpl - Adding QuerySpace : uid = &lt;gen:2&gt; -&gt; org.hibernate.loader.plan.build.internal.spaces.EntityQuerySpaceImpl@14379273]
17:26:52.954 [main] DEBUG org.hibernate.loader.plan.build.internal.FetchStyleLoadPlanBuildingAssociationVisitationStrategy - Building LoadPlan...
17:26:52.954 [main] DEBUG org.hibernate.loader.plan.exec.internal.LoadQueryJoinAndFetchProcessor - processing queryspace &lt;gen:0&gt;
17:26:52.954 [main] DEBUG org.hibernate.loader.plan.build.spi.LoadPlanTreePrinter - LoadPlan(entity=com.myproject.shoppingcart.domain.Category)
    - Returns
       - EntityReturnImpl(entity=com.myproject.shoppingcart.domain.Category, querySpaceUid=&lt;gen:0&gt;, path=com.myproject.shoppingcart.domain.Category)
          - CollectionAttributeFetchImpl(collection=com.myproject.shoppingcart.domain.Category.products, querySpaceUid=&lt;gen:1&gt;, path=com.myproject.shoppingcart.domain.Category.products)
             - (collection element) CollectionFetchableElementEntityGraph(entity=com.myproject.shoppingcart.domain.Product, querySpaceUid=&lt;gen:2&gt;, path=com.myproject.shoppingcart.domain.Category.products.&lt;elements&gt;)
    - QuerySpaces
       - EntityQuerySpaceImpl(uid=&lt;gen:0&gt;, entity=com.myproject.shoppingcart.domain.Category)
          - SQL table alias mapping - category0_
          - alias suffix - 0_
          - suffixed key columns - {category1_1_0_}

17:26:52.954 [main] DEBUG org.hibernate.loader.entity.plan.EntityLoader - Static select for entity com.myproject.shoppingcart.domain.Category [OPTIMISTIC_FORCE_INCREMENT]: select category0_.category_id as category1_1_0_, category0_.description as descript2_1_0_, category0_.name as name3_1_0_ from Category category0_ where category0_.category_id=?
17:26:52.955 [main] DEBUG org.hibernate.loader.Loader - Static select for action ACTION_MERGE on entity com.myproject.shoppingcart.domain.Category: select category0_.category_id as category1_1_0_, category0_.description as descript2_1_0_, category0_.name as name3_1_0_ from Category category0_ where category0_.category_id=?
17:26:52.955 [main] DEBUG org.hibernate.loader.Loader - Static select for action ACTION_REFRESH on entity com.myproject.shoppingcart.domain.Category: select category0_.category_id as category1_1_0_, category0_.description as descript2_1_0_, category0_.name as name3_1_0_ from Category category0_ where category0_.category_id=?
17:26:52.955 [main] DEBUG org.hibernate.persister.entity.AbstractEntityPersister - Static SQL for entity: com.myproject.shoppingcart.domain.Supplier
17:26:52.955 [main] DEBUG org.hibernate.persister.entity.AbstractEntityPersister -  Version select: select supplier_id from Supplier where supplier_id =?
17:26:52.955 [main] DEBUG org.hibernate.persister.entity.AbstractEntityPersister -  Snapshot select: select supplier_.supplier_id, supplier_.address as address2_4_, supplier_.name as name3_4_ from Supplier supplier_ where supplier_.supplier_id=?
17:26:52.955 [main] DEBUG org.hibernate.persister.entity.AbstractEntityPersister -  Insert 0: insert into Supplier (address, name, supplier_id) values (?, ?, ?)
17:26:52.955 [main] DEBUG org.hibernate.persister.entity.AbstractEntityPersister -  Update 0: update Supplier set address=?, name=? where supplier_id=?
17:26:52.955 [main] DEBUG org.hibernate.persister.entity.AbstractEntityPersister -  Delete 0: delete from Supplier where supplier_id=?
17:26:52.955 [main] DEBUG org.hibernate.loader.plan.build.internal.spaces.QuerySpacesImpl - Adding QuerySpace : uid = &lt;gen:0&gt; -&gt; org.hibernate.loader.plan.build.internal.spaces.EntityQuerySpaceImpl@7918c7f8]
17:26:52.956 [main] DEBUG org.hibernate.persister.walking.spi.MetamodelGraphWalker - Visiting attribute path : address
17:26:52.956 [main] DEBUG org.hibernate.persister.walking.spi.MetamodelGraphWalker - Visiting attribute path : name
17:26:52.956 [main] DEBUG org.hibernate.persister.walking.spi.MetamodelGraphWalker - Visiting attribute path : products
17:26:52.956 [main] DEBUG org.hibernate.loader.plan.build.internal.spaces.QuerySpacesImpl - Adding QuerySpace : uid = &lt;gen:1&gt; -&gt; org.hibernate.loader.plan.build.internal.spaces.CollectionQuerySpaceImpl@1c504e66]
17:26:52.956 [main] DEBUG org.hibernate.loader.plan.build.internal.spaces.QuerySpacesImpl - Adding QuerySpace : uid = &lt;gen:2&gt; -&gt; org.hibernate.loader.plan.build.internal.spaces.EntityQuerySpaceImpl@345cf395]
17:26:52.956 [main] DEBUG org.hibernate.persister.walking.spi.MetamodelGraphWalker - Visiting attribute path : products.cat_id
17:26:52.956 [main] DEBUG org.hibernate.persister.walking.spi.MetamodelGraphWalker - Visiting attribute path : products.category
17:26:52.956 [main] DEBUG org.hibernate.loader.plan.build.internal.spaces.QuerySpacesImpl - Adding QuerySpace : uid = &lt;gen:3&gt; -&gt; org.hibernate.loader.plan.build.internal.spaces.EntityQuerySpaceImpl@2257fadf]
17:26:52.956 [main] DEBUG org.hibernate.persister.walking.spi.MetamodelGraphWalker - Visiting attribute path : products.category.description
17:26:52.956 [main] DEBUG org.hibernate.persister.walking.spi.MetamodelGraphWalker - Visiting attribute path : products.category.name
17:26:52.956 [main] DEBUG org.hibernate.persister.walking.spi.MetamodelGraphWalker - Visiting attribute path : products.category.products
17:26:52.956 [main] DEBUG org.hibernate.persister.walking.spi.MetamodelGraphWalker - Property path deemed to be circular : products.category.products
17:26:52.957 [main] DEBUG org.hibernate.persister.walking.spi.MetamodelGraphWalker - Visiting attribute path : products.date_created
17:26:52.957 [main] DEBUG org.hibernate.persister.walking.spi.MetamodelGraphWalker - Visiting attribute path : products.description
17:26:52.957 [main] DEBUG org.hibernate.persister.walking.spi.MetamodelGraphWalker - Visiting attribute path : products.name
17:26:52.957 [main] DEBUG org.hibernate.persister.walking.spi.MetamodelGraphWalker - Visiting attribute path : products.price
17:26:52.957 [main] DEBUG org.hibernate.persister.walking.spi.MetamodelGraphWalker - Visiting attribute path : products.stock
17:26:52.957 [main] DEBUG org.hibernate.persister.walking.spi.MetamodelGraphWalker - Visiting attribute path : products.sup_id
17:26:52.957 [main] DEBUG org.hibernate.persister.walking.spi.MetamodelGraphWalker - Visiting attribute path : products.supplier
17:26:52.957 [main] DEBUG org.hibernate.persister.walking.spi.MetamodelGraphWalker - Property path deemed to be circular : products.supplier
17:26:52.957 [main] DEBUG org.hibernate.loader.plan.build.internal.FetchStyleLoadPlanBuildingAssociationVisitationStrategy - Building LoadPlan...
17:26:52.957 [main] DEBUG org.hibernate.loader.plan.exec.internal.LoadQueryJoinAndFetchProcessor - processing queryspace &lt;gen:0&gt;
17:26:52.958 [main] DEBUG org.hibernate.loader.plan.build.spi.LoadPlanTreePrinter - LoadPlan(entity=com.myproject.shoppingcart.domain.Supplier)
    - Returns
       - EntityReturnImpl(entity=com.myproject.shoppingcart.domain.Supplier, querySpaceUid=&lt;gen:0&gt;, path=com.myproject.shoppingcart.domain.Supplier)
          - CollectionAttributeFetchImpl(collection=com.myproject.shoppingcart.domain.Supplier.products, querySpaceUid=&lt;gen:1&gt;, path=com.myproject.shoppingcart.domain.Supplier.products)
             - (collection element) CollectionFetchableElementEntityGraph(entity=com.myproject.shoppingcart.domain.Product, querySpaceUid=&lt;gen:2&gt;, path=com.myproject.shoppingcart.domain.Supplier.products.&lt;elements&gt;)
                - EntityAttributeFetchImpl(entity=com.myproject.shoppingcart.domain.Category, querySpaceUid=&lt;gen:3&gt;, path=com.myproject.shoppingcart.domain.Supplier.products.&lt;elements&gt;.category)
    - QuerySpaces
       - EntityQuerySpaceImpl(uid=&lt;gen:0&gt;, entity=com.myproject.shoppingcart.domain.Supplier)
          - SQL table alias mapping - supplier0_
          - alias suffix - 0_
          - suffixed key columns - {supplier1_4_0_}
          - JOIN (JoinDefinedByMetadata(products)) : &lt;gen:0&gt; -&gt; &lt;gen:1&gt;
             - CollectionQuerySpaceImpl(uid=&lt;gen:1&gt;, collection=com.myproject.shoppingcart.domain.Supplier.products)
                - SQL table alias mapping - products1_
                - alias suffix - 1_
                - suffixed key columns - {sup_id8_3_1_}
                - entity-element alias suffix - 2_
                - 2_entity-element suffixed key columns - product_1_3_2_
                - JOIN (JoinDefinedByMetadata(elements)) : &lt;gen:1&gt; -&gt; &lt;gen:2&gt;
                   - EntityQuerySpaceImpl(uid=&lt;gen:2&gt;, entity=com.myproject.shoppingcart.domain.Product)
                      - SQL table alias mapping - products1_
                      - alias suffix - 2_
                      - suffixed key columns - {product_1_3_2_}
                      - JOIN (JoinDefinedByMetadata(category)) : &lt;gen:2&gt; -&gt; &lt;gen:3&gt;
                         - EntityQuerySpaceImpl(uid=&lt;gen:3&gt;, entity=com.myproject.shoppingcart.domain.Category)
                            - SQL table alias mapping - category2_
                            - alias suffix - 3_
                            - suffixed key columns - {category1_1_3_}

17:26:52.959 [main] DEBUG org.hibernate.loader.entity.plan.EntityLoader - Static select for entity com.myproject.shoppingcart.domain.Supplier [NONE]: select supplier0_.supplier_id as supplier1_4_0_, supplier0_.address as address2_4_0_, supplier0_.name as name3_4_0_, products1_.sup_id as sup_id8_3_1_, products1_.product_id as product_1_3_1_, products1_.product_id as product_1_3_2_, products1_.cat_id as cat_id2_3_2_, products1_.date_created as date_cre3_3_2_, products1_.description as descript4_3_2_, products1_.name as name5_3_2_, products1_.price as price6_3_2_, products1_.stock as stock7_3_2_, products1_.sup_id as sup_id8_3_2_, category2_.category_id as category1_1_3_, category2_.description as descript2_1_3_, category2_.name as name3_1_3_ from Supplier supplier0_ left outer join Product products1_ on supplier0_.supplier_id=products1_.sup_id left outer join Category category2_ on products1_.cat_id=category2_.category_id where supplier0_.supplier_id=?
17:26:52.959 [main] DEBUG org.hibernate.loader.plan.build.internal.spaces.QuerySpacesImpl - Adding QuerySpace : uid = &lt;gen:0&gt; -&gt; org.hibernate.loader.plan.build.internal.spaces.EntityQuerySpaceImpl@5c82cd4f]
17:26:52.962 [main] DEBUG org.hibernate.persister.walking.spi.MetamodelGraphWalker - Visiting attribute path : address
17:26:52.962 [main] DEBUG org.hibernate.persister.walking.spi.MetamodelGraphWalker - Visiting attribute path : name
17:26:52.962 [main] DEBUG org.hibernate.persister.walking.spi.MetamodelGraphWalker - Visiting attribute path : products
17:26:52.962 [main] DEBUG org.hibernate.loader.plan.build.internal.spaces.QuerySpacesImpl - Adding QuerySpace : uid = &lt;gen:1&gt; -&gt; org.hibernate.loader.plan.build.internal.spaces.CollectionQuerySpaceImpl@289fdb08]
17:26:52.962 [main] DEBUG org.hibernate.loader.plan.build.internal.spaces.QuerySpacesImpl - Adding QuerySpace : uid = &lt;gen:2&gt; -&gt; org.hibernate.loader.plan.build.internal.spaces.EntityQuerySpaceImpl@7a231dfd]
17:26:52.962 [main] DEBUG org.hibernate.persister.walking.spi.MetamodelGraphWalker - Visiting attribute path : products.cat_id
17:26:52.962 [main] DEBUG org.hibernate.persister.walking.spi.MetamodelGraphWalker - Visiting attribute path : products.category
17:26:52.962 [main] DEBUG org.hibernate.loader.plan.build.internal.spaces.QuerySpacesImpl - Adding QuerySpace : uid = &lt;gen:3&gt; -&gt; org.hibernate.loader.plan.build.internal.spaces.EntityQuerySpaceImpl@49cf9028]
17:26:52.962 [main] DEBUG org.hibernate.persister.walking.spi.MetamodelGraphWalker - Visiting attribute path : products.category.description
17:26:52.962 [main] DEBUG org.hibernate.persister.walking.spi.MetamodelGraphWalker - Visiting attribute path : products.category.name
17:26:52.962 [main] DEBUG org.hibernate.persister.walking.spi.MetamodelGraphWalker - Visiting attribute path : products.category.products
17:26:52.962 [main] DEBUG org.hibernate.persister.walking.spi.MetamodelGraphWalker - Property path deemed to be circular : products.category.products
17:26:52.963 [main] DEBUG org.hibernate.persister.walking.spi.MetamodelGraphWalker - Visiting attribute path : products.date_created
17:26:52.963 [main] DEBUG org.hibernate.persister.walking.spi.MetamodelGraphWalker - Visiting attribute path : products.description
17:26:52.963 [main] DEBUG org.hibernate.persister.walking.spi.MetamodelGraphWalker - Visiting attribute path : products.name
17:26:52.963 [main] DEBUG org.hibernate.persister.walking.spi.MetamodelGraphWalker - Visiting attribute path : products.price
17:26:52.963 [main] DEBUG org.hibernate.persister.walking.spi.MetamodelGraphWalker - Visiting attribute path : products.stock
17:26:52.963 [main] DEBUG org.hibernate.persister.walking.spi.MetamodelGraphWalker - Visiting attribute path : products.sup_id
17:26:52.963 [main] DEBUG org.hibernate.persister.walking.spi.MetamodelGraphWalker - Visiting attribute path : products.supplier
17:26:52.964 [main] DEBUG org.hibernate.persister.walking.spi.MetamodelGraphWalker - Property path deemed to be circular : products.supplier
17:26:52.966 [main] DEBUG org.hibernate.loader.plan.build.internal.FetchStyleLoadPlanBuildingAssociationVisitationStrategy - Building LoadPlan...
17:26:52.967 [main] DEBUG org.hibernate.loader.plan.exec.internal.LoadQueryJoinAndFetchProcessor - processing queryspace &lt;gen:0&gt;
17:26:52.971 [main] DEBUG org.hibernate.loader.plan.build.spi.LoadPlanTreePrinter - LoadPlan(entity=com.myproject.shoppingcart.domain.Supplier)
    - Returns
       - EntityReturnImpl(entity=com.myproject.shoppingcart.domain.Supplier, querySpaceUid=&lt;gen:0&gt;, path=com.myproject.shoppingcart.domain.Supplier)
          - CollectionAttributeFetchImpl(collection=com.myproject.shoppingcart.domain.Supplier.products, querySpaceUid=&lt;gen:1&gt;, path=com.myproject.shoppingcart.domain.Supplier.products)
             - (collection element) CollectionFetchableElementEntityGraph(entity=com.myproject.shoppingcart.domain.Product, querySpaceUid=&lt;gen:2&gt;, path=com.myproject.shoppingcart.domain.Supplier.products.&lt;elements&gt;)
                - EntityAttributeFetchImpl(entity=com.myproject.shoppingcart.domain.Category, querySpaceUid=&lt;gen:3&gt;, path=com.myproject.shoppingcart.domain.Supplier.products.&lt;elements&gt;.category)
    - QuerySpaces
       - EntityQuerySpaceImpl(uid=&lt;gen:0&gt;, entity=com.myproject.shoppingcart.domain.Supplier)
          - SQL table alias mapping - supplier0_
          - alias suffix - 0_
          - suffixed key columns - {supplier1_4_0_}
          - JOIN (JoinDefinedByMetadata(products)) : &lt;gen:0&gt; -&gt; &lt;gen:1&gt;
             - CollectionQuerySpaceImpl(uid=&lt;gen:1&gt;, collection=com.myproject.shoppingcart.domain.Supplier.products)
                - SQL table alias mapping - products1_
                - alias suffix - 1_
                - suffixed key columns - {sup_id8_3_1_}
                - entity-element alias suffix - 2_
                - 2_entity-element suffixed key columns - product_1_3_2_
                - JOIN (JoinDefinedByMetadata(elements)) : &lt;gen:1&gt; -&gt; &lt;gen:2&gt;
                   - EntityQuerySpaceImpl(uid=&lt;gen:2&gt;, entity=com.myproject.shoppingcart.domain.Product)
                      - SQL table alias mapping - products1_
                      - alias suffix - 2_
                      - suffixed key columns - {product_1_3_2_}
                      - JOIN (JoinDefinedByMetadata(category)) : &lt;gen:2&gt; -&gt; &lt;gen:3&gt;
                         - EntityQuerySpaceImpl(uid=&lt;gen:3&gt;, entity=com.myproject.shoppingcart.domain.Category)
                            - SQL table alias mapping - category2_
                            - alias suffix - 3_
                            - suffixed key columns - {category1_1_3_}

17:26:52.971 [main] DEBUG org.hibernate.loader.entity.plan.EntityLoader - Static select for entity com.myproject.shoppingcart.domain.Supplier [READ]: select supplier0_.supplier_id as supplier1_4_0_, supplier0_.address as address2_4_0_, supplier0_.name as name3_4_0_, products1_.sup_id as sup_id8_3_1_, products1_.product_id as product_1_3_1_, products1_.product_id as product_1_3_2_, products1_.cat_id as cat_id2_3_2_, products1_.date_created as date_cre3_3_2_, products1_.description as descript4_3_2_, products1_.name as name5_3_2_, products1_.price as price6_3_2_, products1_.stock as stock7_3_2_, products1_.sup_id as sup_id8_3_2_, category2_.category_id as category1_1_3_, category2_.description as descript2_1_3_, category2_.name as name3_1_3_ from Supplier supplier0_ left outer join Product products1_ on supplier0_.supplier_id=products1_.sup_id left outer join Category category2_ on products1_.cat_id=category2_.category_id where supplier0_.supplier_id=?
17:26:52.972 [main] DEBUG org.hibernate.loader.plan.build.internal.spaces.QuerySpacesImpl - Adding QuerySpace : uid = &lt;gen:0&gt; -&gt; org.hibernate.loader.plan.build.internal.spaces.EntityQuerySpaceImpl@11a00961]
17:26:52.972 [main] DEBUG org.hibernate.persister.walking.spi.MetamodelGraphWalker - Visiting attribute path : address
17:26:52.972 [main] DEBUG org.hibernate.persister.walking.spi.MetamodelGraphWalker - Visiting attribute path : name
17:26:52.972 [main] DEBUG org.hibernate.persister.walking.spi.MetamodelGraphWalker - Visiting attribute path : products
17:26:52.973 [main] DEBUG org.hibernate.loader.plan.build.internal.spaces.QuerySpacesImpl - Adding QuerySpace : uid = &lt;gen:1&gt; -&gt; org.hibernate.loader.plan.build.internal.spaces.CollectionQuerySpaceImpl@4992613f]
17:26:52.973 [main] DEBUG org.hibernate.loader.plan.build.internal.spaces.QuerySpacesImpl - Adding QuerySpace : uid = &lt;gen:2&gt; -&gt; org.hibernate.loader.plan.build.internal.spaces.EntityQuerySpaceImpl@6fd5717c]
17:26:52.973 [main] DEBUG org.hibernate.loader.plan.build.internal.FetchStyleLoadPlanBuildingAssociationVisitationStrategy - Building LoadPlan...
17:26:52.973 [main] DEBUG org.hibernate.loader.plan.exec.internal.LoadQueryJoinAndFetchProcessor - processing queryspace &lt;gen:0&gt;
17:26:52.974 [main] DEBUG org.hibernate.loader.plan.build.spi.LoadPlanTreePrinter - LoadPlan(entity=com.myproject.shoppingcart.domain.Supplier)
    - Returns
       - EntityReturnImpl(entity=com.myproject.shoppingcart.domain.Supplier, querySpaceUid=&lt;gen:0&gt;, path=com.myproject.shoppingcart.domain.Supplier)
          - CollectionAttributeFetchImpl(collection=com.myproject.shoppingcart.domain.Supplier.products, querySpaceUid=&lt;gen:1&gt;, path=com.myproject.shoppingcart.domain.Supplier.products)
             - (collection element) CollectionFetchableElementEntityGraph(entity=com.myproject.shoppingcart.domain.Product, querySpaceUid=&lt;gen:2&gt;, path=com.myproject.shoppingcart.domain.Supplier.products.&lt;elements&gt;)
    - QuerySpaces
       - EntityQuerySpaceImpl(uid=&lt;gen:0&gt;, entity=com.myproject.shoppingcart.domain.Supplier)
          - SQL table alias mapping - supplier0_
          - alias suffix - 0_
          - suffixed key columns - {supplier1_4_0_}

17:26:52.974 [main] DEBUG org.hibernate.loader.entity.plan.EntityLoader - Static select for entity com.myproject.shoppingcart.domain.Supplier [UPGRADE]: select supplier0_.supplier_id as supplier1_4_0_, supplier0_.address as address2_4_0_, supplier0_.name as name3_4_0_ from Supplier supplier0_ where supplier0_.supplier_id=? for update
17:26:52.974 [main] DEBUG org.hibernate.loader.plan.build.internal.spaces.QuerySpacesImpl - Adding QuerySpace : uid = &lt;gen:0&gt; -&gt; org.hibernate.loader.plan.build.internal.spaces.EntityQuerySpaceImpl@7e2f86e6]
17:26:52.975 [main] DEBUG org.hibernate.persister.walking.spi.MetamodelGraphWalker - Visiting attribute path : address
17:26:52.975 [main] DEBUG org.hibernate.persister.walking.spi.MetamodelGraphWalker - Visiting attribute path : name
17:26:52.975 [main] DEBUG org.hibernate.persister.walking.spi.MetamodelGraphWalker - Visiting attribute path : products
17:26:52.975 [main] DEBUG org.hibernate.loader.plan.build.internal.spaces.QuerySpacesImpl - Adding QuerySpace : uid = &lt;gen:1&gt; -&gt; org.hibernate.loader.plan.build.internal.spaces.CollectionQuerySpaceImpl@17b64941]
17:26:52.975 [main] DEBUG org.hibernate.loader.plan.build.internal.spaces.QuerySpacesImpl - Adding QuerySpace : uid = &lt;gen:2&gt; -&gt; org.hibernate.loader.plan.build.internal.spaces.EntityQuerySpaceImpl@53ac845a]
17:26:52.975 [main] DEBUG org.hibernate.loader.plan.build.internal.FetchStyleLoadPlanBuildingAssociationVisitationStrategy - Building LoadPlan...
17:26:52.976 [main] DEBUG org.hibernate.loader.plan.exec.internal.LoadQueryJoinAndFetchProcessor - processing queryspace &lt;gen:0&gt;
17:26:52.976 [main] DEBUG org.hibernate.loader.plan.build.spi.LoadPlanTreePrinter - LoadPlan(entity=com.myproject.shoppingcart.domain.Supplier)
    - Returns
       - EntityReturnImpl(entity=com.myproject.shoppingcart.domain.Supplier, querySpaceUid=&lt;gen:0&gt;, path=com.myproject.shoppingcart.domain.Supplier)
          - CollectionAttributeFetchImpl(collection=com.myproject.shoppingcart.domain.Supplier.products, querySpaceUid=&lt;gen:1&gt;, path=com.myproject.shoppingcart.domain.Supplier.products)
             - (collection element) CollectionFetchableElementEntityGraph(entity=com.myproject.shoppingcart.domain.Product, querySpaceUid=&lt;gen:2&gt;, path=com.myproject.shoppingcart.domain.Supplier.products.&lt;elements&gt;)
    - QuerySpaces
       - EntityQuerySpaceImpl(uid=&lt;gen:0&gt;, entity=com.myproject.shoppingcart.domain.Supplier)
          - SQL table alias mapping - supplier0_
          - alias suffix - 0_
          - suffixed key columns - {supplier1_4_0_}

17:26:52.976 [main] DEBUG org.hibernate.loader.entity.plan.EntityLoader - Static select for entity com.myproject.shoppingcart.domain.Supplier [UPGRADE_NOWAIT]: select supplier0_.supplier_id as supplier1_4_0_, supplier0_.address as address2_4_0_, supplier0_.name as name3_4_0_ from Supplier supplier0_ where supplier0_.supplier_id=? for update
17:26:52.976 [main] DEBUG org.hibernate.loader.plan.build.internal.spaces.QuerySpacesImpl - Adding QuerySpace : uid = &lt;gen:0&gt; -&gt; org.hibernate.loader.plan.build.internal.spaces.EntityQuerySpaceImpl@5136207f]
17:26:52.977 [main] DEBUG org.hibernate.persister.walking.spi.MetamodelGraphWalker - Visiting attribute path : address
17:26:52.977 [main] DEBUG org.hibernate.persister.walking.spi.MetamodelGraphWalker - Visiting attribute path : name
17:26:52.977 [main] DEBUG org.hibernate.persister.walking.spi.MetamodelGraphWalker - Visiting attribute path : products
17:26:52.977 [main] DEBUG org.hibernate.loader.plan.build.internal.spaces.QuerySpacesImpl - Adding QuerySpace : uid = &lt;gen:1&gt; -&gt; org.hibernate.loader.plan.build.internal.spaces.CollectionQuerySpaceImpl@3fdecce]
17:26:52.977 [main] DEBUG org.hibernate.loader.plan.build.internal.spaces.QuerySpacesImpl - Adding QuerySpace : uid = &lt;gen:2&gt; -&gt; org.hibernate.loader.plan.build.internal.spaces.EntityQuerySpaceImpl@344426bf]
17:26:52.977 [main] DEBUG org.hibernate.loader.plan.build.internal.FetchStyleLoadPlanBuildingAssociationVisitationStrategy - Building LoadPlan...
17:26:52.978 [main] DEBUG org.hibernate.loader.plan.exec.internal.LoadQueryJoinAndFetchProcessor - processing queryspace &lt;gen:0&gt;
17:26:52.978 [main] DEBUG org.hibernate.loader.plan.build.spi.LoadPlanTreePrinter - LoadPlan(entity=com.myproject.shoppingcart.domain.Supplier)
    - Returns
       - EntityReturnImpl(entity=com.myproject.shoppingcart.domain.Supplier, querySpaceUid=&lt;gen:0&gt;, path=com.myproject.shoppingcart.domain.Supplier)
          - CollectionAttributeFetchImpl(collection=com.myproject.shoppingcart.domain.Supplier.products, querySpaceUid=&lt;gen:1&gt;, path=com.myproject.shoppingcart.domain.Supplier.products)
             - (collection element) CollectionFetchableElementEntityGraph(entity=com.myproject.shoppingcart.domain.Product, querySpaceUid=&lt;gen:2&gt;, path=com.myproject.shoppingcart.domain.Supplier.products.&lt;elements&gt;)
    - QuerySpaces
       - EntityQuerySpaceImpl(uid=&lt;gen:0&gt;, entity=com.myproject.shoppingcart.domain.Supplier)
          - SQL table alias mapping - supplier0_
          - alias suffix - 0_
          - suffixed key columns - {supplier1_4_0_}

17:26:52.978 [main] DEBUG org.hibernate.loader.entity.plan.EntityLoader - Static select for entity com.myproject.shoppingcart.domain.Supplier [UPGRADE_SKIPLOCKED]: select supplier0_.supplier_id as supplier1_4_0_, supplier0_.address as address2_4_0_, supplier0_.name as name3_4_0_ from Supplier supplier0_ where supplier0_.supplier_id=? for update
17:26:52.978 [main] DEBUG org.hibernate.loader.plan.build.internal.spaces.QuerySpacesImpl - Adding QuerySpace : uid = &lt;gen:0&gt; -&gt; org.hibernate.loader.plan.build.internal.spaces.EntityQuerySpaceImpl@5411dd90]
17:26:52.978 [main] DEBUG org.hibernate.persister.walking.spi.MetamodelGraphWalker - Visiting attribute path : address
17:26:52.978 [main] DEBUG org.hibernate.persister.walking.spi.MetamodelGraphWalker - Visiting attribute path : name
17:26:52.979 [main] DEBUG org.hibernate.persister.walking.spi.MetamodelGraphWalker - Visiting attribute path : products
17:26:52.979 [main] DEBUG org.hibernate.loader.plan.build.internal.spaces.QuerySpacesImpl - Adding QuerySpace : uid = &lt;gen:1&gt; -&gt; org.hibernate.loader.plan.build.internal.spaces.CollectionQuerySpaceImpl@3cee53dc]
17:26:52.979 [main] DEBUG org.hibernate.loader.plan.build.internal.spaces.QuerySpacesImpl - Adding QuerySpace : uid = &lt;gen:2&gt; -&gt; org.hibernate.loader.plan.build.internal.spaces.EntityQuerySpaceImpl@290aeb20]
17:26:52.979 [main] DEBUG org.hibernate.loader.plan.build.internal.FetchStyleLoadPlanBuildingAssociationVisitationStrategy - Building LoadPlan...
17:26:52.979 [main] DEBUG org.hibernate.loader.plan.exec.internal.LoadQueryJoinAndFetchProcessor - processing queryspace &lt;gen:0&gt;
17:26:52.980 [main] DEBUG org.hibernate.loader.plan.build.spi.LoadPlanTreePrinter - LoadPlan(entity=com.myproject.shoppingcart.domain.Supplier)
    - Returns
       - EntityReturnImpl(entity=com.myproject.shoppingcart.domain.Supplier, querySpaceUid=&lt;gen:0&gt;, path=com.myproject.shoppingcart.domain.Supplier)
          - CollectionAttributeFetchImpl(collection=com.myproject.shoppingcart.domain.Supplier.products, querySpaceUid=&lt;gen:1&gt;, path=com.myproject.shoppingcart.domain.Supplier.products)
             - (collection element) CollectionFetchableElementEntityGraph(entity=com.myproject.shoppingcart.domain.Product, querySpaceUid=&lt;gen:2&gt;, path=com.myproject.shoppingcart.domain.Supplier.products.&lt;elements&gt;)
    - QuerySpaces
       - EntityQuerySpaceImpl(uid=&lt;gen:0&gt;, entity=com.myproject.shoppingcart.domain.Supplier)
          - SQL table alias mapping - supplier0_
          - alias suffix - 0_
          - suffixed key columns - {supplier1_4_0_}

17:26:52.980 [main] DEBUG org.hibernate.loader.entity.plan.EntityLoader - Static select for entity com.myproject.shoppingcart.domain.Supplier [FORCE]: select supplier0_.supplier_id as supplier1_4_0_, supplier0_.address as address2_4_0_, supplier0_.name as name3_4_0_ from Supplier supplier0_ where supplier0_.supplier_id=? for update
17:26:52.980 [main] DEBUG org.hibernate.loader.plan.build.internal.spaces.QuerySpacesImpl - Adding QuerySpace : uid = &lt;gen:0&gt; -&gt; org.hibernate.loader.plan.build.internal.spaces.EntityQuerySpaceImpl@73ad4ecc]
17:26:52.981 [main] DEBUG org.hibernate.persister.walking.spi.MetamodelGraphWalker - Visiting attribute path : address
17:26:52.981 [main] DEBUG org.hibernate.persister.walking.spi.MetamodelGraphWalker - Visiting attribute path : name
17:26:52.981 [main] DEBUG org.hibernate.persister.walking.spi.MetamodelGraphWalker - Visiting attribute path : products
17:26:52.981 [main] DEBUG org.hibernate.loader.plan.build.internal.spaces.QuerySpacesImpl - Adding QuerySpace : uid = &lt;gen:1&gt; -&gt; org.hibernate.loader.plan.build.internal.spaces.CollectionQuerySpaceImpl@2764c546]
17:26:52.982 [main] DEBUG org.hibernate.loader.plan.build.internal.spaces.QuerySpacesImpl - Adding QuerySpace : uid = &lt;gen:2&gt; -&gt; org.hibernate.loader.plan.build.internal.spaces.EntityQuerySpaceImpl@59496961]
17:26:52.982 [main] DEBUG org.hibernate.loader.plan.build.internal.FetchStyleLoadPlanBuildingAssociationVisitationStrategy - Building LoadPlan...
17:26:52.982 [main] DEBUG org.hibernate.loader.plan.exec.internal.LoadQueryJoinAndFetchProcessor - processing queryspace &lt;gen:0&gt;
17:26:52.983 [main] DEBUG org.hibernate.loader.plan.build.spi.LoadPlanTreePrinter - LoadPlan(entity=com.myproject.shoppingcart.domain.Supplier)
    - Returns
       - EntityReturnImpl(entity=com.myproject.shoppingcart.domain.Supplier, querySpaceUid=&lt;gen:0&gt;, path=com.myproject.shoppingcart.domain.Supplier)
          - CollectionAttributeFetchImpl(collection=com.myproject.shoppingcart.domain.Supplier.products, querySpaceUid=&lt;gen:1&gt;, path=com.myproject.shoppingcart.domain.Supplier.products)
             - (collection element) CollectionFetchableElementEntityGraph(entity=com.myproject.shoppingcart.domain.Product, querySpaceUid=&lt;gen:2&gt;, path=com.myproject.shoppingcart.domain.Supplier.products.&lt;elements&gt;)
    - QuerySpaces
       - EntityQuerySpaceImpl(uid=&lt;gen:0&gt;, entity=com.myproject.shoppingcart.domain.Supplier)
          - SQL table alias mapping - supplier0_
          - alias suffix - 0_
          - suffixed key columns - {supplier1_4_0_}

17:26:52.983 [main] DEBUG org.hibernate.loader.entity.plan.EntityLoader - Static select for entity com.myproject.shoppingcart.domain.Supplier [PESSIMISTIC_READ]: select supplier0_.supplier_id as supplier1_4_0_, supplier0_.address as address2_4_0_, supplier0_.name as name3_4_0_ from Supplier supplier0_ where supplier0_.supplier_id=? for update
17:26:52.983 [main] DEBUG org.hibernate.loader.plan.build.internal.spaces.QuerySpacesImpl - Adding QuerySpace : uid = &lt;gen:0&gt; -&gt; org.hibernate.loader.plan.build.internal.spaces.EntityQuerySpaceImpl@408b87aa]
17:26:52.984 [main] DEBUG org.hibernate.persister.walking.spi.MetamodelGraphWalker - Visiting attribute path : address
17:26:52.984 [main] DEBUG org.hibernate.persister.walking.spi.MetamodelGraphWalker - Visiting attribute path : name
17:26:52.984 [main] DEBUG org.hibernate.persister.walking.spi.MetamodelGraphWalker - Visiting attribute path : products
17:26:52.984 [main] DEBUG org.hibernate.loader.plan.build.internal.spaces.QuerySpacesImpl - Adding QuerySpace : uid = &lt;gen:1&gt; -&gt; org.hibernate.loader.plan.build.internal.spaces.CollectionQuerySpaceImpl@787f32b7]
17:26:52.984 [main] DEBUG org.hibernate.loader.plan.build.internal.spaces.QuerySpacesImpl - Adding QuerySpace : uid = &lt;gen:2&gt; -&gt; org.hibernate.loader.plan.build.internal.spaces.EntityQuerySpaceImpl@6aef4eb8]
17:26:52.984 [main] DEBUG org.hibernate.loader.plan.build.internal.FetchStyleLoadPlanBuildingAssociationVisitationStrategy - Building LoadPlan...
17:26:52.984 [main] DEBUG org.hibernate.loader.plan.exec.internal.LoadQueryJoinAndFetchProcessor - processing queryspace &lt;gen:0&gt;
17:26:52.985 [main] DEBUG org.hibernate.loader.plan.build.spi.LoadPlanTreePrinter - LoadPlan(entity=com.myproject.shoppingcart.domain.Supplier)
    - Returns
       - EntityReturnImpl(entity=com.myproject.shoppingcart.domain.Supplier, querySpaceUid=&lt;gen:0&gt;, path=com.myproject.shoppingcart.domain.Supplier)
          - CollectionAttributeFetchImpl(collection=com.myproject.shoppingcart.domain.Supplier.products, querySpaceUid=&lt;gen:1&gt;, path=com.myproject.shoppingcart.domain.Supplier.products)
             - (collection element) CollectionFetchableElementEntityGraph(entity=com.myproject.shoppingcart.domain.Product, querySpaceUid=&lt;gen:2&gt;, path=com.myproject.shoppingcart.domain.Supplier.products.&lt;elements&gt;)
    - QuerySpaces
       - EntityQuerySpaceImpl(uid=&lt;gen:0&gt;, entity=com.myproject.shoppingcart.domain.Supplier)
          - SQL table alias mapping - supplier0_
          - alias suffix - 0_
          - suffixed key columns - {supplier1_4_0_}

17:26:52.985 [main] DEBUG org.hibernate.loader.entity.plan.EntityLoader - Static select for entity com.myproject.shoppingcart.domain.Supplier [PESSIMISTIC_WRITE]: select supplier0_.supplier_id as supplier1_4_0_, supplier0_.address as address2_4_0_, supplier0_.name as name3_4_0_ from Supplier supplier0_ where supplier0_.supplier_id=? for update
17:26:52.985 [main] DEBUG org.hibernate.loader.plan.build.internal.spaces.QuerySpacesImpl - Adding QuerySpace : uid = &lt;gen:0&gt; -&gt; org.hibernate.loader.plan.build.internal.spaces.EntityQuerySpaceImpl@76c52298]
17:26:52.985 [main] DEBUG org.hibernate.persister.walking.spi.MetamodelGraphWalker - Visiting attribute path : address
17:26:52.985 [main] DEBUG org.hibernate.persister.walking.spi.MetamodelGraphWalker - Visiting attribute path : name
17:26:52.985 [main] DEBUG org.hibernate.persister.walking.spi.MetamodelGraphWalker - Visiting attribute path : products
17:26:52.986 [main] DEBUG org.hibernate.loader.plan.build.internal.spaces.QuerySpacesImpl - Adding QuerySpace : uid = &lt;gen:1&gt; -&gt; org.hibernate.loader.plan.build.internal.spaces.CollectionQuerySpaceImpl@a52ca2e]
17:26:52.986 [main] DEBUG org.hibernate.loader.plan.build.internal.spaces.QuerySpacesImpl - Adding QuerySpace : uid = &lt;gen:2&gt; -&gt; org.hibernate.loader.plan.build.internal.spaces.EntityQuerySpaceImpl@1ad8df52]
17:26:52.986 [main] DEBUG org.hibernate.loader.plan.build.internal.FetchStyleLoadPlanBuildingAssociationVisitationStrategy - Building LoadPlan...
17:26:52.986 [main] DEBUG org.hibernate.loader.plan.exec.internal.LoadQueryJoinAndFetchProcessor - processing queryspace &lt;gen:0&gt;
17:26:52.986 [main] DEBUG org.hibernate.loader.plan.build.spi.LoadPlanTreePrinter - LoadPlan(entity=com.myproject.shoppingcart.domain.Supplier)
    - Returns
       - EntityReturnImpl(entity=com.myproject.shoppingcart.domain.Supplier, querySpaceUid=&lt;gen:0&gt;, path=com.myproject.shoppingcart.domain.Supplier)
          - CollectionAttributeFetchImpl(collection=com.myproject.shoppingcart.domain.Supplier.products, querySpaceUid=&lt;gen:1&gt;, path=com.myproject.shoppingcart.domain.Supplier.products)
             - (collection element) CollectionFetchableElementEntityGraph(entity=com.myproject.shoppingcart.domain.Product, querySpaceUid=&lt;gen:2&gt;, path=com.myproject.shoppingcart.domain.Supplier.products.&lt;elements&gt;)
    - QuerySpaces
       - EntityQuerySpaceImpl(uid=&lt;gen:0&gt;, entity=com.myproject.shoppingcart.domain.Supplier)
          - SQL table alias mapping - supplier0_
          - alias suffix - 0_
          - suffixed key columns - {supplier1_4_0_}

17:26:52.986 [main] DEBUG org.hibernate.loader.entity.plan.EntityLoader - Static select for entity com.myproject.shoppingcart.domain.Supplier [PESSIMISTIC_FORCE_INCREMENT]: select supplier0_.supplier_id as supplier1_4_0_, supplier0_.address as address2_4_0_, supplier0_.name as name3_4_0_ from Supplier supplier0_ where supplier0_.supplier_id=? for update
17:26:52.987 [main] DEBUG org.hibernate.loader.plan.build.internal.spaces.QuerySpacesImpl - Adding QuerySpace : uid = &lt;gen:0&gt; -&gt; org.hibernate.loader.plan.build.internal.spaces.EntityQuerySpaceImpl@45d6ef73]
17:26:52.987 [main] DEBUG org.hibernate.persister.walking.spi.MetamodelGraphWalker - Visiting attribute path : address
17:26:52.987 [main] DEBUG org.hibernate.persister.walking.spi.MetamodelGraphWalker - Visiting attribute path : name
17:26:52.987 [main] DEBUG org.hibernate.persister.walking.spi.MetamodelGraphWalker - Visiting attribute path : products
17:26:52.987 [main] DEBUG org.hibernate.loader.plan.build.internal.spaces.QuerySpacesImpl - Adding QuerySpace : uid = &lt;gen:1&gt; -&gt; org.hibernate.loader.plan.build.internal.spaces.CollectionQuerySpaceImpl@1f6d27cc]
17:26:52.987 [main] DEBUG org.hibernate.loader.plan.build.internal.spaces.QuerySpacesImpl - Adding QuerySpace : uid = &lt;gen:2&gt; -&gt; org.hibernate.loader.plan.build.internal.spaces.EntityQuerySpaceImpl@4393593c]
17:26:52.987 [main] DEBUG org.hibernate.loader.plan.build.internal.FetchStyleLoadPlanBuildingAssociationVisitationStrategy - Building LoadPlan...
17:26:52.987 [main] DEBUG org.hibernate.loader.plan.exec.internal.LoadQueryJoinAndFetchProcessor - processing queryspace &lt;gen:0&gt;
17:26:52.988 [main] DEBUG org.hibernate.loader.plan.build.spi.LoadPlanTreePrinter - LoadPlan(entity=com.myproject.shoppingcart.domain.Supplier)
    - Returns
       - EntityReturnImpl(entity=com.myproject.shoppingcart.domain.Supplier, querySpaceUid=&lt;gen:0&gt;, path=com.myproject.shoppingcart.domain.Supplier)
          - CollectionAttributeFetchImpl(collection=com.myproject.shoppingcart.domain.Supplier.products, querySpaceUid=&lt;gen:1&gt;, path=com.myproject.shoppingcart.domain.Supplier.products)
             - (collection element) CollectionFetchableElementEntityGraph(entity=com.myproject.shoppingcart.domain.Product, querySpaceUid=&lt;gen:2&gt;, path=com.myproject.shoppingcart.domain.Supplier.products.&lt;elements&gt;)
    - QuerySpaces
       - EntityQuerySpaceImpl(uid=&lt;gen:0&gt;, entity=com.myproject.shoppingcart.domain.Supplier)
          - SQL table alias mapping - supplier0_
          - alias suffix - 0_
          - suffixed key columns - {supplier1_4_0_}

17:26:52.988 [main] DEBUG org.hibernate.loader.entity.plan.EntityLoader - Static select for entity com.myproject.shoppingcart.domain.Supplier [OPTIMISTIC]: select supplier0_.supplier_id as supplier1_4_0_, supplier0_.address as address2_4_0_, supplier0_.name as name3_4_0_ from Supplier supplier0_ where supplier0_.supplier_id=?
17:26:52.988 [main] DEBUG org.hibernate.loader.plan.build.internal.spaces.QuerySpacesImpl - Adding QuerySpace : uid = &lt;gen:0&gt; -&gt; org.hibernate.loader.plan.build.internal.spaces.EntityQuerySpaceImpl@314c8b4a]
17:26:52.988 [main] DEBUG org.hibernate.persister.walking.spi.MetamodelGraphWalker - Visiting attribute path : address
17:26:52.989 [main] DEBUG org.hibernate.persister.walking.spi.MetamodelGraphWalker - Visiting attribute path : name
17:26:52.989 [main] DEBUG org.hibernate.persister.walking.spi.MetamodelGraphWalker - Visiting attribute path : products
17:26:52.989 [main] DEBUG org.hibernate.loader.plan.build.internal.spaces.QuerySpacesImpl - Adding QuerySpace : uid = &lt;gen:1&gt; -&gt; org.hibernate.loader.plan.build.internal.spaces.CollectionQuerySpaceImpl@507d20bb]
17:26:52.989 [main] DEBUG org.hibernate.loader.plan.build.internal.spaces.QuerySpacesImpl - Adding QuerySpace : uid = &lt;gen:2&gt; -&gt; org.hibernate.loader.plan.build.internal.spaces.EntityQuerySpaceImpl@9fec931]
17:26:52.989 [main] DEBUG org.hibernate.loader.plan.build.internal.FetchStyleLoadPlanBuildingAssociationVisitationStrategy - Building LoadPlan...
17:26:52.989 [main] DEBUG org.hibernate.loader.plan.exec.internal.LoadQueryJoinAndFetchProcessor - processing queryspace &lt;gen:0&gt;
17:26:52.990 [main] DEBUG org.hibernate.loader.plan.build.spi.LoadPlanTreePrinter - LoadPlan(entity=com.myproject.shoppingcart.domain.Supplier)
    - Returns
       - EntityReturnImpl(entity=com.myproject.shoppingcart.domain.Supplier, querySpaceUid=&lt;gen:0&gt;, path=com.myproject.shoppingcart.domain.Supplier)
          - CollectionAttributeFetchImpl(collection=com.myproject.shoppingcart.domain.Supplier.products, querySpaceUid=&lt;gen:1&gt;, path=com.myproject.shoppingcart.domain.Supplier.products)
             - (collection element) CollectionFetchableElementEntityGraph(entity=com.myproject.shoppingcart.domain.Product, querySpaceUid=&lt;gen:2&gt;, path=com.myproject.shoppingcart.domain.Supplier.products.&lt;elements&gt;)
    - QuerySpaces
       - EntityQuerySpaceImpl(uid=&lt;gen:0&gt;, entity=com.myproject.shoppingcart.domain.Supplier)
          - SQL table alias mapping - supplier0_
          - alias suffix - 0_
          - suffixed key columns - {supplier1_4_0_}

17:26:52.990 [main] DEBUG org.hibernate.loader.entity.plan.EntityLoader - Static select for entity com.myproject.shoppingcart.domain.Supplier [OPTIMISTIC_FORCE_INCREMENT]: select supplier0_.supplier_id as supplier1_4_0_, supplier0_.address as address2_4_0_, supplier0_.name as name3_4_0_ from Supplier supplier0_ where supplier0_.supplier_id=?
17:26:52.990 [main] DEBUG org.hibernate.loader.Loader - Static select for action ACTION_MERGE on entity com.myproject.shoppingcart.domain.Supplier: select supplier0_.supplier_id as supplier1_4_0_, supplier0_.address as address2_4_0_, supplier0_.name as name3_4_0_ from Supplier supplier0_ where supplier0_.supplier_id=?
17:26:52.990 [main] DEBUG org.hibernate.loader.Loader - Static select for action ACTION_REFRESH on entity com.myproject.shoppingcart.domain.Supplier: select supplier0_.supplier_id as supplier1_4_0_, supplier0_.address as address2_4_0_, supplier0_.name as name3_4_0_ from Supplier supplier0_ where supplier0_.supplier_id=?
17:26:52.991 [main] DEBUG org.hibernate.persister.entity.AbstractEntityPersister - Static SQL for entity: com.myproject.shoppingcart.domain.Cart
17:26:52.991 [main] DEBUG org.hibernate.persister.entity.AbstractEntityPersister -  Version select: select id from Cart where id =?
17:26:52.991 [main] DEBUG org.hibernate.persister.entity.AbstractEntityPersister -  Snapshot select: select cart_.id, cart_.emailID as emailID2_0_, cart_.price as price3_0_, cart_.productID as productI4_0_, cart_.productName as productN5_0_, cart_.quantity as quantity6_0_ from Cart cart_ where cart_.id=?
17:26:52.991 [main] DEBUG org.hibernate.persister.entity.AbstractEntityPersister -  Insert 0: insert into Cart (emailID, price, productID, productName, quantity, id) values (?, ?, ?, ?, ?, ?)
17:26:52.991 [main] DEBUG org.hibernate.persister.entity.AbstractEntityPersister -  Update 0: update Cart set emailID=?, price=?, productID=?, productName=?, quantity=? where id=?
17:26:52.991 [main] DEBUG org.hibernate.persister.entity.AbstractEntityPersister -  Delete 0: delete from Cart where id=?
17:26:52.992 [main] DEBUG org.hibernate.loader.plan.build.internal.spaces.QuerySpacesImpl - Adding QuerySpace : uid = &lt;gen:0&gt; -&gt; org.hibernate.loader.plan.build.internal.spaces.EntityQuerySpaceImpl@5cbd159f]
17:26:52.992 [main] DEBUG org.hibernate.persister.walking.spi.MetamodelGraphWalker - Visiting attribute path : emailID
17:26:52.992 [main] DEBUG org.hibernate.persister.walking.spi.MetamodelGraphWalker - Visiting attribute path : price
17:26:52.992 [main] DEBUG org.hibernate.persister.walking.spi.MetamodelGraphWalker - Visiting attribute path : productID
17:26:52.992 [main] DEBUG org.hibernate.persister.walking.spi.MetamodelGraphWalker - Visiting attribute path : productName
17:26:52.992 [main] DEBUG org.hibernate.persister.walking.spi.MetamodelGraphWalker - Visiting attribute path : quantity
17:26:52.992 [main] DEBUG org.hibernate.loader.plan.build.internal.FetchStyleLoadPlanBuildingAssociationVisitationStrategy - Building LoadPlan...
17:26:52.993 [main] DEBUG org.hibernate.loader.plan.exec.internal.LoadQueryJoinAndFetchProcessor - processing queryspace &lt;gen:0&gt;
17:26:52.993 [main] DEBUG org.hibernate.loader.plan.build.spi.LoadPlanTreePrinter - LoadPlan(entity=com.myproject.shoppingcart.domain.Cart)
    - Returns
       - EntityReturnImpl(entity=com.myproject.shoppingcart.domain.Cart, querySpaceUid=&lt;gen:0&gt;, path=com.myproject.shoppingcart.domain.Cart)
    - QuerySpaces
       - EntityQuerySpaceImpl(uid=&lt;gen:0&gt;, entity=com.myproject.shoppingcart.domain.Cart)
          - SQL table alias mapping - cart0_
          - alias suffix - 0_
          - suffixed key columns - {id1_0_0_}

17:26:52.993 [main] DEBUG org.hibernate.loader.entity.plan.EntityLoader - Static select for entity com.myproject.shoppingcart.domain.Cart [NONE]: select cart0_.id as id1_0_0_, cart0_.emailID as emailID2_0_0_, cart0_.price as price3_0_0_, cart0_.productID as productI4_0_0_, cart0_.productName as productN5_0_0_, cart0_.quantity as quantity6_0_0_ from Cart cart0_ where cart0_.id=?
17:26:52.993 [main] DEBUG org.hibernate.loader.plan.build.internal.spaces.QuerySpacesImpl - Adding QuerySpace : uid = &lt;gen:0&gt; -&gt; org.hibernate.loader.plan.build.internal.spaces.EntityQuerySpaceImpl@2c43eb8]
17:26:52.993 [main] DEBUG org.hibernate.persister.walking.spi.MetamodelGraphWalker - Visiting attribute path : emailID
17:26:52.994 [main] DEBUG org.hibernate.persister.walking.spi.MetamodelGraphWalker - Visiting attribute path : price
17:26:52.994 [main] DEBUG org.hibernate.persister.walking.spi.MetamodelGraphWalker - Visiting attribute path : productID
17:26:52.994 [main] DEBUG org.hibernate.persister.walking.spi.MetamodelGraphWalker - Visiting attribute path : productName
17:26:52.994 [main] DEBUG org.hibernate.persister.walking.spi.MetamodelGraphWalker - Visiting attribute path : quantity
17:26:52.994 [main] DEBUG org.hibernate.loader.plan.build.internal.FetchStyleLoadPlanBuildingAssociationVisitationStrategy - Building LoadPlan...
17:26:52.994 [main] DEBUG org.hibernate.loader.plan.exec.internal.LoadQueryJoinAndFetchProcessor - processing queryspace &lt;gen:0&gt;
17:26:52.994 [main] DEBUG org.hibernate.loader.plan.build.spi.LoadPlanTreePrinter - LoadPlan(entity=com.myproject.shoppingcart.domain.Cart)
    - Returns
       - EntityReturnImpl(entity=com.myproject.shoppingcart.domain.Cart, querySpaceUid=&lt;gen:0&gt;, path=com.myproject.shoppingcart.domain.Cart)
    - QuerySpaces
       - EntityQuerySpaceImpl(uid=&lt;gen:0&gt;, entity=com.myproject.shoppingcart.domain.Cart)
          - SQL table alias mapping - cart0_
          - alias suffix - 0_
          - suffixed key columns - {id1_0_0_}

17:26:52.994 [main] DEBUG org.hibernate.loader.entity.plan.EntityLoader - Static select for entity com.myproject.shoppingcart.domain.Cart [READ]: select cart0_.id as id1_0_0_, cart0_.emailID as emailID2_0_0_, cart0_.price as price3_0_0_, cart0_.productID as productI4_0_0_, cart0_.productName as productN5_0_0_, cart0_.quantity as quantity6_0_0_ from Cart cart0_ where cart0_.id=?
17:26:52.995 [main] DEBUG org.hibernate.loader.plan.build.internal.spaces.QuerySpacesImpl - Adding QuerySpace : uid = &lt;gen:0&gt; -&gt; org.hibernate.loader.plan.build.internal.spaces.EntityQuerySpaceImpl@49293b43]
17:26:52.995 [main] DEBUG org.hibernate.persister.walking.spi.MetamodelGraphWalker - Visiting attribute path : emailID
17:26:52.995 [main] DEBUG org.hibernate.persister.walking.spi.MetamodelGraphWalker - Visiting attribute path : price
17:26:52.995 [main] DEBUG org.hibernate.persister.walking.spi.MetamodelGraphWalker - Visiting attribute path : productID
17:26:52.995 [main] DEBUG org.hibernate.persister.walking.spi.MetamodelGraphWalker - Visiting attribute path : productName
17:26:52.995 [main] DEBUG org.hibernate.persister.walking.spi.MetamodelGraphWalker - Visiting attribute path : quantity
17:26:52.995 [main] DEBUG org.hibernate.loader.plan.build.internal.FetchStyleLoadPlanBuildingAssociationVisitationStrategy - Building LoadPlan...
17:26:52.995 [main] DEBUG org.hibernate.loader.plan.exec.internal.LoadQueryJoinAndFetchProcessor - processing queryspace &lt;gen:0&gt;
17:26:52.995 [main] DEBUG org.hibernate.loader.plan.build.spi.LoadPlanTreePrinter - LoadPlan(entity=com.myproject.shoppingcart.domain.Cart)
    - Returns
       - EntityReturnImpl(entity=com.myproject.shoppingcart.domain.Cart, querySpaceUid=&lt;gen:0&gt;, path=com.myproject.shoppingcart.domain.Cart)
    - QuerySpaces
       - EntityQuerySpaceImpl(uid=&lt;gen:0&gt;, entity=com.myproject.shoppingcart.domain.Cart)
          - SQL table alias mapping - cart0_
          - alias suffix - 0_
          - suffixed key columns - {id1_0_0_}

17:26:52.996 [main] DEBUG org.hibernate.loader.entity.plan.EntityLoader - Static select for entity com.myproject.shoppingcart.domain.Cart [UPGRADE]: select cart0_.id as id1_0_0_, cart0_.emailID as emailID2_0_0_, cart0_.price as price3_0_0_, cart0_.productID as productI4_0_0_, cart0_.productName as productN5_0_0_, cart0_.quantity as quantity6_0_0_ from Cart cart0_ where cart0_.id=? for update
17:26:52.996 [main] DEBUG org.hibernate.loader.plan.build.internal.spaces.QuerySpacesImpl - Adding QuerySpace : uid = &lt;gen:0&gt; -&gt; org.hibernate.loader.plan.build.internal.spaces.EntityQuerySpaceImpl@7ce4de34]
17:26:52.996 [main] DEBUG org.hibernate.persister.walking.spi.MetamodelGraphWalker - Visiting attribute path : emailID
17:26:52.996 [main] DEBUG org.hibernate.persister.walking.spi.MetamodelGraphWalker - Visiting attribute path : price
17:26:52.996 [main] DEBUG org.hibernate.persister.walking.spi.MetamodelGraphWalker - Visiting attribute path : productID
17:26:52.996 [main] DEBUG org.hibernate.persister.walking.spi.MetamodelGraphWalker - Visiting attribute path : productName
17:26:52.996 [main] DEBUG org.hibernate.persister.walking.spi.MetamodelGraphWalker - Visiting attribute path : quantity
17:26:52.996 [main] DEBUG org.hibernate.loader.plan.build.internal.FetchStyleLoadPlanBuildingAssociationVisitationStrategy - Building LoadPlan...
17:26:52.996 [main] DEBUG org.hibernate.loader.plan.exec.internal.LoadQueryJoinAndFetchProcessor - processing queryspace &lt;gen:0&gt;
17:26:52.997 [main] DEBUG org.hibernate.loader.plan.build.spi.LoadPlanTreePrinter - LoadPlan(entity=com.myproject.shoppingcart.domain.Cart)
    - Returns
       - EntityReturnImpl(entity=com.myproject.shoppingcart.domain.Cart, querySpaceUid=&lt;gen:0&gt;, path=com.myproject.shoppingcart.domain.Cart)
    - QuerySpaces
       - EntityQuerySpaceImpl(uid=&lt;gen:0&gt;, entity=com.myproject.shoppingcart.domain.Cart)
          - SQL table alias mapping - cart0_
          - alias suffix - 0_
          - suffixed key columns - {id1_0_0_}

17:26:52.997 [main] DEBUG org.hibernate.loader.entity.plan.EntityLoader - Static select for entity com.myproject.shoppingcart.domain.Cart [UPGRADE_NOWAIT]: select cart0_.id as id1_0_0_, cart0_.emailID as emailID2_0_0_, cart0_.price as price3_0_0_, cart0_.productID as productI4_0_0_, cart0_.productName as productN5_0_0_, cart0_.quantity as quantity6_0_0_ from Cart cart0_ where cart0_.id=? for update
17:26:52.997 [main] DEBUG org.hibernate.loader.plan.build.internal.spaces.QuerySpacesImpl - Adding QuerySpace : uid = &lt;gen:0&gt; -&gt; org.hibernate.loader.plan.build.internal.spaces.EntityQuerySpaceImpl@67440de6]
17:26:52.998 [main] DEBUG org.hibernate.persister.walking.spi.MetamodelGraphWalker - Visiting attribute path : emailID
17:26:52.998 [main] DEBUG org.hibernate.persister.walking.spi.MetamodelGraphWalker - Visiting attribute path : price
17:26:52.998 [main] DEBUG org.hibernate.persister.walking.spi.MetamodelGraphWalker - Visiting attribute path : productID
17:26:52.998 [main] DEBUG org.hibernate.persister.walking.spi.MetamodelGraphWalker - Visiting attribute path : productName
17:26:52.998 [main] DEBUG org.hibernate.persister.walking.spi.MetamodelGraphWalker - Visiting attribute path : quantity
17:26:52.998 [main] DEBUG org.hibernate.loader.plan.build.internal.FetchStyleLoadPlanBuildingAssociationVisitationStrategy - Building LoadPlan...
17:26:52.999 [main] DEBUG org.hibernate.loader.plan.exec.internal.LoadQueryJoinAndFetchProcessor - processing queryspace &lt;gen:0&gt;
17:26:53.000 [main] DEBUG org.hibernate.loader.plan.build.spi.LoadPlanTreePrinter - LoadPlan(entity=com.myproject.shoppingcart.domain.Cart)
    - Returns
       - EntityReturnImpl(entity=com.myproject.shoppingcart.domain.Cart, querySpaceUid=&lt;gen:0&gt;, path=com.myproject.shoppingcart.domain.Cart)
    - QuerySpaces
       - EntityQuerySpaceImpl(uid=&lt;gen:0&gt;, entity=com.myproject.shoppingcart.domain.Cart)
          - SQL table alias mapping - cart0_
          - alias suffix - 0_
          - suffixed key columns - {id1_0_0_}

17:26:53.000 [main] DEBUG org.hibernate.loader.entity.plan.EntityLoader - Static select for entity com.myproject.shoppingcart.domain.Cart [UPGRADE_SKIPLOCKED]: select cart0_.id as id1_0_0_, cart0_.emailID as emailID2_0_0_, cart0_.price as price3_0_0_, cart0_.productID as productI4_0_0_, cart0_.productName as productN5_0_0_, cart0_.quantity as quantity6_0_0_ from Cart cart0_ where cart0_.id=? for update
17:26:53.000 [main] DEBUG org.hibernate.loader.plan.build.internal.spaces.QuerySpacesImpl - Adding QuerySpace : uid = &lt;gen:0&gt; -&gt; org.hibernate.loader.plan.build.internal.spaces.EntityQuerySpaceImpl@5246a3b3]
17:26:53.003 [main] DEBUG org.hibernate.persister.walking.spi.MetamodelGraphWalker - Visiting attribute path : emailID
17:26:53.004 [main] DEBUG org.hibernate.persister.walking.spi.MetamodelGraphWalker - Visiting attribute path : price
17:26:53.004 [main] DEBUG org.hibernate.persister.walking.spi.MetamodelGraphWalker - Visiting attribute path : productID
17:26:53.004 [main] DEBUG org.hibernate.persister.walking.spi.MetamodelGraphWalker - Visiting attribute path : productName
17:26:53.004 [main] DEBUG org.hibernate.persister.walking.spi.MetamodelGraphWalker - Visiting attribute path : quantity
17:26:53.004 [main] DEBUG org.hibernate.loader.plan.build.internal.FetchStyleLoadPlanBuildingAssociationVisitationStrategy - Building LoadPlan...
17:26:53.004 [main] DEBUG org.hibernate.loader.plan.exec.internal.LoadQueryJoinAndFetchProcessor - processing queryspace &lt;gen:0&gt;
17:26:53.005 [main] DEBUG org.hibernate.loader.plan.build.spi.LoadPlanTreePrinter - LoadPlan(entity=com.myproject.shoppingcart.domain.Cart)
    - Returns
       - EntityReturnImpl(entity=com.myproject.shoppingcart.domain.Cart, querySpaceUid=&lt;gen:0&gt;, path=com.myproject.shoppingcart.domain.Cart)
    - QuerySpaces
       - EntityQuerySpaceImpl(uid=&lt;gen:0&gt;, entity=com.myproject.shoppingcart.domain.Cart)
          - SQL table alias mapping - cart0_
          - alias suffix - 0_
          - suffixed key columns - {id1_0_0_}

17:26:53.005 [main] DEBUG org.hibernate.loader.entity.plan.EntityLoader - Static select for entity com.myproject.shoppingcart.domain.Cart [FORCE]: select cart0_.id as id1_0_0_, cart0_.emailID as emailID2_0_0_, cart0_.price as price3_0_0_, cart0_.productID as productI4_0_0_, cart0_.productName as productN5_0_0_, cart0_.quantity as quantity6_0_0_ from Cart cart0_ where cart0_.id=? for update
17:26:53.005 [main] DEBUG org.hibernate.loader.plan.build.internal.spaces.QuerySpacesImpl - Adding QuerySpace : uid = &lt;gen:0&gt; -&gt; org.hibernate.loader.plan.build.internal.spaces.EntityQuerySpaceImpl@4c4f4365]
17:26:53.005 [main] DEBUG org.hibernate.persister.walking.spi.MetamodelGraphWalker - Visiting attribute path : emailID
17:26:53.005 [main] DEBUG org.hibernate.persister.walking.spi.MetamodelGraphWalker - Visiting attribute path : price
17:26:53.005 [main] DEBUG org.hibernate.persister.walking.spi.MetamodelGraphWalker - Visiting attribute path : productID
17:26:53.005 [main] DEBUG org.hibernate.persister.walking.spi.MetamodelGraphWalker - Visiting attribute path : productName
17:26:53.005 [main] DEBUG org.hibernate.persister.walking.spi.MetamodelGraphWalker - Visiting attribute path : quantity
17:26:53.005 [main] DEBUG org.hibernate.loader.plan.build.internal.FetchStyleLoadPlanBuildingAssociationVisitationStrategy - Building LoadPlan...
17:26:53.005 [main] DEBUG org.hibernate.loader.plan.exec.internal.LoadQueryJoinAndFetchProcessor - processing queryspace &lt;gen:0&gt;
17:26:53.006 [main] DEBUG org.hibernate.loader.plan.build.spi.LoadPlanTreePrinter - LoadPlan(entity=com.myproject.shoppingcart.domain.Cart)
    - Returns
       - EntityReturnImpl(entity=com.myproject.shoppingcart.domain.Cart, querySpaceUid=&lt;gen:0&gt;, path=com.myproject.shoppingcart.domain.Cart)
    - QuerySpaces
       - EntityQuerySpaceImpl(uid=&lt;gen:0&gt;, entity=com.myproject.shoppingcart.domain.Cart)
          - SQL table alias mapping - cart0_
          - alias suffix - 0_
          - suffixed key columns - {id1_0_0_}

17:26:53.006 [main] DEBUG org.hibernate.loader.entity.plan.EntityLoader - Static select for entity com.myproject.shoppingcart.domain.Cart [PESSIMISTIC_READ]: select cart0_.id as id1_0_0_, cart0_.emailID as emailID2_0_0_, cart0_.price as price3_0_0_, cart0_.productID as productI4_0_0_, cart0_.productName as productN5_0_0_, cart0_.quantity as quantity6_0_0_ from Cart cart0_ where cart0_.id=? for update
17:26:53.006 [main] DEBUG org.hibernate.loader.plan.build.internal.spaces.QuerySpacesImpl - Adding QuerySpace : uid = &lt;gen:0&gt; -&gt; org.hibernate.loader.plan.build.internal.spaces.EntityQuerySpaceImpl@6df3e44c]
17:26:53.006 [main] DEBUG org.hibernate.persister.walking.spi.MetamodelGraphWalker - Visiting attribute path : emailID
17:26:53.006 [main] DEBUG org.hibernate.persister.walking.spi.MetamodelGraphWalker - Visiting attribute path : price
17:26:53.006 [main] DEBUG org.hibernate.persister.walking.spi.MetamodelGraphWalker - Visiting attribute path : productID
17:26:53.006 [main] DEBUG org.hibernate.persister.walking.spi.MetamodelGraphWalker - Visiting attribute path : productName
17:26:53.006 [main] DEBUG org.hibernate.persister.walking.spi.MetamodelGraphWalker - Visiting attribute path : quantity
17:26:53.006 [main] DEBUG org.hibernate.loader.plan.build.internal.FetchStyleLoadPlanBuildingAssociationVisitationStrategy - Building LoadPlan...
17:26:53.006 [main] DEBUG org.hibernate.loader.plan.exec.internal.LoadQueryJoinAndFetchProcessor - processing queryspace &lt;gen:0&gt;
17:26:53.007 [main] DEBUG org.hibernate.loader.plan.build.spi.LoadPlanTreePrinter - LoadPlan(entity=com.myproject.shoppingcart.domain.Cart)
    - Returns
       - EntityReturnImpl(entity=com.myproject.shoppingcart.domain.Cart, querySpaceUid=&lt;gen:0&gt;, path=com.myproject.shoppingcart.domain.Cart)
    - QuerySpaces
       - EntityQuerySpaceImpl(uid=&lt;gen:0&gt;, entity=com.myproject.shoppingcart.domain.Cart)
          - SQL table alias mapping - cart0_
          - alias suffix - 0_
          - suffixed key columns - {id1_0_0_}

17:26:53.007 [main] DEBUG org.hibernate.loader.entity.plan.EntityLoader - Static select for entity com.myproject.shoppingcart.domain.Cart [PESSIMISTIC_WRITE]: select cart0_.id as id1_0_0_, cart0_.emailID as emailID2_0_0_, cart0_.price as price3_0_0_, cart0_.productID as productI4_0_0_, cart0_.productName as productN5_0_0_, cart0_.quantity as quantity6_0_0_ from Cart cart0_ where cart0_.id=? for update
17:26:53.007 [main] DEBUG org.hibernate.loader.plan.build.internal.spaces.QuerySpacesImpl - Adding QuerySpace : uid = &lt;gen:0&gt; -&gt; org.hibernate.loader.plan.build.internal.spaces.EntityQuerySpaceImpl@4a05d8ae]
17:26:53.007 [main] DEBUG org.hibernate.persister.walking.spi.MetamodelGraphWalker - Visiting attribute path : emailID
17:26:53.007 [main] DEBUG org.hibernate.persister.walking.spi.MetamodelGraphWalker - Visiting attribute path : price
17:26:53.007 [main] DEBUG org.hibernate.persister.walking.spi.MetamodelGraphWalker - Visiting attribute path : productID
17:26:53.007 [main] DEBUG org.hibernate.persister.walking.spi.MetamodelGraphWalker - Visiting attribute path : productName
17:26:53.007 [main] DEBUG org.hibernate.persister.walking.spi.MetamodelGraphWalker - Visiting attribute path : quantity
17:26:53.007 [main] DEBUG org.hibernate.loader.plan.build.internal.FetchStyleLoadPlanBuildingAssociationVisitationStrategy - Building LoadPlan...
17:26:53.007 [main] DEBUG org.hibernate.loader.plan.exec.internal.LoadQueryJoinAndFetchProcessor - processing queryspace &lt;gen:0&gt;
17:26:53.007 [main] DEBUG org.hibernate.loader.plan.build.spi.LoadPlanTreePrinter - LoadPlan(entity=com.myproject.shoppingcart.domain.Cart)
    - Returns
       - EntityReturnImpl(entity=com.myproject.shoppingcart.domain.Cart, querySpaceUid=&lt;gen:0&gt;, path=com.myproject.shoppingcart.domain.Cart)
    - QuerySpaces
       - EntityQuerySpaceImpl(uid=&lt;gen:0&gt;, entity=com.myproject.shoppingcart.domain.Cart)
          - SQL table alias mapping - cart0_
          - alias suffix - 0_
          - suffixed key columns - {id1_0_0_}

17:26:53.008 [main] DEBUG org.hibernate.loader.entity.plan.EntityLoader - Static select for entity com.myproject.shoppingcart.domain.Cart [PESSIMISTIC_FORCE_INCREMENT]: select cart0_.id as id1_0_0_, cart0_.emailID as emailID2_0_0_, cart0_.price as price3_0_0_, cart0_.productID as productI4_0_0_, cart0_.productName as productN5_0_0_, cart0_.quantity as quantity6_0_0_ from Cart cart0_ where cart0_.id=? for update
17:26:53.008 [main] DEBUG org.hibernate.loader.plan.build.internal.spaces.QuerySpacesImpl - Adding QuerySpace : uid = &lt;gen:0&gt; -&gt; org.hibernate.loader.plan.build.internal.spaces.EntityQuerySpaceImpl@4eb30d44]
17:26:53.008 [main] DEBUG org.hibernate.persister.walking.spi.MetamodelGraphWalker - Visiting attribute path : emailID
17:26:53.008 [main] DEBUG org.hibernate.persister.walking.spi.MetamodelGraphWalker - Visiting attribute path : price
17:26:53.008 [main] DEBUG org.hibernate.persister.walking.spi.MetamodelGraphWalker - Visiting attribute path : productID
17:26:53.008 [main] DEBUG org.hibernate.persister.walking.spi.MetamodelGraphWalker - Visiting attribute path : productName
17:26:53.008 [main] DEBUG org.hibernate.persister.walking.spi.MetamodelGraphWalker - Visiting attribute path : quantity
17:26:53.008 [main] DEBUG org.hibernate.loader.plan.build.internal.FetchStyleLoadPlanBuildingAssociationVisitationStrategy - Building LoadPlan...
17:26:53.008 [main] DEBUG org.hibernate.loader.plan.exec.internal.LoadQueryJoinAndFetchProcessor - processing queryspace &lt;gen:0&gt;
17:26:53.008 [main] DEBUG org.hibernate.loader.plan.build.spi.LoadPlanTreePrinter - LoadPlan(entity=com.myproject.shoppingcart.domain.Cart)
    - Returns
       - EntityReturnImpl(entity=com.myproject.shoppingcart.domain.Cart, querySpaceUid=&lt;gen:0&gt;, path=com.myproject.shoppingcart.domain.Cart)
    - QuerySpaces
       - EntityQuerySpaceImpl(uid=&lt;gen:0&gt;, entity=com.myproject.shoppingcart.domain.Cart)
          - SQL table alias mapping - cart0_
          - alias suffix - 0_
          - suffixed key columns - {id1_0_0_}

17:26:53.008 [main] DEBUG org.hibernate.loader.entity.plan.EntityLoader - Static select for entity com.myproject.shoppingcart.domain.Cart [OPTIMISTIC]: select cart0_.id as id1_0_0_, cart0_.emailID as emailID2_0_0_, cart0_.price as price3_0_0_, cart0_.productID as productI4_0_0_, cart0_.productName as productN5_0_0_, cart0_.quantity as quantity6_0_0_ from Cart cart0_ where cart0_.id=?
17:26:53.008 [main] DEBUG org.hibernate.loader.plan.build.internal.spaces.QuerySpacesImpl - Adding QuerySpace : uid = &lt;gen:0&gt; -&gt; org.hibernate.loader.plan.build.internal.spaces.EntityQuerySpaceImpl@6972c30a]
17:26:53.008 [main] DEBUG org.hibernate.persister.walking.spi.MetamodelGraphWalker - Visiting attribute path : emailID
17:26:53.008 [main] DEBUG org.hibernate.persister.walking.spi.MetamodelGraphWalker - Visiting attribute path : price
17:26:53.008 [main] DEBUG org.hibernate.persister.walking.spi.MetamodelGraphWalker - Visiting attribute path : productID
17:26:53.008 [main] DEBUG org.hibernate.persister.walking.spi.MetamodelGraphWalker - Visiting attribute path : productName
17:26:53.008 [main] DEBUG org.hibernate.persister.walking.spi.MetamodelGraphWalker - Visiting attribute path : quantity
17:26:53.008 [main] DEBUG org.hibernate.loader.plan.build.internal.FetchStyleLoadPlanBuildingAssociationVisitationStrategy - Building LoadPlan...
17:26:53.009 [main] DEBUG org.hibernate.loader.plan.exec.internal.LoadQueryJoinAndFetchProcessor - processing queryspace &lt;gen:0&gt;
17:26:53.009 [main] DEBUG org.hibernate.loader.plan.build.spi.LoadPlanTreePrinter - LoadPlan(entity=com.myproject.shoppingcart.domain.Cart)
    - Returns
       - EntityReturnImpl(entity=com.myproject.shoppingcart.domain.Cart, querySpaceUid=&lt;gen:0&gt;, path=com.myproject.shoppingcart.domain.Cart)
    - QuerySpaces
       - EntityQuerySpaceImpl(uid=&lt;gen:0&gt;, entity=com.myproject.shoppingcart.domain.Cart)
          - SQL table alias mapping - cart0_
          - alias suffix - 0_
          - suffixed key columns - {id1_0_0_}

17:26:53.009 [main] DEBUG org.hibernate.loader.entity.plan.EntityLoader - Static select for entity com.myproject.shoppingcart.domain.Cart [OPTIMISTIC_FORCE_INCREMENT]: select cart0_.id as id1_0_0_, cart0_.emailID as emailID2_0_0_, cart0_.price as price3_0_0_, cart0_.productID as productI4_0_0_, cart0_.productName as productN5_0_0_, cart0_.quantity as quantity6_0_0_ from Cart cart0_ where cart0_.id=?
17:26:53.009 [main] DEBUG org.hibernate.loader.Loader - Static select for action ACTION_MERGE on entity com.myproject.shoppingcart.domain.Cart: select cart0_.id as id1_0_0_, cart0_.emailID as emailID2_0_0_, cart0_.price as price3_0_0_, cart0_.productID as productI4_0_0_, cart0_.productName as productN5_0_0_, cart0_.quantity as quantity6_0_0_ from Cart cart0_ where cart0_.id=?
17:26:53.009 [main] DEBUG org.hibernate.loader.Loader - Static select for action ACTION_REFRESH on entity com.myproject.shoppingcart.domain.Cart: select cart0_.id as id1_0_0_, cart0_.emailID as emailID2_0_0_, cart0_.price as price3_0_0_, cart0_.productID as productI4_0_0_, cart0_.productName as productN5_0_0_, cart0_.quantity as quantity6_0_0_ from Cart cart0_ where cart0_.id=?
17:26:53.009 [main] DEBUG org.hibernate.persister.entity.AbstractEntityPersister - Static SQL for entity: com.myproject.shoppingcart.domain.Payment
17:26:53.009 [main] DEBUG org.hibernate.persister.entity.AbstractEntityPersister -  Version select: select id from Payment where id =?
17:26:53.020 [main] DEBUG org.hibernate.persister.entity.AbstractEntityPersister -  Snapshot select: select payment_.id, payment_.grandTotal as grandTot2_2_, payment_.mobile as mobile3_2_, payment_.name as name4_2_, payment_.pincode as pincode5_2_, payment_.productName as productN6_2_, payment_.quantity as quantity7_2_, payment_.shippingAddress as shipping8_2_, payment_.subTotal as subTotal9_2_ from Payment payment_ where payment_.id=?
17:26:53.020 [main] DEBUG org.hibernate.persister.entity.AbstractEntityPersister -  Insert 0: insert into Payment (grandTotal, mobile, name, pincode, productName, quantity, shippingAddress, subTotal, id) values (?, ?, ?, ?, ?, ?, ?, ?, ?)
17:26:53.020 [main] DEBUG org.hibernate.persister.entity.AbstractEntityPersister -  Update 0: update Payment set grandTotal=?, mobile=?, name=?, pincode=?, productName=?, quantity=?, shippingAddress=?, subTotal=? where id=?
17:26:53.020 [main] DEBUG org.hibernate.persister.entity.AbstractEntityPersister -  Delete 0: delete from Payment where id=?
17:26:53.021 [main] DEBUG org.hibernate.loader.plan.build.internal.spaces.QuerySpacesImpl - Adding QuerySpace : uid = &lt;gen:0&gt; -&gt; org.hibernate.loader.plan.build.internal.spaces.EntityQuerySpaceImpl@1ab6718]
17:26:53.021 [main] DEBUG org.hibernate.persister.walking.spi.MetamodelGraphWalker - Visiting attribute path : grandTotal
17:26:53.021 [main] DEBUG org.hibernate.persister.walking.spi.MetamodelGraphWalker - Visiting attribute path : mobile
17:26:53.021 [main] DEBUG org.hibernate.persister.walking.spi.MetamodelGraphWalker - Visiting attribute path : name
17:26:53.021 [main] DEBUG org.hibernate.persister.walking.spi.MetamodelGraphWalker - Visiting attribute path : pincode
17:26:53.021 [main] DEBUG org.hibernate.persister.walking.spi.MetamodelGraphWalker - Visiting attribute path : productName
17:26:53.021 [main] DEBUG org.hibernate.persister.walking.spi.MetamodelGraphWalker - Visiting attribute path : quantity
17:26:53.021 [main] DEBUG org.hibernate.persister.walking.spi.MetamodelGraphWalker - Visiting attribute path : shippingAddress
17:26:53.021 [main] DEBUG org.hibernate.persister.walking.spi.MetamodelGraphWalker - Visiting attribute path : subTotal
17:26:53.022 [main] DEBUG org.hibernate.loader.plan.build.internal.FetchStyleLoadPlanBuildingAssociationVisitationStrategy - Building LoadPlan...
17:26:53.022 [main] DEBUG org.hibernate.loader.plan.exec.internal.LoadQueryJoinAndFetchProcessor - processing queryspace &lt;gen:0&gt;
17:26:53.022 [main] DEBUG org.hibernate.loader.plan.build.spi.LoadPlanTreePrinter - LoadPlan(entity=com.myproject.shoppingcart.domain.Payment)
    - Returns
       - EntityReturnImpl(entity=com.myproject.shoppingcart.domain.Payment, querySpaceUid=&lt;gen:0&gt;, path=com.myproject.shoppingcart.domain.Payment)
    - QuerySpaces
       - EntityQuerySpaceImpl(uid=&lt;gen:0&gt;, entity=com.myproject.shoppingcart.domain.Payment)
          - SQL table alias mapping - payment0_
          - alias suffix - 0_
          - suffixed key columns - {id1_2_0_}

17:26:53.022 [main] DEBUG org.hibernate.loader.entity.plan.EntityLoader - Static select for entity com.myproject.shoppingcart.domain.Payment [NONE]: select payment0_.id as id1_2_0_, payment0_.grandTotal as grandTot2_2_0_, payment0_.mobile as mobile3_2_0_, payment0_.name as name4_2_0_, payment0_.pincode as pincode5_2_0_, payment0_.productName as productN6_2_0_, payment0_.quantity as quantity7_2_0_, payment0_.shippingAddress as shipping8_2_0_, payment0_.subTotal as subTotal9_2_0_ from Payment payment0_ where payment0_.id=?
17:26:53.022 [main] DEBUG org.hibernate.loader.plan.build.internal.spaces.QuerySpacesImpl - Adding QuerySpace : uid = &lt;gen:0&gt; -&gt; org.hibernate.loader.plan.build.internal.spaces.EntityQuerySpaceImpl@460510aa]
17:26:53.024 [main] DEBUG org.hibernate.persister.walking.spi.MetamodelGraphWalker - Visiting attribute path : grandTotal
17:26:53.025 [main] DEBUG org.hibernate.persister.walking.spi.MetamodelGraphWalker - Visiting attribute path : mobile
17:26:53.025 [main] DEBUG org.hibernate.persister.walking.spi.MetamodelGraphWalker - Visiting attribute path : name
17:26:53.025 [main] DEBUG org.hibernate.persister.walking.spi.MetamodelGraphWalker - Visiting attribute path : pincode
17:26:53.026 [main] DEBUG org.hibernate.persister.walking.spi.MetamodelGraphWalker - Visiting attribute path : productName
17:26:53.026 [main] DEBUG org.hibernate.persister.walking.spi.MetamodelGraphWalker - Visiting attribute path : quantity
17:26:53.026 [main] DEBUG org.hibernate.persister.walking.spi.MetamodelGraphWalker - Visiting attribute path : shippingAddress
17:26:53.026 [main] DEBUG org.hibernate.persister.walking.spi.MetamodelGraphWalker - Visiting attribute path : subTotal
17:26:53.026 [main] DEBUG org.hibernate.loader.plan.build.internal.FetchStyleLoadPlanBuildingAssociationVisitationStrategy - Building LoadPlan...
17:26:53.026 [main] DEBUG org.hibernate.loader.plan.exec.internal.LoadQueryJoinAndFetchProcessor - processing queryspace &lt;gen:0&gt;
17:26:53.026 [main] DEBUG org.hibernate.loader.plan.build.spi.LoadPlanTreePrinter - LoadPlan(entity=com.myproject.shoppingcart.domain.Payment)
    - Returns
       - EntityReturnImpl(entity=com.myproject.shoppingcart.domain.Payment, querySpaceUid=&lt;gen:0&gt;, path=com.myproject.shoppingcart.domain.Payment)
    - QuerySpaces
       - EntityQuerySpaceImpl(uid=&lt;gen:0&gt;, entity=com.myproject.shoppingcart.domain.Payment)
          - SQL table alias mapping - payment0_
          - alias suffix - 0_
          - suffixed key columns - {id1_2_0_}

17:26:53.027 [main] DEBUG org.hibernate.loader.entity.plan.EntityLoader - Static select for entity com.myproject.shoppingcart.domain.Payment [READ]: select payment0_.id as id1_2_0_, payment0_.grandTotal as grandTot2_2_0_, payment0_.mobile as mobile3_2_0_, payment0_.name as name4_2_0_, payment0_.pincode as pincode5_2_0_, payment0_.productName as productN6_2_0_, payment0_.quantity as quantity7_2_0_, payment0_.shippingAddress as shipping8_2_0_, payment0_.subTotal as subTotal9_2_0_ from Payment payment0_ where payment0_.id=?
17:26:53.027 [main] DEBUG org.hibernate.loader.plan.build.internal.spaces.QuerySpacesImpl - Adding QuerySpace : uid = &lt;gen:0&gt; -&gt; org.hibernate.loader.plan.build.internal.spaces.EntityQuerySpaceImpl@6fd77352]
17:26:53.027 [main] DEBUG org.hibernate.persister.walking.spi.MetamodelGraphWalker - Visiting attribute path : grandTotal
17:26:53.027 [main] DEBUG org.hibernate.persister.walking.spi.MetamodelGraphWalker - Visiting attribute path : mobile
17:26:53.027 [main] DEBUG org.hibernate.persister.walking.spi.MetamodelGraphWalker - Visiting attribute path : name
17:26:53.027 [main] DEBUG org.hibernate.persister.walking.spi.MetamodelGraphWalker - Visiting attribute path : pincode
17:26:53.027 [main] DEBUG org.hibernate.persister.walking.spi.MetamodelGraphWalker - Visiting attribute path : productName
17:26:53.027 [main] DEBUG org.hibernate.persister.walking.spi.MetamodelGraphWalker - Visiting attribute path : quantity
17:26:53.027 [main] DEBUG org.hibernate.persister.walking.spi.MetamodelGraphWalker - Visiting attribute path : shippingAddress
17:26:53.027 [main] DEBUG org.hibernate.persister.walking.spi.MetamodelGraphWalker - Visiting attribute path : subTotal
17:26:53.027 [main] DEBUG org.hibernate.loader.plan.build.internal.FetchStyleLoadPlanBuildingAssociationVisitationStrategy - Building LoadPlan...
17:26:53.028 [main] DEBUG org.hibernate.loader.plan.exec.internal.LoadQueryJoinAndFetchProcessor - processing queryspace &lt;gen:0&gt;
17:26:53.028 [main] DEBUG org.hibernate.loader.plan.build.spi.LoadPlanTreePrinter - LoadPlan(entity=com.myproject.shoppingcart.domain.Payment)
    - Returns
       - EntityReturnImpl(entity=com.myproject.shoppingcart.domain.Payment, querySpaceUid=&lt;gen:0&gt;, path=com.myproject.shoppingcart.domain.Payment)
    - QuerySpaces
       - EntityQuerySpaceImpl(uid=&lt;gen:0&gt;, entity=com.myproject.shoppingcart.domain.Payment)
          - SQL table alias mapping - payment0_
          - alias suffix - 0_
          - suffixed key columns - {id1_2_0_}

17:26:53.029 [main] DEBUG org.hibernate.loader.entity.plan.EntityLoader - Static select for entity com.myproject.shoppingcart.domain.Payment [UPGRADE]: select payment0_.id as id1_2_0_, payment0_.grandTotal as grandTot2_2_0_, payment0_.mobile as mobile3_2_0_, payment0_.name as name4_2_0_, payment0_.pincode as pincode5_2_0_, payment0_.productName as productN6_2_0_, payment0_.quantity as quantity7_2_0_, payment0_.shippingAddress as shipping8_2_0_, payment0_.subTotal as subTotal9_2_0_ from Payment payment0_ where payment0_.id=? for update
17:26:53.029 [main] DEBUG org.hibernate.loader.plan.build.internal.spaces.QuerySpacesImpl - Adding QuerySpace : uid = &lt;gen:0&gt; -&gt; org.hibernate.loader.plan.build.internal.spaces.EntityQuerySpaceImpl@3f672204]
17:26:53.029 [main] DEBUG org.hibernate.persister.walking.spi.MetamodelGraphWalker - Visiting attribute path : grandTotal
17:26:53.029 [main] DEBUG org.hibernate.persister.walking.spi.MetamodelGraphWalker - Visiting attribute path : mobile
17:26:53.029 [main] DEBUG org.hibernate.persister.walking.spi.MetamodelGraphWalker - Visiting attribute path : name
17:26:53.029 [main] DEBUG org.hibernate.persister.walking.spi.MetamodelGraphWalker - Visiting attribute path : pincode
17:26:53.029 [main] DEBUG org.hibernate.persister.walking.spi.MetamodelGraphWalker - Visiting attribute path : productName
17:26:53.029 [main] DEBUG org.hibernate.persister.walking.spi.MetamodelGraphWalker - Visiting attribute path : quantity
17:26:53.029 [main] DEBUG org.hibernate.persister.walking.spi.MetamodelGraphWalker - Visiting attribute path : shippingAddress
17:26:53.029 [main] DEBUG org.hibernate.persister.walking.spi.MetamodelGraphWalker - Visiting attribute path : subTotal
17:26:53.030 [main] DEBUG org.hibernate.loader.plan.build.internal.FetchStyleLoadPlanBuildingAssociationVisitationStrategy - Building LoadPlan...
17:26:53.032 [main] DEBUG org.hibernate.loader.plan.exec.internal.LoadQueryJoinAndFetchProcessor - processing queryspace &lt;gen:0&gt;
17:26:53.033 [main] DEBUG org.hibernate.loader.plan.build.spi.LoadPlanTreePrinter - LoadPlan(entity=com.myproject.shoppingcart.domain.Payment)
    - Returns
       - EntityReturnImpl(entity=com.myproject.shoppingcart.domain.Payment, querySpaceUid=&lt;gen:0&gt;, path=com.myproject.shoppingcart.domain.Payment)
    - QuerySpaces
       - EntityQuerySpaceImpl(uid=&lt;gen:0&gt;, entity=com.myproject.shoppingcart.domain.Payment)
          - SQL table alias mapping - payment0_
          - alias suffix - 0_
          - suffixed key columns - {id1_2_0_}

17:26:53.034 [main] DEBUG org.hibernate.loader.entity.plan.EntityLoader - Static select for entity com.myproject.shoppingcart.domain.Payment [UPGRADE_NOWAIT]: select payment0_.id as id1_2_0_, payment0_.grandTotal as grandTot2_2_0_, payment0_.mobile as mobile3_2_0_, payment0_.name as name4_2_0_, payment0_.pincode as pincode5_2_0_, payment0_.productName as productN6_2_0_, payment0_.quantity as quantity7_2_0_, payment0_.shippingAddress as shipping8_2_0_, payment0_.subTotal as subTotal9_2_0_ from Payment payment0_ where payment0_.id=? for update
17:26:53.035 [main] DEBUG org.hibernate.loader.plan.build.internal.spaces.QuerySpacesImpl - Adding QuerySpace : uid = &lt;gen:0&gt; -&gt; org.hibernate.loader.plan.build.internal.spaces.EntityQuerySpaceImpl@2c2db130]
17:26:53.035 [main] DEBUG org.hibernate.persister.walking.spi.MetamodelGraphWalker - Visiting attribute path : grandTotal
17:26:53.035 [main] DEBUG org.hibernate.persister.walking.spi.MetamodelGraphWalker - Visiting attribute path : mobile
17:26:53.035 [main] DEBUG org.hibernate.persister.walking.spi.MetamodelGraphWalker - Visiting attribute path : name
17:26:53.035 [main] DEBUG org.hibernate.persister.walking.spi.MetamodelGraphWalker - Visiting attribute path : pincode
17:26:53.035 [main] DEBUG org.hibernate.persister.walking.spi.MetamodelGraphWalker - Visiting attribute path : productName
17:26:53.035 [main] DEBUG org.hibernate.persister.walking.spi.MetamodelGraphWalker - Visiting attribute path : quantity
17:26:53.035 [main] DEBUG org.hibernate.persister.walking.spi.MetamodelGraphWalker - Visiting attribute path : shippingAddress
17:26:53.035 [main] DEBUG org.hibernate.persister.walking.spi.MetamodelGraphWalker - Visiting attribute path : subTotal
17:26:53.035 [main] DEBUG org.hibernate.loader.plan.build.internal.FetchStyleLoadPlanBuildingAssociationVisitationStrategy - Building LoadPlan...
17:26:53.035 [main] DEBUG org.hibernate.loader.plan.exec.internal.LoadQueryJoinAndFetchProcessor - processing queryspace &lt;gen:0&gt;
17:26:53.036 [main] DEBUG org.hibernate.loader.plan.build.spi.LoadPlanTreePrinter - LoadPlan(entity=com.myproject.shoppingcart.domain.Payment)
    - Returns
       - EntityReturnImpl(entity=com.myproject.shoppingcart.domain.Payment, querySpaceUid=&lt;gen:0&gt;, path=com.myproject.shoppingcart.domain.Payment)
    - QuerySpaces
       - EntityQuerySpaceImpl(uid=&lt;gen:0&gt;, entity=com.myproject.shoppingcart.domain.Payment)
          - SQL table alias mapping - payment0_
          - alias suffix - 0_
          - suffixed key columns - {id1_2_0_}

17:26:53.036 [main] DEBUG org.hibernate.loader.entity.plan.EntityLoader - Static select for entity com.myproject.shoppingcart.domain.Payment [UPGRADE_SKIPLOCKED]: select payment0_.id as id1_2_0_, payment0_.grandTotal as grandTot2_2_0_, payment0_.mobile as mobile3_2_0_, payment0_.name as name4_2_0_, payment0_.pincode as pincode5_2_0_, payment0_.productName as productN6_2_0_, payment0_.quantity as quantity7_2_0_, payment0_.shippingAddress as shipping8_2_0_, payment0_.subTotal as subTotal9_2_0_ from Payment payment0_ where payment0_.id=? for update
17:26:53.036 [main] DEBUG org.hibernate.loader.plan.build.internal.spaces.QuerySpacesImpl - Adding QuerySpace : uid = &lt;gen:0&gt; -&gt; org.hibernate.loader.plan.build.internal.spaces.EntityQuerySpaceImpl@348d18a3]
17:26:53.036 [main] DEBUG org.hibernate.persister.walking.spi.MetamodelGraphWalker - Visiting attribute path : grandTotal
17:26:53.036 [main] DEBUG org.hibernate.persister.walking.spi.MetamodelGraphWalker - Visiting attribute path : mobile
17:26:53.036 [main] DEBUG org.hibernate.persister.walking.spi.MetamodelGraphWalker - Visiting attribute path : name
17:26:53.036 [main] DEBUG org.hibernate.persister.walking.spi.MetamodelGraphWalker - Visiting attribute path : pincode
17:26:53.036 [main] DEBUG org.hibernate.persister.walking.spi.MetamodelGraphWalker - Visiting attribute path : productName
17:26:53.036 [main] DEBUG org.hibernate.persister.walking.spi.MetamodelGraphWalker - Visiting attribute path : quantity
17:26:53.036 [main] DEBUG org.hibernate.persister.walking.spi.MetamodelGraphWalker - Visiting attribute path : shippingAddress
17:26:53.037 [main] DEBUG org.hibernate.persister.walking.spi.MetamodelGraphWalker - Visiting attribute path : subTotal
17:26:53.037 [main] DEBUG org.hibernate.loader.plan.build.internal.FetchStyleLoadPlanBuildingAssociationVisitationStrategy - Building LoadPlan...
17:26:53.037 [main] DEBUG org.hibernate.loader.plan.exec.internal.LoadQueryJoinAndFetchProcessor - processing queryspace &lt;gen:0&gt;
17:26:53.038 [main] DEBUG org.hibernate.loader.plan.build.spi.LoadPlanTreePrinter - LoadPlan(entity=com.myproject.shoppingcart.domain.Payment)
    - Returns
       - EntityReturnImpl(entity=com.myproject.shoppingcart.domain.Payment, querySpaceUid=&lt;gen:0&gt;, path=com.myproject.shoppingcart.domain.Payment)
    - QuerySpaces
       - EntityQuerySpaceImpl(uid=&lt;gen:0&gt;, entity=com.myproject.shoppingcart.domain.Payment)
          - SQL table alias mapping - payment0_
          - alias suffix - 0_
          - suffixed key columns - {id1_2_0_}

17:26:53.039 [main] DEBUG org.hibernate.loader.entity.plan.EntityLoader - Static select for entity com.myproject.shoppingcart.domain.Payment [FORCE]: select payment0_.id as id1_2_0_, payment0_.grandTotal as grandTot2_2_0_, payment0_.mobile as mobile3_2_0_, payment0_.name as name4_2_0_, payment0_.pincode as pincode5_2_0_, payment0_.productName as productN6_2_0_, payment0_.quantity as quantity7_2_0_, payment0_.shippingAddress as shipping8_2_0_, payment0_.subTotal as subTotal9_2_0_ from Payment payment0_ where payment0_.id=? for update
17:26:53.039 [main] DEBUG org.hibernate.loader.plan.build.internal.spaces.QuerySpacesImpl - Adding QuerySpace : uid = &lt;gen:0&gt; -&gt; org.hibernate.loader.plan.build.internal.spaces.EntityQuerySpaceImpl@2d000e80]
17:26:53.039 [main] DEBUG org.hibernate.persister.walking.spi.MetamodelGraphWalker - Visiting attribute path : grandTotal
17:26:53.039 [main] DEBUG org.hibernate.persister.walking.spi.MetamodelGraphWalker - Visiting attribute path : mobile
17:26:53.039 [main] DEBUG org.hibernate.persister.walking.spi.MetamodelGraphWalker - Visiting attribute path : name
17:26:53.039 [main] DEBUG org.hibernate.persister.walking.spi.MetamodelGraphWalker - Visiting attribute path : pincode
17:26:53.039 [main] DEBUG org.hibernate.persister.walking.spi.MetamodelGraphWalker - Visiting attribute path : productName
17:26:53.039 [main] DEBUG org.hibernate.persister.walking.spi.MetamodelGraphWalker - Visiting attribute path : quantity
17:26:53.039 [main] DEBUG org.hibernate.persister.walking.spi.MetamodelGraphWalker - Visiting attribute path : shippingAddress
17:26:53.039 [main] DEBUG org.hibernate.persister.walking.spi.MetamodelGraphWalker - Visiting attribute path : subTotal
17:26:53.039 [main] DEBUG org.hibernate.loader.plan.build.internal.FetchStyleLoadPlanBuildingAssociationVisitationStrategy - Building LoadPlan...
17:26:53.040 [main] DEBUG org.hibernate.loader.plan.exec.internal.LoadQueryJoinAndFetchProcessor - processing queryspace &lt;gen:0&gt;
17:26:53.040 [main] DEBUG org.hibernate.loader.plan.build.spi.LoadPlanTreePrinter - LoadPlan(entity=com.myproject.shoppingcart.domain.Payment)
    - Returns
       - EntityReturnImpl(entity=com.myproject.shoppingcart.domain.Payment, querySpaceUid=&lt;gen:0&gt;, path=com.myproject.shoppingcart.domain.Payment)
    - QuerySpaces
       - EntityQuerySpaceImpl(uid=&lt;gen:0&gt;, entity=com.myproject.shoppingcart.domain.Payment)
          - SQL table alias mapping - payment0_
          - alias suffix - 0_
          - suffixed key columns - {id1_2_0_}

17:26:53.040 [main] DEBUG org.hibernate.loader.entity.plan.EntityLoader - Static select for entity com.myproject.shoppingcart.domain.Payment [PESSIMISTIC_READ]: select payment0_.id as id1_2_0_, payment0_.grandTotal as grandTot2_2_0_, payment0_.mobile as mobile3_2_0_, payment0_.name as name4_2_0_, payment0_.pincode as pincode5_2_0_, payment0_.productName as productN6_2_0_, payment0_.quantity as quantity7_2_0_, payment0_.shippingAddress as shipping8_2_0_, payment0_.subTotal as subTotal9_2_0_ from Payment payment0_ where payment0_.id=? for update
17:26:53.040 [main] DEBUG org.hibernate.loader.plan.build.internal.spaces.QuerySpacesImpl - Adding QuerySpace : uid = &lt;gen:0&gt; -&gt; org.hibernate.loader.plan.build.internal.spaces.EntityQuerySpaceImpl@20e6c4dc]
17:26:53.040 [main] DEBUG org.hibernate.persister.walking.spi.MetamodelGraphWalker - Visiting attribute path : grandTotal
17:26:53.040 [main] DEBUG org.hibernate.persister.walking.spi.MetamodelGraphWalker - Visiting attribute path : mobile
17:26:53.040 [main] DEBUG org.hibernate.persister.walking.spi.MetamodelGraphWalker - Visiting attribute path : name
17:26:53.040 [main] DEBUG org.hibernate.persister.walking.spi.MetamodelGraphWalker - Visiting attribute path : pincode
17:26:53.040 [main] DEBUG org.hibernate.persister.walking.spi.MetamodelGraphWalker - Visiting attribute path : productName
17:26:53.041 [main] DEBUG org.hibernate.persister.walking.spi.MetamodelGraphWalker - Visiting attribute path : quantity
17:26:53.041 [main] DEBUG org.hibernate.persister.walking.spi.MetamodelGraphWalker - Visiting attribute path : shippingAddress
17:26:53.041 [main] DEBUG org.hibernate.persister.walking.spi.MetamodelGraphWalker - Visiting attribute path : subTotal
17:26:53.041 [main] DEBUG org.hibernate.loader.plan.build.internal.FetchStyleLoadPlanBuildingAssociationVisitationStrategy - Building LoadPlan...
17:26:53.041 [main] DEBUG org.hibernate.loader.plan.exec.internal.LoadQueryJoinAndFetchProcessor - processing queryspace &lt;gen:0&gt;
17:26:53.041 [main] DEBUG org.hibernate.loader.plan.build.spi.LoadPlanTreePrinter - LoadPlan(entity=com.myproject.shoppingcart.domain.Payment)
    - Returns
       - EntityReturnImpl(entity=com.myproject.shoppingcart.domain.Payment, querySpaceUid=&lt;gen:0&gt;, path=com.myproject.shoppingcart.domain.Payment)
    - QuerySpaces
       - EntityQuerySpaceImpl(uid=&lt;gen:0&gt;, entity=com.myproject.shoppingcart.domain.Payment)
          - SQL table alias mapping - payment0_
          - alias suffix - 0_
          - suffixed key columns - {id1_2_0_}

17:26:53.041 [main] DEBUG org.hibernate.loader.entity.plan.EntityLoader - Static select for entity com.myproject.shoppingcart.domain.Payment [PESSIMISTIC_WRITE]: select payment0_.id as id1_2_0_, payment0_.grandTotal as grandTot2_2_0_, payment0_.mobile as mobile3_2_0_, payment0_.name as name4_2_0_, payment0_.pincode as pincode5_2_0_, payment0_.productName as productN6_2_0_, payment0_.quantity as quantity7_2_0_, payment0_.shippingAddress as shipping8_2_0_, payment0_.subTotal as subTotal9_2_0_ from Payment payment0_ where payment0_.id=? for update
17:26:53.041 [main] DEBUG org.hibernate.loader.plan.build.internal.spaces.QuerySpacesImpl - Adding QuerySpace : uid = &lt;gen:0&gt; -&gt; org.hibernate.loader.plan.build.internal.spaces.EntityQuerySpaceImpl@4d2a1da3]
17:26:53.041 [main] DEBUG org.hibernate.persister.walking.spi.MetamodelGraphWalker - Visiting attribute path : grandTotal
17:26:53.041 [main] DEBUG org.hibernate.persister.walking.spi.MetamodelGraphWalker - Visiting attribute path : mobile
17:26:53.042 [main] DEBUG org.hibernate.persister.walking.spi.MetamodelGraphWalker - Visiting attribute path : name
17:26:53.042 [main] DEBUG org.hibernate.persister.walking.spi.MetamodelGraphWalker - Visiting attribute path : pincode
17:26:53.042 [main] DEBUG org.hibernate.persister.walking.spi.MetamodelGraphWalker - Visiting attribute path : productName
17:26:53.042 [main] DEBUG org.hibernate.persister.walking.spi.MetamodelGraphWalker - Visiting attribute path : quantity
17:26:53.042 [main] DEBUG org.hibernate.persister.walking.spi.MetamodelGraphWalker - Visiting attribute path : shippingAddress
17:26:53.042 [main] DEBUG org.hibernate.persister.walking.spi.MetamodelGraphWalker - Visiting attribute path : subTotal
17:26:53.042 [main] DEBUG org.hibernate.loader.plan.build.internal.FetchStyleLoadPlanBuildingAssociationVisitationStrategy - Building LoadPlan...
17:26:53.042 [main] DEBUG org.hibernate.loader.plan.exec.internal.LoadQueryJoinAndFetchProcessor - processing queryspace &lt;gen:0&gt;
17:26:53.042 [main] DEBUG org.hibernate.loader.plan.build.spi.LoadPlanTreePrinter - LoadPlan(entity=com.myproject.shoppingcart.domain.Payment)
    - Returns
       - EntityReturnImpl(entity=com.myproject.shoppingcart.domain.Payment, querySpaceUid=&lt;gen:0&gt;, path=com.myproject.shoppingcart.domain.Payment)
    - QuerySpaces
       - EntityQuerySpaceImpl(uid=&lt;gen:0&gt;, entity=com.myproject.shoppingcart.domain.Payment)
          - SQL table alias mapping - payment0_
          - alias suffix - 0_
          - suffixed key columns - {id1_2_0_}

17:26:53.043 [main] DEBUG org.hibernate.loader.entity.plan.EntityLoader - Static select for entity com.myproject.shoppingcart.domain.Payment [PESSIMISTIC_FORCE_INCREMENT]: select payment0_.id as id1_2_0_, payment0_.grandTotal as grandTot2_2_0_, payment0_.mobile as mobile3_2_0_, payment0_.name as name4_2_0_, payment0_.pincode as pincode5_2_0_, payment0_.productName as productN6_2_0_, payment0_.quantity as quantity7_2_0_, payment0_.shippingAddress as shipping8_2_0_, payment0_.subTotal as subTotal9_2_0_ from Payment payment0_ where payment0_.id=? for update
17:26:53.043 [main] DEBUG org.hibernate.loader.plan.build.internal.spaces.QuerySpacesImpl - Adding QuerySpace : uid = &lt;gen:0&gt; -&gt; org.hibernate.loader.plan.build.internal.spaces.EntityQuerySpaceImpl@33f98231]
17:26:53.043 [main] DEBUG org.hibernate.persister.walking.spi.MetamodelGraphWalker - Visiting attribute path : grandTotal
17:26:53.043 [main] DEBUG org.hibernate.persister.walking.spi.MetamodelGraphWalker - Visiting attribute path : mobile
17:26:53.043 [main] DEBUG org.hibernate.persister.walking.spi.MetamodelGraphWalker - Visiting attribute path : name
17:26:53.043 [main] DEBUG org.hibernate.persister.walking.spi.MetamodelGraphWalker - Visiting attribute path : pincode
17:26:53.043 [main] DEBUG org.hibernate.persister.walking.spi.MetamodelGraphWalker - Visiting attribute path : productName
17:26:53.043 [main] DEBUG org.hibernate.persister.walking.spi.MetamodelGraphWalker - Visiting attribute path : quantity
17:26:53.043 [main] DEBUG org.hibernate.persister.walking.spi.MetamodelGraphWalker - Visiting attribute path : shippingAddress
17:26:53.043 [main] DEBUG org.hibernate.persister.walking.spi.MetamodelGraphWalker - Visiting attribute path : subTotal
17:26:53.043 [main] DEBUG org.hibernate.loader.plan.build.internal.FetchStyleLoadPlanBuildingAssociationVisitationStrategy - Building LoadPlan...
17:26:53.044 [main] DEBUG org.hibernate.loader.plan.exec.internal.LoadQueryJoinAndFetchProcessor - processing queryspace &lt;gen:0&gt;
17:26:53.044 [main] DEBUG org.hibernate.loader.plan.build.spi.LoadPlanTreePrinter - LoadPlan(entity=com.myproject.shoppingcart.domain.Payment)
    - Returns
       - EntityReturnImpl(entity=com.myproject.shoppingcart.domain.Payment, querySpaceUid=&lt;gen:0&gt;, path=com.myproject.shoppingcart.domain.Payment)
    - QuerySpaces
       - EntityQuerySpaceImpl(uid=&lt;gen:0&gt;, entity=com.myproject.shoppingcart.domain.Payment)
          - SQL table alias mapping - payment0_
          - alias suffix - 0_
          - suffixed key columns - {id1_2_0_}

17:26:53.044 [main] DEBUG org.hibernate.loader.entity.plan.EntityLoader - Static select for entity com.myproject.shoppingcart.domain.Payment [OPTIMISTIC]: select payment0_.id as id1_2_0_, payment0_.grandTotal as grandTot2_2_0_, payment0_.mobile as mobile3_2_0_, payment0_.name as name4_2_0_, payment0_.pincode as pincode5_2_0_, payment0_.productName as productN6_2_0_, payment0_.quantity as quantity7_2_0_, payment0_.shippingAddress as shipping8_2_0_, payment0_.subTotal as subTotal9_2_0_ from Payment payment0_ where payment0_.id=?
17:26:53.044 [main] DEBUG org.hibernate.loader.plan.build.internal.spaces.QuerySpacesImpl - Adding QuerySpace : uid = &lt;gen:0&gt; -&gt; org.hibernate.loader.plan.build.internal.spaces.EntityQuerySpaceImpl@557286ad]
17:26:53.044 [main] DEBUG org.hibernate.persister.walking.spi.MetamodelGraphWalker - Visiting attribute path : grandTotal
17:26:53.044 [main] DEBUG org.hibernate.persister.walking.spi.MetamodelGraphWalker - Visiting attribute path : mobile
17:26:53.044 [main] DEBUG org.hibernate.persister.walking.spi.MetamodelGraphWalker - Visiting attribute path : name
17:26:53.044 [main] DEBUG org.hibernate.persister.walking.spi.MetamodelGraphWalker - Visiting attribute path : pincode
17:26:53.044 [main] DEBUG org.hibernate.persister.walking.spi.MetamodelGraphWalker - Visiting attribute path : productName
17:26:53.044 [main] DEBUG org.hibernate.persister.walking.spi.MetamodelGraphWalker - Visiting attribute path : quantity
17:26:53.044 [main] DEBUG org.hibernate.persister.walking.spi.MetamodelGraphWalker - Visiting attribute path : shippingAddress
17:26:53.045 [main] DEBUG org.hibernate.persister.walking.spi.MetamodelGraphWalker - Visiting attribute path : subTotal
17:26:53.045 [main] DEBUG org.hibernate.loader.plan.build.internal.FetchStyleLoadPlanBuildingAssociationVisitationStrategy - Building LoadPlan...
17:26:53.045 [main] DEBUG org.hibernate.loader.plan.exec.internal.LoadQueryJoinAndFetchProcessor - processing queryspace &lt;gen:0&gt;
17:26:53.045 [main] DEBUG org.hibernate.loader.plan.build.spi.LoadPlanTreePrinter - LoadPlan(entity=com.myproject.shoppingcart.domain.Payment)
    - Returns
       - EntityReturnImpl(entity=com.myproject.shoppingcart.domain.Payment, querySpaceUid=&lt;gen:0&gt;, path=com.myproject.shoppingcart.domain.Payment)
    - QuerySpaces
       - EntityQuerySpaceImpl(uid=&lt;gen:0&gt;, entity=com.myproject.shoppingcart.domain.Payment)
          - SQL table alias mapping - payment0_
          - alias suffix - 0_
          - suffixed key columns - {id1_2_0_}

17:26:53.045 [main] DEBUG org.hibernate.loader.entity.plan.EntityLoader - Static select for entity com.myproject.shoppingcart.domain.Payment [OPTIMISTIC_FORCE_INCREMENT]: select payment0_.id as id1_2_0_, payment0_.grandTotal as grandTot2_2_0_, payment0_.mobile as mobile3_2_0_, payment0_.name as name4_2_0_, payment0_.pincode as pincode5_2_0_, payment0_.productName as productN6_2_0_, payment0_.quantity as quantity7_2_0_, payment0_.shippingAddress as shipping8_2_0_, payment0_.subTotal as subTotal9_2_0_ from Payment payment0_ where payment0_.id=?
17:26:53.045 [main] DEBUG org.hibernate.loader.Loader - Static select for action ACTION_MERGE on entity com.myproject.shoppingcart.domain.Payment: select payment0_.id as id1_2_0_, payment0_.grandTotal as grandTot2_2_0_, payment0_.mobile as mobile3_2_0_, payment0_.name as name4_2_0_, payment0_.pincode as pincode5_2_0_, payment0_.productName as productN6_2_0_, payment0_.quantity as quantity7_2_0_, payment0_.shippingAddress as shipping8_2_0_, payment0_.subTotal as subTotal9_2_0_ from Payment payment0_ where payment0_.id=?
17:26:53.046 [main] DEBUG org.hibernate.loader.Loader - Static select for action ACTION_REFRESH on entity com.myproject.shoppingcart.domain.Payment: select payment0_.id as id1_2_0_, payment0_.grandTotal as grandTot2_2_0_, payment0_.mobile as mobile3_2_0_, payment0_.name as name4_2_0_, payment0_.pincode as pincode5_2_0_, payment0_.productName as productN6_2_0_, payment0_.quantity as quantity7_2_0_, payment0_.shippingAddress as shipping8_2_0_, payment0_.subTotal as subTotal9_2_0_ from Payment payment0_ where payment0_.id=?
17:26:53.046 [main] DEBUG org.hibernate.persister.entity.AbstractEntityPersister - Static SQL for entity: com.myproject.shoppingcart.domain.Product
17:26:53.046 [main] DEBUG org.hibernate.persister.entity.AbstractEntityPersister -  Version select: select product_id from Product where product_id =?
17:26:53.046 [main] DEBUG org.hibernate.persister.entity.AbstractEntityPersister -  Snapshot select: select product_.product_id, product_.cat_id as cat_id2_3_, product_.date_created as date_cre3_3_, product_.description as descript4_3_, product_.name as name5_3_, product_.price as price6_3_, product_.stock as stock7_3_, product_.sup_id as sup_id8_3_ from Product product_ where product_.product_id=?
17:26:53.046 [main] DEBUG org.hibernate.persister.entity.AbstractEntityPersister -  Insert 0: insert into Product (cat_id, date_created, description, name, price, stock, sup_id, product_id) values (?, ?, ?, ?, ?, ?, ?, ?)
17:26:53.046 [main] DEBUG org.hibernate.persister.entity.AbstractEntityPersister -  Update 0: update Product set cat_id=?, date_created=?, description=?, name=?, price=?, stock=?, sup_id=? where product_id=?
17:26:53.046 [main] DEBUG org.hibernate.persister.entity.AbstractEntityPersister -  Delete 0: delete from Product where product_id=?
17:26:53.046 [main] DEBUG org.hibernate.loader.plan.build.internal.spaces.QuerySpacesImpl - Adding QuerySpace : uid = &lt;gen:0&gt; -&gt; org.hibernate.loader.plan.build.internal.spaces.EntityQuerySpaceImpl@74075134]
17:26:53.046 [main] DEBUG org.hibernate.persister.walking.spi.MetamodelGraphWalker - Visiting attribute path : cat_id
17:26:53.046 [main] DEBUG org.hibernate.persister.walking.spi.MetamodelGraphWalker - Visiting attribute path : category
17:26:53.047 [main] DEBUG org.hibernate.loader.plan.build.internal.spaces.QuerySpacesImpl - Adding QuerySpace : uid = &lt;gen:1&gt; -&gt; org.hibernate.loader.plan.build.internal.spaces.EntityQuerySpaceImpl@3f4b840d]
17:26:53.049 [main] DEBUG org.hibernate.persister.walking.spi.MetamodelGraphWalker - Visiting attribute path : category.description
17:26:53.049 [main] DEBUG org.hibernate.persister.walking.spi.MetamodelGraphWalker - Visiting attribute path : category.name
17:26:53.049 [main] DEBUG org.hibernate.persister.walking.spi.MetamodelGraphWalker - Visiting attribute path : category.products
17:26:53.049 [main] DEBUG org.hibernate.persister.walking.spi.MetamodelGraphWalker - Property path deemed to be circular : category.products
17:26:53.049 [main] DEBUG org.hibernate.persister.walking.spi.MetamodelGraphWalker - Visiting attribute path : date_created
17:26:53.049 [main] DEBUG org.hibernate.persister.walking.spi.MetamodelGraphWalker - Visiting attribute path : description
17:26:53.049 [main] DEBUG org.hibernate.persister.walking.spi.MetamodelGraphWalker - Visiting attribute path : name
17:26:53.049 [main] DEBUG org.hibernate.persister.walking.spi.MetamodelGraphWalker - Visiting attribute path : price
17:26:53.049 [main] DEBUG org.hibernate.persister.walking.spi.MetamodelGraphWalker - Visiting attribute path : stock
17:26:53.049 [main] DEBUG org.hibernate.persister.walking.spi.MetamodelGraphWalker - Visiting attribute path : sup_id
17:26:53.050 [main] DEBUG org.hibernate.persister.walking.spi.MetamodelGraphWalker - Visiting attribute path : supplier
17:26:53.050 [main] DEBUG org.hibernate.loader.plan.build.internal.spaces.QuerySpacesImpl - Adding QuerySpace : uid = &lt;gen:2&gt; -&gt; org.hibernate.loader.plan.build.internal.spaces.EntityQuerySpaceImpl@7f8633ae]
17:26:53.050 [main] DEBUG org.hibernate.persister.walking.spi.MetamodelGraphWalker - Visiting attribute path : supplier.address
17:26:53.050 [main] DEBUG org.hibernate.persister.walking.spi.MetamodelGraphWalker - Visiting attribute path : supplier.name
17:26:53.050 [main] DEBUG org.hibernate.persister.walking.spi.MetamodelGraphWalker - Visiting attribute path : supplier.products
17:26:53.050 [main] DEBUG org.hibernate.persister.walking.spi.MetamodelGraphWalker - Property path deemed to be circular : supplier.products
17:26:53.050 [main] DEBUG org.hibernate.loader.plan.build.internal.FetchStyleLoadPlanBuildingAssociationVisitationStrategy - Building LoadPlan...
17:26:53.050 [main] DEBUG org.hibernate.loader.plan.exec.internal.LoadQueryJoinAndFetchProcessor - processing queryspace &lt;gen:0&gt;
17:26:53.051 [main] DEBUG org.hibernate.loader.plan.build.spi.LoadPlanTreePrinter - LoadPlan(entity=com.myproject.shoppingcart.domain.Product)
    - Returns
       - EntityReturnImpl(entity=com.myproject.shoppingcart.domain.Product, querySpaceUid=&lt;gen:0&gt;, path=com.myproject.shoppingcart.domain.Product)
          - EntityAttributeFetchImpl(entity=com.myproject.shoppingcart.domain.Category, querySpaceUid=&lt;gen:1&gt;, path=com.myproject.shoppingcart.domain.Product.category)
          - EntityAttributeFetchImpl(entity=com.myproject.shoppingcart.domain.Supplier, querySpaceUid=&lt;gen:2&gt;, path=com.myproject.shoppingcart.domain.Product.supplier)
    - QuerySpaces
       - EntityQuerySpaceImpl(uid=&lt;gen:0&gt;, entity=com.myproject.shoppingcart.domain.Product)
          - SQL table alias mapping - product0_
          - alias suffix - 0_
          - suffixed key columns - {product_1_3_0_}
          - JOIN (JoinDefinedByMetadata(category)) : &lt;gen:0&gt; -&gt; &lt;gen:1&gt;
             - EntityQuerySpaceImpl(uid=&lt;gen:1&gt;, entity=com.myproject.shoppingcart.domain.Category)
                - SQL table alias mapping - category1_
                - alias suffix - 1_
                - suffixed key columns - {category1_1_1_}
          - JOIN (JoinDefinedByMetadata(supplier)) : &lt;gen:0&gt; -&gt; &lt;gen:2&gt;
             - EntityQuerySpaceImpl(uid=&lt;gen:2&gt;, entity=com.myproject.shoppingcart.domain.Supplier)
                - SQL table alias mapping - supplier2_
                - alias suffix - 2_
                - suffixed key columns - {supplier1_4_2_}

17:26:53.051 [main] DEBUG org.hibernate.loader.entity.plan.EntityLoader - Static select for entity com.myproject.shoppingcart.domain.Product [NONE]: select product0_.product_id as product_1_3_0_, product0_.cat_id as cat_id2_3_0_, product0_.date_created as date_cre3_3_0_, product0_.description as descript4_3_0_, product0_.name as name5_3_0_, product0_.price as price6_3_0_, product0_.stock as stock7_3_0_, product0_.sup_id as sup_id8_3_0_, category1_.category_id as category1_1_1_, category1_.description as descript2_1_1_, category1_.name as name3_1_1_, supplier2_.supplier_id as supplier1_4_2_, supplier2_.address as address2_4_2_, supplier2_.name as name3_4_2_ from Product product0_ inner join Category category1_ on product0_.cat_id=category1_.category_id inner join Supplier supplier2_ on product0_.sup_id=supplier2_.supplier_id where product0_.product_id=?
17:26:53.051 [main] DEBUG org.hibernate.loader.plan.build.internal.spaces.QuerySpacesImpl - Adding QuerySpace : uid = &lt;gen:0&gt; -&gt; org.hibernate.loader.plan.build.internal.spaces.EntityQuerySpaceImpl@bc0f53b]
17:26:53.051 [main] DEBUG org.hibernate.persister.walking.spi.MetamodelGraphWalker - Visiting attribute path : cat_id
17:26:53.052 [main] DEBUG org.hibernate.persister.walking.spi.MetamodelGraphWalker - Visiting attribute path : category
17:26:53.052 [main] DEBUG org.hibernate.loader.plan.build.internal.spaces.QuerySpacesImpl - Adding QuerySpace : uid = &lt;gen:1&gt; -&gt; org.hibernate.loader.plan.build.internal.spaces.EntityQuerySpaceImpl@4682eba5]
17:26:53.052 [main] DEBUG org.hibernate.persister.walking.spi.MetamodelGraphWalker - Visiting attribute path : category.description
17:26:53.052 [main] DEBUG org.hibernate.persister.walking.spi.MetamodelGraphWalker - Visiting attribute path : category.name
17:26:53.052 [main] DEBUG org.hibernate.persister.walking.spi.MetamodelGraphWalker - Visiting attribute path : category.products
17:26:53.052 [main] DEBUG org.hibernate.persister.walking.spi.MetamodelGraphWalker - Property path deemed to be circular : category.products
17:26:53.052 [main] DEBUG org.hibernate.persister.walking.spi.MetamodelGraphWalker - Visiting attribute path : date_created
17:26:53.052 [main] DEBUG org.hibernate.persister.walking.spi.MetamodelGraphWalker - Visiting attribute path : description
17:26:53.052 [main] DEBUG org.hibernate.persister.walking.spi.MetamodelGraphWalker - Visiting attribute path : name
17:26:53.052 [main] DEBUG org.hibernate.persister.walking.spi.MetamodelGraphWalker - Visiting attribute path : price
17:26:53.052 [main] DEBUG org.hibernate.persister.walking.spi.MetamodelGraphWalker - Visiting attribute path : stock
17:26:53.052 [main] DEBUG org.hibernate.persister.walking.spi.MetamodelGraphWalker - Visiting attribute path : sup_id
17:26:53.052 [main] DEBUG org.hibernate.persister.walking.spi.MetamodelGraphWalker - Visiting attribute path : supplier
17:26:53.052 [main] DEBUG org.hibernate.loader.plan.build.internal.spaces.QuerySpacesImpl - Adding QuerySpace : uid = &lt;gen:2&gt; -&gt; org.hibernate.loader.plan.build.internal.spaces.EntityQuerySpaceImpl@61fafb74]
17:26:53.053 [main] DEBUG org.hibernate.persister.walking.spi.MetamodelGraphWalker - Visiting attribute path : supplier.address
17:26:53.053 [main] DEBUG org.hibernate.persister.walking.spi.MetamodelGraphWalker - Visiting attribute path : supplier.name
17:26:53.053 [main] DEBUG org.hibernate.persister.walking.spi.MetamodelGraphWalker - Visiting attribute path : supplier.products
17:26:53.053 [main] DEBUG org.hibernate.persister.walking.spi.MetamodelGraphWalker - Property path deemed to be circular : supplier.products
17:26:53.053 [main] DEBUG org.hibernate.loader.plan.build.internal.FetchStyleLoadPlanBuildingAssociationVisitationStrategy - Building LoadPlan...
17:26:53.053 [main] DEBUG org.hibernate.loader.plan.exec.internal.LoadQueryJoinAndFetchProcessor - processing queryspace &lt;gen:0&gt;
17:26:53.054 [main] DEBUG org.hibernate.loader.plan.build.spi.LoadPlanTreePrinter - LoadPlan(entity=com.myproject.shoppingcart.domain.Product)
    - Returns
       - EntityReturnImpl(entity=com.myproject.shoppingcart.domain.Product, querySpaceUid=&lt;gen:0&gt;, path=com.myproject.shoppingcart.domain.Product)
          - EntityAttributeFetchImpl(entity=com.myproject.shoppingcart.domain.Category, querySpaceUid=&lt;gen:1&gt;, path=com.myproject.shoppingcart.domain.Product.category)
          - EntityAttributeFetchImpl(entity=com.myproject.shoppingcart.domain.Supplier, querySpaceUid=&lt;gen:2&gt;, path=com.myproject.shoppingcart.domain.Product.supplier)
    - QuerySpaces
       - EntityQuerySpaceImpl(uid=&lt;gen:0&gt;, entity=com.myproject.shoppingcart.domain.Product)
          - SQL table alias mapping - product0_
          - alias suffix - 0_
          - suffixed key columns - {product_1_3_0_}
          - JOIN (JoinDefinedByMetadata(category)) : &lt;gen:0&gt; -&gt; &lt;gen:1&gt;
             - EntityQuerySpaceImpl(uid=&lt;gen:1&gt;, entity=com.myproject.shoppingcart.domain.Category)
                - SQL table alias mapping - category1_
                - alias suffix - 1_
                - suffixed key columns - {category1_1_1_}
          - JOIN (JoinDefinedByMetadata(supplier)) : &lt;gen:0&gt; -&gt; &lt;gen:2&gt;
             - EntityQuerySpaceImpl(uid=&lt;gen:2&gt;, entity=com.myproject.shoppingcart.domain.Supplier)
                - SQL table alias mapping - supplier2_
                - alias suffix - 2_
                - suffixed key columns - {supplier1_4_2_}

17:26:53.054 [main] DEBUG org.hibernate.loader.entity.plan.EntityLoader - Static select for entity com.myproject.shoppingcart.domain.Product [READ]: select product0_.product_id as product_1_3_0_, product0_.cat_id as cat_id2_3_0_, product0_.date_created as date_cre3_3_0_, product0_.description as descript4_3_0_, product0_.name as name5_3_0_, product0_.price as price6_3_0_, product0_.stock as stock7_3_0_, product0_.sup_id as sup_id8_3_0_, category1_.category_id as category1_1_1_, category1_.description as descript2_1_1_, category1_.name as name3_1_1_, supplier2_.supplier_id as supplier1_4_2_, supplier2_.address as address2_4_2_, supplier2_.name as name3_4_2_ from Product product0_ inner join Category category1_ on product0_.cat_id=category1_.category_id inner join Supplier supplier2_ on product0_.sup_id=supplier2_.supplier_id where product0_.product_id=?
17:26:53.055 [main] DEBUG org.hibernate.loader.plan.build.internal.spaces.QuerySpacesImpl - Adding QuerySpace : uid = &lt;gen:0&gt; -&gt; org.hibernate.loader.plan.build.internal.spaces.EntityQuerySpaceImpl@58496dc]
17:26:53.055 [main] DEBUG org.hibernate.persister.walking.spi.MetamodelGraphWalker - Visiting attribute path : cat_id
17:26:53.055 [main] DEBUG org.hibernate.persister.walking.spi.MetamodelGraphWalker - Visiting attribute path : category
17:26:53.055 [main] DEBUG org.hibernate.loader.plan.build.internal.spaces.QuerySpacesImpl - Adding QuerySpace : uid = &lt;gen:1&gt; -&gt; org.hibernate.loader.plan.build.internal.spaces.EntityQuerySpaceImpl@238acd0b]
17:26:53.055 [main] DEBUG org.hibernate.persister.walking.spi.MetamodelGraphWalker - Visiting attribute path : date_created
17:26:53.055 [main] DEBUG org.hibernate.persister.walking.spi.MetamodelGraphWalker - Visiting attribute path : description
17:26:53.055 [main] DEBUG org.hibernate.persister.walking.spi.MetamodelGraphWalker - Visiting attribute path : name
17:26:53.055 [main] DEBUG org.hibernate.persister.walking.spi.MetamodelGraphWalker - Visiting attribute path : price
17:26:53.055 [main] DEBUG org.hibernate.persister.walking.spi.MetamodelGraphWalker - Visiting attribute path : stock
17:26:53.055 [main] DEBUG org.hibernate.persister.walking.spi.MetamodelGraphWalker - Visiting attribute path : sup_id
17:26:53.056 [main] DEBUG org.hibernate.persister.walking.spi.MetamodelGraphWalker - Visiting attribute path : supplier
17:26:53.056 [main] DEBUG org.hibernate.loader.plan.build.internal.spaces.QuerySpacesImpl - Adding QuerySpace : uid = &lt;gen:2&gt; -&gt; org.hibernate.loader.plan.build.internal.spaces.EntityQuerySpaceImpl@23811a09]
17:26:53.056 [main] DEBUG org.hibernate.loader.plan.build.internal.FetchStyleLoadPlanBuildingAssociationVisitationStrategy - Building LoadPlan...
17:26:53.056 [main] DEBUG org.hibernate.loader.plan.exec.internal.LoadQueryJoinAndFetchProcessor - processing queryspace &lt;gen:0&gt;
17:26:53.058 [main] DEBUG org.hibernate.loader.plan.build.spi.LoadPlanTreePrinter - LoadPlan(entity=com.myproject.shoppingcart.domain.Product)
    - Returns
       - EntityReturnImpl(entity=com.myproject.shoppingcart.domain.Product, querySpaceUid=&lt;gen:0&gt;, path=com.myproject.shoppingcart.domain.Product)
          - EntityAttributeFetchImpl(entity=com.myproject.shoppingcart.domain.Category, querySpaceUid=&lt;gen:1&gt;, path=com.myproject.shoppingcart.domain.Product.category)
          - EntityAttributeFetchImpl(entity=com.myproject.shoppingcart.domain.Supplier, querySpaceUid=&lt;gen:2&gt;, path=com.myproject.shoppingcart.domain.Product.supplier)
    - QuerySpaces
       - EntityQuerySpaceImpl(uid=&lt;gen:0&gt;, entity=com.myproject.shoppingcart.domain.Product)
          - SQL table alias mapping - product0_
          - alias suffix - 0_
          - suffixed key columns - {product_1_3_0_}

17:26:53.059 [main] DEBUG org.hibernate.loader.entity.plan.EntityLoader - Static select for entity com.myproject.shoppingcart.domain.Product [UPGRADE]: select product0_.product_id as product_1_3_0_, product0_.cat_id as cat_id2_3_0_, product0_.date_created as date_cre3_3_0_, product0_.description as descript4_3_0_, product0_.name as name5_3_0_, product0_.price as price6_3_0_, product0_.stock as stock7_3_0_, product0_.sup_id as sup_id8_3_0_ from Product product0_ where product0_.product_id=? for update
17:26:53.059 [main] DEBUG org.hibernate.loader.plan.build.internal.spaces.QuerySpacesImpl - Adding QuerySpace : uid = &lt;gen:0&gt; -&gt; org.hibernate.loader.plan.build.internal.spaces.EntityQuerySpaceImpl@2125ad3]
17:26:53.059 [main] DEBUG org.hibernate.persister.walking.spi.MetamodelGraphWalker - Visiting attribute path : cat_id
17:26:53.059 [main] DEBUG org.hibernate.persister.walking.spi.MetamodelGraphWalker - Visiting attribute path : category
17:26:53.061 [main] DEBUG org.hibernate.loader.plan.build.internal.spaces.QuerySpacesImpl - Adding QuerySpace : uid = &lt;gen:1&gt; -&gt; org.hibernate.loader.plan.build.internal.spaces.EntityQuerySpaceImpl@f4c0e4e]
17:26:53.061 [main] DEBUG org.hibernate.persister.walking.spi.MetamodelGraphWalker - Visiting attribute path : date_created
17:26:53.061 [main] DEBUG org.hibernate.persister.walking.spi.MetamodelGraphWalker - Visiting attribute path : description
17:26:53.061 [main] DEBUG org.hibernate.persister.walking.spi.MetamodelGraphWalker - Visiting attribute path : name
17:26:53.061 [main] DEBUG org.hibernate.persister.walking.spi.MetamodelGraphWalker - Visiting attribute path : price
17:26:53.061 [main] DEBUG org.hibernate.persister.walking.spi.MetamodelGraphWalker - Visiting attribute path : stock
17:26:53.061 [main] DEBUG org.hibernate.persister.walking.spi.MetamodelGraphWalker - Visiting attribute path : sup_id
17:26:53.061 [main] DEBUG org.hibernate.persister.walking.spi.MetamodelGraphWalker - Visiting attribute path : supplier
17:26:53.061 [main] DEBUG org.hibernate.loader.plan.build.internal.spaces.QuerySpacesImpl - Adding QuerySpace : uid = &lt;gen:2&gt; -&gt; org.hibernate.loader.plan.build.internal.spaces.EntityQuerySpaceImpl@24361cfc]
17:26:53.061 [main] DEBUG org.hibernate.loader.plan.build.internal.FetchStyleLoadPlanBuildingAssociationVisitationStrategy - Building LoadPlan...
17:26:53.062 [main] DEBUG org.hibernate.loader.plan.exec.internal.LoadQueryJoinAndFetchProcessor - processing queryspace &lt;gen:0&gt;
17:26:53.062 [main] DEBUG org.hibernate.loader.plan.build.spi.LoadPlanTreePrinter - LoadPlan(entity=com.myproject.shoppingcart.domain.Product)
    - Returns
       - EntityReturnImpl(entity=com.myproject.shoppingcart.domain.Product, querySpaceUid=&lt;gen:0&gt;, path=com.myproject.shoppingcart.domain.Product)
          - EntityAttributeFetchImpl(entity=com.myproject.shoppingcart.domain.Category, querySpaceUid=&lt;gen:1&gt;, path=com.myproject.shoppingcart.domain.Product.category)
          - EntityAttributeFetchImpl(entity=com.myproject.shoppingcart.domain.Supplier, querySpaceUid=&lt;gen:2&gt;, path=com.myproject.shoppingcart.domain.Product.supplier)
    - QuerySpaces
       - EntityQuerySpaceImpl(uid=&lt;gen:0&gt;, entity=com.myproject.shoppingcart.domain.Product)
          - SQL table alias mapping - product0_
          - alias suffix - 0_
          - suffixed key columns - {product_1_3_0_}

17:26:53.062 [main] DEBUG org.hibernate.loader.entity.plan.EntityLoader - Static select for entity com.myproject.shoppingcart.domain.Product [UPGRADE_NOWAIT]: select product0_.product_id as product_1_3_0_, product0_.cat_id as cat_id2_3_0_, product0_.date_created as date_cre3_3_0_, product0_.description as descript4_3_0_, product0_.name as name5_3_0_, product0_.price as price6_3_0_, product0_.stock as stock7_3_0_, product0_.sup_id as sup_id8_3_0_ from Product product0_ where product0_.product_id=? for update
17:26:53.062 [main] DEBUG org.hibernate.loader.plan.build.internal.spaces.QuerySpacesImpl - Adding QuerySpace : uid = &lt;gen:0&gt; -&gt; org.hibernate.loader.plan.build.internal.spaces.EntityQuerySpaceImpl@34e20e6b]
17:26:53.062 [main] DEBUG org.hibernate.persister.walking.spi.MetamodelGraphWalker - Visiting attribute path : cat_id
17:26:53.062 [main] DEBUG org.hibernate.persister.walking.spi.MetamodelGraphWalker - Visiting attribute path : category
17:26:53.062 [main] DEBUG org.hibernate.loader.plan.build.internal.spaces.QuerySpacesImpl - Adding QuerySpace : uid = &lt;gen:1&gt; -&gt; org.hibernate.loader.plan.build.internal.spaces.EntityQuerySpaceImpl@7a7d1b47]
17:26:53.062 [main] DEBUG org.hibernate.persister.walking.spi.MetamodelGraphWalker - Visiting attribute path : date_created
17:26:53.063 [main] DEBUG org.hibernate.persister.walking.spi.MetamodelGraphWalker - Visiting attribute path : description
17:26:53.063 [main] DEBUG org.hibernate.persister.walking.spi.MetamodelGraphWalker - Visiting attribute path : name
17:26:53.063 [main] DEBUG org.hibernate.persister.walking.spi.MetamodelGraphWalker - Visiting attribute path : price
17:26:53.063 [main] DEBUG org.hibernate.persister.walking.spi.MetamodelGraphWalker - Visiting attribute path : stock
17:26:53.063 [main] DEBUG org.hibernate.persister.walking.spi.MetamodelGraphWalker - Visiting attribute path : sup_id
17:26:53.063 [main] DEBUG org.hibernate.persister.walking.spi.MetamodelGraphWalker - Visiting attribute path : supplier
17:26:53.063 [main] DEBUG org.hibernate.loader.plan.build.internal.spaces.QuerySpacesImpl - Adding QuerySpace : uid = &lt;gen:2&gt; -&gt; org.hibernate.loader.plan.build.internal.spaces.EntityQuerySpaceImpl@6eb82908]
17:26:53.063 [main] DEBUG org.hibernate.loader.plan.build.internal.FetchStyleLoadPlanBuildingAssociationVisitationStrategy - Building LoadPlan...
17:26:53.063 [main] DEBUG org.hibernate.loader.plan.exec.internal.LoadQueryJoinAndFetchProcessor - processing queryspace &lt;gen:0&gt;
17:26:53.065 [main] DEBUG org.hibernate.loader.plan.build.spi.LoadPlanTreePrinter - LoadPlan(entity=com.myproject.shoppingcart.domain.Product)
    - Returns
       - EntityReturnImpl(entity=com.myproject.shoppingcart.domain.Product, querySpaceUid=&lt;gen:0&gt;, path=com.myproject.shoppingcart.domain.Product)
          - EntityAttributeFetchImpl(entity=com.myproject.shoppingcart.domain.Category, querySpaceUid=&lt;gen:1&gt;, path=com.myproject.shoppingcart.domain.Product.category)
          - EntityAttributeFetchImpl(entity=com.myproject.shoppingcart.domain.Supplier, querySpaceUid=&lt;gen:2&gt;, path=com.myproject.shoppingcart.domain.Product.supplier)
    - QuerySpaces
       - EntityQuerySpaceImpl(uid=&lt;gen:0&gt;, entity=com.myproject.shoppingcart.domain.Product)
          - SQL table alias mapping - product0_
          - alias suffix - 0_
          - suffixed key columns - {product_1_3_0_}

17:26:53.066 [main] DEBUG org.hibernate.loader.entity.plan.EntityLoader - Static select for entity com.myproject.shoppingcart.domain.Product [UPGRADE_SKIPLOCKED]: select product0_.product_id as product_1_3_0_, product0_.cat_id as cat_id2_3_0_, product0_.date_created as date_cre3_3_0_, product0_.description as descript4_3_0_, product0_.name as name5_3_0_, product0_.price as price6_3_0_, product0_.stock as stock7_3_0_, product0_.sup_id as sup_id8_3_0_ from Product product0_ where product0_.product_id=? for update
17:26:53.066 [main] DEBUG org.hibernate.loader.plan.build.internal.spaces.QuerySpacesImpl - Adding QuerySpace : uid = &lt;gen:0&gt; -&gt; org.hibernate.loader.plan.build.internal.spaces.EntityQuerySpaceImpl@4a8df3e2]
17:26:53.066 [main] DEBUG org.hibernate.persister.walking.spi.MetamodelGraphWalker - Visiting attribute path : cat_id
17:26:53.066 [main] DEBUG org.hibernate.persister.walking.spi.MetamodelGraphWalker - Visiting attribute path : category
17:26:53.066 [main] DEBUG org.hibernate.loader.plan.build.internal.spaces.QuerySpacesImpl - Adding QuerySpace : uid = &lt;gen:1&gt; -&gt; org.hibernate.loader.plan.build.internal.spaces.EntityQuerySpaceImpl@2f2d52ef]
17:26:53.066 [main] DEBUG org.hibernate.persister.walking.spi.MetamodelGraphWalker - Visiting attribute path : date_created
17:26:53.066 [main] DEBUG org.hibernate.persister.walking.spi.MetamodelGraphWalker - Visiting attribute path : description
17:26:53.066 [main] DEBUG org.hibernate.persister.walking.spi.MetamodelGraphWalker - Visiting attribute path : name
17:26:53.067 [main] DEBUG org.hibernate.persister.walking.spi.MetamodelGraphWalker - Visiting attribute path : price
17:26:53.067 [main] DEBUG org.hibernate.persister.walking.spi.MetamodelGraphWalker - Visiting attribute path : stock
17:26:53.067 [main] DEBUG org.hibernate.persister.walking.spi.MetamodelGraphWalker - Visiting attribute path : sup_id
17:26:53.067 [main] DEBUG org.hibernate.persister.walking.spi.MetamodelGraphWalker - Visiting attribute path : supplier
17:26:53.067 [main] DEBUG org.hibernate.loader.plan.build.internal.spaces.QuerySpacesImpl - Adding QuerySpace : uid = &lt;gen:2&gt; -&gt; org.hibernate.loader.plan.build.internal.spaces.EntityQuerySpaceImpl@f2ce6b]
17:26:53.067 [main] DEBUG org.hibernate.loader.plan.build.internal.FetchStyleLoadPlanBuildingAssociationVisitationStrategy - Building LoadPlan...
17:26:53.067 [main] DEBUG org.hibernate.loader.plan.exec.internal.LoadQueryJoinAndFetchProcessor - processing queryspace &lt;gen:0&gt;
17:26:53.068 [main] DEBUG org.hibernate.loader.plan.build.spi.LoadPlanTreePrinter - LoadPlan(entity=com.myproject.shoppingcart.domain.Product)
    - Returns
       - EntityReturnImpl(entity=com.myproject.shoppingcart.domain.Product, querySpaceUid=&lt;gen:0&gt;, path=com.myproject.shoppingcart.domain.Product)
          - EntityAttributeFetchImpl(entity=com.myproject.shoppingcart.domain.Category, querySpaceUid=&lt;gen:1&gt;, path=com.myproject.shoppingcart.domain.Product.category)
          - EntityAttributeFetchImpl(entity=com.myproject.shoppingcart.domain.Supplier, querySpaceUid=&lt;gen:2&gt;, path=com.myproject.shoppingcart.domain.Product.supplier)
    - QuerySpaces
       - EntityQuerySpaceImpl(uid=&lt;gen:0&gt;, entity=com.myproject.shoppingcart.domain.Product)
          - SQL table alias mapping - product0_
          - alias suffix - 0_
          - suffixed key columns - {product_1_3_0_}

17:26:53.068 [main] DEBUG org.hibernate.loader.entity.plan.EntityLoader - Static select for entity com.myproject.shoppingcart.domain.Product [FORCE]: select product0_.product_id as product_1_3_0_, product0_.cat_id as cat_id2_3_0_, product0_.date_created as date_cre3_3_0_, product0_.description as descript4_3_0_, product0_.name as name5_3_0_, product0_.price as price6_3_0_, product0_.stock as stock7_3_0_, product0_.sup_id as sup_id8_3_0_ from Product product0_ where product0_.product_id=? for update
17:26:53.068 [main] DEBUG org.hibernate.loader.plan.build.internal.spaces.QuerySpacesImpl - Adding QuerySpace : uid = &lt;gen:0&gt; -&gt; org.hibernate.loader.plan.build.internal.spaces.EntityQuerySpaceImpl@25c53f74]
17:26:53.068 [main] DEBUG org.hibernate.persister.walking.spi.MetamodelGraphWalker - Visiting attribute path : cat_id
17:26:53.068 [main] DEBUG org.hibernate.persister.walking.spi.MetamodelGraphWalker - Visiting attribute path : category
17:26:53.068 [main] DEBUG org.hibernate.loader.plan.build.internal.spaces.QuerySpacesImpl - Adding QuerySpace : uid = &lt;gen:1&gt; -&gt; org.hibernate.loader.plan.build.internal.spaces.EntityQuerySpaceImpl@1bd0b0e5]
17:26:53.068 [main] DEBUG org.hibernate.persister.walking.spi.MetamodelGraphWalker - Visiting attribute path : date_created
17:26:53.068 [main] DEBUG org.hibernate.persister.walking.spi.MetamodelGraphWalker - Visiting attribute path : description
17:26:53.069 [main] DEBUG org.hibernate.persister.walking.spi.MetamodelGraphWalker - Visiting attribute path : name
17:26:53.069 [main] DEBUG org.hibernate.persister.walking.spi.MetamodelGraphWalker - Visiting attribute path : price
17:26:53.069 [main] DEBUG org.hibernate.persister.walking.spi.MetamodelGraphWalker - Visiting attribute path : stock
17:26:53.069 [main] DEBUG org.hibernate.persister.walking.spi.MetamodelGraphWalker - Visiting attribute path : sup_id
17:26:53.069 [main] DEBUG org.hibernate.persister.walking.spi.MetamodelGraphWalker - Visiting attribute path : supplier
17:26:53.069 [main] DEBUG org.hibernate.loader.plan.build.internal.spaces.QuerySpacesImpl - Adding QuerySpace : uid = &lt;gen:2&gt; -&gt; org.hibernate.loader.plan.build.internal.spaces.EntityQuerySpaceImpl@dc7b462]
17:26:53.069 [main] DEBUG org.hibernate.loader.plan.build.internal.FetchStyleLoadPlanBuildingAssociationVisitationStrategy - Building LoadPlan...
17:26:53.069 [main] DEBUG org.hibernate.loader.plan.exec.internal.LoadQueryJoinAndFetchProcessor - processing queryspace &lt;gen:0&gt;
17:26:53.070 [main] DEBUG org.hibernate.loader.plan.build.spi.LoadPlanTreePrinter - LoadPlan(entity=com.myproject.shoppingcart.domain.Product)
    - Returns
       - EntityReturnImpl(entity=com.myproject.shoppingcart.domain.Product, querySpaceUid=&lt;gen:0&gt;, path=com.myproject.shoppingcart.domain.Product)
          - EntityAttributeFetchImpl(entity=com.myproject.shoppingcart.domain.Category, querySpaceUid=&lt;gen:1&gt;, path=com.myproject.shoppingcart.domain.Product.category)
          - EntityAttributeFetchImpl(entity=com.myproject.shoppingcart.domain.Supplier, querySpaceUid=&lt;gen:2&gt;, path=com.myproject.shoppingcart.domain.Product.supplier)
    - QuerySpaces
       - EntityQuerySpaceImpl(uid=&lt;gen:0&gt;, entity=com.myproject.shoppingcart.domain.Product)
          - SQL table alias mapping - product0_
          - alias suffix - 0_
          - suffixed key columns - {product_1_3_0_}

17:26:53.070 [main] DEBUG org.hibernate.loader.entity.plan.EntityLoader - Static select for entity com.myproject.shoppingcart.domain.Product [PESSIMISTIC_READ]: select product0_.product_id as product_1_3_0_, product0_.cat_id as cat_id2_3_0_, product0_.date_created as date_cre3_3_0_, product0_.description as descript4_3_0_, product0_.name as name5_3_0_, product0_.price as price6_3_0_, product0_.stock as stock7_3_0_, product0_.sup_id as sup_id8_3_0_ from Product product0_ where product0_.product_id=? for update
17:26:53.070 [main] DEBUG org.hibernate.loader.plan.build.internal.spaces.QuerySpacesImpl - Adding QuerySpace : uid = &lt;gen:0&gt; -&gt; org.hibernate.loader.plan.build.internal.spaces.EntityQuerySpaceImpl@1f51431]
17:26:53.070 [main] DEBUG org.hibernate.persister.walking.spi.MetamodelGraphWalker - Visiting attribute path : cat_id
17:26:53.071 [main] DEBUG org.hibernate.persister.walking.spi.MetamodelGraphWalker - Visiting attribute path : category
17:26:53.071 [main] DEBUG org.hibernate.loader.plan.build.internal.spaces.QuerySpacesImpl - Adding QuerySpace : uid = &lt;gen:1&gt; -&gt; org.hibernate.loader.plan.build.internal.spaces.EntityQuerySpaceImpl@38eb2c50]
17:26:53.071 [main] DEBUG org.hibernate.persister.walking.spi.MetamodelGraphWalker - Visiting attribute path : date_created
17:26:53.071 [main] DEBUG org.hibernate.persister.walking.spi.MetamodelGraphWalker - Visiting attribute path : description
17:26:53.071 [main] DEBUG org.hibernate.persister.walking.spi.MetamodelGraphWalker - Visiting attribute path : name
17:26:53.071 [main] DEBUG org.hibernate.persister.walking.spi.MetamodelGraphWalker - Visiting attribute path : price
17:26:53.071 [main] DEBUG org.hibernate.persister.walking.spi.MetamodelGraphWalker - Visiting attribute path : stock
17:26:53.071 [main] DEBUG org.hibernate.persister.walking.spi.MetamodelGraphWalker - Visiting attribute path : sup_id
17:26:53.071 [main] DEBUG org.hibernate.persister.walking.spi.MetamodelGraphWalker - Visiting attribute path : supplier
17:26:53.071 [main] DEBUG org.hibernate.loader.plan.build.internal.spaces.QuerySpacesImpl - Adding QuerySpace : uid = &lt;gen:2&gt; -&gt; org.hibernate.loader.plan.build.internal.spaces.EntityQuerySpaceImpl@8bffb8b]
17:26:53.071 [main] DEBUG org.hibernate.loader.plan.build.internal.FetchStyleLoadPlanBuildingAssociationVisitationStrategy - Building LoadPlan...
17:26:53.072 [main] DEBUG org.hibernate.loader.plan.exec.internal.LoadQueryJoinAndFetchProcessor - processing queryspace &lt;gen:0&gt;
17:26:53.072 [main] DEBUG org.hibernate.loader.plan.build.spi.LoadPlanTreePrinter - LoadPlan(entity=com.myproject.shoppingcart.domain.Product)
    - Returns
       - EntityReturnImpl(entity=com.myproject.shoppingcart.domain.Product, querySpaceUid=&lt;gen:0&gt;, path=com.myproject.shoppingcart.domain.Product)
          - EntityAttributeFetchImpl(entity=com.myproject.shoppingcart.domain.Category, querySpaceUid=&lt;gen:1&gt;, path=com.myproject.shoppingcart.domain.Product.category)
          - EntityAttributeFetchImpl(entity=com.myproject.shoppingcart.domain.Supplier, querySpaceUid=&lt;gen:2&gt;, path=com.myproject.shoppingcart.domain.Product.supplier)
    - QuerySpaces
       - EntityQuerySpaceImpl(uid=&lt;gen:0&gt;, entity=com.myproject.shoppingcart.domain.Product)
          - SQL table alias mapping - product0_
          - alias suffix - 0_
          - suffixed key columns - {product_1_3_0_}

17:26:53.072 [main] DEBUG org.hibernate.loader.entity.plan.EntityLoader - Static select for entity com.myproject.shoppingcart.domain.Product [PESSIMISTIC_WRITE]: select product0_.product_id as product_1_3_0_, product0_.cat_id as cat_id2_3_0_, product0_.date_created as date_cre3_3_0_, product0_.description as descript4_3_0_, product0_.name as name5_3_0_, product0_.price as price6_3_0_, product0_.stock as stock7_3_0_, product0_.sup_id as sup_id8_3_0_ from Product product0_ where product0_.product_id=? for update
17:26:53.073 [main] DEBUG org.hibernate.loader.plan.build.internal.spaces.QuerySpacesImpl - Adding QuerySpace : uid = &lt;gen:0&gt; -&gt; org.hibernate.loader.plan.build.internal.spaces.EntityQuerySpaceImpl@21422231]
17:26:53.073 [main] DEBUG org.hibernate.persister.walking.spi.MetamodelGraphWalker - Visiting attribute path : cat_id
17:26:53.073 [main] DEBUG org.hibernate.persister.walking.spi.MetamodelGraphWalker - Visiting attribute path : category
17:26:53.073 [main] DEBUG org.hibernate.loader.plan.build.internal.spaces.QuerySpacesImpl - Adding QuerySpace : uid = &lt;gen:1&gt; -&gt; org.hibernate.loader.plan.build.internal.spaces.EntityQuerySpaceImpl@7186333e]
17:26:53.073 [main] DEBUG org.hibernate.persister.walking.spi.MetamodelGraphWalker - Visiting attribute path : date_created
17:26:53.073 [main] DEBUG org.hibernate.persister.walking.spi.MetamodelGraphWalker - Visiting attribute path : description
17:26:53.073 [main] DEBUG org.hibernate.persister.walking.spi.MetamodelGraphWalker - Visiting attribute path : name
17:26:53.076 [main] DEBUG org.hibernate.persister.walking.spi.MetamodelGraphWalker - Visiting attribute path : price
17:26:53.077 [main] DEBUG org.hibernate.persister.walking.spi.MetamodelGraphWalker - Visiting attribute path : stock
17:26:53.077 [main] DEBUG org.hibernate.persister.walking.spi.MetamodelGraphWalker - Visiting attribute path : sup_id
17:26:53.077 [main] DEBUG org.hibernate.persister.walking.spi.MetamodelGraphWalker - Visiting attribute path : supplier
17:26:53.077 [main] DEBUG org.hibernate.loader.plan.build.internal.spaces.QuerySpacesImpl - Adding QuerySpace : uid = &lt;gen:2&gt; -&gt; org.hibernate.loader.plan.build.internal.spaces.EntityQuerySpaceImpl@692fd26]
17:26:53.077 [main] DEBUG org.hibernate.loader.plan.build.internal.FetchStyleLoadPlanBuildingAssociationVisitationStrategy - Building LoadPlan...
17:26:53.077 [main] DEBUG org.hibernate.loader.plan.exec.internal.LoadQueryJoinAndFetchProcessor - processing queryspace &lt;gen:0&gt;
17:26:53.078 [main] DEBUG org.hibernate.loader.plan.build.spi.LoadPlanTreePrinter - LoadPlan(entity=com.myproject.shoppingcart.domain.Product)
    - Returns
       - EntityReturnImpl(entity=com.myproject.shoppingcart.domain.Product, querySpaceUid=&lt;gen:0&gt;, path=com.myproject.shoppingcart.domain.Product)
          - EntityAttributeFetchImpl(entity=com.myproject.shoppingcart.domain.Category, querySpaceUid=&lt;gen:1&gt;, path=com.myproject.shoppingcart.domain.Product.category)
          - EntityAttributeFetchImpl(entity=com.myproject.shoppingcart.domain.Supplier, querySpaceUid=&lt;gen:2&gt;, path=com.myproject.shoppingcart.domain.Product.supplier)
    - QuerySpaces
       - EntityQuerySpaceImpl(uid=&lt;gen:0&gt;, entity=com.myproject.shoppingcart.domain.Product)
          - SQL table alias mapping - product0_
          - alias suffix - 0_
          - suffixed key columns - {product_1_3_0_}

17:26:53.079 [main] DEBUG org.hibernate.loader.entity.plan.EntityLoader - Static select for entity com.myproject.shoppingcart.domain.Product [PESSIMISTIC_FORCE_INCREMENT]: select product0_.product_id as product_1_3_0_, product0_.cat_id as cat_id2_3_0_, product0_.date_created as date_cre3_3_0_, product0_.description as descript4_3_0_, product0_.name as name5_3_0_, product0_.price as price6_3_0_, product0_.stock as stock7_3_0_, product0_.sup_id as sup_id8_3_0_ from Product product0_ where product0_.product_id=? for update
17:26:53.079 [main] DEBUG org.hibernate.loader.plan.build.internal.spaces.QuerySpacesImpl - Adding QuerySpace : uid = &lt;gen:0&gt; -&gt; org.hibernate.loader.plan.build.internal.spaces.EntityQuerySpaceImpl@36f1046f]
17:26:53.079 [main] DEBUG org.hibernate.persister.walking.spi.MetamodelGraphWalker - Visiting attribute path : cat_id
17:26:53.079 [main] DEBUG org.hibernate.persister.walking.spi.MetamodelGraphWalker - Visiting attribute path : category
17:26:53.079 [main] DEBUG org.hibernate.loader.plan.build.internal.spaces.QuerySpacesImpl - Adding QuerySpace : uid = &lt;gen:1&gt; -&gt; org.hibernate.loader.plan.build.internal.spaces.EntityQuerySpaceImpl@1686f0b4]
17:26:53.079 [main] DEBUG org.hibernate.persister.walking.spi.MetamodelGraphWalker - Visiting attribute path : date_created
17:26:53.079 [main] DEBUG org.hibernate.persister.walking.spi.MetamodelGraphWalker - Visiting attribute path : description
17:26:53.083 [main] DEBUG org.hibernate.persister.walking.spi.MetamodelGraphWalker - Visiting attribute path : name
17:26:53.084 [main] DEBUG org.hibernate.persister.walking.spi.MetamodelGraphWalker - Visiting attribute path : price
17:26:53.084 [main] DEBUG org.hibernate.persister.walking.spi.MetamodelGraphWalker - Visiting attribute path : stock
17:26:53.084 [main] DEBUG org.hibernate.persister.walking.spi.MetamodelGraphWalker - Visiting attribute path : sup_id
17:26:53.084 [main] DEBUG org.hibernate.persister.walking.spi.MetamodelGraphWalker - Visiting attribute path : supplier
17:26:53.085 [main] DEBUG org.hibernate.loader.plan.build.internal.spaces.QuerySpacesImpl - Adding QuerySpace : uid = &lt;gen:2&gt; -&gt; org.hibernate.loader.plan.build.internal.spaces.EntityQuerySpaceImpl@76c548f]
17:26:53.106 [main] DEBUG org.hibernate.loader.plan.build.internal.FetchStyleLoadPlanBuildingAssociationVisitationStrategy - Building LoadPlan...
17:26:53.107 [main] DEBUG org.hibernate.loader.plan.exec.internal.LoadQueryJoinAndFetchProcessor - processing queryspace &lt;gen:0&gt;
17:26:53.107 [main] DEBUG org.hibernate.loader.plan.build.spi.LoadPlanTreePrinter - LoadPlan(entity=com.myproject.shoppingcart.domain.Product)
    - Returns
       - EntityReturnImpl(entity=com.myproject.shoppingcart.domain.Product, querySpaceUid=&lt;gen:0&gt;, path=com.myproject.shoppingcart.domain.Product)
          - EntityAttributeFetchImpl(entity=com.myproject.shoppingcart.domain.Category, querySpaceUid=&lt;gen:1&gt;, path=com.myproject.shoppingcart.domain.Product.category)
          - EntityAttributeFetchImpl(entity=com.myproject.shoppingcart.domain.Supplier, querySpaceUid=&lt;gen:2&gt;, path=com.myproject.shoppingcart.domain.Product.supplier)
    - QuerySpaces
       - EntityQuerySpaceImpl(uid=&lt;gen:0&gt;, entity=com.myproject.shoppingcart.domain.Product)
          - SQL table alias mapping - product0_
          - alias suffix - 0_
          - suffixed key columns - {product_1_3_0_}

17:26:53.107 [main] DEBUG org.hibernate.loader.entity.plan.EntityLoader - Static select for entity com.myproject.shoppingcart.domain.Product [OPTIMISTIC]: select product0_.product_id as product_1_3_0_, product0_.cat_id as cat_id2_3_0_, product0_.date_created as date_cre3_3_0_, product0_.description as descript4_3_0_, product0_.name as name5_3_0_, product0_.price as price6_3_0_, product0_.stock as stock7_3_0_, product0_.sup_id as sup_id8_3_0_ from Product product0_ where product0_.product_id=?
17:26:53.108 [main] DEBUG org.hibernate.loader.plan.build.internal.spaces.QuerySpacesImpl - Adding QuerySpace : uid = &lt;gen:0&gt; -&gt; org.hibernate.loader.plan.build.internal.spaces.EntityQuerySpaceImpl@3900fa71]
17:26:53.108 [main] DEBUG org.hibernate.persister.walking.spi.MetamodelGraphWalker - Visiting attribute path : cat_id
17:26:53.108 [main] DEBUG org.hibernate.persister.walking.spi.MetamodelGraphWalker - Visiting attribute path : category
17:26:53.108 [main] DEBUG org.hibernate.loader.plan.build.internal.spaces.QuerySpacesImpl - Adding QuerySpace : uid = &lt;gen:1&gt; -&gt; org.hibernate.loader.plan.build.internal.spaces.EntityQuerySpaceImpl@7d0614f]
17:26:53.108 [main] DEBUG org.hibernate.persister.walking.spi.MetamodelGraphWalker - Visiting attribute path : date_created
17:26:53.109 [main] DEBUG org.hibernate.persister.walking.spi.MetamodelGraphWalker - Visiting attribute path : description
17:26:53.109 [main] DEBUG org.hibernate.persister.walking.spi.MetamodelGraphWalker - Visiting attribute path : name
17:26:53.109 [main] DEBUG org.hibernate.persister.walking.spi.MetamodelGraphWalker - Visiting attribute path : price
17:26:53.109 [main] DEBUG org.hibernate.persister.walking.spi.MetamodelGraphWalker - Visiting attribute path : stock
17:26:53.109 [main] DEBUG org.hibernate.persister.walking.spi.MetamodelGraphWalker - Visiting attribute path : sup_id
17:26:53.109 [main] DEBUG org.hibernate.persister.walking.spi.MetamodelGraphWalker - Visiting attribute path : supplier
17:26:53.109 [main] DEBUG org.hibernate.loader.plan.build.internal.spaces.QuerySpacesImpl - Adding QuerySpace : uid = &lt;gen:2&gt; -&gt; org.hibernate.loader.plan.build.internal.spaces.EntityQuerySpaceImpl@627d8516]
17:26:53.110 [main] DEBUG org.hibernate.loader.plan.build.internal.FetchStyleLoadPlanBuildingAssociationVisitationStrategy - Building LoadPlan...
17:26:53.110 [main] DEBUG org.hibernate.loader.plan.exec.internal.LoadQueryJoinAndFetchProcessor - processing queryspace &lt;gen:0&gt;
17:26:53.110 [main] DEBUG org.hibernate.loader.plan.build.spi.LoadPlanTreePrinter - LoadPlan(entity=com.myproject.shoppingcart.domain.Product)
    - Returns
       - EntityReturnImpl(entity=com.myproject.shoppingcart.domain.Product, querySpaceUid=&lt;gen:0&gt;, path=com.myproject.shoppingcart.domain.Product)
          - EntityAttributeFetchImpl(entity=com.myproject.shoppingcart.domain.Category, querySpaceUid=&lt;gen:1&gt;, path=com.myproject.shoppingcart.domain.Product.category)
          - EntityAttributeFetchImpl(entity=com.myproject.shoppingcart.domain.Supplier, querySpaceUid=&lt;gen:2&gt;, path=com.myproject.shoppingcart.domain.Product.supplier)
    - QuerySpaces
       - EntityQuerySpaceImpl(uid=&lt;gen:0&gt;, entity=com.myproject.shoppingcart.domain.Product)
          - SQL table alias mapping - product0_
          - alias suffix - 0_
          - suffixed key columns - {product_1_3_0_}

17:26:53.111 [main] DEBUG org.hibernate.loader.entity.plan.EntityLoader - Static select for entity com.myproject.shoppingcart.domain.Product [OPTIMISTIC_FORCE_INCREMENT]: select product0_.product_id as product_1_3_0_, product0_.cat_id as cat_id2_3_0_, product0_.date_created as date_cre3_3_0_, product0_.description as descript4_3_0_, product0_.name as name5_3_0_, product0_.price as price6_3_0_, product0_.stock as stock7_3_0_, product0_.sup_id as sup_id8_3_0_ from Product product0_ where product0_.product_id=?
17:26:53.111 [main] DEBUG org.hibernate.loader.Loader - Static select for action ACTION_MERGE on entity com.myproject.shoppingcart.domain.Product: select product0_.product_id as product_1_3_0_, product0_.cat_id as cat_id2_3_0_, product0_.date_created as date_cre3_3_0_, product0_.description as descript4_3_0_, product0_.name as name5_3_0_, product0_.price as price6_3_0_, product0_.stock as stock7_3_0_, product0_.sup_id as sup_id8_3_0_ from Product product0_ where product0_.product_id=?
17:26:53.111 [main] DEBUG org.hibernate.loader.Loader - Static select for action ACTION_REFRESH on entity com.myproject.shoppingcart.domain.Product: select product0_.product_id as product_1_3_0_, product0_.cat_id as cat_id2_3_0_, product0_.date_created as date_cre3_3_0_, product0_.description as descript4_3_0_, product0_.name as name5_3_0_, product0_.price as price6_3_0_, product0_.stock as stock7_3_0_, product0_.sup_id as sup_id8_3_0_ from Product product0_ where product0_.product_id=?
17:26:53.112 [main] DEBUG org.hibernate.loader.plan.build.internal.spaces.QuerySpacesImpl - Adding QuerySpace : uid = &lt;gen:0&gt; -&gt; org.hibernate.loader.plan.build.internal.spaces.CollectionQuerySpaceImpl@5c10285a]
17:26:53.112 [main] DEBUG org.hibernate.loader.plan.build.internal.spaces.QuerySpacesImpl - Adding QuerySpace : uid = &lt;gen:1&gt; -&gt; org.hibernate.loader.plan.build.internal.spaces.EntityQuerySpaceImpl@6b667cb3]
17:26:53.112 [main] DEBUG org.hibernate.persister.walking.spi.MetamodelGraphWalker - Visiting attribute path : cat_id
17:26:53.112 [main] DEBUG org.hibernate.persister.walking.spi.MetamodelGraphWalker - Visiting attribute path : category
17:26:53.112 [main] DEBUG org.hibernate.loader.plan.build.internal.spaces.QuerySpacesImpl - Adding QuerySpace : uid = &lt;gen:2&gt; -&gt; org.hibernate.loader.plan.build.internal.spaces.EntityQuerySpaceImpl@3cec79d3]
17:26:53.112 [main] DEBUG org.hibernate.persister.walking.spi.MetamodelGraphWalker - Visiting attribute path : category.description
17:26:53.113 [main] DEBUG org.hibernate.persister.walking.spi.MetamodelGraphWalker - Visiting attribute path : category.name
17:26:53.113 [main] DEBUG org.hibernate.persister.walking.spi.MetamodelGraphWalker - Visiting attribute path : category.products
17:26:53.113 [main] DEBUG org.hibernate.persister.walking.spi.MetamodelGraphWalker - Property path deemed to be circular : category.products
17:26:53.115 [main] DEBUG org.hibernate.persister.walking.spi.MetamodelGraphWalker - Visiting attribute path : date_created
17:26:53.115 [main] DEBUG org.hibernate.persister.walking.spi.MetamodelGraphWalker - Visiting attribute path : description
17:26:53.115 [main] DEBUG org.hibernate.persister.walking.spi.MetamodelGraphWalker - Visiting attribute path : name
17:26:53.116 [main] DEBUG org.hibernate.persister.walking.spi.MetamodelGraphWalker - Visiting attribute path : price
17:26:53.116 [main] DEBUG org.hibernate.persister.walking.spi.MetamodelGraphWalker - Visiting attribute path : stock
17:26:53.116 [main] DEBUG org.hibernate.persister.walking.spi.MetamodelGraphWalker - Visiting attribute path : sup_id
17:26:53.116 [main] DEBUG org.hibernate.persister.walking.spi.MetamodelGraphWalker - Visiting attribute path : supplier
17:26:53.116 [main] DEBUG org.hibernate.persister.walking.spi.MetamodelGraphWalker - Property path deemed to be circular : supplier
17:26:53.116 [main] DEBUG org.hibernate.loader.plan.build.internal.FetchStyleLoadPlanBuildingAssociationVisitationStrategy - Building LoadPlan...
17:26:53.117 [main] DEBUG org.hibernate.loader.plan.exec.internal.LoadQueryJoinAndFetchProcessor - processing queryspace &lt;gen:0&gt;
17:26:53.118 [main] DEBUG org.hibernate.loader.plan.build.spi.LoadPlanTreePrinter - LoadPlan(collection=com.myproject.shoppingcart.domain.Supplier.products)
    - Returns
       - CollectionReturnImpl(collection=com.myproject.shoppingcart.domain.Supplier.products, querySpaceUid=&lt;gen:0&gt;, path=[com.myproject.shoppingcart.domain.Supplier.products])
          - (collection element) CollectionFetchableElementEntityGraph(entity=com.myproject.shoppingcart.domain.Product, querySpaceUid=&lt;gen:1&gt;, path=[com.myproject.shoppingcart.domain.Supplier.products].&lt;elements&gt;)
             - EntityAttributeFetchImpl(entity=com.myproject.shoppingcart.domain.Category, querySpaceUid=&lt;gen:2&gt;, path=[com.myproject.shoppingcart.domain.Supplier.products].&lt;elements&gt;.category)
    - QuerySpaces
       - CollectionQuerySpaceImpl(uid=&lt;gen:0&gt;, collection=com.myproject.shoppingcart.domain.Supplier.products)
          - SQL table alias mapping - products0_
          - alias suffix - 0_
          - suffixed key columns - {sup_id8_3_0_}
          - entity-element alias suffix - 1_
          - 1_entity-element suffixed key columns - product_1_3_1_
          - JOIN (JoinDefinedByMetadata(elements)) : &lt;gen:0&gt; -&gt; &lt;gen:1&gt;
             - EntityQuerySpaceImpl(uid=&lt;gen:1&gt;, entity=com.myproject.shoppingcart.domain.Product)
                - SQL table alias mapping - products0_
                - alias suffix - 1_
                - suffixed key columns - {product_1_3_1_}
                - JOIN (JoinDefinedByMetadata(category)) : &lt;gen:1&gt; -&gt; &lt;gen:2&gt;
                   - EntityQuerySpaceImpl(uid=&lt;gen:2&gt;, entity=com.myproject.shoppingcart.domain.Category)
                      - SQL table alias mapping - category1_
                      - alias suffix - 2_
                      - suffixed key columns - {category1_1_2_}

17:26:53.118 [main] DEBUG org.hibernate.loader.collection.plan.CollectionLoader - Static select for collection com.myproject.shoppingcart.domain.Supplier.products: select products0_.sup_id as sup_id8_3_0_, products0_.product_id as product_1_3_0_, products0_.product_id as product_1_3_1_, products0_.cat_id as cat_id2_3_1_, products0_.date_created as date_cre3_3_1_, products0_.description as descript4_3_1_, products0_.name as name5_3_1_, products0_.price as price6_3_1_, products0_.stock as stock7_3_1_, products0_.sup_id as sup_id8_3_1_, category1_.category_id as category1_1_2_, category1_.description as descript2_1_2_, category1_.name as name3_1_2_ from Product products0_ inner join Category category1_ on products0_.cat_id=category1_.category_id where products0_.sup_id=?
17:26:53.118 [main] DEBUG org.hibernate.loader.plan.build.internal.spaces.QuerySpacesImpl - Adding QuerySpace : uid = &lt;gen:0&gt; -&gt; org.hibernate.loader.plan.build.internal.spaces.CollectionQuerySpaceImpl@4e31c3ec]
17:26:53.119 [main] DEBUG org.hibernate.loader.plan.build.internal.spaces.QuerySpacesImpl - Adding QuerySpace : uid = &lt;gen:1&gt; -&gt; org.hibernate.loader.plan.build.internal.spaces.EntityQuerySpaceImpl@3157e4c0]
17:26:53.119 [main] DEBUG org.hibernate.persister.walking.spi.MetamodelGraphWalker - Visiting attribute path : cat_id
17:26:53.119 [main] DEBUG org.hibernate.persister.walking.spi.MetamodelGraphWalker - Visiting attribute path : category
17:26:53.119 [main] DEBUG org.hibernate.persister.walking.spi.MetamodelGraphWalker - Property path deemed to be circular : category
17:26:53.119 [main] DEBUG org.hibernate.persister.walking.spi.MetamodelGraphWalker - Visiting attribute path : date_created
17:26:53.119 [main] DEBUG org.hibernate.persister.walking.spi.MetamodelGraphWalker - Visiting attribute path : description
17:26:53.119 [main] DEBUG org.hibernate.persister.walking.spi.MetamodelGraphWalker - Visiting attribute path : name
17:26:53.119 [main] DEBUG org.hibernate.persister.walking.spi.MetamodelGraphWalker - Visiting attribute path : price
17:26:53.120 [main] DEBUG org.hibernate.persister.walking.spi.MetamodelGraphWalker - Visiting attribute path : stock
17:26:53.120 [main] DEBUG org.hibernate.persister.walking.spi.MetamodelGraphWalker - Visiting attribute path : sup_id
17:26:53.120 [main] DEBUG org.hibernate.persister.walking.spi.MetamodelGraphWalker - Visiting attribute path : supplier
17:26:53.122 [main] DEBUG org.hibernate.loader.plan.build.internal.spaces.QuerySpacesImpl - Adding QuerySpace : uid = &lt;gen:2&gt; -&gt; org.hibernate.loader.plan.build.internal.spaces.EntityQuerySpaceImpl@72e789cb]
17:26:53.123 [main] DEBUG org.hibernate.persister.walking.spi.MetamodelGraphWalker - Visiting attribute path : supplier.address
17:26:53.123 [main] DEBUG org.hibernate.persister.walking.spi.MetamodelGraphWalker - Visiting attribute path : supplier.name
17:26:53.123 [main] DEBUG org.hibernate.persister.walking.spi.MetamodelGraphWalker - Visiting attribute path : supplier.products
17:26:53.123 [main] DEBUG org.hibernate.persister.walking.spi.MetamodelGraphWalker - Property path deemed to be circular : supplier.products
17:26:53.123 [main] DEBUG org.hibernate.loader.plan.build.internal.FetchStyleLoadPlanBuildingAssociationVisitationStrategy - Building LoadPlan...
17:26:53.124 [main] DEBUG org.hibernate.loader.plan.exec.internal.LoadQueryJoinAndFetchProcessor - processing queryspace &lt;gen:0&gt;
17:26:53.124 [main] DEBUG org.hibernate.loader.plan.build.spi.LoadPlanTreePrinter - LoadPlan(collection=com.myproject.shoppingcart.domain.Category.products)
    - Returns
       - CollectionReturnImpl(collection=com.myproject.shoppingcart.domain.Category.products, querySpaceUid=&lt;gen:0&gt;, path=[com.myproject.shoppingcart.domain.Category.products])
          - (collection element) CollectionFetchableElementEntityGraph(entity=com.myproject.shoppingcart.domain.Product, querySpaceUid=&lt;gen:1&gt;, path=[com.myproject.shoppingcart.domain.Category.products].&lt;elements&gt;)
             - EntityAttributeFetchImpl(entity=com.myproject.shoppingcart.domain.Supplier, querySpaceUid=&lt;gen:2&gt;, path=[com.myproject.shoppingcart.domain.Category.products].&lt;elements&gt;.supplier)
    - QuerySpaces
       - CollectionQuerySpaceImpl(uid=&lt;gen:0&gt;, collection=com.myproject.shoppingcart.domain.Category.products)
          - SQL table alias mapping - products0_
          - alias suffix - 0_
          - suffixed key columns - {cat_id2_3_0_}
          - entity-element alias suffix - 1_
          - 1_entity-element suffixed key columns - product_1_3_1_
          - JOIN (JoinDefinedByMetadata(elements)) : &lt;gen:0&gt; -&gt; &lt;gen:1&gt;
             - EntityQuerySpaceImpl(uid=&lt;gen:1&gt;, entity=com.myproject.shoppingcart.domain.Product)
                - SQL table alias mapping - products0_
                - alias suffix - 1_
                - suffixed key columns - {product_1_3_1_}
                - JOIN (JoinDefinedByMetadata(supplier)) : &lt;gen:1&gt; -&gt; &lt;gen:2&gt;
                   - EntityQuerySpaceImpl(uid=&lt;gen:2&gt;, entity=com.myproject.shoppingcart.domain.Supplier)
                      - SQL table alias mapping - supplier1_
                      - alias suffix - 2_
                      - suffixed key columns - {supplier1_4_2_}

17:26:53.125 [main] DEBUG org.hibernate.loader.collection.plan.CollectionLoader - Static select for collection com.myproject.shoppingcart.domain.Category.products: select products0_.cat_id as cat_id2_3_0_, products0_.product_id as product_1_3_0_, products0_.product_id as product_1_3_1_, products0_.cat_id as cat_id2_3_1_, products0_.date_created as date_cre3_3_1_, products0_.description as descript4_3_1_, products0_.name as name5_3_1_, products0_.price as price6_3_1_, products0_.stock as stock7_3_1_, products0_.sup_id as sup_id8_3_1_, supplier1_.supplier_id as supplier1_4_2_, supplier1_.address as address2_4_2_, supplier1_.name as name3_4_2_ from Product products0_ inner join Supplier supplier1_ on products0_.sup_id=supplier1_.supplier_id where products0_.cat_id=?
17:26:53.129 [main] DEBUG org.springframework.jdbc.datasource.DriverManagerDataSource - Creating new JDBC DriverManager Connection to [jdbc:h2:tcp://localhost/~/mycarts]
17:26:53.250 [main] DEBUG org.hibernate.mapping.Table - No alter strings for table : Cart
17:26:53.250 [main] DEBUG org.hibernate.mapping.Table - No alter strings for table : Category
17:26:53.251 [main] DEBUG org.hibernate.mapping.Table - No alter strings for table : Payment
17:26:53.251 [main] DEBUG org.hibernate.mapping.Table - No alter strings for table : Product
17:26:53.251 [main] DEBUG org.hibernate.mapping.Table - No alter strings for table : Supplier
17:26:53.251 [main] DEBUG org.hibernate.mapping.Table - No alter strings for table : user
17:26:53.279 [main] DEBUG org.hibernate.engine.transaction.jta.platform.internal.JtaPlatformInitiator - No JtaPlatform was specified, checking resolver
17:26:53.279 [main] DEBUG org.hibernate.engine.transaction.jta.platform.internal.JtaPlatformResolverInitiator - No JtaPlatformResolver was specified, using default [org.hibernate.engine.transaction.jta.platform.internal.StandardJtaPlatformResolver]
17:26:53.284 [main] DEBUG org.hibernate.engine.transaction.jta.platform.internal.StandardJtaPlatformResolver - Could not resolve JtaPlatform, using default [org.hibernate.engine.transaction.jta.platform.internal.NoJtaPlatform]
17:26:53.284 [main] DEBUG org.hibernate.query.spi.NamedQueryRepository - Checking 0 named HQL queries
17:26:53.284 [main] DEBUG org.hibernate.query.spi.NamedQueryRepository - Checking 0 named SQL queries
17:26:53.284 [main] DEBUG org.hibernate.internal.SessionFactoryRegistry - Registering SessionFactory: 240c7319-5f57-4ecc-8d82-66ee808ca3cb (&lt;unnamed&gt;)
17:26:53.284 [main] DEBUG org.hibernate.internal.SessionFactoryRegistry - Not binding SessionFactory to JNDI, no JNDI name configured
17:26:53.286 [main] DEBUG org.springframework.beans.factory.support.DefaultListableBeanFactory - Eagerly caching bean &apos;sessionFactory&apos; to allow for resolving potential circular references
17:26:53.289 [main] DEBUG org.springframework.beans.factory.support.DefaultListableBeanFactory - Returning cached instance of singleton bean &apos;org.springframework.transaction.config.internalTransactionAdvisor&apos;
17:26:53.301 [main] DEBUG org.springframework.beans.factory.support.DefaultListableBeanFactory - Finished creating instance of bean &apos;sessionFactory&apos;
17:26:53.301 [main] DEBUG org.springframework.beans.factory.annotation.AutowiredAnnotationBeanPostProcessor - Autowiring by type from bean name &apos;cartDAO&apos; to bean named &apos;sessionFactory&apos;
17:26:53.301 [main] DEBUG org.springframework.beans.factory.support.DefaultListableBeanFactory - Finished creating instance of bean &apos;cartDAO&apos;
17:26:53.301 [main] DEBUG org.springframework.beans.factory.support.DefaultListableBeanFactory - Creating shared instance of singleton bean &apos;categoryDAO&apos;
17:26:53.301 [main] DEBUG org.springframework.beans.factory.support.DefaultListableBeanFactory - Creating instance of bean &apos;categoryDAO&apos;
17:26:53.302 [main] DEBUG org.springframework.beans.factory.annotation.InjectionMetadata - Registered injected element on class [com.myproject.shoppingcart.daoimpl.CategoryDAOImpl]: AutowiredFieldElement for private com.myproject.shoppingcart.domain.Category com.myproject.shoppingcart.daoimpl.CategoryDAOImpl.category
17:26:53.302 [main] DEBUG org.springframework.beans.factory.annotation.InjectionMetadata - Registered injected element on class [com.myproject.shoppingcart.daoimpl.CategoryDAOImpl]: AutowiredFieldElement for private org.hibernate.SessionFactory com.myproject.shoppingcart.daoimpl.CategoryDAOImpl.sessionFactory
17:26:53.302 [main] DEBUG org.springframework.beans.factory.support.DefaultListableBeanFactory - Eagerly caching bean &apos;categoryDAO&apos; to allow for resolving potential circular references
17:26:53.303 [main] DEBUG org.springframework.beans.factory.annotation.InjectionMetadata - Processing injected element of bean &apos;categoryDAO&apos;: AutowiredFieldElement for private com.myproject.shoppingcart.domain.Category com.myproject.shoppingcart.daoimpl.CategoryDAOImpl.category
17:26:53.303 [main] DEBUG org.springframework.core.annotation.AnnotationUtils - Failed to meta-introspect annotation [interface org.springframework.beans.factory.annotation.Autowired]: java.lang.NullPointerException
17:26:53.303 [main] DEBUG org.springframework.beans.factory.support.DefaultListableBeanFactory - Creating shared instance of singleton bean &apos;category&apos;
17:26:53.303 [main] DEBUG org.springframework.beans.factory.support.DefaultListableBeanFactory - Creating instance of bean &apos;category&apos;
17:26:53.304 [main] DEBUG org.springframework.beans.factory.support.DefaultListableBeanFactory - Eagerly caching bean &apos;category&apos; to allow for resolving potential circular references
17:26:53.304 [main] DEBUG org.springframework.beans.factory.support.DefaultListableBeanFactory - Returning cached instance of singleton bean &apos;org.springframework.transaction.config.internalTransactionAdvisor&apos;
17:26:53.305 [main] DEBUG org.springframework.beans.factory.support.DefaultListableBeanFactory - Finished creating instance of bean &apos;category&apos;
17:26:53.305 [main] DEBUG org.springframework.beans.factory.annotation.AutowiredAnnotationBeanPostProcessor - Autowiring by type from bean name &apos;categoryDAO&apos; to bean named &apos;category&apos;
17:26:53.305 [main] DEBUG org.springframework.beans.factory.annotation.InjectionMetadata - Processing injected element of bean &apos;categoryDAO&apos;: AutowiredFieldElement for private org.hibernate.SessionFactory com.myproject.shoppingcart.daoimpl.CategoryDAOImpl.sessionFactory
17:26:53.305 [main] DEBUG org.springframework.core.annotation.AnnotationUtils - Failed to meta-introspect annotation [interface org.springframework.beans.factory.annotation.Autowired]: java.lang.NullPointerException
17:26:53.305 [main] DEBUG org.springframework.beans.factory.support.DefaultListableBeanFactory - Returning cached instance of singleton bean &apos;sessionFactory&apos;
17:26:53.305 [main] DEBUG org.springframework.beans.factory.annotation.AutowiredAnnotationBeanPostProcessor - Autowiring by type from bean name &apos;categoryDAO&apos; to bean named &apos;sessionFactory&apos;
17:26:53.305 [main] DEBUG org.springframework.beans.factory.support.DefaultListableBeanFactory - Returning cached instance of singleton bean &apos;org.springframework.transaction.config.internalTransactionAdvisor&apos;
17:26:53.306 [main] DEBUG org.springframework.transaction.annotation.AnnotationTransactionAttributeSource - Adding transactional method &apos;com.myproject.shoppingcart.daoimpl.CategoryDAOImpl.get&apos; with attribute: PROPAGATION_REQUIRED,ISOLATION_DEFAULT; &apos;&apos;
17:26:53.306 [main] DEBUG org.springframework.aop.framework.autoproxy.InfrastructureAdvisorAutoProxyCreator - Creating implicit proxy for bean &apos;categoryDAO&apos; with 0 common interceptors and 1 specific interceptors
17:26:53.306 [main] DEBUG org.springframework.aop.framework.JdkDynamicAopProxy - Creating JDK dynamic proxy: target source is SingletonTargetSource for target object [com.myproject.shoppingcart.daoimpl.CategoryDAOImpl@301aa982]
17:26:53.306 [main] DEBUG org.springframework.beans.factory.support.DefaultListableBeanFactory - Finished creating instance of bean &apos;categoryDAO&apos;
17:26:53.306 [main] DEBUG org.springframework.beans.factory.support.DefaultListableBeanFactory - Creating shared instance of singleton bean &apos;paymentDAO&apos;
17:26:53.306 [main] DEBUG org.springframework.beans.factory.support.DefaultListableBeanFactory - Creating instance of bean &apos;paymentDAO&apos;
17:26:53.307 [main] DEBUG org.springframework.beans.factory.annotation.InjectionMetadata - Registered injected element on class [com.myproject.shoppingcart.daoimpl.PaymentDAOImpl]: AutowiredFieldElement for private com.myproject.shoppingcart.domain.Payment com.myproject.shoppingcart.daoimpl.PaymentDAOImpl.payment
17:26:53.307 [main] DEBUG org.springframework.beans.factory.annotation.InjectionMetadata - Registered injected element on class [com.myproject.shoppingcart.daoimpl.PaymentDAOImpl]: AutowiredFieldElement for private org.hibernate.SessionFactory com.myproject.shoppingcart.daoimpl.PaymentDAOImpl.sessionFactory
17:26:53.307 [main] DEBUG org.springframework.beans.factory.support.DefaultListableBeanFactory - Eagerly caching bean &apos;paymentDAO&apos; to allow for resolving potential circular references
17:26:53.308 [main] DEBUG org.springframework.beans.factory.annotation.InjectionMetadata - Processing injected element of bean &apos;paymentDAO&apos;: AutowiredFieldElement for private com.myproject.shoppingcart.domain.Payment com.myproject.shoppingcart.daoimpl.PaymentDAOImpl.payment
17:26:53.308 [main] DEBUG org.springframework.core.annotation.AnnotationUtils - Failed to meta-introspect annotation [interface org.springframework.beans.factory.annotation.Autowired]: java.lang.NullPointerException
17:26:53.309 [main] DEBUG org.springframework.beans.factory.support.DefaultListableBeanFactory - Creating shared instance of singleton bean &apos;payment&apos;
17:26:53.309 [main] DEBUG org.springframework.beans.factory.support.DefaultListableBeanFactory - Creating instance of bean &apos;payment&apos;
17:26:53.309 [main] DEBUG org.springframework.beans.factory.support.DefaultListableBeanFactory - Eagerly caching bean &apos;payment&apos; to allow for resolving potential circular references
17:26:53.309 [main] DEBUG org.springframework.beans.factory.support.DefaultListableBeanFactory - Returning cached instance of singleton bean &apos;org.springframework.transaction.config.internalTransactionAdvisor&apos;
17:26:53.310 [main] DEBUG org.springframework.beans.factory.support.DefaultListableBeanFactory - Finished creating instance of bean &apos;payment&apos;
17:26:53.310 [main] DEBUG org.springframework.beans.factory.annotation.AutowiredAnnotationBeanPostProcessor - Autowiring by type from bean name &apos;paymentDAO&apos; to bean named &apos;payment&apos;
17:26:53.310 [main] DEBUG org.springframework.beans.factory.annotation.InjectionMetadata - Processing injected element of bean &apos;paymentDAO&apos;: AutowiredFieldElement for private org.hibernate.SessionFactory com.myproject.shoppingcart.daoimpl.PaymentDAOImpl.sessionFactory
17:26:53.311 [main] DEBUG org.springframework.core.annotation.AnnotationUtils - Failed to meta-introspect annotation [interface org.springframework.beans.factory.annotation.Autowired]: java.lang.NullPointerException
17:26:53.311 [main] DEBUG org.springframework.beans.factory.support.DefaultListableBeanFactory - Returning cached instance of singleton bean &apos;sessionFactory&apos;
17:26:53.311 [main] DEBUG org.springframework.beans.factory.annotation.AutowiredAnnotationBeanPostProcessor - Autowiring by type from bean name &apos;paymentDAO&apos; to bean named &apos;sessionFactory&apos;
17:26:53.311 [main] DEBUG org.springframework.beans.factory.support.DefaultListableBeanFactory - Returning cached instance of singleton bean &apos;org.springframework.transaction.config.internalTransactionAdvisor&apos;
17:26:53.311 [main] DEBUG org.springframework.transaction.annotation.AnnotationTransactionAttributeSource - Adding transactional method &apos;com.myproject.shoppingcart.daoimpl.PaymentDAOImpl.update&apos; with attribute: PROPAGATION_REQUIRED,ISOLATION_DEFAULT; &apos;&apos;
17:26:53.311 [main] DEBUG org.springframework.aop.framework.autoproxy.InfrastructureAdvisorAutoProxyCreator - Creating implicit proxy for bean &apos;paymentDAO&apos; with 0 common interceptors and 1 specific interceptors
17:26:53.311 [main] DEBUG org.springframework.aop.framework.JdkDynamicAopProxy - Creating JDK dynamic proxy: target source is SingletonTargetSource for target object [com.myproject.shoppingcart.daoimpl.PaymentDAOImpl@65f58c6e]
17:26:53.312 [main] DEBUG org.springframework.beans.factory.support.DefaultListableBeanFactory - Finished creating instance of bean &apos;paymentDAO&apos;
17:26:53.312 [main] DEBUG org.springframework.beans.factory.support.DefaultListableBeanFactory - Creating shared instance of singleton bean &apos;productDAO&apos;
17:26:53.312 [main] DEBUG org.springframework.beans.factory.support.DefaultListableBeanFactory - Creating instance of bean &apos;productDAO&apos;
17:26:53.312 [main] DEBUG org.springframework.beans.factory.annotation.InjectionMetadata - Registered injected element on class [com.myproject.shoppingcart.daoimpl.ProductDAOImpl]: AutowiredFieldElement for private org.hibernate.SessionFactory com.myproject.shoppingcart.daoimpl.ProductDAOImpl.sessionFactory
17:26:53.312 [main] DEBUG org.springframework.beans.factory.annotation.InjectionMetadata - Registered injected element on class [com.myproject.shoppingcart.daoimpl.ProductDAOImpl]: AutowiredFieldElement for private com.myproject.shoppingcart.domain.Product com.myproject.shoppingcart.daoimpl.ProductDAOImpl.product
17:26:53.312 [main] DEBUG org.springframework.beans.factory.support.DefaultListableBeanFactory - Eagerly caching bean &apos;productDAO&apos; to allow for resolving potential circular references
17:26:53.313 [main] DEBUG org.springframework.beans.factory.annotation.InjectionMetadata - Processing injected element of bean &apos;productDAO&apos;: AutowiredFieldElement for private org.hibernate.SessionFactory com.myproject.shoppingcart.daoimpl.ProductDAOImpl.sessionFactory
17:26:53.313 [main] DEBUG org.springframework.core.annotation.AnnotationUtils - Failed to meta-introspect annotation [interface org.springframework.beans.factory.annotation.Autowired]: java.lang.NullPointerException
17:26:53.314 [main] DEBUG org.springframework.beans.factory.support.DefaultListableBeanFactory - Returning cached instance of singleton bean &apos;sessionFactory&apos;
17:26:53.314 [main] DEBUG org.springframework.beans.factory.annotation.AutowiredAnnotationBeanPostProcessor - Autowiring by type from bean name &apos;productDAO&apos; to bean named &apos;sessionFactory&apos;
17:26:53.314 [main] DEBUG org.springframework.beans.factory.annotation.InjectionMetadata - Processing injected element of bean &apos;productDAO&apos;: AutowiredFieldElement for private com.myproject.shoppingcart.domain.Product com.myproject.shoppingcart.daoimpl.ProductDAOImpl.product
17:26:53.314 [main] DEBUG org.springframework.core.annotation.AnnotationUtils - Failed to meta-introspect annotation [interface org.springframework.beans.factory.annotation.Autowired]: java.lang.NullPointerException
17:26:53.314 [main] DEBUG org.springframework.beans.factory.support.DefaultListableBeanFactory - Creating shared instance of singleton bean &apos;product&apos;
17:26:53.314 [main] DEBUG org.springframework.beans.factory.support.DefaultListableBeanFactory - Creating instance of bean &apos;product&apos;
17:26:53.315 [main] DEBUG org.springframework.beans.factory.support.DefaultListableBeanFactory - Eagerly caching bean &apos;product&apos; to allow for resolving potential circular references
17:26:53.315 [main] DEBUG org.springframework.beans.factory.support.DefaultListableBeanFactory - Returning cached instance of singleton bean &apos;org.springframework.transaction.config.internalTransactionAdvisor&apos;
17:26:53.316 [main] DEBUG org.springframework.beans.factory.support.DefaultListableBeanFactory - Finished creating instance of bean &apos;product&apos;
17:26:53.316 [main] DEBUG org.springframework.beans.factory.annotation.AutowiredAnnotationBeanPostProcessor - Autowiring by type from bean name &apos;productDAO&apos; to bean named &apos;product&apos;
17:26:53.317 [main] DEBUG org.springframework.beans.factory.support.DefaultListableBeanFactory - Returning cached instance of singleton bean &apos;org.springframework.transaction.config.internalTransactionAdvisor&apos;
17:26:53.317 [main] DEBUG org.springframework.transaction.annotation.AnnotationTransactionAttributeSource - Adding transactional method &apos;com.myproject.shoppingcart.daoimpl.ProductDAOImpl.get&apos; with attribute: PROPAGATION_REQUIRED,ISOLATION_DEFAULT; &apos;&apos;
17:26:53.317 [main] DEBUG org.springframework.aop.framework.autoproxy.InfrastructureAdvisorAutoProxyCreator - Creating implicit proxy for bean &apos;productDAO&apos; with 0 common interceptors and 1 specific interceptors
17:26:53.317 [main] DEBUG org.springframework.aop.framework.JdkDynamicAopProxy - Creating JDK dynamic proxy: target source is SingletonTargetSource for target object [com.myproject.shoppingcart.daoimpl.ProductDAOImpl@31133b6e]
17:26:53.317 [main] DEBUG org.springframework.beans.factory.support.DefaultListableBeanFactory - Finished creating instance of bean &apos;productDAO&apos;
17:26:53.317 [main] DEBUG org.springframework.beans.factory.support.DefaultListableBeanFactory - Creating shared instance of singleton bean &apos;supplierDAO&apos;
17:26:53.317 [main] DEBUG org.springframework.beans.factory.support.DefaultListableBeanFactory - Creating instance of bean &apos;supplierDAO&apos;
17:26:53.318 [main] DEBUG org.springframework.beans.factory.annotation.InjectionMetadata - Registered injected element on class [com.myproject.shoppingcart.daoimpl.SupplierDAOImpl]: AutowiredFieldElement for private org.hibernate.SessionFactory com.myproject.shoppingcart.daoimpl.SupplierDAOImpl.sessionFactory
17:26:53.318 [main] DEBUG org.springframework.beans.factory.annotation.InjectionMetadata - Registered injected element on class [com.myproject.shoppingcart.daoimpl.SupplierDAOImpl]: AutowiredFieldElement for private com.myproject.shoppingcart.domain.Supplier com.myproject.shoppingcart.daoimpl.SupplierDAOImpl.supplier
17:26:53.318 [main] DEBUG org.springframework.beans.factory.support.DefaultListableBeanFactory - Eagerly caching bean &apos;supplierDAO&apos; to allow for resolving potential circular references
17:26:53.318 [main] DEBUG org.springframework.beans.factory.annotation.InjectionMetadata - Processing injected element of bean &apos;supplierDAO&apos;: AutowiredFieldElement for private org.hibernate.SessionFactory com.myproject.shoppingcart.daoimpl.SupplierDAOImpl.sessionFactory
17:26:53.319 [main] DEBUG org.springframework.core.annotation.AnnotationUtils - Failed to meta-introspect annotation [interface org.springframework.beans.factory.annotation.Autowired]: java.lang.NullPointerException
17:26:53.319 [main] DEBUG org.springframework.beans.factory.support.DefaultListableBeanFactory - Returning cached instance of singleton bean &apos;sessionFactory&apos;
17:26:53.319 [main] DEBUG org.springframework.beans.factory.annotation.AutowiredAnnotationBeanPostProcessor - Autowiring by type from bean name &apos;supplierDAO&apos; to bean named &apos;sessionFactory&apos;
17:26:53.319 [main] DEBUG org.springframework.beans.factory.annotation.InjectionMetadata - Processing injected element of bean &apos;supplierDAO&apos;: AutowiredFieldElement for private com.myproject.shoppingcart.domain.Supplier com.myproject.shoppingcart.daoimpl.SupplierDAOImpl.supplier
17:26:53.319 [main] DEBUG org.springframework.core.annotation.AnnotationUtils - Failed to meta-introspect annotation [interface org.springframework.beans.factory.annotation.Autowired]: java.lang.NullPointerException
17:26:53.319 [main] DEBUG org.springframework.beans.factory.support.DefaultListableBeanFactory - Creating shared instance of singleton bean &apos;supplier&apos;
17:26:53.319 [main] DEBUG org.springframework.beans.factory.support.DefaultListableBeanFactory - Creating instance of bean &apos;supplier&apos;
17:26:53.320 [main] DEBUG org.springframework.beans.factory.support.DefaultListableBeanFactory - Eagerly caching bean &apos;supplier&apos; to allow for resolving potential circular references
17:26:53.320 [main] DEBUG org.springframework.beans.factory.support.DefaultListableBeanFactory - Returning cached instance of singleton bean &apos;org.springframework.transaction.config.internalTransactionAdvisor&apos;
17:26:53.320 [main] DEBUG org.springframework.beans.factory.support.DefaultListableBeanFactory - Finished creating instance of bean &apos;supplier&apos;
17:26:53.321 [main] DEBUG org.springframework.beans.factory.annotation.AutowiredAnnotationBeanPostProcessor - Autowiring by type from bean name &apos;supplierDAO&apos; to bean named &apos;supplier&apos;
17:26:53.321 [main] DEBUG org.springframework.beans.factory.support.DefaultListableBeanFactory - Returning cached instance of singleton bean &apos;org.springframework.transaction.config.internalTransactionAdvisor&apos;
17:26:53.321 [main] DEBUG org.springframework.transaction.annotation.AnnotationTransactionAttributeSource - Adding transactional method &apos;com.myproject.shoppingcart.daoimpl.SupplierDAOImpl.get&apos; with attribute: PROPAGATION_REQUIRED,ISOLATION_DEFAULT; &apos;&apos;
17:26:53.321 [main] DEBUG org.springframework.aop.framework.autoproxy.InfrastructureAdvisorAutoProxyCreator - Creating implicit proxy for bean &apos;supplierDAO&apos; with 0 common interceptors and 1 specific interceptors
17:26:53.321 [main] DEBUG org.springframework.aop.framework.JdkDynamicAopProxy - Creating JDK dynamic proxy: target source is SingletonTargetSource for target object [com.myproject.shoppingcart.daoimpl.SupplierDAOImpl@4ce14f05]
17:26:53.321 [main] DEBUG org.springframework.beans.factory.support.DefaultListableBeanFactory - Finished creating instance of bean &apos;supplierDAO&apos;
17:26:53.321 [main] DEBUG org.springframework.beans.factory.support.DefaultListableBeanFactory - Creating shared instance of singleton bean &apos;userDAO&apos;
17:26:53.321 [main] DEBUG org.springframework.beans.factory.support.DefaultListableBeanFactory - Creating instance of bean &apos;userDAO&apos;
17:26:53.322 [main] DEBUG org.springframework.beans.factory.annotation.InjectionMetadata - Registered injected element on class [com.myproject.shoppingcart.daoimpl.UserDAOImpl]: AutowiredFieldElement for private org.hibernate.SessionFactory com.myproject.shoppingcart.daoimpl.UserDAOImpl.sessionFactory
17:26:53.322 [main] DEBUG org.springframework.beans.factory.annotation.InjectionMetadata - Registered injected element on class [com.myproject.shoppingcart.daoimpl.UserDAOImpl]: AutowiredFieldElement for private com.myproject.shoppingcart.domain.User com.myproject.shoppingcart.daoimpl.UserDAOImpl.user
17:26:53.322 [main] DEBUG org.springframework.beans.factory.support.DefaultListableBeanFactory - Eagerly caching bean &apos;userDAO&apos; to allow for resolving potential circular references
17:26:53.323 [main] DEBUG org.springframework.beans.factory.annotation.InjectionMetadata - Processing injected element of bean &apos;userDAO&apos;: AutowiredFieldElement for private org.hibernate.SessionFactory com.myproject.shoppingcart.daoimpl.UserDAOImpl.sessionFactory
17:26:53.323 [main] DEBUG org.springframework.core.annotation.AnnotationUtils - Failed to meta-introspect annotation [interface org.springframework.beans.factory.annotation.Autowired]: java.lang.NullPointerException
17:26:53.323 [main] DEBUG org.springframework.beans.factory.support.DefaultListableBeanFactory - Returning cached instance of singleton bean &apos;sessionFactory&apos;
17:26:53.323 [main] DEBUG org.springframework.beans.factory.annotation.AutowiredAnnotationBeanPostProcessor - Autowiring by type from bean name &apos;userDAO&apos; to bean named &apos;sessionFactory&apos;
17:26:53.324 [main] DEBUG org.springframework.beans.factory.annotation.InjectionMetadata - Processing injected element of bean &apos;userDAO&apos;: AutowiredFieldElement for private com.myproject.shoppingcart.domain.User com.myproject.shoppingcart.daoimpl.UserDAOImpl.user
17:26:53.324 [main] DEBUG org.springframework.core.annotation.AnnotationUtils - Failed to meta-introspect annotation [interface org.springframework.beans.factory.annotation.Autowired]: java.lang.NullPointerException
17:26:53.324 [main] DEBUG org.springframework.beans.factory.support.DefaultListableBeanFactory - Creating shared instance of singleton bean &apos;user&apos;
17:26:53.324 [main] DEBUG org.springframework.beans.factory.support.DefaultListableBeanFactory - Creating instance of bean &apos;user&apos;
17:26:53.325 [main] DEBUG org.springframework.beans.factory.support.DefaultListableBeanFactory - Eagerly caching bean &apos;user&apos; to allow for resolving potential circular references
17:26:53.325 [main] DEBUG org.springframework.beans.factory.support.DefaultListableBeanFactory - Returning cached instance of singleton bean &apos;org.springframework.transaction.config.internalTransactionAdvisor&apos;
17:26:53.326 [main] DEBUG org.springframework.beans.factory.support.DefaultListableBeanFactory - Finished creating instance of bean &apos;user&apos;
17:26:53.326 [main] DEBUG org.springframework.beans.factory.annotation.AutowiredAnnotationBeanPostProcessor - Autowiring by type from bean name &apos;userDAO&apos; to bean named &apos;user&apos;
17:26:53.326 [main] DEBUG org.springframework.beans.factory.support.DefaultListableBeanFactory - Returning cached instance of singleton bean &apos;org.springframework.transaction.config.internalTransactionAdvisor&apos;
17:26:53.327 [main] DEBUG org.springframework.transaction.annotation.AnnotationTransactionAttributeSource - Adding transactional method &apos;com.myproject.shoppingcart.daoimpl.UserDAOImpl.get&apos; with attribute: PROPAGATION_REQUIRED,ISOLATION_DEFAULT; &apos;&apos;
17:26:53.327 [main] DEBUG org.springframework.aop.framework.autoproxy.InfrastructureAdvisorAutoProxyCreator - Creating implicit proxy for bean &apos;userDAO&apos; with 0 common interceptors and 1 specific interceptors
17:26:53.329 [main] DEBUG org.springframework.aop.framework.JdkDynamicAopProxy - Creating JDK dynamic proxy: target source is SingletonTargetSource for target object [com.myproject.shoppingcart.daoimpl.UserDAOImpl@27a7ef08]
17:26:53.329 [main] DEBUG org.springframework.beans.factory.support.DefaultListableBeanFactory - Finished creating instance of bean &apos;userDAO&apos;
17:26:53.329 [main] DEBUG org.springframework.beans.factory.support.DefaultListableBeanFactory - Returning cached instance of singleton bean &apos;cart&apos;
17:26:53.329 [main] DEBUG org.springframework.beans.factory.support.DefaultListableBeanFactory - Returning cached instance of singleton bean &apos;category&apos;
17:26:53.330 [main] DEBUG org.springframework.beans.factory.support.DefaultListableBeanFactory - Returning cached instance of singleton bean &apos;payment&apos;
17:26:53.330 [main] DEBUG org.springframework.beans.factory.support.DefaultListableBeanFactory - Returning cached instance of singleton bean &apos;product&apos;
17:26:53.330 [main] DEBUG org.springframework.beans.factory.support.DefaultListableBeanFactory - Creating shared instance of singleton bean &apos;shipping&apos;
17:26:53.330 [main] DEBUG org.springframework.beans.factory.support.DefaultListableBeanFactory - Creating instance of bean &apos;shipping&apos;
17:26:53.330 [main] DEBUG org.springframework.beans.factory.support.DefaultListableBeanFactory - Eagerly caching bean &apos;shipping&apos; to allow for resolving potential circular references
17:26:53.331 [main] DEBUG org.springframework.beans.factory.support.DefaultListableBeanFactory - Returning cached instance of singleton bean &apos;org.springframework.transaction.config.internalTransactionAdvisor&apos;
17:26:53.331 [main] DEBUG org.springframework.beans.factory.support.DefaultListableBeanFactory - Finished creating instance of bean &apos;shipping&apos;
17:26:53.331 [main] DEBUG org.springframework.beans.factory.support.DefaultListableBeanFactory - Returning cached instance of singleton bean &apos;supplier&apos;
17:26:53.331 [main] DEBUG org.springframework.beans.factory.support.DefaultListableBeanFactory - Returning cached instance of singleton bean &apos;user&apos;
17:26:53.331 [main] DEBUG org.springframework.beans.factory.support.DefaultListableBeanFactory - Returning cached instance of singleton bean &apos;org.springframework.transaction.annotation.ProxyTransactionManagementConfiguration&apos;
17:26:53.331 [main] DEBUG org.springframework.beans.factory.support.DefaultListableBeanFactory - Returning cached instance of singleton bean &apos;org.springframework.transaction.config.internalTransactionAdvisor&apos;
17:26:53.331 [main] DEBUG org.springframework.beans.factory.support.DefaultListableBeanFactory - Returning cached instance of singleton bean &apos;transactionAttributeSource&apos;
17:26:53.331 [main] DEBUG org.springframework.beans.factory.support.DefaultListableBeanFactory - Returning cached instance of singleton bean &apos;transactionInterceptor&apos;
17:26:53.331 [main] DEBUG org.springframework.beans.factory.support.DefaultListableBeanFactory - Creating shared instance of singleton bean &apos;org.springframework.transaction.config.internalTransactionalEventListenerFactory&apos;
17:26:53.331 [main] DEBUG org.springframework.beans.factory.support.DefaultListableBeanFactory - Creating instance of bean &apos;org.springframework.transaction.config.internalTransactionalEventListenerFactory&apos;
17:26:53.332 [main] DEBUG org.springframework.beans.factory.support.DefaultListableBeanFactory - Returning cached instance of singleton bean &apos;org.springframework.transaction.annotation.ProxyTransactionManagementConfiguration&apos;
17:26:53.332 [main] DEBUG org.springframework.beans.factory.support.DefaultListableBeanFactory - Eagerly caching bean &apos;org.springframework.transaction.config.internalTransactionalEventListenerFactory&apos; to allow for resolving potential circular references
17:26:53.334 [main] DEBUG org.springframework.beans.factory.support.DefaultListableBeanFactory - Returning cached instance of singleton bean &apos;org.springframework.transaction.config.internalTransactionAdvisor&apos;
17:26:53.334 [main] DEBUG org.springframework.beans.factory.support.DefaultListableBeanFactory - Finished creating instance of bean &apos;org.springframework.transaction.config.internalTransactionalEventListenerFactory&apos;
17:26:53.334 [main] DEBUG org.springframework.beans.factory.support.DefaultListableBeanFactory - Returning cached instance of singleton bean &apos;dataSource&apos;
17:26:53.334 [main] DEBUG org.springframework.beans.factory.support.DefaultListableBeanFactory - Returning cached instance of singleton bean &apos;sessionFactory&apos;
17:26:53.334 [main] DEBUG org.springframework.beans.factory.support.DefaultListableBeanFactory - Creating shared instance of singleton bean &apos;transactionManager&apos;
17:26:53.334 [main] DEBUG org.springframework.beans.factory.support.DefaultListableBeanFactory - Creating instance of bean &apos;transactionManager&apos;
17:26:53.334 [main] DEBUG org.springframework.beans.factory.support.DefaultListableBeanFactory - Returning cached instance of singleton bean &apos;applicationContextConfig&apos;
17:26:53.335 [main] DEBUG org.springframework.beans.factory.support.DefaultListableBeanFactory - Returning cached instance of singleton bean &apos;sessionFactory&apos;
17:26:53.335 [main] DEBUG org.springframework.beans.factory.support.DefaultListableBeanFactory - Autowiring by type from bean name &apos;transactionManager&apos; via factory method to bean named &apos;sessionFactory&apos;
17:26:53.335 [main] INFO org.springframework.orm.hibernate5.HibernateTransactionManager - Using DataSource [org.springframework.jdbc.datasource.DriverManagerDataSource@57d0fc89] of Hibernate SessionFactory for HibernateTransactionManager
17:26:53.335 [main] DEBUG org.springframework.beans.factory.support.DefaultListableBeanFactory - Eagerly caching bean &apos;transactionManager&apos; to allow for resolving potential circular references
17:26:53.338 [main] DEBUG org.springframework.beans.factory.support.DefaultListableBeanFactory - Invoking afterPropertiesSet() on bean with name &apos;transactionManager&apos;
17:26:53.338 [main] DEBUG org.springframework.beans.factory.support.DefaultListableBeanFactory - Returning cached instance of singleton bean &apos;org.springframework.transaction.config.internalTransactionAdvisor&apos;
17:26:53.338 [main] DEBUG org.springframework.beans.factory.support.DefaultListableBeanFactory - Finished creating instance of bean &apos;transactionManager&apos;
17:26:53.338 [main] DEBUG org.springframework.beans.factory.support.DefaultListableBeanFactory - Returning cached instance of singleton bean &apos;org.springframework.aop.config.internalAutoProxyCreator&apos;
17:26:53.339 [main] DEBUG org.springframework.beans.factory.support.DefaultListableBeanFactory - Returning cached instance of singleton bean &apos;org.springframework.context.event.internalEventListenerFactory&apos;
17:26:53.339 [main] DEBUG org.springframework.beans.factory.support.DefaultListableBeanFactory - Returning cached instance of singleton bean &apos;org.springframework.transaction.config.internalTransactionalEventListenerFactory&apos;
17:26:53.350 [main] DEBUG org.springframework.context.annotation.AnnotationConfigApplicationContext - Unable to locate LifecycleProcessor with name &apos;lifecycleProcessor&apos;: using default [org.springframework.context.support.DefaultLifecycleProcessor@7c2312fa]
17:26:53.350 [main] DEBUG org.springframework.beans.factory.support.DefaultListableBeanFactory - Returning cached instance of singleton bean &apos;lifecycleProcessor&apos;
17:26:53.350 [main] DEBUG org.springframework.core.env.PropertySourcesPropertyResolver - Could not find key &apos;spring.liveBeansView.mbeanDomain&apos; in any property source
17:26:53.350 [main] DEBUG org.springframework.beans.factory.support.DefaultListableBeanFactory - Returning cached instance of singleton bean &apos;categoryDAO&apos;
17:26:53.350 [main] DEBUG org.springframework.beans.factory.support.DefaultListableBeanFactory - Returning cached instance of singleton bean &apos;category&apos;
17:26:53.351 [main] DEBUG org.springframework.transaction.annotation.AnnotationTransactionAttributeSource - Adding transactional method &apos;com.myproject.shoppingcart.daoimpl.CategoryDAOImpl.list&apos; with attribute: PROPAGATION_REQUIRED,ISOLATION_DEFAULT; &apos;&apos;
17:26:53.351 [main] DEBUG org.springframework.beans.factory.support.DefaultListableBeanFactory - Returning cached instance of singleton bean &apos;transactionManager&apos;
17:26:53.351 [main] DEBUG org.springframework.orm.hibernate5.HibernateTransactionManager - Creating new transaction with name [com.myproject.shoppingcart.daoimpl.CategoryDAOImpl.list]: PROPAGATION_REQUIRED,ISOLATION_DEFAULT; &apos;&apos;
17:26:53.352 [main] DEBUG org.hibernate.stat.internal.StatisticsInitiator - Statistics initialized [enabled=false]
17:26:53.352 [main] DEBUG org.springframework.orm.hibernate5.HibernateTransactionManager - Opened new Session [SessionImpl(PersistenceContext[entityKeys=[],collectionKeys=[]];ActionQueue[insertions=ExecutableList{size=0} updates=ExecutableList{size=0} deletions=ExecutableList{size=0} orphanRemovals=ExecutableList{size=0} collectionCreations=ExecutableList{size=0} collectionRemovals=ExecutableList{size=0} collectionUpdates=ExecutableList{size=0} collectionQueuedOps=ExecutableList{size=0} unresolvedInsertDependencies=null])] for Hibernate transaction
17:26:53.352 [main] DEBUG org.springframework.orm.hibernate5.HibernateTransactionManager - Preparing JDBC Connection of Hibernate Session [SessionImpl(PersistenceContext[entityKeys=[],collectionKeys=[]];ActionQueue[insertions=ExecutableList{size=0} updates=ExecutableList{size=0} deletions=ExecutableList{size=0} orphanRemovals=ExecutableList{size=0} collectionCreations=ExecutableList{size=0} collectionRemovals=ExecutableList{size=0} collectionUpdates=ExecutableList{size=0} collectionQueuedOps=ExecutableList{size=0} unresolvedInsertDependencies=null])]
17:26:53.352 [main] DEBUG org.springframework.jdbc.datasource.DriverManagerDataSource - Creating new JDBC DriverManager Connection to [jdbc:h2:tcp://localhost/~/mycarts]
17:26:53.356 [main] DEBUG org.hibernate.engine.transaction.internal.TransactionImpl - begin
17:26:53.356 [main] DEBUG org.springframework.orm.hibernate5.HibernateTransactionManager - Exposing Hibernate transaction as JDBC transaction [conn9: url=jdbc:h2:tcp://localhost/~/mycarts user=SA]
17:26:53.356 [main] DEBUG com.myproject.shoppingcart.daoimpl.CategoryDAOImpl - List method
17:26:53.356 [main] WARN org.hibernate.orm.deprecation - HHH90000022: Hibernate&apos;s legacy org.hibernate.Criteria API is deprecated; use the JPA javax.persistence.criteria.CriteriaQuery instead
17:26:53.358 [main] DEBUG org.hibernate.SQL - select this_.category_id as category1_1_2_, this_.description as descript2_1_2_, this_.name as name3_1_2_, products2_.cat_id as cat_id2_3_4_, products2_.product_id as product_1_3_4_, products2_.product_id as product_1_3_0_, products2_.cat_id as cat_id2_3_0_, products2_.date_created as date_cre3_3_0_, products2_.description as descript4_3_0_, products2_.name as name5_3_0_, products2_.price as price6_3_0_, products2_.stock as stock7_3_0_, products2_.sup_id as sup_id8_3_0_, supplier3_.supplier_id as supplier1_4_1_, supplier3_.address as address2_4_1_, supplier3_.name as name3_4_1_ from Category this_ left outer join Product products2_ on this_.category_id=products2_.cat_id left outer join Supplier supplier3_ on products2_.sup_id=supplier3_.supplier_id
Hibernate: select this_.category_id as category1_1_2_, this_.description as descript2_1_2_, this_.name as name3_1_2_, products2_.cat_id as cat_id2_3_4_, products2_.product_id as product_1_3_4_, products2_.product_id as product_1_3_0_, products2_.cat_id as cat_id2_3_0_, products2_.date_created as date_cre3_3_0_, products2_.description as descript4_3_0_, products2_.name as name5_3_0_, products2_.price as price6_3_0_, products2_.stock as stock7_3_0_, products2_.sup_id as sup_id8_3_0_, supplier3_.supplier_id as supplier1_4_1_, supplier3_.address as address2_4_1_, supplier3_.name as name3_4_1_ from Category this_ left outer join Product products2_ on this_.category_id=products2_.cat_id left outer join Supplier supplier3_ on products2_.sup_id=supplier3_.supplier_id
17:26:53.369 [main] DEBUG org.hibernate.engine.loading.internal.CollectionLoadContext - No collections were found in result set for role: com.myproject.shoppingcart.domain.Category.products
17:26:53.371 [main] DEBUG org.hibernate.transform.DistinctResultTransformer - Transformed: 0 rows to: 0 distinct results
17:26:53.372 [main] DEBUG org.springframework.orm.hibernate5.HibernateTransactionManager - Initiating transaction commit
17:26:53.372 [main] DEBUG org.springframework.orm.hibernate5.HibernateTransactionManager - Committing Hibernate transaction on Session [SessionImpl(PersistenceContext[entityKeys=[],collectionKeys=[]];ActionQueue[insertions=ExecutableList{size=0} updates=ExecutableList{size=0} deletions=ExecutableList{size=0} orphanRemovals=ExecutableList{size=0} collectionCreations=ExecutableList{size=0} collectionRemovals=ExecutableList{size=0} collectionUpdates=ExecutableList{size=0} collectionQueuedOps=ExecutableList{size=0} unresolvedInsertDependencies=null])]
17:26:53.372 [main] DEBUG org.hibernate.engine.transaction.internal.TransactionImpl - committing
17:26:53.373 [main] DEBUG org.springframework.orm.hibernate5.HibernateTransactionManager - Closing Hibernate Session [SessionImpl(PersistenceContext[entityKeys=[],collectionKeys=[]];ActionQueue[insertions=ExecutableList{size=0} updates=ExecutableList{size=0} deletions=ExecutableList{size=0} orphanRemovals=ExecutableList{size=0} collectionCreations=ExecutableList{size=0} collectionRemovals=ExecutableList{size=0} collectionUpdates=ExecutableList{size=0} collectionQueuedOps=ExecutableList{size=0} unresolvedInsertDependencies=null])] after transaction
</system-out>
  </testcase>
  <testcase classname="com.myproject.shoppingcart.CategoryDAOTestCase" name="getCategorySucceedsTestCase" time="0.017">
    <failure message="get Category Test Case" type="java.lang.AssertionError">java.lang.AssertionError: get Category Test Case
	at org.junit.Assert.fail(Assert.java:88)
	at org.junit.Assert.assertTrue(Assert.java:41)
	at org.junit.Assert.assertNotNull(Assert.java:712)
	at com.myproject.shoppingcart.CategoryDAOTestCase.getCategorySucceedsTestCase(CategoryDAOTestCase.java:64)
	at sun.reflect.NativeMethodAccessorImpl.invoke0(Native Method)
	at sun.reflect.NativeMethodAccessorImpl.invoke(NativeMethodAccessorImpl.java:62)
	at sun.reflect.DelegatingMethodAccessorImpl.invoke(DelegatingMethodAccessorImpl.java:43)
	at java.lang.reflect.Method.invoke(Method.java:497)
	at org.junit.runners.model.FrameworkMethod$1.runReflectiveCall(FrameworkMethod.java:50)
	at org.junit.internal.runners.model.ReflectiveCallable.run(ReflectiveCallable.java:12)
	at org.junit.runners.model.FrameworkMethod.invokeExplosively(FrameworkMethod.java:47)
	at org.junit.internal.runners.statements.InvokeMethod.evaluate(InvokeMethod.java:17)
	at org.junit.runners.ParentRunner.runLeaf(ParentRunner.java:325)
	at org.junit.runners.BlockJUnit4ClassRunner.runChild(BlockJUnit4ClassRunner.java:78)
	at org.junit.runners.BlockJUnit4ClassRunner.runChild(BlockJUnit4ClassRunner.java:57)
	at org.junit.runners.ParentRunner$3.run(ParentRunner.java:290)
	at org.junit.runners.ParentRunner$1.schedule(ParentRunner.java:71)
	at org.junit.runners.ParentRunner.runChildren(ParentRunner.java:288)
	at org.junit.runners.ParentRunner.access$000(ParentRunner.java:58)
	at org.junit.runners.ParentRunner$2.evaluate(ParentRunner.java:268)
	at org.junit.internal.runners.statements.RunBefores.evaluate(RunBefores.java:26)
	at org.junit.runners.ParentRunner.run(ParentRunner.java:363)
	at org.apache.maven.surefire.junit4.JUnit4Provider.execute(JUnit4Provider.java:252)
	at org.apache.maven.surefire.junit4.JUnit4Provider.executeTestSet(JUnit4Provider.java:141)
	at org.apache.maven.surefire.junit4.JUnit4Provider.invoke(JUnit4Provider.java:112)
	at sun.reflect.NativeMethodAccessorImpl.invoke0(Native Method)
	at sun.reflect.NativeMethodAccessorImpl.invoke(NativeMethodAccessorImpl.java:62)
	at sun.reflect.DelegatingMethodAccessorImpl.invoke(DelegatingMethodAccessorImpl.java:43)
	at java.lang.reflect.Method.invoke(Method.java:497)
	at org.apache.maven.surefire.util.ReflectionUtils.invokeMethodWithArray(ReflectionUtils.java:189)
	at org.apache.maven.surefire.booter.ProviderFactory$ProviderProxy.invoke(ProviderFactory.java:165)
	at org.apache.maven.surefire.booter.ProviderFactory.invokeProvider(ProviderFactory.java:85)
	at org.apache.maven.surefire.booter.ForkedBooter.runSuitesInProcess(ForkedBooter.java:115)
	at org.apache.maven.surefire.booter.ForkedBooter.main(ForkedBooter.java:75)
</failure>
    <system-out>17:26:53.375 [main] DEBUG org.springframework.orm.hibernate5.HibernateTransactionManager - Creating new transaction with name [com.myproject.shoppingcart.daoimpl.CategoryDAOImpl.get]: PROPAGATION_REQUIRED,ISOLATION_DEFAULT; &apos;&apos;
17:26:53.375 [main] DEBUG org.springframework.orm.hibernate5.HibernateTransactionManager - Opened new Session [SessionImpl(PersistenceContext[entityKeys=[],collectionKeys=[]];ActionQueue[insertions=ExecutableList{size=0} updates=ExecutableList{size=0} deletions=ExecutableList{size=0} orphanRemovals=ExecutableList{size=0} collectionCreations=ExecutableList{size=0} collectionRemovals=ExecutableList{size=0} collectionUpdates=ExecutableList{size=0} collectionQueuedOps=ExecutableList{size=0} unresolvedInsertDependencies=null])] for Hibernate transaction
17:26:53.375 [main] DEBUG org.springframework.orm.hibernate5.HibernateTransactionManager - Preparing JDBC Connection of Hibernate Session [SessionImpl(PersistenceContext[entityKeys=[],collectionKeys=[]];ActionQueue[insertions=ExecutableList{size=0} updates=ExecutableList{size=0} deletions=ExecutableList{size=0} orphanRemovals=ExecutableList{size=0} collectionCreations=ExecutableList{size=0} collectionRemovals=ExecutableList{size=0} collectionUpdates=ExecutableList{size=0} collectionQueuedOps=ExecutableList{size=0} unresolvedInsertDependencies=null])]
17:26:53.375 [main] DEBUG org.springframework.jdbc.datasource.DriverManagerDataSource - Creating new JDBC DriverManager Connection to [jdbc:h2:tcp://localhost/~/mycarts]
17:26:53.383 [main] DEBUG org.hibernate.engine.transaction.internal.TransactionImpl - begin
17:26:53.384 [main] DEBUG org.springframework.orm.hibernate5.HibernateTransactionManager - Exposing Hibernate transaction as JDBC transaction [conn10: url=jdbc:h2:tcp://localhost/~/mycarts user=SA]
17:26:53.384 [main] DEBUG org.hibernate.SQL - select category0_.category_id as category1_1_0_, category0_.description as descript2_1_0_, category0_.name as name3_1_0_, products1_.cat_id as cat_id2_3_1_, products1_.product_id as product_1_3_1_, products1_.product_id as product_1_3_2_, products1_.cat_id as cat_id2_3_2_, products1_.date_created as date_cre3_3_2_, products1_.description as descript4_3_2_, products1_.name as name5_3_2_, products1_.price as price6_3_2_, products1_.stock as stock7_3_2_, products1_.sup_id as sup_id8_3_2_, supplier2_.supplier_id as supplier1_4_3_, supplier2_.address as address2_4_3_, supplier2_.name as name3_4_3_ from Category category0_ left outer join Product products1_ on category0_.category_id=products1_.cat_id left outer join Supplier supplier2_ on products1_.sup_id=supplier2_.supplier_id where category0_.category_id=?
Hibernate: select category0_.category_id as category1_1_0_, category0_.description as descript2_1_0_, category0_.name as name3_1_0_, products1_.cat_id as cat_id2_3_1_, products1_.product_id as product_1_3_1_, products1_.product_id as product_1_3_2_, products1_.cat_id as cat_id2_3_2_, products1_.date_created as date_cre3_3_2_, products1_.description as descript4_3_2_, products1_.name as name5_3_2_, products1_.price as price6_3_2_, products1_.stock as stock7_3_2_, products1_.sup_id as sup_id8_3_2_, supplier2_.supplier_id as supplier1_4_3_, supplier2_.address as address2_4_3_, supplier2_.name as name3_4_3_ from Category category0_ left outer join Product products1_ on category0_.category_id=products1_.cat_id left outer join Supplier supplier2_ on products1_.sup_id=supplier2_.supplier_id where category0_.category_id=?
17:26:53.387 [main] DEBUG org.hibernate.engine.loading.internal.CollectionLoadContext - No collections were found in result set for role: com.myproject.shoppingcart.domain.Category.products
17:26:53.387 [main] DEBUG org.hibernate.resource.jdbc.internal.ResourceRegistryStandardImpl - HHH000387: ResultSet&apos;s statement was not registered
17:26:53.389 [main] DEBUG org.hibernate.loader.entity.plan.AbstractLoadPlanBasedEntityLoader - Done entity load : com.myproject.shoppingcart.domain.Category#Mob-001
17:26:53.389 [main] DEBUG org.springframework.orm.hibernate5.HibernateTransactionManager - Initiating transaction commit
17:26:53.389 [main] DEBUG org.springframework.orm.hibernate5.HibernateTransactionManager - Committing Hibernate transaction on Session [SessionImpl(PersistenceContext[entityKeys=[],collectionKeys=[]];ActionQueue[insertions=ExecutableList{size=0} updates=ExecutableList{size=0} deletions=ExecutableList{size=0} orphanRemovals=ExecutableList{size=0} collectionCreations=ExecutableList{size=0} collectionRemovals=ExecutableList{size=0} collectionUpdates=ExecutableList{size=0} collectionQueuedOps=ExecutableList{size=0} unresolvedInsertDependencies=null])]
17:26:53.389 [main] DEBUG org.hibernate.engine.transaction.internal.TransactionImpl - committing
17:26:53.391 [main] DEBUG org.springframework.orm.hibernate5.HibernateTransactionManager - Closing Hibernate Session [SessionImpl(PersistenceContext[entityKeys=[],collectionKeys=[]];ActionQueue[insertions=ExecutableList{size=0} updates=ExecutableList{size=0} deletions=ExecutableList{size=0} orphanRemovals=ExecutableList{size=0} collectionCreations=ExecutableList{size=0} collectionRemovals=ExecutableList{size=0} collectionUpdates=ExecutableList{size=0} collectionQueuedOps=ExecutableList{size=0} unresolvedInsertDependencies=null])] after transaction
</system-out>
  </testcase>
  <testcase classname="com.myproject.shoppingcart.CategoryDAOTestCase" name="getCategoryFailsTestCase" time="0.009"/>
  <testcase classname="com.myproject.shoppingcart.CategoryDAOTestCase" name="updateCategoryTestCase" time="0.001">
    <error type="java.lang.NullPointerException">java.lang.NullPointerException
	at com.myproject.shoppingcart.CategoryDAOTestCase.updateCategoryTestCase(CategoryDAOTestCase.java:55)
	at sun.reflect.NativeMethodAccessorImpl.invoke0(Native Method)
	at sun.reflect.NativeMethodAccessorImpl.invoke(NativeMethodAccessorImpl.java:62)
	at sun.reflect.DelegatingMethodAccessorImpl.invoke(DelegatingMethodAccessorImpl.java:43)
	at java.lang.reflect.Method.invoke(Method.java:497)
	at org.junit.runners.model.FrameworkMethod$1.runReflectiveCall(FrameworkMethod.java:50)
	at org.junit.internal.runners.model.ReflectiveCallable.run(ReflectiveCallable.java:12)
	at org.junit.runners.model.FrameworkMethod.invokeExplosively(FrameworkMethod.java:47)
	at org.junit.internal.runners.statements.InvokeMethod.evaluate(InvokeMethod.java:17)
	at org.junit.runners.ParentRunner.runLeaf(ParentRunner.java:325)
	at org.junit.runners.BlockJUnit4ClassRunner.runChild(BlockJUnit4ClassRunner.java:78)
	at org.junit.runners.BlockJUnit4ClassRunner.runChild(BlockJUnit4ClassRunner.java:57)
	at org.junit.runners.ParentRunner$3.run(ParentRunner.java:290)
	at org.junit.runners.ParentRunner$1.schedule(ParentRunner.java:71)
	at org.junit.runners.ParentRunner.runChildren(ParentRunner.java:288)
	at org.junit.runners.ParentRunner.access$000(ParentRunner.java:58)
	at org.junit.runners.ParentRunner$2.evaluate(ParentRunner.java:268)
	at org.junit.internal.runners.statements.RunBefores.evaluate(RunBefores.java:26)
	at org.junit.runners.ParentRunner.run(ParentRunner.java:363)
	at org.apache.maven.surefire.junit4.JUnit4Provider.execute(JUnit4Provider.java:252)
	at org.apache.maven.surefire.junit4.JUnit4Provider.executeTestSet(JUnit4Provider.java:141)
	at org.apache.maven.surefire.junit4.JUnit4Provider.invoke(JUnit4Provider.java:112)
	at sun.reflect.NativeMethodAccessorImpl.invoke0(Native Method)
	at sun.reflect.NativeMethodAccessorImpl.invoke(NativeMethodAccessorImpl.java:62)
	at sun.reflect.DelegatingMethodAccessorImpl.invoke(DelegatingMethodAccessorImpl.java:43)
	at java.lang.reflect.Method.invoke(Method.java:497)
	at org.apache.maven.surefire.util.ReflectionUtils.invokeMethodWithArray(ReflectionUtils.java:189)
	at org.apache.maven.surefire.booter.ProviderFactory$ProviderProxy.invoke(ProviderFactory.java:165)
	at org.apache.maven.surefire.booter.ProviderFactory.invokeProvider(ProviderFactory.java:85)
	at org.apache.maven.surefire.booter.ForkedBooter.runSuitesInProcess(ForkedBooter.java:115)
	at org.apache.maven.surefire.booter.ForkedBooter.main(ForkedBooter.java:75)
</error>
  </testcase>
  <testcase classname="com.myproject.shoppingcart.CategoryDAOTestCase" name="deleteCategorySucceedsTestCase" time="0.014">
    <failure message="delete Category Test Case succeeds expected:&lt;true&gt; but was:&lt;false&gt;" type="java.lang.AssertionError">java.lang.AssertionError: delete Category Test Case succeeds expected:&lt;true&gt; but was:&lt;false&gt;
	at org.junit.Assert.fail(Assert.java:88)
	at org.junit.Assert.failNotEquals(Assert.java:834)
	at org.junit.Assert.assertEquals(Assert.java:118)
	at com.myproject.shoppingcart.CategoryDAOTestCase.deleteCategorySucceedsTestCase(CategoryDAOTestCase.java:75)
	at sun.reflect.NativeMethodAccessorImpl.invoke0(Native Method)
	at sun.reflect.NativeMethodAccessorImpl.invoke(NativeMethodAccessorImpl.java:62)
	at sun.reflect.DelegatingMethodAccessorImpl.invoke(DelegatingMethodAccessorImpl.java:43)
	at java.lang.reflect.Method.invoke(Method.java:497)
	at org.junit.runners.model.FrameworkMethod$1.runReflectiveCall(FrameworkMethod.java:50)
	at org.junit.internal.runners.model.ReflectiveCallable.run(ReflectiveCallable.java:12)
	at org.junit.runners.model.FrameworkMethod.invokeExplosively(FrameworkMethod.java:47)
	at org.junit.internal.runners.statements.InvokeMethod.evaluate(InvokeMethod.java:17)
	at org.junit.runners.ParentRunner.runLeaf(ParentRunner.java:325)
	at org.junit.runners.BlockJUnit4ClassRunner.runChild(BlockJUnit4ClassRunner.java:78)
	at org.junit.runners.BlockJUnit4ClassRunner.runChild(BlockJUnit4ClassRunner.java:57)
	at org.junit.runners.ParentRunner$3.run(ParentRunner.java:290)
	at org.junit.runners.ParentRunner$1.schedule(ParentRunner.java:71)
	at org.junit.runners.ParentRunner.runChildren(ParentRunner.java:288)
	at org.junit.runners.ParentRunner.access$000(ParentRunner.java:58)
	at org.junit.runners.ParentRunner$2.evaluate(ParentRunner.java:268)
	at org.junit.internal.runners.statements.RunBefores.evaluate(RunBefores.java:26)
	at org.junit.runners.ParentRunner.run(ParentRunner.java:363)
	at org.apache.maven.surefire.junit4.JUnit4Provider.execute(JUnit4Provider.java:252)
	at org.apache.maven.surefire.junit4.JUnit4Provider.executeTestSet(JUnit4Provider.java:141)
	at org.apache.maven.surefire.junit4.JUnit4Provider.invoke(JUnit4Provider.java:112)
	at sun.reflect.NativeMethodAccessorImpl.invoke0(Native Method)
	at sun.reflect.NativeMethodAccessorImpl.invoke(NativeMethodAccessorImpl.java:62)
	at sun.reflect.DelegatingMethodAccessorImpl.invoke(DelegatingMethodAccessorImpl.java:43)
	at java.lang.reflect.Method.invoke(Method.java:497)
	at org.apache.maven.surefire.util.ReflectionUtils.invokeMethodWithArray(ReflectionUtils.java:189)
	at org.apache.maven.surefire.booter.ProviderFactory$ProviderProxy.invoke(ProviderFactory.java:165)
	at org.apache.maven.surefire.booter.ProviderFactory.invokeProvider(ProviderFactory.java:85)
	at org.apache.maven.surefire.booter.ForkedBooter.runSuitesInProcess(ForkedBooter.java:115)
	at org.apache.maven.surefire.booter.ForkedBooter.main(ForkedBooter.java:75)
</failure>
    <system-out>17:26:53.408 [main] DEBUG org.springframework.transaction.annotation.AnnotationTransactionAttributeSource - Adding transactional method &apos;com.myproject.shoppingcart.daoimpl.CategoryDAOImpl.delete&apos; with attribute: PROPAGATION_REQUIRED,ISOLATION_DEFAULT; &apos;&apos;
17:26:53.408 [main] DEBUG org.springframework.orm.hibernate5.HibernateTransactionManager - Creating new transaction with name [com.myproject.shoppingcart.daoimpl.CategoryDAOImpl.delete]: PROPAGATION_REQUIRED,ISOLATION_DEFAULT; &apos;&apos;
17:26:53.408 [main] DEBUG org.springframework.orm.hibernate5.HibernateTransactionManager - Opened new Session [SessionImpl(PersistenceContext[entityKeys=[],collectionKeys=[]];ActionQueue[insertions=ExecutableList{size=0} updates=ExecutableList{size=0} deletions=ExecutableList{size=0} orphanRemovals=ExecutableList{size=0} collectionCreations=ExecutableList{size=0} collectionRemovals=ExecutableList{size=0} collectionUpdates=ExecutableList{size=0} collectionQueuedOps=ExecutableList{size=0} unresolvedInsertDependencies=null])] for Hibernate transaction
17:26:53.408 [main] DEBUG org.springframework.orm.hibernate5.HibernateTransactionManager - Preparing JDBC Connection of Hibernate Session [SessionImpl(PersistenceContext[entityKeys=[],collectionKeys=[]];ActionQueue[insertions=ExecutableList{size=0} updates=ExecutableList{size=0} deletions=ExecutableList{size=0} orphanRemovals=ExecutableList{size=0} collectionCreations=ExecutableList{size=0} collectionRemovals=ExecutableList{size=0} collectionUpdates=ExecutableList{size=0} collectionQueuedOps=ExecutableList{size=0} unresolvedInsertDependencies=null])]
17:26:53.408 [main] DEBUG org.springframework.jdbc.datasource.DriverManagerDataSource - Creating new JDBC DriverManager Connection to [jdbc:h2:tcp://localhost/~/mycarts]
17:26:53.411 [main] DEBUG org.hibernate.engine.transaction.internal.TransactionImpl - begin
17:26:53.411 [main] DEBUG org.springframework.orm.hibernate5.HibernateTransactionManager - Exposing Hibernate transaction as JDBC transaction [conn12: url=jdbc:h2:tcp://localhost/~/mycarts user=SA]
17:26:53.411 [main] DEBUG com.myproject.shoppingcart.daoimpl.CategoryDAOImpl - Starting of the delete method
17:26:53.412 [main] DEBUG org.hibernate.SQL - select category0_.category_id as category1_1_0_, category0_.description as descript2_1_0_, category0_.name as name3_1_0_, products1_.cat_id as cat_id2_3_1_, products1_.product_id as product_1_3_1_, products1_.product_id as product_1_3_2_, products1_.cat_id as cat_id2_3_2_, products1_.date_created as date_cre3_3_2_, products1_.description as descript4_3_2_, products1_.name as name5_3_2_, products1_.price as price6_3_2_, products1_.stock as stock7_3_2_, products1_.sup_id as sup_id8_3_2_, supplier2_.supplier_id as supplier1_4_3_, supplier2_.address as address2_4_3_, supplier2_.name as name3_4_3_ from Category category0_ left outer join Product products1_ on category0_.category_id=products1_.cat_id left outer join Supplier supplier2_ on products1_.sup_id=supplier2_.supplier_id where category0_.category_id=?
Hibernate: select category0_.category_id as category1_1_0_, category0_.description as descript2_1_0_, category0_.name as name3_1_0_, products1_.cat_id as cat_id2_3_1_, products1_.product_id as product_1_3_1_, products1_.product_id as product_1_3_2_, products1_.cat_id as cat_id2_3_2_, products1_.date_created as date_cre3_3_2_, products1_.description as descript4_3_2_, products1_.name as name5_3_2_, products1_.price as price6_3_2_, products1_.stock as stock7_3_2_, products1_.sup_id as sup_id8_3_2_, supplier2_.supplier_id as supplier1_4_3_, supplier2_.address as address2_4_3_, supplier2_.name as name3_4_3_ from Category category0_ left outer join Product products1_ on category0_.category_id=products1_.cat_id left outer join Supplier supplier2_ on products1_.sup_id=supplier2_.supplier_id where category0_.category_id=?
17:26:53.413 [main] DEBUG org.hibernate.engine.loading.internal.CollectionLoadContext - No collections were found in result set for role: com.myproject.shoppingcart.domain.Category.products
17:26:53.413 [main] DEBUG org.hibernate.resource.jdbc.internal.ResourceRegistryStandardImpl - HHH000387: ResultSet&apos;s statement was not registered
17:26:53.414 [main] DEBUG org.hibernate.loader.entity.plan.AbstractLoadPlanBasedEntityLoader - Done entity load : com.myproject.shoppingcart.domain.Category#Mob-003
17:26:53.415 [main] DEBUG org.springframework.orm.hibernate5.HibernateTransactionManager - Initiating transaction commit
17:26:53.415 [main] DEBUG org.springframework.orm.hibernate5.HibernateTransactionManager - Committing Hibernate transaction on Session [SessionImpl(PersistenceContext[entityKeys=[],collectionKeys=[]];ActionQueue[insertions=ExecutableList{size=0} updates=ExecutableList{size=0} deletions=ExecutableList{size=0} orphanRemovals=ExecutableList{size=0} collectionCreations=ExecutableList{size=0} collectionRemovals=ExecutableList{size=0} collectionUpdates=ExecutableList{size=0} collectionQueuedOps=ExecutableList{size=0} unresolvedInsertDependencies=null])]
17:26:53.415 [main] DEBUG org.hibernate.engine.transaction.internal.TransactionImpl - committing
17:26:53.416 [main] DEBUG org.springframework.orm.hibernate5.HibernateTransactionManager - Closing Hibernate Session [SessionImpl(PersistenceContext[entityKeys=[],collectionKeys=[]];ActionQueue[insertions=ExecutableList{size=0} updates=ExecutableList{size=0} deletions=ExecutableList{size=0} orphanRemovals=ExecutableList{size=0} collectionCreations=ExecutableList{size=0} collectionRemovals=ExecutableList{size=0} collectionUpdates=ExecutableList{size=0} collectionQueuedOps=ExecutableList{size=0} unresolvedInsertDependencies=null])] after transaction
</system-out>
  </testcase>
  <testcase classname="com.myproject.shoppingcart.CategoryDAOTestCase" name="deleteCategoryFailsTestCase" time="0.007"/>
</testsuite>